
Showing logs for build [32mentando-app-builder-master-kxh5w-111[0m stage [32mfrom-build-pack[0m and container [32mstep-credential-initializer-ntj9b[0m
Unable to retrieve container logs for docker://c6b853a15445f61e317f70e3b520cd175092914f0a571019c16c4454247adb65

Showing logs for build [32mentando-app-builder-master-kxh5w-111[0m stage [32mfrom-build-pack[0m and container [32mstep-working-dir-initializer-7dmbf[0m
Unable to retrieve container logs for docker://b0ce83c27e2ac749f39201da08d0d76b3caf1df28022a765e549ef921bdf0b13

Showing logs for build [32mentando-app-builder-master-kxh5w-111[0m stage [32mfrom-build-pack[0m and container [32mstep-place-tools[0m
Unable to retrieve container logs for docker://59c96ee60927a51c96746c75a1cdd016c4e8b817103305064267d177f719b71d

Showing logs for build [32mentando-app-builder-master-kxh5w-111[0m stage [32mfrom-build-pack[0m and container [32mstep-git-source-entando-app-builder-master-xnpb9[0m
Unable to retrieve container logs for docker://10ba3e2506b9562d60491d7f3a080c7c6ef0df57e8d9ae57cf76c6580531d86a

Showing logs for build [32mentando-app-builder-master-kxh5w-111[0m stage [32mfrom-build-pack[0m and container [32mstep-git-merge[0m
Unable to retrieve container logs for docker://9f897eb03680b4570b4cd6fdff81a81972e6dbd16d1e49290525e13353bd7d4f

Showing logs for build [32mentando-app-builder-master-kxh5w-111[0m stage [32mfrom-build-pack[0m and container [32mstep-setup-jx-git-credentials[0m
Unable to retrieve container logs for docker://97b342aa105b162b537191c3b0842407d867325404134128e77d3304d65cc419

Showing logs for build [32mentando-app-builder-master-kxh5w-111[0m stage [32mfrom-build-pack[0m and container [32mstep-build-npm-install[0m
Unable to retrieve container logs for docker://32ec76a4203ec014a46806bec3049f170e1b408428630020e90a817233fa8d72

Showing logs for build [32mentando-app-builder-master-kxh5w-111[0m stage [32mfrom-build-pack[0m and container [32mstep-build-npm-test[0m
Unable to retrieve container logs for docker://d6b7c15363ce0b7e034b2254016048291c88c015088e8d68a5c08f30db55c63f

Showing logs for build [32mentando-app-builder-master-kxh5w-111[0m stage [32mfrom-build-pack[0m and container [32mstep-build-npm-build[0m
Unable to retrieve container logs for docker://9aa708e8346c296503bd823b298ee17e84b605ad498fd44d751efe5c84675b5c

Showing logs for build [32mentando-app-builder-master-kxh5w-111[0m stage [32mfrom-build-pack[0m and container [32mstep-build-container-build[0m
Unable to retrieve container logs for docker://2670a17313f74959016b3b4aacf65d3c06281d59f284293ebb168deb40b12f1e

Showing logs for build [32mentando-app-builder-master-kxh5w-111[0m stage [32mfrom-build-pack[0m and container [32mstep-build-post-build[0m
Unable to retrieve container logs for docker://dc788fb29b6ba730372e002b54c88f76d12f9c116cd29747dcb2cb6ce667f305

Showing logs for build [32mentando-app-builder-master-kxh5w-111[0m stage [32mfrom-build-pack[0m and container [32mstep-promote-update-image-map[0m
Unable to retrieve container logs for docker://21057ad804dc5e46bff68bb6c9d85972779e4df83ce4d55b00d154bfe8685d6d
