
Showing logs for build [32mentando-app-builder-master-rele-qvrnj-112[0m stage [32mfrom-build-pack[0m and container [32mstep-credential-initializer-6f9tv[0m
Unable to retrieve container logs for docker://7e16899c2db79b41cfb5abe79fcaec413fb1954005357a1eb85c60dd25f8391b

Showing logs for build [32mentando-app-builder-master-rele-qvrnj-112[0m stage [32mfrom-build-pack[0m and container [32mstep-working-dir-initializer-wn89s[0m
Unable to retrieve container logs for docker://615025bf6a52c119e261221a971e341b655f13bcff85bb0be9394c9953924061

Showing logs for build [32mentando-app-builder-master-rele-qvrnj-112[0m stage [32mfrom-build-pack[0m and container [32mstep-place-tools[0m
Unable to retrieve container logs for docker://eb7fb68ca5f6f7541bf8bf46e2e61e52a43794fb3467805752324dae0c9b735d

Showing logs for build [32mentando-app-builder-master-rele-qvrnj-112[0m stage [32mfrom-build-pack[0m and container [32mstep-git-source-entando-app-builder-master-rele-m8zl7[0m
Unable to retrieve container logs for docker://3985799b85a83c0b5a867b17ef4a4f7cab1bc3e869fe2d44c52e611163674906

Showing logs for build [32mentando-app-builder-master-rele-qvrnj-112[0m stage [32mfrom-build-pack[0m and container [32mstep-git-merge[0m
Unable to retrieve container logs for docker://4e4d8bc11c3cf94073f313b6845c52046d70869d1f30cb5fc75936adb946ed3b

Showing logs for build [32mentando-app-builder-master-rele-qvrnj-112[0m stage [32mfrom-build-pack[0m and container [32mstep-setup-jx-git-credentials[0m
Unable to retrieve container logs for docker://f9ee79b93f543d62bbcb167689a15863ac9d8bcad0a81160bd2be77fb2a0cd75

Showing logs for build [32mentando-app-builder-master-rele-qvrnj-112[0m stage [32mfrom-build-pack[0m and container [32mstep-build-npm-install[0m
Unable to retrieve container logs for docker://51f1b9cd8deefa45222c6c1da1a58a48bfe5cf08728769542c7f7b5722d6f22f

Showing logs for build [32mentando-app-builder-master-rele-qvrnj-112[0m stage [32mfrom-build-pack[0m and container [32mstep-build-npm-test[0m
Unable to retrieve container logs for docker://9e47bb5d6a0d700b5f614bf9d425c91594c4308e03eb6445c3bb60fe31691018

Showing logs for build [32mentando-app-builder-master-rele-qvrnj-112[0m stage [32mfrom-build-pack[0m and container [32mstep-build-npm-build[0m
Unable to retrieve container logs for docker://f3ae496e7178490eed77a55f6c44b3c4f92b5b3457075dbc0c26487802c145ab

Showing logs for build [32mentando-app-builder-master-rele-qvrnj-112[0m stage [32mfrom-build-pack[0m and container [32mstep-build-container-build[0m
Unable to retrieve container logs for docker://2ba1bf4f0d257f5c9f895d8f97ac636bf8bc39d3d317cf7601cf6ba6ce13ce1c

Showing logs for build [32mentando-app-builder-master-rele-qvrnj-112[0m stage [32mfrom-build-pack[0m and container [32mstep-build-post-build[0m
Unable to retrieve container logs for docker://1701d8875193c4765beeeaf5f098a00f8390c6ef1caa3c434c97dd90c2cf9b4b

Showing logs for build [32mentando-app-builder-master-rele-qvrnj-112[0m stage [32mfrom-build-pack[0m and container [32mstep-promote-update-image-map[0m
Unable to retrieve container logs for docker://b4d31b62a766e03d72985cc6d47ca66426d86ac21982ec39caf1a73ff9ec4b77
