
Showing logs for build [32mentando-app-builder-master-8kf8d-113[0m stage [32mfrom-build-pack[0m and container [32mstep-credential-initializer-l9p9l[0m
Unable to retrieve container logs for docker://9e420b155314e316c778ba74f627cd615189c032a1318051b5e0b4db3d31a317

Showing logs for build [32mentando-app-builder-master-8kf8d-113[0m stage [32mfrom-build-pack[0m and container [32mstep-working-dir-initializer-kn6vk[0m
Unable to retrieve container logs for docker://a0e267dae01c862a7cd97c8467bf32448a3fc680a7e89515d301e4de05582e15

Showing logs for build [32mentando-app-builder-master-8kf8d-113[0m stage [32mfrom-build-pack[0m and container [32mstep-place-tools[0m
Unable to retrieve container logs for docker://64ae9edd73b8ce4ae7f96fc080f3c3239aac90afe1679302c404a5c045928866

Showing logs for build [32mentando-app-builder-master-8kf8d-113[0m stage [32mfrom-build-pack[0m and container [32mstep-git-source-entando-app-builder-master-rp7kh[0m
Unable to retrieve container logs for docker://6883d3eb51d9e76bfdbfc4bf069ed763dc797ec9a4821141c4ef03ac1599716c

Showing logs for build [32mentando-app-builder-master-8kf8d-113[0m stage [32mfrom-build-pack[0m and container [32mstep-git-merge[0m
Unable to retrieve container logs for docker://616f663b2c9dce2a88ede0291293423002a9f87aa152576519096563b00a5816

Showing logs for build [32mentando-app-builder-master-8kf8d-113[0m stage [32mfrom-build-pack[0m and container [32mstep-setup-jx-git-credentials[0m
Unable to retrieve container logs for docker://8c0f2fb69fdae2321c9394afc1c43c5071271724a349421d1927a156cedae872

Showing logs for build [32mentando-app-builder-master-8kf8d-113[0m stage [32mfrom-build-pack[0m and container [32mstep-build-npm-install[0m
Unable to retrieve container logs for docker://e67c6d5d714c710bd102f1502a09225eda1cd41caf65a24157c8ad16347c8e33

Showing logs for build [32mentando-app-builder-master-8kf8d-113[0m stage [32mfrom-build-pack[0m and container [32mstep-build-npm-test[0m
Unable to retrieve container logs for docker://abdebbe2dc8ce72cf0d82a6e63b9016c1a1ec439e0a4ec1d0e47bd03998d2858

Showing logs for build [32mentando-app-builder-master-8kf8d-113[0m stage [32mfrom-build-pack[0m and container [32mstep-build-npm-build[0m
Unable to retrieve container logs for docker://399602735d17335ddb2a40caf003337455b6089f5e0e4c0bb2a9f7c5924a3f32

Showing logs for build [32mentando-app-builder-master-8kf8d-113[0m stage [32mfrom-build-pack[0m and container [32mstep-build-container-build[0m
Unable to retrieve container logs for docker://ac8388aaf0c11226349398743617555f74003c50e816a566ed4abeb3d047fb41

Showing logs for build [32mentando-app-builder-master-8kf8d-113[0m stage [32mfrom-build-pack[0m and container [32mstep-build-post-build[0m
Unable to retrieve container logs for docker://5f145d6d04eff825b135a46d143890566ee63f596afc6d61a3bdfa4f2cfbe240

Showing logs for build [32mentando-app-builder-master-8kf8d-113[0m stage [32mfrom-build-pack[0m and container [32mstep-promote-update-image-map[0m
Unable to retrieve container logs for docker://382bf7e500c7fb7e477c5f24ee0e7c17561a1bef31e8332bffdaae8e750c657e
