
Showing logs for build [32mentando-app-builder-master-rele-brtr4-114[0m stage [32mfrom-build-pack[0m and container [32mstep-credential-initializer-hgr29[0m
Unable to retrieve container logs for docker://38de071df79034797b31514f95a75454741b31694ede8570213273b835b64b3b

Showing logs for build [32mentando-app-builder-master-rele-brtr4-114[0m stage [32mfrom-build-pack[0m and container [32mstep-working-dir-initializer-dp2mg[0m
Unable to retrieve container logs for docker://ae050abecd64b611ebcc58e39230337e1c634c6c6ed17146486b544492b3ea73

Showing logs for build [32mentando-app-builder-master-rele-brtr4-114[0m stage [32mfrom-build-pack[0m and container [32mstep-place-tools[0m
Unable to retrieve container logs for docker://48e33e277606052deb7801ffaeadb122fe745e5fc623b93110ddb72424a5177b

Showing logs for build [32mentando-app-builder-master-rele-brtr4-114[0m stage [32mfrom-build-pack[0m and container [32mstep-git-source-entando-app-builder-master-rele-vs5rr[0m
Unable to retrieve container logs for docker://dd9784b5b8a84752ff784eb28ee34128b393159cba8cc244834cb3c0d451a125

Showing logs for build [32mentando-app-builder-master-rele-brtr4-114[0m stage [32mfrom-build-pack[0m and container [32mstep-git-merge[0m
Unable to retrieve container logs for docker://ceb49856bed8d2610e5af0c8f0c2c0348c7ecf354bf9836d836196bd1ceb0a2c

Showing logs for build [32mentando-app-builder-master-rele-brtr4-114[0m stage [32mfrom-build-pack[0m and container [32mstep-setup-jx-git-credentials[0m
Unable to retrieve container logs for docker://a4a0fe43ea42417ba91ad5619e13ab1374e9a50cd5886c1d5258a90c22087858

Showing logs for build [32mentando-app-builder-master-rele-brtr4-114[0m stage [32mfrom-build-pack[0m and container [32mstep-build-npm-install[0m
Unable to retrieve container logs for docker://3b49bf118b55791e485c903a5c748f560ff1362d57ac587bbc7a0d17ca061218

Showing logs for build [32mentando-app-builder-master-rele-brtr4-114[0m stage [32mfrom-build-pack[0m and container [32mstep-build-npm-test[0m
Unable to retrieve container logs for docker://c494f6f0f52fde7abf47255ebb7dca45cbf08f0b21a0bd37b1fec279f0185947

Showing logs for build [32mentando-app-builder-master-rele-brtr4-114[0m stage [32mfrom-build-pack[0m and container [32mstep-build-npm-build[0m
Unable to retrieve container logs for docker://876d1921cef5dd508e6b762daa06f30428e9e11fc17e814765da106acb639d20

Showing logs for build [32mentando-app-builder-master-rele-brtr4-114[0m stage [32mfrom-build-pack[0m and container [32mstep-build-container-build[0m
Unable to retrieve container logs for docker://8c4f7bd80dcd5434950137d6b6b41e4b64141e25e8ce676f5b7d0e0be7546a4c

Showing logs for build [32mentando-app-builder-master-rele-brtr4-114[0m stage [32mfrom-build-pack[0m and container [32mstep-build-post-build[0m
Unable to retrieve container logs for docker://3c3f107cfc2986713b4f085e2cc1e604325ba8c539eae70839dfbc841eac8479

Showing logs for build [32mentando-app-builder-master-rele-brtr4-114[0m stage [32mfrom-build-pack[0m and container [32mstep-promote-update-image-map[0m
Unable to retrieve container logs for docker://4afcf9b929c2674dad800ade83522813c1a7bcc5d030673b6b56d68f79609603
