
Showing logs for build [32mentando-app-builder-master-rele-xnfpb-115[0m stage [32mfrom-build-pack[0m and container [32mstep-credential-initializer-ppd5l[0m
Unable to retrieve container logs for docker://8546a4f41e3a6c6af16f51bf90f4374bf333b7679495a8722ed65f7c683f5041

Showing logs for build [32mentando-app-builder-master-rele-xnfpb-115[0m stage [32mfrom-build-pack[0m and container [32mstep-working-dir-initializer-qtvf8[0m
Unable to retrieve container logs for docker://2fb60d3c9334d50b236709b685f9b85d0cb3dfe888df781be45e21748ce75c38

Showing logs for build [32mentando-app-builder-master-rele-xnfpb-115[0m stage [32mfrom-build-pack[0m and container [32mstep-place-tools[0m
Unable to retrieve container logs for docker://83b7fb8955b7992f1d1dcc9ed756832eb0d3f12bbae13927b6f83678609f1157

Showing logs for build [32mentando-app-builder-master-rele-xnfpb-115[0m stage [32mfrom-build-pack[0m and container [32mstep-git-source-entando-app-builder-master-rele-clbzb[0m
Unable to retrieve container logs for docker://df14569926a90d0348cd2bee6b356a6ecf664365abe98f518dd14f3c8d9fec71

Showing logs for build [32mentando-app-builder-master-rele-xnfpb-115[0m stage [32mfrom-build-pack[0m and container [32mstep-git-merge[0m
Unable to retrieve container logs for docker://f7785f5605ba0d194e4b8fb18372e91abd16b42f74da2105191468527a701577

Showing logs for build [32mentando-app-builder-master-rele-xnfpb-115[0m stage [32mfrom-build-pack[0m and container [32mstep-setup-jx-git-credentials[0m
Unable to retrieve container logs for docker://41306c1cf25c6a26c868190d108af96faa6e2ab130878d6f2489850af709ad6f

Showing logs for build [32mentando-app-builder-master-rele-xnfpb-115[0m stage [32mfrom-build-pack[0m and container [32mstep-build-npm-install[0m
Unable to retrieve container logs for docker://11be9de583bc4c07b94e7a77bd14364273cd28a63fd39716123ce54992c33235

Showing logs for build [32mentando-app-builder-master-rele-xnfpb-115[0m stage [32mfrom-build-pack[0m and container [32mstep-build-npm-test[0m
Unable to retrieve container logs for docker://fc8122a6b4c2747fbf46933438b9326998ccd134a0e0b70caa33aee2e3e69f52

Showing logs for build [32mentando-app-builder-master-rele-xnfpb-115[0m stage [32mfrom-build-pack[0m and container [32mstep-build-npm-build[0m
Unable to retrieve container logs for docker://3d9ef2597ff7af7b9085482e1de9581afd8607a37666c62e0c15af2d4ae3504b

Showing logs for build [32mentando-app-builder-master-rele-xnfpb-115[0m stage [32mfrom-build-pack[0m and container [32mstep-build-container-build[0m
Unable to retrieve container logs for docker://830f4a96ded4ac1660fdfd0c5b9f7841aaebf839588b3e06fd1b41e7560a0765

Showing logs for build [32mentando-app-builder-master-rele-xnfpb-115[0m stage [32mfrom-build-pack[0m and container [32mstep-build-post-build[0m
Unable to retrieve container logs for docker://1232f4780559337f33279bab98607a758c9aa5042a422d0e47913fea7e5e4a1b

Showing logs for build [32mentando-app-builder-master-rele-xnfpb-115[0m stage [32mfrom-build-pack[0m and container [32mstep-promote-update-image-map[0m
Unable to retrieve container logs for docker://581124a311febb06f8207d204cb3563bc2a25ca158e52f76000d259d9bea6f6a
