
Showing logs for build [32mentando-app-builder-master-rele-bgvtk-116[0m stage [32mfrom-build-pack[0m and container [32mstep-credential-initializer-qckkz[0m
Unable to retrieve container logs for docker://127f02e33a6c4e1c9af4776376c4686435090c919dce2912e6f9d6067727e005

Showing logs for build [32mentando-app-builder-master-rele-bgvtk-116[0m stage [32mfrom-build-pack[0m and container [32mstep-working-dir-initializer-94slt[0m
Unable to retrieve container logs for docker://8a5ded45e3f5c01e5b9a6d867935ac2fb97f0bcb6bb82f0f9a1cb32e501ae720

Showing logs for build [32mentando-app-builder-master-rele-bgvtk-116[0m stage [32mfrom-build-pack[0m and container [32mstep-place-tools[0m
Unable to retrieve container logs for docker://50ffcee7b0f1c1670bc580d556044e0e47e7ce0cfe27174cd308b42b74004c0e

Showing logs for build [32mentando-app-builder-master-rele-bgvtk-116[0m stage [32mfrom-build-pack[0m and container [32mstep-git-source-entando-app-builder-master-rele-zbw8z[0m
Unable to retrieve container logs for docker://81360f5d84b0fd319610e24b05a81f576209f7b373fa3a2bf89557eaafdb484e

Showing logs for build [32mentando-app-builder-master-rele-bgvtk-116[0m stage [32mfrom-build-pack[0m and container [32mstep-git-merge[0m
Unable to retrieve container logs for docker://9b30739f1a31e068aa504ec4e18aa132e2b90520507e2c68eabcf4c37efeec3b

Showing logs for build [32mentando-app-builder-master-rele-bgvtk-116[0m stage [32mfrom-build-pack[0m and container [32mstep-setup-jx-git-credentials[0m
Unable to retrieve container logs for docker://62351ef9c4cac56a958ea74de93a0527e014b9fc0945b6905b2e7c3b4a041a18

Showing logs for build [32mentando-app-builder-master-rele-bgvtk-116[0m stage [32mfrom-build-pack[0m and container [32mstep-build-npm-install[0m
Unable to retrieve container logs for docker://c77250156caca86f3e7c3fbb52d8cc1dcc202849497a901ae2f9ec7a18405f63

Showing logs for build [32mentando-app-builder-master-rele-bgvtk-116[0m stage [32mfrom-build-pack[0m and container [32mstep-build-npm-test[0m
Unable to retrieve container logs for docker://622466de3c81a262252c743a6f9ac2563de3a60c8afbbd746f50ce205b5f465a

Showing logs for build [32mentando-app-builder-master-rele-bgvtk-116[0m stage [32mfrom-build-pack[0m and container [32mstep-build-npm-build[0m
Unable to retrieve container logs for docker://f9ebf3a247e29211e3140a2d9561904cbed092571cec797c7799e716a3543b7b

Showing logs for build [32mentando-app-builder-master-rele-bgvtk-116[0m stage [32mfrom-build-pack[0m and container [32mstep-build-container-build[0m
Unable to retrieve container logs for docker://e25ea4ebeb7be7049b173e00c117916fedc253e209a5233db5e345c133d46f7e

Showing logs for build [32mentando-app-builder-master-rele-bgvtk-116[0m stage [32mfrom-build-pack[0m and container [32mstep-build-post-build[0m
Unable to retrieve container logs for docker://77fed5f370e683185371fd82720cf21776a6350a6b1942109e0ff52721267d49

Showing logs for build [32mentando-app-builder-master-rele-bgvtk-116[0m stage [32mfrom-build-pack[0m and container [32mstep-promote-update-image-map[0m
Unable to retrieve container logs for docker://f90434f671f9cb3b7ef9e821ef249c3bba6acf99c50dda52e06d8ab440a73b06
