
Showing logs for build [32mentando-app-builder-master-fcch7-117[0m stage [32mfrom-build-pack[0m and container [32mstep-credential-initializer-tw48b[0m
Unable to retrieve container logs for docker://ab658253e1bb68300acc3c910fb71b608a8c13aed9af167f5f702d284d2b561a

Showing logs for build [32mentando-app-builder-master-fcch7-117[0m stage [32mfrom-build-pack[0m and container [32mstep-working-dir-initializer-2wq9z[0m
Unable to retrieve container logs for docker://bd2918d680f8fa37a2e7fcd206a8621ac21e019f5f14366785dd4b2461bdef0d

Showing logs for build [32mentando-app-builder-master-fcch7-117[0m stage [32mfrom-build-pack[0m and container [32mstep-place-tools[0m
Unable to retrieve container logs for docker://bd97da3c040fc1706aec703bd923ef2de5c550903327d813e1a94b77b2c11847

Showing logs for build [32mentando-app-builder-master-fcch7-117[0m stage [32mfrom-build-pack[0m and container [32mstep-git-source-entando-app-builder-master-d6vfg[0m
Unable to retrieve container logs for docker://595f9883a9ded70eb2645dfc004ebd1396031d5caca15c48c8ca8d58b79b4c6a

Showing logs for build [32mentando-app-builder-master-fcch7-117[0m stage [32mfrom-build-pack[0m and container [32mstep-git-merge[0m
Unable to retrieve container logs for docker://2a430808f97a464951076cba0e79610900b608c6f108da72c00cd1ee78c75f44

Showing logs for build [32mentando-app-builder-master-fcch7-117[0m stage [32mfrom-build-pack[0m and container [32mstep-setup-jx-git-credentials[0m
Unable to retrieve container logs for docker://7ab18db684fd0571c2ec25af724bb651334b8c3cc2075364f43b645600ca2f04

Showing logs for build [32mentando-app-builder-master-fcch7-117[0m stage [32mfrom-build-pack[0m and container [32mstep-build-npm-install[0m
Unable to retrieve container logs for docker://85aa9334560ec84c39f7942a52d6a728015c28e4be88557199c259ecfc42b239

Showing logs for build [32mentando-app-builder-master-fcch7-117[0m stage [32mfrom-build-pack[0m and container [32mstep-build-npm-test[0m
Unable to retrieve container logs for docker://716f5e3b5ef6d70dce7602abf2669546049d350193cdef09ed78706afcb70763

Showing logs for build [32mentando-app-builder-master-fcch7-117[0m stage [32mfrom-build-pack[0m and container [32mstep-build-npm-build[0m
Unable to retrieve container logs for docker://70ed6a3dfda2d105dacfbc8f3836f359b06189369b44bb4e503e80d45ed10a7f

Showing logs for build [32mentando-app-builder-master-fcch7-117[0m stage [32mfrom-build-pack[0m and container [32mstep-build-container-build[0m
Unable to retrieve container logs for docker://5ca1b430fce6614bd0a117f52c9502375c7ef4361c7ce641b1aa6c06f4e81a71

Showing logs for build [32mentando-app-builder-master-fcch7-117[0m stage [32mfrom-build-pack[0m and container [32mstep-build-post-build[0m
Unable to retrieve container logs for docker://7981200d148e84495aca62785b9b306415c5c86dcf61e34531500d6fde7fa67f

Showing logs for build [32mentando-app-builder-master-fcch7-117[0m stage [32mfrom-build-pack[0m and container [32mstep-promote-update-image-map[0m
Unable to retrieve container logs for docker://3f98a638512ae7028cb48b17fd566f71500486299a414c0d5b0484ccca30d565
