
Showing logs for build [32mentando-app-builder-master-rc2ct-118[0m stage [32mfrom-build-pack[0m and container [32mstep-credential-initializer-gltml[0m
Unable to retrieve container logs for docker://8ae8536a87ffe013ac4c20a38a2a7365573acdf74b6c1d08928a996ed3812319

Showing logs for build [32mentando-app-builder-master-rc2ct-118[0m stage [32mfrom-build-pack[0m and container [32mstep-working-dir-initializer-wqhbg[0m
Unable to retrieve container logs for docker://c0c775ddade2737356050088e9c49361ca45a7ff8cb56d6286210e806b088062

Showing logs for build [32mentando-app-builder-master-rc2ct-118[0m stage [32mfrom-build-pack[0m and container [32mstep-place-tools[0m
Unable to retrieve container logs for docker://8464d1d4c5cbc731a1c217b0ae4c1213c1b2fd61c5bde9785f15c1d53b223d75

Showing logs for build [32mentando-app-builder-master-rc2ct-118[0m stage [32mfrom-build-pack[0m and container [32mstep-git-source-entando-app-builder-master-lfqmm[0m
Unable to retrieve container logs for docker://b47f34fd0ade95072a460bea9131907b12f8b157fa1af64a8d8ee82b83a54278

Showing logs for build [32mentando-app-builder-master-rc2ct-118[0m stage [32mfrom-build-pack[0m and container [32mstep-git-merge[0m
Unable to retrieve container logs for docker://ab0570027aad062f6bf88cdfb0ee9e15c9079f2bb118c04eab6b97fd7264b534

Showing logs for build [32mentando-app-builder-master-rc2ct-118[0m stage [32mfrom-build-pack[0m and container [32mstep-setup-jx-git-credentials[0m
Unable to retrieve container logs for docker://558a5f7f2cbe7811d3ad7cc6d0c5665fc5c4a03348c82a8d88895c42c1661ac9

Showing logs for build [32mentando-app-builder-master-rc2ct-118[0m stage [32mfrom-build-pack[0m and container [32mstep-build-npm-install[0m
Unable to retrieve container logs for docker://767444bd8732fb6ffa585116b25af969bd7ae8b8ff2cdd2ee402cbd70d41b957

Showing logs for build [32mentando-app-builder-master-rc2ct-118[0m stage [32mfrom-build-pack[0m and container [32mstep-build-npm-test[0m
Unable to retrieve container logs for docker://5fac519446994671a687a2974ba0735e1ac397e430ba8b508c4ba453f40c4333

Showing logs for build [32mentando-app-builder-master-rc2ct-118[0m stage [32mfrom-build-pack[0m and container [32mstep-build-npm-build[0m
Unable to retrieve container logs for docker://aac87fc11549817a82f62844a5440f1bb0e092232efcc649fd073eba6a983b07

Showing logs for build [32mentando-app-builder-master-rc2ct-118[0m stage [32mfrom-build-pack[0m and container [32mstep-build-container-build[0m
Unable to retrieve container logs for docker://69ccaba8d3152a71adb775c5b1a0c87b5c1b26c76001c86e3625c7e6af60ed52

Showing logs for build [32mentando-app-builder-master-rc2ct-118[0m stage [32mfrom-build-pack[0m and container [32mstep-build-post-build[0m
Unable to retrieve container logs for docker://aa0af938e7619908b09a35c5564cac1f0a063e80367dde79b1f15c5f41fde931

Showing logs for build [32mentando-app-builder-master-rc2ct-118[0m stage [32mfrom-build-pack[0m and container [32mstep-promote-update-image-map[0m
Unable to retrieve container logs for docker://478410884d256a1bd57dfbe1e497907a805cd5d78ecae403f924f4fc77fa5a17
