
Showing logs for build [32mentando-app-builder-master-jmtgp-119[0m stage [32mfrom-build-pack[0m and container [32mstep-credential-initializer-rlb75[0m
Unable to retrieve container logs for docker://0d1012bb25e378133a2f9ec30952f23c8866e2a2670cf2748cebc8de90c70b29

Showing logs for build [32mentando-app-builder-master-jmtgp-119[0m stage [32mfrom-build-pack[0m and container [32mstep-working-dir-initializer-hnwj6[0m
Unable to retrieve container logs for docker://8d03acb8816dbf437858465e9307057cb6c61f338c819a4a3ee092cef992cd13

Showing logs for build [32mentando-app-builder-master-jmtgp-119[0m stage [32mfrom-build-pack[0m and container [32mstep-place-tools[0m
Unable to retrieve container logs for docker://3746170df920c214088757622757aa229af0b720a9ae9127f6a7d47a5342885c

Showing logs for build [32mentando-app-builder-master-jmtgp-119[0m stage [32mfrom-build-pack[0m and container [32mstep-git-source-entando-app-builder-master-qpdzh[0m
Unable to retrieve container logs for docker://f392565f8d9df00e697846a909a9707e60021fdbe9507243345bf63da946d52e

Showing logs for build [32mentando-app-builder-master-jmtgp-119[0m stage [32mfrom-build-pack[0m and container [32mstep-git-merge[0m
Unable to retrieve container logs for docker://1a4531f1a9de8b21f93f56d1960b3617f8308ebc67193519c84a8df48b142878

Showing logs for build [32mentando-app-builder-master-jmtgp-119[0m stage [32mfrom-build-pack[0m and container [32mstep-setup-jx-git-credentials[0m
Unable to retrieve container logs for docker://5fc170bb19e75b186679d0033f86cf57848fb751278c2c2bdd50b22904405f6b

Showing logs for build [32mentando-app-builder-master-jmtgp-119[0m stage [32mfrom-build-pack[0m and container [32mstep-build-npm-install[0m
Unable to retrieve container logs for docker://f6fe94195f20c53e3fc1bfbd3b912010475d4165eb8cbf5fec6818eb12edc05f

Showing logs for build [32mentando-app-builder-master-jmtgp-119[0m stage [32mfrom-build-pack[0m and container [32mstep-build-npm-test[0m
Unable to retrieve container logs for docker://7cd9da67de373a704fed11a76b1ff7256b9f8a96a9404a6afc671a5497e27f5e

Showing logs for build [32mentando-app-builder-master-jmtgp-119[0m stage [32mfrom-build-pack[0m and container [32mstep-build-npm-build[0m
Unable to retrieve container logs for docker://307cd5e81e67653cb193815bff7ec405e099ab5f525e4057aa9bf7ce90568925

Showing logs for build [32mentando-app-builder-master-jmtgp-119[0m stage [32mfrom-build-pack[0m and container [32mstep-build-container-build[0m
Unable to retrieve container logs for docker://f3bfc6145180814f5c85b4d2713bdd5bb04153857242e270152e2f21041fb02c

Showing logs for build [32mentando-app-builder-master-jmtgp-119[0m stage [32mfrom-build-pack[0m and container [32mstep-build-post-build[0m
Unable to retrieve container logs for docker://1417ab8ae2ea1015c308c6b75c894c6d0b02e28301740807dd799ea8a86bb33f

Showing logs for build [32mentando-app-builder-master-jmtgp-119[0m stage [32mfrom-build-pack[0m and container [32mstep-promote-update-image-map[0m
Unable to retrieve container logs for docker://65ae4576cbe6ac2ec85e03d6daf27869037e719719ec0a6cc8bcdb7c7809c723
