
Showing logs for build [32mentando-app-builder-master-rele-qmr6j-120[0m stage [32mfrom-build-pack[0m and container [32mstep-credential-initializer-pps5k[0m
Unable to retrieve container logs for docker://c030a74c92ff531eea63e05d43446a4a55e66064bf83413a81ff7ebc1b06b965

Showing logs for build [32mentando-app-builder-master-rele-qmr6j-120[0m stage [32mfrom-build-pack[0m and container [32mstep-working-dir-initializer-fq984[0m
Unable to retrieve container logs for docker://3b6e9d1cc0e3064c4415393ecb03302615b04ac13143040707d2c8466a9e1122

Showing logs for build [32mentando-app-builder-master-rele-qmr6j-120[0m stage [32mfrom-build-pack[0m and container [32mstep-place-tools[0m
Unable to retrieve container logs for docker://8b8875ef19d1d068551a81aa7e2a82239bfc9dd12897987652ed666341721a10

Showing logs for build [32mentando-app-builder-master-rele-qmr6j-120[0m stage [32mfrom-build-pack[0m and container [32mstep-git-source-entando-app-builder-master-rele-dnp56[0m
Unable to retrieve container logs for docker://83482fe11f506035729e555a23b28f7ce12f611f77167b7f852071d296382c41

Showing logs for build [32mentando-app-builder-master-rele-qmr6j-120[0m stage [32mfrom-build-pack[0m and container [32mstep-git-merge[0m
Unable to retrieve container logs for docker://bc97bca33632171e0eb39c5df222e166d974373896328753fd79c9c8b44a1d79

Showing logs for build [32mentando-app-builder-master-rele-qmr6j-120[0m stage [32mfrom-build-pack[0m and container [32mstep-setup-jx-git-credentials[0m
Unable to retrieve container logs for docker://86a1e250385d0c7f59ae01d5004192710d6bf8fcd5833b4f161d9f0190061442

Showing logs for build [32mentando-app-builder-master-rele-qmr6j-120[0m stage [32mfrom-build-pack[0m and container [32mstep-build-npm-install[0m
Unable to retrieve container logs for docker://727b37a499e27f3ea0ac685714718a6436f391f3edfbde1906e74450d05e6a06

Showing logs for build [32mentando-app-builder-master-rele-qmr6j-120[0m stage [32mfrom-build-pack[0m and container [32mstep-build-npm-test[0m
Unable to retrieve container logs for docker://58ecd293c8c95257d2f5ddbf2eff2d65df09e99313bb9d59d7c5f3c4bf671820

Showing logs for build [32mentando-app-builder-master-rele-qmr6j-120[0m stage [32mfrom-build-pack[0m and container [32mstep-build-npm-build[0m
Unable to retrieve container logs for docker://7b6968060a3f1b78fb036ee0df12216862fb20170d97817818dc237d3475a114

Showing logs for build [32mentando-app-builder-master-rele-qmr6j-120[0m stage [32mfrom-build-pack[0m and container [32mstep-build-container-build[0m
Unable to retrieve container logs for docker://e92d61f51b001b23960665dea2a3074c5a9a841c99cb2c08e6b2aef64208a84a

Showing logs for build [32mentando-app-builder-master-rele-qmr6j-120[0m stage [32mfrom-build-pack[0m and container [32mstep-build-post-build[0m
Unable to retrieve container logs for docker://ad2f580d713de86c20bbae0707c19d1a196a683bd759a833ee5b03cced8c2369

Showing logs for build [32mentando-app-builder-master-rele-qmr6j-120[0m stage [32mfrom-build-pack[0m and container [32mstep-promote-update-image-map[0m
Unable to retrieve container logs for docker://d7033a81c98f7f406a2862e9ac2b626d2f1ec4e0f9a3cd46d32cbfae883fc426
