
Showing logs for build [32mentando-app-builder-master-m4vsb-121[0m stage [32mfrom-build-pack[0m and container [32mstep-credential-initializer-cb5wl[0m
Unable to retrieve container logs for docker://53eb4ccf831c677d285042acc5df38142393791ea61485385449ca8d73147d66

Showing logs for build [32mentando-app-builder-master-m4vsb-121[0m stage [32mfrom-build-pack[0m and container [32mstep-working-dir-initializer-t4kmk[0m
Unable to retrieve container logs for docker://a0fb6e457f1d9762c81df59dfbb41e0d9dfc0548563aa350e87b1478d2adb936

Showing logs for build [32mentando-app-builder-master-m4vsb-121[0m stage [32mfrom-build-pack[0m and container [32mstep-place-tools[0m
Unable to retrieve container logs for docker://0913bb506c536a44306535012a6419355bed0c537fb59b637cc69dac72a91501

Showing logs for build [32mentando-app-builder-master-m4vsb-121[0m stage [32mfrom-build-pack[0m and container [32mstep-git-source-entando-app-builder-master-br72b[0m
Unable to retrieve container logs for docker://da189dec21923c197bdc57bfff63221d6a22c159db8e680a55dbba5e204f7806

Showing logs for build [32mentando-app-builder-master-m4vsb-121[0m stage [32mfrom-build-pack[0m and container [32mstep-git-merge[0m
Unable to retrieve container logs for docker://e57661a57e97ee443faba459cb8e4f708197ed241f880b0256fb9b10402a0706

Showing logs for build [32mentando-app-builder-master-m4vsb-121[0m stage [32mfrom-build-pack[0m and container [32mstep-setup-jx-git-credentials[0m
Unable to retrieve container logs for docker://d15a9d5a71863a7f6533502ac2ff9a1c87231d476bcfa15ff6996c606e9c7150

Showing logs for build [32mentando-app-builder-master-m4vsb-121[0m stage [32mfrom-build-pack[0m and container [32mstep-build-npm-install[0m
Unable to retrieve container logs for docker://a74eada47e694b54f710716a9b3bc44be871c279e639a330aa599538149af46f

Showing logs for build [32mentando-app-builder-master-m4vsb-121[0m stage [32mfrom-build-pack[0m and container [32mstep-build-npm-test[0m
Unable to retrieve container logs for docker://01c4c3d511c2e64a1d001023a87fcd5573999c06c7c268300220fe3a30a7aa6b

Showing logs for build [32mentando-app-builder-master-m4vsb-121[0m stage [32mfrom-build-pack[0m and container [32mstep-build-npm-build[0m
Unable to retrieve container logs for docker://f6819536bf9f406c65f186b4bfe1ca1c86babf92f7a40a292d1f484e1b2aaf50

Showing logs for build [32mentando-app-builder-master-m4vsb-121[0m stage [32mfrom-build-pack[0m and container [32mstep-build-container-build[0m
Unable to retrieve container logs for docker://bdb5385fffbcc665c5b977e738da3c2fb8720878f3d6ad6c1e61f22c2d5cf67e

Showing logs for build [32mentando-app-builder-master-m4vsb-121[0m stage [32mfrom-build-pack[0m and container [32mstep-build-post-build[0m
Unable to retrieve container logs for docker://008a89e6b6664e21f47efb1e10bc6a400b5b90bbaf1e6e4269e09bc349222334

Showing logs for build [32mentando-app-builder-master-m4vsb-121[0m stage [32mfrom-build-pack[0m and container [32mstep-promote-update-image-map[0m
Unable to retrieve container logs for docker://8c71755f0e6ad241dec00501a1e75f0a7a7d0cc037c84e125b66ce2b803ea07e
