
Showing logs for build [32mentando-app-builder-master-tjcxb-122[0m stage [32mfrom-build-pack[0m and container [32mstep-credential-initializer-t2w9z[0m
Unable to retrieve container logs for docker://539bf48dc85dd753f1c405c3121b45386d3387459d2c7a1b350b9ef3f32ae832

Showing logs for build [32mentando-app-builder-master-tjcxb-122[0m stage [32mfrom-build-pack[0m and container [32mstep-working-dir-initializer-8plk2[0m
Unable to retrieve container logs for docker://d6ce3a8ab60de678eaa23552e785e10ae52a3b1fdeacbb133c441225e6600c1e

Showing logs for build [32mentando-app-builder-master-tjcxb-122[0m stage [32mfrom-build-pack[0m and container [32mstep-place-tools[0m
Unable to retrieve container logs for docker://8f58115db8abf5563bea3d1ec93103756b8c309c1a25586329fea4399aa6386e

Showing logs for build [32mentando-app-builder-master-tjcxb-122[0m stage [32mfrom-build-pack[0m and container [32mstep-git-source-entando-app-builder-master-cgcp5[0m
Unable to retrieve container logs for docker://18bf351a790c781d45dcaa07befc602fe286bb7d30b5400cb97fc8d36a1cd951

Showing logs for build [32mentando-app-builder-master-tjcxb-122[0m stage [32mfrom-build-pack[0m and container [32mstep-git-merge[0m
Unable to retrieve container logs for docker://b762866c71d2820ffb6ce576d3355e1f27e70bfb17aa923635f8abd1ea80a870

Showing logs for build [32mentando-app-builder-master-tjcxb-122[0m stage [32mfrom-build-pack[0m and container [32mstep-setup-jx-git-credentials[0m
Unable to retrieve container logs for docker://ef3ca6be19678b620f4d046c5d86366939a99099acc5f35ab7510d0850b0b10a

Showing logs for build [32mentando-app-builder-master-tjcxb-122[0m stage [32mfrom-build-pack[0m and container [32mstep-build-npm-install[0m
Unable to retrieve container logs for docker://ebf37e242146df71edd0f9776cf66b7daf7fe84c5d82386ab17c091dfe602c2e

Showing logs for build [32mentando-app-builder-master-tjcxb-122[0m stage [32mfrom-build-pack[0m and container [32mstep-build-npm-test[0m
Unable to retrieve container logs for docker://918bdf33615e23350ec9b39e2599584eca305321ac92a66d0160628227dee752

Showing logs for build [32mentando-app-builder-master-tjcxb-122[0m stage [32mfrom-build-pack[0m and container [32mstep-build-npm-build[0m
Unable to retrieve container logs for docker://26d1400db6f4512446129f12b71dc14301f4bb87b4123a3f65fc66bf65262145

Showing logs for build [32mentando-app-builder-master-tjcxb-122[0m stage [32mfrom-build-pack[0m and container [32mstep-build-container-build[0m
Unable to retrieve container logs for docker://36e5add5cdf870370846752eced2a539bc11096676984216854d4ab17d9d5535

Showing logs for build [32mentando-app-builder-master-tjcxb-122[0m stage [32mfrom-build-pack[0m and container [32mstep-build-post-build[0m
Unable to retrieve container logs for docker://f7dca9488e1d3a6206514f632005486d7bdf84b8ab43341dbc9feff7b69c916d

Showing logs for build [32mentando-app-builder-master-tjcxb-122[0m stage [32mfrom-build-pack[0m and container [32mstep-promote-update-image-map[0m
Unable to retrieve container logs for docker://403ef28a674adb7daadbf0a0f99b433f8e59ebff6daaaa60b908944844dabc76
