
Showing logs for build [32mentando-app-builder-master-rele-z6xvg-123[0m stage [32mfrom-build-pack[0m and container [32mstep-credential-initializer-8mnwh[0m
Unable to retrieve container logs for docker://caa127887f07422e09161cf675168e73838a063e501c5e32bd5f4d2500c2aa63

Showing logs for build [32mentando-app-builder-master-rele-z6xvg-123[0m stage [32mfrom-build-pack[0m and container [32mstep-working-dir-initializer-4xkgt[0m
Unable to retrieve container logs for docker://fc4618694699424a3d651ff615f95d1884d151c7e312d17ad2f1ef7df8d30938

Showing logs for build [32mentando-app-builder-master-rele-z6xvg-123[0m stage [32mfrom-build-pack[0m and container [32mstep-place-tools[0m
Unable to retrieve container logs for docker://bf583ef0a6ae5d53e917056f9f4ecb5f0ec26e19f11f027fe89c66807be3d71f

Showing logs for build [32mentando-app-builder-master-rele-z6xvg-123[0m stage [32mfrom-build-pack[0m and container [32mstep-git-source-entando-app-builder-master-rele-rb47k[0m
Unable to retrieve container logs for docker://cbf723c4fa7240755c5512ef66571b38db92fda250971d742c031c4c59be5b55

Showing logs for build [32mentando-app-builder-master-rele-z6xvg-123[0m stage [32mfrom-build-pack[0m and container [32mstep-git-merge[0m
Unable to retrieve container logs for docker://d176781008a5a029a533d5dd4719f613d041274a4cb9a363fdaa2e5ad1859c5e

Showing logs for build [32mentando-app-builder-master-rele-z6xvg-123[0m stage [32mfrom-build-pack[0m and container [32mstep-setup-jx-git-credentials[0m
Unable to retrieve container logs for docker://74e993647958024041b8a6397b732108b469457e885e8167f99476d907d6721d

Showing logs for build [32mentando-app-builder-master-rele-z6xvg-123[0m stage [32mfrom-build-pack[0m and container [32mstep-build-npm-install[0m
Unable to retrieve container logs for docker://5b2313fe7848876a0c90009158a79771eea302f8ce9f6f496ee1b228d3ced428

Showing logs for build [32mentando-app-builder-master-rele-z6xvg-123[0m stage [32mfrom-build-pack[0m and container [32mstep-build-npm-test[0m
Unable to retrieve container logs for docker://0bb5dcdc67cd1e447e7a8a7b3980827ce76400e07fa793072d69854932887a43

Showing logs for build [32mentando-app-builder-master-rele-z6xvg-123[0m stage [32mfrom-build-pack[0m and container [32mstep-build-npm-build[0m
Unable to retrieve container logs for docker://4ca89d211d63734f2b578c76878f1c0a65f316373a95194892a1e57d9c7a890e

Showing logs for build [32mentando-app-builder-master-rele-z6xvg-123[0m stage [32mfrom-build-pack[0m and container [32mstep-build-container-build[0m
Unable to retrieve container logs for docker://65a358c5326268641f4614909e43b23dc454c84a40501119225c5fba61d8d261

Showing logs for build [32mentando-app-builder-master-rele-z6xvg-123[0m stage [32mfrom-build-pack[0m and container [32mstep-build-post-build[0m
Unable to retrieve container logs for docker://95d19fe25e32567bcaf015b145d7fc34be5c82e1e2ddb90740765c83f4397650

Showing logs for build [32mentando-app-builder-master-rele-z6xvg-123[0m stage [32mfrom-build-pack[0m and container [32mstep-promote-update-image-map[0m
Unable to retrieve container logs for docker://abd991dc7efc9210b432bcc9093cb434643ca5794418051d88a10a30256a1503
