
Showing logs for build [32mentando-app-builder-master-rele-kc4wl-88[0m stage [32mfrom-build-pack[0m and container [32mstep-credential-initializer-v5ncl[0m
Unable to retrieve container logs for docker://6e6b7be499e298743a47c50f5b5a7b50a1b37b69b03e5c54142efa4863113a47

Showing logs for build [32mentando-app-builder-master-rele-kc4wl-88[0m stage [32mfrom-build-pack[0m and container [32mstep-working-dir-initializer-n924g[0m
Unable to retrieve container logs for docker://1c6d07b032e3d83db0b5ba9d9098794cb91a699560a5a80d17f2e0be4e629979

Showing logs for build [32mentando-app-builder-master-rele-kc4wl-88[0m stage [32mfrom-build-pack[0m and container [32mstep-place-tools[0m
Unable to retrieve container logs for docker://267aed49763746195b94b656c1ee74631d57a1d2268992092a722afb0892db1d

Showing logs for build [32mentando-app-builder-master-rele-kc4wl-88[0m stage [32mfrom-build-pack[0m and container [32mstep-git-source-entando-app-builder-master-rele-gv57c[0m
Unable to retrieve container logs for docker://f98940a9a722111c24a8cbb856669b6f5b96a2c6fc87d820b715fdc914574235

Showing logs for build [32mentando-app-builder-master-rele-kc4wl-88[0m stage [32mfrom-build-pack[0m and container [32mstep-git-merge[0m
Unable to retrieve container logs for docker://4782b5f9634879257ab0cec3d40b22552a819b9742af5562de85e38af5cdd056

Showing logs for build [32mentando-app-builder-master-rele-kc4wl-88[0m stage [32mfrom-build-pack[0m and container [32mstep-setup-jx-git-credentials[0m
Unable to retrieve container logs for docker://b600fd011337bc779a76af7cdf530972d67dbd3fdcf9b46c378bd4b36708da3c

Showing logs for build [32mentando-app-builder-master-rele-kc4wl-88[0m stage [32mfrom-build-pack[0m and container [32mstep-build-npm-install[0m
Unable to retrieve container logs for docker://758b71528e1f46194bf45d76cd3bba634b8f25266a539c3e697808184a0c3602

Showing logs for build [32mentando-app-builder-master-rele-kc4wl-88[0m stage [32mfrom-build-pack[0m and container [32mstep-build-npm-test[0m
Unable to retrieve container logs for docker://d16bf3fe1d2fb73c26105705e4219e5c254998c5aeca7c4c0bc6e73707577953

Showing logs for build [32mentando-app-builder-master-rele-kc4wl-88[0m stage [32mfrom-build-pack[0m and container [32mstep-build-npm-build[0m
Unable to retrieve container logs for docker://a2ac9c884f7e3656b522f9915115234df3e7fcb6b396a8374c6f8f6110e2e145

Showing logs for build [32mentando-app-builder-master-rele-kc4wl-88[0m stage [32mfrom-build-pack[0m and container [32mstep-build-container-build[0m
Unable to retrieve container logs for docker://8b5b994359326a20226bc68171fa5b281515ecb37ef0a5467d8df7e8484a6961

Showing logs for build [32mentando-app-builder-master-rele-kc4wl-88[0m stage [32mfrom-build-pack[0m and container [32mstep-build-post-build[0m
Unable to retrieve container logs for docker://718a3dba4ab33e56a10ac27e9fc17b4a8f94a038ed739a0a16496087922e1a6e

Showing logs for build [32mentando-app-builder-master-rele-kc4wl-88[0m stage [32mfrom-build-pack[0m and container [32mstep-promote-update-image-map[0m
Unable to retrieve container logs for docker://9b8473378925114e2826578689cc8660a87e52b628c5707ec8700188ac1eb639
