
Showing logs for build [32mentando-app-builder-master-rele-z7qbq-89[0m stage [32mfrom-build-pack[0m and container [32mstep-credential-initializer-22q5n[0m
Unable to retrieve container logs for docker://dfb7c8b2a32ef8707187cd055898fc21d510b9954abe742c4b3504960b1fe211

Showing logs for build [32mentando-app-builder-master-rele-z7qbq-89[0m stage [32mfrom-build-pack[0m and container [32mstep-working-dir-initializer-zjn7j[0m
Unable to retrieve container logs for docker://56873f6b13b91729b8e343f036029946fb505b86cf27ea4579566ce55431723c

Showing logs for build [32mentando-app-builder-master-rele-z7qbq-89[0m stage [32mfrom-build-pack[0m and container [32mstep-place-tools[0m
Unable to retrieve container logs for docker://192070ca3b923d56407ebce7de013c6a41ec3363b6666e643a4fe2c26fee4033

Showing logs for build [32mentando-app-builder-master-rele-z7qbq-89[0m stage [32mfrom-build-pack[0m and container [32mstep-git-source-entando-app-builder-master-rele-899nb[0m
Unable to retrieve container logs for docker://f3572db95e897973216053170c21816ad456a850d655051738d5d2fada2adb0f

Showing logs for build [32mentando-app-builder-master-rele-z7qbq-89[0m stage [32mfrom-build-pack[0m and container [32mstep-git-merge[0m
Unable to retrieve container logs for docker://51f4312e15988c25fbc3ec94e233d65c3d75b8b18fed9a447375204f45f73557

Showing logs for build [32mentando-app-builder-master-rele-z7qbq-89[0m stage [32mfrom-build-pack[0m and container [32mstep-setup-jx-git-credentials[0m
Unable to retrieve container logs for docker://8bdcbf622e365446a17118f62bfeac596bf7a11eae6b69a45410cf2734d1399b

Showing logs for build [32mentando-app-builder-master-rele-z7qbq-89[0m stage [32mfrom-build-pack[0m and container [32mstep-build-npm-install[0m
Unable to retrieve container logs for docker://f69fa75ef1664478d8cec1e0a254c7d6f7756f9648450f9f4c7f494bbf7d4811

Showing logs for build [32mentando-app-builder-master-rele-z7qbq-89[0m stage [32mfrom-build-pack[0m and container [32mstep-build-npm-test[0m
Unable to retrieve container logs for docker://a98863ded18a3037e6d307a2357d2454641245ead7a10c022a5d2f7c64eacb27

Showing logs for build [32mentando-app-builder-master-rele-z7qbq-89[0m stage [32mfrom-build-pack[0m and container [32mstep-build-npm-build[0m
Unable to retrieve container logs for docker://f72dc1e85e9e335e78db6ae89534597e1ad4a438da7fdb11808db1f43c65b269

Showing logs for build [32mentando-app-builder-master-rele-z7qbq-89[0m stage [32mfrom-build-pack[0m and container [32mstep-build-container-build[0m
Unable to retrieve container logs for docker://1d69f9c8894f00038f70b6fbc764cb1346d506eb3910ed0b34731edd1ea4364c

Showing logs for build [32mentando-app-builder-master-rele-z7qbq-89[0m stage [32mfrom-build-pack[0m and container [32mstep-build-post-build[0m
Unable to retrieve container logs for docker://ee92b369ff54a10c6f9999115fb5074d871914f7a3c9c62a691cac5638397014

Showing logs for build [32mentando-app-builder-master-rele-z7qbq-89[0m stage [32mfrom-build-pack[0m and container [32mstep-promote-update-image-map[0m
Unable to retrieve container logs for docker://a450f8f5cfbd55018d72d2141bfcb04850939fcd5ff31c5ad032055393d28522
