
Showing logs for build [32mentando-app-builder-master-rele-crlkw-90[0m stage [32mfrom-build-pack[0m and container [32mstep-credential-initializer-d5g2p[0m
Unable to retrieve container logs for docker://ac3eca64d41ae60e5044beb5a6b85822f144b50d3c94320785b1a2e2a910bc6d

Showing logs for build [32mentando-app-builder-master-rele-crlkw-90[0m stage [32mfrom-build-pack[0m and container [32mstep-working-dir-initializer-9xpmc[0m
Unable to retrieve container logs for docker://c26b78105e8f2927da321dd38e787837f2c7f613c7b3f62a7f0978404b2a5135

Showing logs for build [32mentando-app-builder-master-rele-crlkw-90[0m stage [32mfrom-build-pack[0m and container [32mstep-place-tools[0m
Unable to retrieve container logs for docker://45306eef6ed21654c943e0603a72d90f8981c71a374b9d794a88a48977ca4517

Showing logs for build [32mentando-app-builder-master-rele-crlkw-90[0m stage [32mfrom-build-pack[0m and container [32mstep-git-source-entando-app-builder-master-rele-nggsp[0m
Unable to retrieve container logs for docker://fb311f5edf048f1a9ade782a387ed02fd60f28f69b6a7322ee769d1cd84b9b6c

Showing logs for build [32mentando-app-builder-master-rele-crlkw-90[0m stage [32mfrom-build-pack[0m and container [32mstep-git-merge[0m
Unable to retrieve container logs for docker://9263f6493a0f250613e576c6861ff740a7accd32a5955469afa9042ed3107a67

Showing logs for build [32mentando-app-builder-master-rele-crlkw-90[0m stage [32mfrom-build-pack[0m and container [32mstep-setup-jx-git-credentials[0m
Unable to retrieve container logs for docker://5f63088125dca721321f7209e130ea4c9147d944606b6031bca799835ca23079

Showing logs for build [32mentando-app-builder-master-rele-crlkw-90[0m stage [32mfrom-build-pack[0m and container [32mstep-build-npm-install[0m
Unable to retrieve container logs for docker://5c4648bf0fbe234480741350b99ccf5e97415356edb408558aa787faa170784b

Showing logs for build [32mentando-app-builder-master-rele-crlkw-90[0m stage [32mfrom-build-pack[0m and container [32mstep-build-npm-test[0m
Unable to retrieve container logs for docker://d2b5c7653e4f7010de38e72cba3b9370e4ae787db1d2551faaef55e2aa35a825

Showing logs for build [32mentando-app-builder-master-rele-crlkw-90[0m stage [32mfrom-build-pack[0m and container [32mstep-build-npm-build[0m
Unable to retrieve container logs for docker://1408f4c44a75da1b90c464f5bc494467c5f7b717581f1b7314610738f3f52451

Showing logs for build [32mentando-app-builder-master-rele-crlkw-90[0m stage [32mfrom-build-pack[0m and container [32mstep-build-container-build[0m
Unable to retrieve container logs for docker://5324b8a0669e1e199ce8d22ef5d48f799429020618dfeb4a7d706598e952dd46

Showing logs for build [32mentando-app-builder-master-rele-crlkw-90[0m stage [32mfrom-build-pack[0m and container [32mstep-build-post-build[0m
Unable to retrieve container logs for docker://4558a1f7cf09ba2c4e6eb8c56385310df538bea8e9e4af1c7825bf0bd4121047

Showing logs for build [32mentando-app-builder-master-rele-crlkw-90[0m stage [32mfrom-build-pack[0m and container [32mstep-promote-update-image-map[0m
Unable to retrieve container logs for docker://85b8c4bb0a45a224fa3115a3be7b476607316d5261344351d152507760e03053
