
Showing logs for build [32mentando-app-builder-master-rele-gdvnz-91[0m stage [32mfrom-build-pack[0m and container [32mstep-credential-initializer-r7hzd[0m
Unable to retrieve container logs for docker://4e1f1947d7001e09dca66b77b312f57cc800f390295b5d63650f388f54930276

Showing logs for build [32mentando-app-builder-master-rele-gdvnz-91[0m stage [32mfrom-build-pack[0m and container [32mstep-working-dir-initializer-9qt2z[0m
Unable to retrieve container logs for docker://29841e727df6e6076b09edc3ca3e614149a75fc834a81d07111d5a31ff2f0706

Showing logs for build [32mentando-app-builder-master-rele-gdvnz-91[0m stage [32mfrom-build-pack[0m and container [32mstep-place-tools[0m
Unable to retrieve container logs for docker://183dc17db3fbbd3c901992310e2fc701c648da354805a2049f942f9342507a56

Showing logs for build [32mentando-app-builder-master-rele-gdvnz-91[0m stage [32mfrom-build-pack[0m and container [32mstep-git-source-entando-app-builder-master-rele-rvwxb[0m
Unable to retrieve container logs for docker://a4a44f6fb5193817a58bbf7c7dc2387423fdc3073a0a10543428bc5bad3d0221

Showing logs for build [32mentando-app-builder-master-rele-gdvnz-91[0m stage [32mfrom-build-pack[0m and container [32mstep-git-merge[0m
Unable to retrieve container logs for docker://1ea632217dd2ce6f88a13e791118057c9e808087c0828c1ef3e1f8233e8c1a7b

Showing logs for build [32mentando-app-builder-master-rele-gdvnz-91[0m stage [32mfrom-build-pack[0m and container [32mstep-setup-jx-git-credentials[0m
Unable to retrieve container logs for docker://7ab72edd4dfa473a2df0d23e902f8a058153eaff2db01e71cad38bde9839c207

Showing logs for build [32mentando-app-builder-master-rele-gdvnz-91[0m stage [32mfrom-build-pack[0m and container [32mstep-build-npm-install[0m
Unable to retrieve container logs for docker://78a44492d0bae515cb94165e2463df417b978e6d16074249dce102ddd327cb1c

Showing logs for build [32mentando-app-builder-master-rele-gdvnz-91[0m stage [32mfrom-build-pack[0m and container [32mstep-build-npm-test[0m
Unable to retrieve container logs for docker://3a91ad843c7717511e825344d2ddaa528b4d29e79d7f496a5a38e92c66e37410

Showing logs for build [32mentando-app-builder-master-rele-gdvnz-91[0m stage [32mfrom-build-pack[0m and container [32mstep-build-npm-build[0m
Unable to retrieve container logs for docker://6945ff1e3d6e813a1836c5608d04ea420ac559fd4949765ff23f5b6dc2b37c3c

Showing logs for build [32mentando-app-builder-master-rele-gdvnz-91[0m stage [32mfrom-build-pack[0m and container [32mstep-build-container-build[0m
Unable to retrieve container logs for docker://3e6937db9424db37db8c6a19a0e5392f3832b0bf5185742bdbce378c92882f6a

Showing logs for build [32mentando-app-builder-master-rele-gdvnz-91[0m stage [32mfrom-build-pack[0m and container [32mstep-build-post-build[0m
Unable to retrieve container logs for docker://73835e73cc959c7eb4b4e8ce44c3b243e3229cac9e1c891e243e972e1d0ffd4d

Showing logs for build [32mentando-app-builder-master-rele-gdvnz-91[0m stage [32mfrom-build-pack[0m and container [32mstep-promote-update-image-map[0m
Unable to retrieve container logs for docker://12eb26d3b744125219b7a4ed7bfbc36a26a8daa5b0ea4a69115b13ea72e27070
