
Showing logs for build [32mentando-entando-plugin-jpredis-xplqx-10[0m stage [32mfrom-build-pack[0m and container [32mstep-credential-initializer-5cb6p[0m
Unable to retrieve container logs for docker://1cf2a5c85506ad163cb4169eb5bcab35a5d807f0403b4a3b8cb92e1d5f63f304

Showing logs for build [32mentando-entando-plugin-jpredis-xplqx-10[0m stage [32mfrom-build-pack[0m and container [32mstep-working-dir-initializer-btsqd[0m
Unable to retrieve container logs for docker://1f8628603a543a0419cec8439e743657e8ddf8ec76a0d31cf2278eaf7631cd03

Showing logs for build [32mentando-entando-plugin-jpredis-xplqx-10[0m stage [32mfrom-build-pack[0m and container [32mstep-place-tools[0m
Unable to retrieve container logs for docker://fd116f1e70391621d397c0da6e6f725d7c1bdbbb9b93a57b4936a618e3bd0512

Showing logs for build [32mentando-entando-plugin-jpredis-xplqx-10[0m stage [32mfrom-build-pack[0m and container [32mstep-git-source-entando-entando-plugin-jpredis-2sqmg[0m
Unable to retrieve container logs for docker://c042f33298ed2f75bf3f6f84abc5472f9a3fc334f2f9942ca0d5f3087ecf8847

Showing logs for build [32mentando-entando-plugin-jpredis-xplqx-10[0m stage [32mfrom-build-pack[0m and container [32mstep-git-merge[0m
Unable to retrieve container logs for docker://0988caceadfa976b90db95dc615330464d657e1a26049d659206e52519d2c476

Showing logs for build [32mentando-entando-plugin-jpredis-xplqx-10[0m stage [32mfrom-build-pack[0m and container [32mstep-build-set-version[0m
Unable to retrieve container logs for docker://6921e6aab47a96239ba70867b050b977950b804d2eaf9a3c03c4dc9728156d4e

Showing logs for build [32mentando-entando-plugin-jpredis-xplqx-10[0m stage [32mfrom-build-pack[0m and container [32mstep-build-fix-git-for-sonar[0m
Unable to retrieve container logs for docker://f4a340fc9470ab0cca5421618a122916d4c2d8cec441855c2e4681b591c9e716

Showing logs for build [32mentando-entando-plugin-jpredis-xplqx-10[0m stage [32mfrom-build-pack[0m and container [32mstep-build-jx-preview[0m
Unable to retrieve container logs for docker://736a0508d518c075cdf665d55e82ee374c2ecc36f24841326968f917f13e240d

Showing logs for build [32mentando-entando-plugin-jpredis-xplqx-10[0m stage [32mfrom-build-pack[0m and container [32mstep-build-join-networks[0m
Unable to retrieve container logs for docker://1760ae15b2e90d1b25483e523cfd1b064da7dadbe393d13ddfb007961510c948

Showing logs for build [32mentando-entando-plugin-jpredis-xplqx-10[0m stage [32mfrom-build-pack[0m and container [32mstep-build-mvn-verify-pr[0m
Unable to retrieve container logs for docker://f3980a21562a11634f883af07907051a993e734d26de29650d05fb5960abd457
