
Showing logs for build [32mentando-entando-plugin-jpredis-6fkx2-6[0m stage [32mfrom-build-pack[0m and container [32mstep-credential-initializer-kflbs[0m
Unable to retrieve container logs for docker://f7c84e40d63d98764cefdc9939b60e7ec40ccbd47055c15b6c2db72290d75106

Showing logs for build [32mentando-entando-plugin-jpredis-6fkx2-6[0m stage [32mfrom-build-pack[0m and container [32mstep-working-dir-initializer-pwgrw[0m
Unable to retrieve container logs for docker://387cd5449285da22f8e6795434cc7321681bb813b202303a4813147ebd46115c

Showing logs for build [32mentando-entando-plugin-jpredis-6fkx2-6[0m stage [32mfrom-build-pack[0m and container [32mstep-place-tools[0m
Unable to retrieve container logs for docker://859646e08f7a9d1da23c0e57e3e5440ba2edf2b3724c9453e86e0c8533ee1b37

Showing logs for build [32mentando-entando-plugin-jpredis-6fkx2-6[0m stage [32mfrom-build-pack[0m and container [32mstep-git-source-entando-entando-plugin-jpredis-8b2m6[0m
Unable to retrieve container logs for docker://7f77048f5b5e0c360efebf6a2aa8191f2e4a5999f89bc538b103759e3be4c847

Showing logs for build [32mentando-entando-plugin-jpredis-6fkx2-6[0m stage [32mfrom-build-pack[0m and container [32mstep-git-merge[0m
Unable to retrieve container logs for docker://5e68d32ec1a1a407834f8bdc00f1d61dbf004b6756d9fe477133bd678fc15bfd

Showing logs for build [32mentando-entando-plugin-jpredis-6fkx2-6[0m stage [32mfrom-build-pack[0m and container [32mstep-build-set-version[0m
Unable to retrieve container logs for docker://e32e6174fdc994313ff8193c4c7894736dc5b317950cdf148587a98a7d45a548

Showing logs for build [32mentando-entando-plugin-jpredis-6fkx2-6[0m stage [32mfrom-build-pack[0m and container [32mstep-build-fix-git-for-sonar[0m
Unable to retrieve container logs for docker://75d3ad9b7a2da056ed76269744dc81193936463d73679e1bf7d75a2496a14c72

Showing logs for build [32mentando-entando-plugin-jpredis-6fkx2-6[0m stage [32mfrom-build-pack[0m and container [32mstep-build-jx-preview[0m
Unable to retrieve container logs for docker://cd5e641f6d087f2d48a0a7690ed9064ecac8060b03f6353a6d9ae744e3d67937

Showing logs for build [32mentando-entando-plugin-jpredis-6fkx2-6[0m stage [32mfrom-build-pack[0m and container [32mstep-build-join-networks[0m
Unable to retrieve container logs for docker://7306e077a3d9436c1246666d28f189765eace73e1903d063bd9db046315d4317
[31m
Pipeline failed on stage 'from-build-pack' : container 'step-build-join-networks'. The execution of the pipeline has stopped.[0m
