
Showing logs for build [32mentando-entando-plugin-jpredis-vlm65-7[0m stage [32mfrom-build-pack[0m and container [32mstep-credential-initializer-pn6dn[0m
Unable to retrieve container logs for docker://d231daa85b4eff79d376cb816360ff72aa8dd439e1ea123ca9e3a19e01b1f148

Showing logs for build [32mentando-entando-plugin-jpredis-vlm65-7[0m stage [32mfrom-build-pack[0m and container [32mstep-working-dir-initializer-2zppp[0m
Unable to retrieve container logs for docker://c9495811b9e9c3253292ae254c80a2191753351d666e164bf5a157409feaac58

Showing logs for build [32mentando-entando-plugin-jpredis-vlm65-7[0m stage [32mfrom-build-pack[0m and container [32mstep-place-tools[0m
Unable to retrieve container logs for docker://0bf7dc4b4545634c12a8bf2961b0fb0b7727a589c9caaa2c22f6ade14636b91c

Showing logs for build [32mentando-entando-plugin-jpredis-vlm65-7[0m stage [32mfrom-build-pack[0m and container [32mstep-git-source-entando-entando-plugin-jpredis-ddvcb[0m
Unable to retrieve container logs for docker://c25b02897411db508167b09d33250074ae208858c647fa70d18bd87f8f638529

Showing logs for build [32mentando-entando-plugin-jpredis-vlm65-7[0m stage [32mfrom-build-pack[0m and container [32mstep-git-merge[0m
Unable to retrieve container logs for docker://2119097605e2ce6a4dab35b898685b5da0031fc6ab48b62e1a2d6539e4154d0b

Showing logs for build [32mentando-entando-plugin-jpredis-vlm65-7[0m stage [32mfrom-build-pack[0m and container [32mstep-build-set-version[0m
Unable to retrieve container logs for docker://f88d125ce933f4334870c0e161345a4beb3cf5eb334a4064d9cfdd366c28956c

Showing logs for build [32mentando-entando-plugin-jpredis-vlm65-7[0m stage [32mfrom-build-pack[0m and container [32mstep-build-fix-git-for-sonar[0m
Unable to retrieve container logs for docker://ebc8f078bc142f48289eaee6cb6c0b568208f72ff0c8ff3adeb422dd0221264c

Showing logs for build [32mentando-entando-plugin-jpredis-vlm65-7[0m stage [32mfrom-build-pack[0m and container [32mstep-build-jx-preview[0m
Unable to retrieve container logs for docker://09c55a108c5c6e65cfc472f8d0540258b20974ffdfdaa93da3caf76f06ab1237

Showing logs for build [32mentando-entando-plugin-jpredis-vlm65-7[0m stage [32mfrom-build-pack[0m and container [32mstep-build-join-networks[0m
Unable to retrieve container logs for docker://57eaf361f832cb31891fb50de490d06e8c98e3395e3ac576efa69381995ae23f

Showing logs for build [32mentando-entando-plugin-jpredis-vlm65-7[0m stage [32mfrom-build-pack[0m and container [32mstep-build-mvn-verify-pr[0m
Unable to retrieve container logs for docker://30951b4e316a2a0c05b6d5b3ae0bd967a797ebc29126b97cd88f576480313a24
[31m
Pipeline failed on stage 'from-build-pack' : container 'step-build-mvn-verify-pr'. The execution of the pipeline has stopped.[0m
