
Showing logs for build [32mentando-entando-plugin-jpredis-wv8fx-8[0m stage [32mfrom-build-pack[0m and container [32mstep-credential-initializer-59z2n[0m
Unable to retrieve container logs for docker://b58add9d4ba10c5414c198e403d45d5f1abfc4e03bc1c119f1b2fc549a205f6f

Showing logs for build [32mentando-entando-plugin-jpredis-wv8fx-8[0m stage [32mfrom-build-pack[0m and container [32mstep-working-dir-initializer-m2smm[0m
Unable to retrieve container logs for docker://afa27d39c63f2a5d6872dbbc23ab652fc7af0fd7aea3f510c2dc1c846399677c

Showing logs for build [32mentando-entando-plugin-jpredis-wv8fx-8[0m stage [32mfrom-build-pack[0m and container [32mstep-place-tools[0m
Unable to retrieve container logs for docker://7cb4612010d1102e8cbcf0acc1f5f54e65dbc6f38e9a2e096e85157e9714315d

Showing logs for build [32mentando-entando-plugin-jpredis-wv8fx-8[0m stage [32mfrom-build-pack[0m and container [32mstep-git-source-entando-entando-plugin-jpredis-rc24p[0m
Unable to retrieve container logs for docker://77236a3fab6e656b1e36c383866ef6581e7b4c287427ab66cf3307cf6f100c7b

Showing logs for build [32mentando-entando-plugin-jpredis-wv8fx-8[0m stage [32mfrom-build-pack[0m and container [32mstep-git-merge[0m
Unable to retrieve container logs for docker://4af3eb70dac5db7cf44fe594808b8547374d6a319a5f9959e423f26205b53040

Showing logs for build [32mentando-entando-plugin-jpredis-wv8fx-8[0m stage [32mfrom-build-pack[0m and container [32mstep-build-set-version[0m
Unable to retrieve container logs for docker://7baf395fbdc13c7a99701918ed1b8e725933e1217635e31be34cbe6cdf4b9e02

Showing logs for build [32mentando-entando-plugin-jpredis-wv8fx-8[0m stage [32mfrom-build-pack[0m and container [32mstep-build-fix-git-for-sonar[0m
Unable to retrieve container logs for docker://35b338c62bdd142605bcee91da10191f8356a5c9c3484f768adff250d55f8345

Showing logs for build [32mentando-entando-plugin-jpredis-wv8fx-8[0m stage [32mfrom-build-pack[0m and container [32mstep-build-jx-preview[0m
Unable to retrieve container logs for docker://f413472864cb84524c3249ec56e5af6369d93b855aac1d7046ece326e1db5441

Showing logs for build [32mentando-entando-plugin-jpredis-wv8fx-8[0m stage [32mfrom-build-pack[0m and container [32mstep-build-join-networks[0m
Unable to retrieve container logs for docker://0c2944d2e42202724f7c7c2e6781f66552949db44028b55f6f0bc0e2b572330b

Showing logs for build [32mentando-entando-plugin-jpredis-wv8fx-8[0m stage [32mfrom-build-pack[0m and container [32mstep-build-mvn-verify-pr[0m
Unable to retrieve container logs for docker://615c862173c5e35c31a48e450c156c765f36f2a5d2060d1086b1f79b35f0353d
[31m
Pipeline failed on stage 'from-build-pack' : container 'step-build-mvn-verify-pr'. The execution of the pipeline has stopped.[0m
