
Showing logs for build [32mentando-entando-plugin-jpredis-kqbx8-9[0m stage [32mfrom-build-pack[0m and container [32mstep-credential-initializer-pn2jq[0m
Unable to retrieve container logs for docker://285cd58629f8cd7fbf968c7bd6270452674621293218874d906b1e77113cf738

Showing logs for build [32mentando-entando-plugin-jpredis-kqbx8-9[0m stage [32mfrom-build-pack[0m and container [32mstep-working-dir-initializer-qlfgx[0m
Unable to retrieve container logs for docker://a66751a163b30162c48fe9ce86893f39497f1724feb3e629481d36bb95577354

Showing logs for build [32mentando-entando-plugin-jpredis-kqbx8-9[0m stage [32mfrom-build-pack[0m and container [32mstep-place-tools[0m
Unable to retrieve container logs for docker://eba2f501bb921b4c7bfe4a187bd1a72e9462726f420f127d1771aaa9c2b3c518

Showing logs for build [32mentando-entando-plugin-jpredis-kqbx8-9[0m stage [32mfrom-build-pack[0m and container [32mstep-git-source-entando-entando-plugin-jpredis-w96xm[0m
Unable to retrieve container logs for docker://1245133a736e593861e92ad5ee3f58396a9239c0f397582bd03fd6b751e29163

Showing logs for build [32mentando-entando-plugin-jpredis-kqbx8-9[0m stage [32mfrom-build-pack[0m and container [32mstep-git-merge[0m
Unable to retrieve container logs for docker://b25c92446409247c37cbfeae3fc9b853b4a9af3e0d24e31dd06c8d859d1eca02

Showing logs for build [32mentando-entando-plugin-jpredis-kqbx8-9[0m stage [32mfrom-build-pack[0m and container [32mstep-build-set-version[0m
Unable to retrieve container logs for docker://6c794e0901c88010e19462684a025a54acffe6b2d69971720130dcbe833a891b

Showing logs for build [32mentando-entando-plugin-jpredis-kqbx8-9[0m stage [32mfrom-build-pack[0m and container [32mstep-build-fix-git-for-sonar[0m
Unable to retrieve container logs for docker://cdd38c4406a0cb53e6fe925c8aef1940a93b2e25cc6e92472950be64122c9b2a

Showing logs for build [32mentando-entando-plugin-jpredis-kqbx8-9[0m stage [32mfrom-build-pack[0m and container [32mstep-build-jx-preview[0m
Unable to retrieve container logs for docker://cf3b68ae95079b70605b3bc756c1710bf1a8d5665171d01e8ecb58ad5062096d

Showing logs for build [32mentando-entando-plugin-jpredis-kqbx8-9[0m stage [32mfrom-build-pack[0m and container [32mstep-build-join-networks[0m
Unable to retrieve container logs for docker://758532a19f334a0f919105cae3bb3e49f95df473821ebc41bb5ae4bf1ec1a155

Showing logs for build [32mentando-entando-plugin-jpredis-kqbx8-9[0m stage [32mfrom-build-pack[0m and container [32mstep-build-mvn-verify-pr[0m
Unable to retrieve container logs for docker://b8ff6bf84028c616dc4a323c019171670b05fd1be681a619c44d86cc2873b97c
[31m
Pipeline failed on stage 'from-build-pack' : container 'step-build-mvn-verify-pr'. The execution of the pipeline has stopped.[0m
