
Showing logs for build [32mentando-entando-core-bom-master-pdpjl-155[0m stage [32mfrom-build-pack[0m and container [32mstep-credential-initializer-9n75j[0m
{"level":"warn","ts":1605687903.223671,"logger":"fallback-logger","caller":"logging/config.go:69","msg":"Fetch GitHub commit ID from kodata failed: \"ref: refs/heads/0.8.0-**-support-backwards-incompats\" is not a valid GitHub commit ID"}
{"level":"info","ts":1605687903.2915878,"logger":"fallback-logger","caller":"creds-init/main.go:40","msg":"Credentials initialized."}

Showing logs for build [32mentando-entando-core-bom-master-pdpjl-155[0m stage [32mfrom-build-pack[0m and container [32mstep-working-dir-initializer-f9sj4[0m
{"level":"warn","ts":1605687906.3666706,"logger":"fallback-logger","caller":"logging/config.go:69","msg":"Fetch GitHub commit ID from kodata failed: open /var/run/ko/HEAD: no such file or directory"}
{"level":"info","ts":1605687906.3829615,"logger":"fallback-logger","caller":"bash/main.go:64","msg":"Successfully e**cuted command \"sh -c mkdir -p /workspace/source\"; output "}

Showing logs for build [32mentando-entando-core-bom-master-pdpjl-155[0m stage [32mfrom-build-pack[0m and container [32mstep-place-tools[0m

Showing logs for build [32mentando-entando-core-bom-master-pdpjl-155[0m stage [32mfrom-build-pack[0m and container [32mstep-git-source-entando-entando-core-bom-master-9jqml[0m
{"level":"warn","ts":1605687940.215065,"logger":"fallback-logger","caller":"logging/config.go:69","msg":"Fetch GitHub commit ID from kodata failed: \"ref: refs/heads/0.8.0-**-support-backwards-incompats\" is not a valid GitHub commit ID"}
{"level":"info","ts":1605687941.4774668,"logger":"fallback-logger","caller":"git/git.go:103","msg":"Successfully cloned https://github.com/entando/entando-core-bom.git @ v6.2.142 in path /workspace/source"}

Showing logs for build [32mentando-entando-core-bom-master-pdpjl-155[0m stage [32mfrom-build-pack[0m and container [32mstep-git-merge[0m
Using SHAs from PULL_REFS=master:82918e52c034d28a23d977ec0d05b01e9e7d4c82
WARNING: no SHAs to merge, falling back to initial cloned commit

Showing logs for build [32mentando-entando-core-bom-master-pdpjl-155[0m stage [32mfrom-build-pack[0m and container [32mstep-setup-jx-git-credentials[0m
Generated Git credentials file /workspace/xdg_config/git/credentials

Showing logs for build [32mentando-entando-core-bom-master-pdpjl-155[0m stage [32mfrom-build-pack[0m and container [32mstep-build-mvn-deploy[0m
Picked up _JAVA_OPTIONS: -XX:+UnlockExperimentalVMOptions -Dsun.zip.disableMemoryMapping=true -XX:+UseParallelGC -XX:MinHeapFreeRatio=5 -XX:MaxHeapFreeRatio=10 -XX:GCTimeRatio=4 -XX:AdaptiveSizePolicyWeight=90 -Xms10m -Xmx8000m
[INFO] Scanning for projects...
[INFO] 
[INFO] --------------------< org.entando:entando-core-bom >--------------------
[INFO] Building Entando Core BOM 6.2.142
[INFO] --------------------------------[ pom ]---------------------------------
[INFO] 
[INFO] --- maven-install-plugin:2.4:install (default-install) @ entando-core-bom ---
[INFO] Installing /workspace/source/pom.xml to /home/jenkins/.mvnrepository/org/entando/entando-core-bom/6.2.142/entando-core-bom-6.2.142.pom
[INFO] 
[INFO] --- maven-deploy-plugin:2.8.2:deploy (default-deploy) @ entando-core-bom ---
[INFO] Using alternate deployment repository local-nexus::default::http://nexus/repository/maven-releases/
[INFO] ------------------------------------------------------------------------
[INFO] BUILD SUCCESS
[INFO] ------------------------------------------------------------------------
[INFO] Total time:  3.511 s
[INFO] Finished at: 2020-11-18T08:25:48Z
[INFO] ------------------------------------------------------------------------

Showing logs for build [32mentando-entando-core-bom-master-pdpjl-155[0m stage [32mfrom-build-pack[0m and container [32mstep-promote-changelog[0m
Converted /workspace/source to an unshallow repository
Generating change log from git ref 6c0650429655f43e892932fea9ba23ff9e36d05d => 976e87beb80058d7a7271864673b42b432e50d27
WARNING: No release found for entando/entando-core-bom and tag v6.2.142 so creating a new release
Updated the release information at https://github.com/entando/entando-core-bom/releases/tag/v6.2.142
generated: /workspace/source/templates/release.yaml
Created Release entando-core-bom-6-2-142 resource in namespace **
Updating PipelineActivity entando-entando-core-bom-master-155 with version 6.2.142
Updated PipelineActivities entando-entando-core-bom-master-155 with release notes URL: https://github.com/entando/entando-core-bom/releases/tag/v6.2.142
