
Showing logs for build [32mentando-entando-core-bom-master-6qdrn-221[0m stage [32mfrom-build-pack[0m and container [32mstep-credential-initializer-jjls5[0m
{"level":"warn","ts":1610093234.721487,"logger":"fallback-logger","caller":"logging/config.go:69","msg":"Fetch GitHub commit ID from kodata failed: \"ref: refs/heads/0.8.0-**-support-backwards-incompats\" is not a valid GitHub commit ID"}
{"level":"info","ts":1610093234.7335532,"logger":"fallback-logger","caller":"creds-init/main.go:40","msg":"Credentials initialized."}

Showing logs for build [32mentando-entando-core-bom-master-6qdrn-221[0m stage [32mfrom-build-pack[0m and container [32mstep-working-dir-initializer-2rf4x[0m
{"level":"warn","ts":1610093238.6710575,"logger":"fallback-logger","caller":"logging/config.go:69","msg":"Fetch GitHub commit ID from kodata failed: open /var/run/ko/HEAD: no such file or directory"}
{"level":"info","ts":1610093238.69167,"logger":"fallback-logger","caller":"bash/main.go:64","msg":"Successfully e**cuted command \"sh -c mkdir -p /workspace/source\"; output "}

Showing logs for build [32mentando-entando-core-bom-master-6qdrn-221[0m stage [32mfrom-build-pack[0m and container [32mstep-place-tools[0m

Showing logs for build [32mentando-entando-core-bom-master-6qdrn-221[0m stage [32mfrom-build-pack[0m and container [32mstep-git-source-entando-entando-core-bom-master-f8bnh[0m
{"level":"warn","ts":1610093258.9284172,"logger":"fallback-logger","caller":"logging/config.go:69","msg":"Fetch GitHub commit ID from kodata failed: \"ref: refs/heads/0.8.0-**-support-backwards-incompats\" is not a valid GitHub commit ID"}
{"level":"info","ts":1610093260.2892876,"logger":"fallback-logger","caller":"git/git.go:103","msg":"Successfully cloned https://github.com/entando/entando-core-bom.git @ v6.2.202 in path /workspace/source"}

Showing logs for build [32mentando-entando-core-bom-master-6qdrn-221[0m stage [32mfrom-build-pack[0m and container [32mstep-git-merge[0m
Using SHAs from PULL_REFS=master:e4843b179acd336b2b549f13e4fe50774b834118
WARNING: no SHAs to merge, falling back to initial cloned commit

Showing logs for build [32mentando-entando-core-bom-master-6qdrn-221[0m stage [32mfrom-build-pack[0m and container [32mstep-setup-jx-git-credentials[0m
Generated Git credentials file /workspace/xdg_config/git/credentials

Showing logs for build [32mentando-entando-core-bom-master-6qdrn-221[0m stage [32mfrom-build-pack[0m and container [32mstep-build-mvn-deploy[0m
Picked up _JAVA_OPTIONS: -XX:+UnlockExperimentalVMOptions -Dsun.zip.disableMemoryMapping=**** -XX:+UseParallelGC -XX:MinHeapFreeRatio=5 -XX:MaxHeapFreeRatio=10 -XX:GCTimeRatio=4 -XX:AdaptiveSizePolicyWeight=90 -Xms10m -Xmx8000m
[INFO] Scanning for projects...
[INFO] 
[INFO] --------------------< org.entando:entando-core-bom >--------------------
[INFO] Building Entando Core BOM 6.2.202
[INFO] --------------------------------[ pom ]---------------------------------
[INFO] 
[INFO] --- maven-install-plugin:2.4:install (default-install) @ entando-core-bom ---
[INFO] Installing /workspace/source/pom.xml to /home/jenkins/.mvnrepository/org/entando/entando-core-bom/6.2.202/entando-core-bom-6.2.202.pom
[INFO] 
[INFO] --- maven-deploy-plugin:2.8.2:deploy (default-deploy) @ entando-core-bom ---
[INFO] Using alternate deployment repository local-nexus::default::http://nexus/repository/maven-releases/
[INFO] ------------------------------------------------------------------------
[INFO] BUILD SUCCESS
[INFO] ------------------------------------------------------------------------
[INFO] Total time:  3.155 s
[INFO] Finished at: 2021-01-08T08:07:47Z
[INFO] ------------------------------------------------------------------------

Showing logs for build [32mentando-entando-core-bom-master-6qdrn-221[0m stage [32mfrom-build-pack[0m and container [32mstep-promote-changelog[0m
Converted /workspace/source to an unshallow repository
Generating change log from git ref 3ffe294bbd76b8242b35b2ded70f21c7c3729840 => d08fcde2826e9e9fb41820dcda315742a58ea994
Associating user jenkins-x-bot in users.jenkins.io with email jenkins-x@googlegroups.com to git GitProvider user with login jenkins-x-bot-0 as emails match
Adding label jenkins.io/git-github-userid=jenkins-x-bot-0 to user jenkins-x-bot in users.jenkins.io
Associating user jenkins-x-bot in users.jenkins.io with email jenkins-x@googlegroups.com to git GitProvider user with login jenkins-x-bot-0 as emails match
Adding label jenkins.io/git-github-userid=jenkins-x-bot-0 to user jenkins-x-bot in users.jenkins.io
Finding issues in commit messages using git format
WARNING: No release found for entando/entando-core-bom and tag v6.2.202 so creating a new release
Updated the release information at https://github.com/entando/entando-core-bom/releases/tag/v6.2.202
generated: /workspace/source/templates/release.yaml
Created Release entando-core-bom-6-2-202 resource in namespace **
Updating PipelineActivity entando-entando-core-bom-master-221 with version 6.2.202
Updated PipelineActivities entando-entando-core-bom-master-221 with release notes URL: https://github.com/entando/entando-core-bom/releases/tag/v6.2.202
