
Showing logs for build [32mentando-k8s-entando-de-app-mast-nb8rw-249[0m stage [32mfrom-build-pack[0m and container [32mstep-credential-initializer-5vhfd[0m
Unable to retrieve container logs for docker://b49a2a4e46961f3d6d140e1e984e330a4e1ff0a9e5257b07f39f8469985f6546

Showing logs for build [32mentando-k8s-entando-de-app-mast-nb8rw-249[0m stage [32mfrom-build-pack[0m and container [32mstep-working-dir-initializer-7skrs[0m
Unable to retrieve container logs for docker://228e9bd8b9bc4416eaf6886fa65dbd1ab5352208fe2bd2527a8f334baf80dc76

Showing logs for build [32mentando-k8s-entando-de-app-mast-nb8rw-249[0m stage [32mfrom-build-pack[0m and container [32mstep-place-tools[0m
Unable to retrieve container logs for docker://d9179d091db1b1670cee724ab70f3e7921f04e006d929307c64715f32f126509

Showing logs for build [32mentando-k8s-entando-de-app-mast-nb8rw-249[0m stage [32mfrom-build-pack[0m and container [32mstep-git-source-entando-k8s-entando-de-app-mast-nk6mc[0m
Unable to retrieve container logs for docker://1b6b6ebc3652421dc0f60b401d6bd231813550582558ac5073910914334bec27

Showing logs for build [32mentando-k8s-entando-de-app-mast-nb8rw-249[0m stage [32mfrom-build-pack[0m and container [32mstep-git-merge[0m
Unable to retrieve container logs for docker://8217c6c0beb5770a800fadc0ef4d1f1588da52fe5a11d063312091918fcc675a

Showing logs for build [32mentando-k8s-entando-de-app-mast-nb8rw-249[0m stage [32mfrom-build-pack[0m and container [32mstep-setup-jx-git-credentials[0m
Unable to retrieve container logs for docker://a34b0c9de0da8d23475bb33cd3e4cb4903286d8ac1340e2c7818a6ce70e3e010

Showing logs for build [32mentando-k8s-entando-de-app-mast-nb8rw-249[0m stage [32mfrom-build-pack[0m and container [32mstep-build-mvn-build[0m
Unable to retrieve container logs for docker://ed7d5ffe389c484a3187ae301d4e6c1704a7185572ee176831f1691347239170

Showing logs for build [32mentando-k8s-entando-de-app-mast-nb8rw-249[0m stage [32mfrom-build-pack[0m and container [32mstep-container-build1[0m
Unable to retrieve container logs for docker://72460cdbaae69728241f30495702693d7d483dbe5bfce3064fe23fc6dece3e5a

Showing logs for build [32mentando-k8s-entando-de-app-mast-nb8rw-249[0m stage [32mfrom-build-pack[0m and container [32mstep-post-build1[0m
Unable to retrieve container logs for docker://2e8ab12678d42c32825a6ac9cdecb23336bb1b5a40a49b4cd799febbc5c18f6c

Showing logs for build [32mentando-k8s-entando-de-app-mast-nb8rw-249[0m stage [32mfrom-build-pack[0m and container [32mstep-update-image-map1[0m
Unable to retrieve container logs for docker://7d10f4152fe7e819326f5b1bc700cc18ddde5d1d6a750b796cc07d3e80194f7f

Showing logs for build [32mentando-k8s-entando-de-app-mast-nb8rw-249[0m stage [32mfrom-build-pack[0m and container [32mstep-container-build2[0m
Unable to retrieve container logs for docker://d6ee1e8566657b6b7bd6ec2e14123e4d387fd4165d82d010a9d6770e8953dc20

Showing logs for build [32mentando-k8s-entando-de-app-mast-nb8rw-249[0m stage [32mfrom-build-pack[0m and container [32mstep-post-build2[0m
Unable to retrieve container logs for docker://44dfc9859afc8515f5b02e2dc04d3d54547171634cb812743b4bcc2fe8cf4329

Showing logs for build [32mentando-k8s-entando-de-app-mast-nb8rw-249[0m stage [32mfrom-build-pack[0m and container [32mstep-update-image-map2[0m
Unable to retrieve container logs for docker://e82899ae1b8d631a931f53b3ccdac974e04bc1339a901e289c396d1f712afe64
