
Showing logs for build [32mentando-k8s-entando-de-app-mast-mmmhf-250[0m stage [32mfrom-build-pack[0m and container [32mstep-credential-initializer-4k9fz[0m
Unable to retrieve container logs for docker://8ef380b94185f53c2138c390b5b4cd50c16d3c66ba97df54155c0f87729a974d

Showing logs for build [32mentando-k8s-entando-de-app-mast-mmmhf-250[0m stage [32mfrom-build-pack[0m and container [32mstep-working-dir-initializer-x7pjd[0m
Unable to retrieve container logs for docker://f6d29ba18e37fb4ae6848544ca4cc55a382114c4454299572c513e6a1a879b60

Showing logs for build [32mentando-k8s-entando-de-app-mast-mmmhf-250[0m stage [32mfrom-build-pack[0m and container [32mstep-place-tools[0m
Unable to retrieve container logs for docker://3a82d6c86d82be65c6f53d9e42fe964ffbfa9d9f87de50059dcf9d11bdb0c414

Showing logs for build [32mentando-k8s-entando-de-app-mast-mmmhf-250[0m stage [32mfrom-build-pack[0m and container [32mstep-git-source-entando-k8s-entando-de-app-mast-nt26s[0m
Unable to retrieve container logs for docker://96885e8e76cf5b207d20437efd779b5a3e595bf188fe155ed68fff07f77f3857

Showing logs for build [32mentando-k8s-entando-de-app-mast-mmmhf-250[0m stage [32mfrom-build-pack[0m and container [32mstep-git-merge[0m
Unable to retrieve container logs for docker://c9bc462a05c5890c17aeb20aa5c4853047834d0085a76d412b0d08ae8038b033

Showing logs for build [32mentando-k8s-entando-de-app-mast-mmmhf-250[0m stage [32mfrom-build-pack[0m and container [32mstep-setup-jx-git-credentials[0m
Unable to retrieve container logs for docker://60aaece1acb58329f60441a48b627a761ae3ea1135f4927eeeaee49595ddcd2e

Showing logs for build [32mentando-k8s-entando-de-app-mast-mmmhf-250[0m stage [32mfrom-build-pack[0m and container [32mstep-build-mvn-build[0m
Unable to retrieve container logs for docker://af630e1b0b8e2f3f5843ea2f1c03aa6e830cc8f41eda231be38cff56864ea05d

Showing logs for build [32mentando-k8s-entando-de-app-mast-mmmhf-250[0m stage [32mfrom-build-pack[0m and container [32mstep-container-build1[0m
Unable to retrieve container logs for docker://d949a909d3d8d6456c88ccd4cd4407707791a3ae2e55fc0d1951105cf72cde6d

Showing logs for build [32mentando-k8s-entando-de-app-mast-mmmhf-250[0m stage [32mfrom-build-pack[0m and container [32mstep-post-build1[0m
Unable to retrieve container logs for docker://b7d7de857c9706775cfeda888e4f150e8b25927b67bcd07894b9142c1915e273

Showing logs for build [32mentando-k8s-entando-de-app-mast-mmmhf-250[0m stage [32mfrom-build-pack[0m and container [32mstep-update-image-map1[0m
Unable to retrieve container logs for docker://99aa26cf8b52df34421196f049dd5a51f07444eb3f6a6440cb87407ba7036828

Showing logs for build [32mentando-k8s-entando-de-app-mast-mmmhf-250[0m stage [32mfrom-build-pack[0m and container [32mstep-container-build2[0m
Unable to retrieve container logs for docker://d8bc48bc371e4d4a9ba59b3a5894ed7565c0d9e2e400b03dd0b0b5d28631202c

Showing logs for build [32mentando-k8s-entando-de-app-mast-mmmhf-250[0m stage [32mfrom-build-pack[0m and container [32mstep-post-build2[0m
Unable to retrieve container logs for docker://e96573bc1fadfc71edff3d1eee76067214809db7e6c7a0434d6bd34ba96d8c75

Showing logs for build [32mentando-k8s-entando-de-app-mast-mmmhf-250[0m stage [32mfrom-build-pack[0m and container [32mstep-update-image-map2[0m
Unable to retrieve container logs for docker://50050361bd1e44320627ecdfef5ab26b9a89f36c1d1332668302cbddb57c6353
