
Showing logs for build [32mentando-k8s-entando-de-app-mast-nq8kw-251[0m stage [32mfrom-build-pack[0m and container [32mstep-credential-initializer-bjsqn[0m
Unable to retrieve container logs for docker://3ef4cfe16d18ee25b71c654a5f7c9c362590f549b69a2a5b09302b1c40455a3a

Showing logs for build [32mentando-k8s-entando-de-app-mast-nq8kw-251[0m stage [32mfrom-build-pack[0m and container [32mstep-working-dir-initializer-z26cn[0m
Unable to retrieve container logs for docker://cbf2e2aaf2c9c755b43970a613443e770031161f06ae503d7a73a1852c391f6c

Showing logs for build [32mentando-k8s-entando-de-app-mast-nq8kw-251[0m stage [32mfrom-build-pack[0m and container [32mstep-place-tools[0m
Unable to retrieve container logs for docker://8805b057db516d5fd7dab6c092fcf66651095e617a97e5407e7cd4d56d35464d

Showing logs for build [32mentando-k8s-entando-de-app-mast-nq8kw-251[0m stage [32mfrom-build-pack[0m and container [32mstep-git-source-entando-k8s-entando-de-app-mast-2kdvb[0m
Unable to retrieve container logs for docker://75aca44c6d5c921eeffa69c3e9a4f1626a64406fd8e98904afcdbc88b6419c5b

Showing logs for build [32mentando-k8s-entando-de-app-mast-nq8kw-251[0m stage [32mfrom-build-pack[0m and container [32mstep-git-merge[0m
Unable to retrieve container logs for docker://da0d361b53c4da6ebccd63a59c42941db33fa32843a97d52fab5628e70ad935d

Showing logs for build [32mentando-k8s-entando-de-app-mast-nq8kw-251[0m stage [32mfrom-build-pack[0m and container [32mstep-setup-jx-git-credentials[0m
Unable to retrieve container logs for docker://1e313a5c8763c6223eef4756a9a863070bfa9da86db59d1ec58a5e701d7dab6a

Showing logs for build [32mentando-k8s-entando-de-app-mast-nq8kw-251[0m stage [32mfrom-build-pack[0m and container [32mstep-build-mvn-build[0m
Unable to retrieve container logs for docker://531288d726723112df13503c88228558a9703796b92a356a9b2917f5b64ca10f

Showing logs for build [32mentando-k8s-entando-de-app-mast-nq8kw-251[0m stage [32mfrom-build-pack[0m and container [32mstep-container-build1[0m
Unable to retrieve container logs for docker://968d31e18854e33d1b22d90c53c8f7106ee812d66767554dfbc8a7853997e941

Showing logs for build [32mentando-k8s-entando-de-app-mast-nq8kw-251[0m stage [32mfrom-build-pack[0m and container [32mstep-post-build1[0m
Unable to retrieve container logs for docker://5103b11c995f192ea55ebf183637a2122010fc6e73511a24e8366a8f811cf931

Showing logs for build [32mentando-k8s-entando-de-app-mast-nq8kw-251[0m stage [32mfrom-build-pack[0m and container [32mstep-update-image-map1[0m
Unable to retrieve container logs for docker://67f8adac7772264085d81a722423ee6d9d020c8f2f6e3842b0b95817015cf423

Showing logs for build [32mentando-k8s-entando-de-app-mast-nq8kw-251[0m stage [32mfrom-build-pack[0m and container [32mstep-container-build2[0m
Unable to retrieve container logs for docker://d0198a0b0efceb1d6c2bfc41677bb8383d63ee5c425e97728c7b38ecb40e4716

Showing logs for build [32mentando-k8s-entando-de-app-mast-nq8kw-251[0m stage [32mfrom-build-pack[0m and container [32mstep-post-build2[0m
Unable to retrieve container logs for docker://300b961de11fa41704cb709b974c885cd70d5382fcbc3e6ceba053eeddbbbe1b

Showing logs for build [32mentando-k8s-entando-de-app-mast-nq8kw-251[0m stage [32mfrom-build-pack[0m and container [32mstep-update-image-map2[0m
Unable to retrieve container logs for docker://b6ee32fb64797b01340b125d96049a1e7db9669639b6a9456724256ef7dbb87f
