
Showing logs for build [32mentando-k8s-entando-de-app-mast-szzvh-260[0m stage [32mfrom-build-pack[0m and container [32mstep-credential-initializer-4rm7d[0m
Unable to retrieve container logs for docker://7082b906374b10795eed3ab809814861e79ccf5ea1298b58b76d27d1764cb72c

Showing logs for build [32mentando-k8s-entando-de-app-mast-szzvh-260[0m stage [32mfrom-build-pack[0m and container [32mstep-working-dir-initializer-8cpz7[0m
Unable to retrieve container logs for docker://3dc03d8940d33322d704e87bafd7c1350ebbb48ae2e2d4329b78ab0312320c3f

Showing logs for build [32mentando-k8s-entando-de-app-mast-szzvh-260[0m stage [32mfrom-build-pack[0m and container [32mstep-place-tools[0m
Unable to retrieve container logs for docker://ad3a758ed8c4471eb17392a82525b52806633e4484bd8106ce4a93b4bb55db7a

Showing logs for build [32mentando-k8s-entando-de-app-mast-szzvh-260[0m stage [32mfrom-build-pack[0m and container [32mstep-git-source-entando-k8s-entando-de-app-mast-jb72z[0m
Unable to retrieve container logs for docker://db1030234b94f76cefb8c92a4031f639d8904728f80728559be1cde80a275a41

Showing logs for build [32mentando-k8s-entando-de-app-mast-szzvh-260[0m stage [32mfrom-build-pack[0m and container [32mstep-git-merge[0m
Unable to retrieve container logs for docker://95beffc55fda3245bf53d49b8dc7be5122550a711e331341f7d17121c9c5437c

Showing logs for build [32mentando-k8s-entando-de-app-mast-szzvh-260[0m stage [32mfrom-build-pack[0m and container [32mstep-setup-jx-git-credentials[0m
Unable to retrieve container logs for docker://4f0ed4decd0fed1f71d3805675911d2302388cdc804d8e0de307ed3aec6cb47a

Showing logs for build [32mentando-k8s-entando-de-app-mast-szzvh-260[0m stage [32mfrom-build-pack[0m and container [32mstep-build-mvn-build[0m
Unable to retrieve container logs for docker://5d09d5cab4ba872426a130ef603d3e366dd456508318cf6c7b711df89379af68

Showing logs for build [32mentando-k8s-entando-de-app-mast-szzvh-260[0m stage [32mfrom-build-pack[0m and container [32mstep-container-build1[0m
Unable to retrieve container logs for docker://b354b8457b5ed13956db22d115f1086cb6a70f481d913266a9374cd48fea4428

Showing logs for build [32mentando-k8s-entando-de-app-mast-szzvh-260[0m stage [32mfrom-build-pack[0m and container [32mstep-post-build1[0m
Unable to retrieve container logs for docker://fa6a502cfe060607ca1171a91e8bef4328c0874211c09e21370fe9436f12ce02

Showing logs for build [32mentando-k8s-entando-de-app-mast-szzvh-260[0m stage [32mfrom-build-pack[0m and container [32mstep-update-image-map1[0m
Unable to retrieve container logs for docker://3e1afbd9caac985530b8819ab77dd950583286773ce4511a466df4447942f55e

Showing logs for build [32mentando-k8s-entando-de-app-mast-szzvh-260[0m stage [32mfrom-build-pack[0m and container [32mstep-container-build2[0m
Unable to retrieve container logs for docker://171ea6eff215ac3362d2e4da04df4b61e5fc7c2164f21f221020596ff8309505

Showing logs for build [32mentando-k8s-entando-de-app-mast-szzvh-260[0m stage [32mfrom-build-pack[0m and container [32mstep-post-build2[0m
Unable to retrieve container logs for docker://47ac1bbc8f60fe7f48c117313d348636385e1706342be4753dc33a62b9c24f1e

Showing logs for build [32mentando-k8s-entando-de-app-mast-szzvh-260[0m stage [32mfrom-build-pack[0m and container [32mstep-update-image-map2[0m
Unable to retrieve container logs for docker://3cf7e62124395e35131afc29b81d9a57a1c9b6c354627e326755f8eae20adb5d
