
Showing logs for build [32mentando-k8s-entando-de-app-mast-q6rwk-261[0m stage [32mfrom-build-pack[0m and container [32mstep-credential-initializer-zqgnz[0m
Unable to retrieve container logs for docker://c8d2be3c90e2fc64e2d5b91cf52fa61124ec25f3c625b67a2bc3e459fa45be63

Showing logs for build [32mentando-k8s-entando-de-app-mast-q6rwk-261[0m stage [32mfrom-build-pack[0m and container [32mstep-working-dir-initializer-gzh4m[0m
Unable to retrieve container logs for docker://dfdb6f07ce05312bb51b9afac6be9a16674491c9b0a77a202f568fe2329fa429

Showing logs for build [32mentando-k8s-entando-de-app-mast-q6rwk-261[0m stage [32mfrom-build-pack[0m and container [32mstep-place-tools[0m
Unable to retrieve container logs for docker://851c8eede060425f2749b6b7cbadeb5f0b9c09a19bf0042bccf8b2c0c83c5545

Showing logs for build [32mentando-k8s-entando-de-app-mast-q6rwk-261[0m stage [32mfrom-build-pack[0m and container [32mstep-git-source-entando-k8s-entando-de-app-mast-mnvbs[0m
Unable to retrieve container logs for docker://52ffa371e8f0995bfb512b47c70d377248d5f91bb98c9808bf280b35bc1ab153

Showing logs for build [32mentando-k8s-entando-de-app-mast-q6rwk-261[0m stage [32mfrom-build-pack[0m and container [32mstep-git-merge[0m
Unable to retrieve container logs for docker://3c5ae81f4f13194ad5b3ab2e8ec6f37f5ad01c5b767883290b6c06ffd07f6177

Showing logs for build [32mentando-k8s-entando-de-app-mast-q6rwk-261[0m stage [32mfrom-build-pack[0m and container [32mstep-setup-jx-git-credentials[0m
Unable to retrieve container logs for docker://09f915354b0fb9662ad9355141b5b53408e36abaab1ce65ba19c206cc4a3fc25

Showing logs for build [32mentando-k8s-entando-de-app-mast-q6rwk-261[0m stage [32mfrom-build-pack[0m and container [32mstep-build-mvn-build[0m
Unable to retrieve container logs for docker://0d6cc1947deb5c152451bbdcf77a960913e775eccd809459379a551521e4bf1b

Showing logs for build [32mentando-k8s-entando-de-app-mast-q6rwk-261[0m stage [32mfrom-build-pack[0m and container [32mstep-container-build1[0m
Unable to retrieve container logs for docker://c6aad4ccbec20f2ec82de0f3d6058409b29bd166b1331a40b90fd4f3f867f845

Showing logs for build [32mentando-k8s-entando-de-app-mast-q6rwk-261[0m stage [32mfrom-build-pack[0m and container [32mstep-post-build1[0m
Unable to retrieve container logs for docker://ee53f259fb0c4a75cb57608f03e99029c82b6098266a485fb45f0bbb8d024f07

Showing logs for build [32mentando-k8s-entando-de-app-mast-q6rwk-261[0m stage [32mfrom-build-pack[0m and container [32mstep-update-image-map1[0m
Unable to retrieve container logs for docker://bd8eabd05aaef910fb3f7c78414aa01c013e03e6870b381fa1759fdd65d94345

Showing logs for build [32mentando-k8s-entando-de-app-mast-q6rwk-261[0m stage [32mfrom-build-pack[0m and container [32mstep-container-build2[0m
Unable to retrieve container logs for docker://248ec79ead637545e57b48d339214a0a6862b3e276e5a2092bc02fea63580150

Showing logs for build [32mentando-k8s-entando-de-app-mast-q6rwk-261[0m stage [32mfrom-build-pack[0m and container [32mstep-post-build2[0m
Unable to retrieve container logs for docker://0298569731fcd802cad5e84a245d7f6efe3860335b2ae653a3d383bf43f7385e

Showing logs for build [32mentando-k8s-entando-de-app-mast-q6rwk-261[0m stage [32mfrom-build-pack[0m and container [32mstep-update-image-map2[0m
Unable to retrieve container logs for docker://fe9a4c9a6148d36ba95bce5e9daffa36d3373dcb8f10a05950a71588f499d32c
