
Showing logs for build [32mentando-k8s-entando-de-app-mast-jtbc8-263[0m stage [32mfrom-build-pack[0m and container [32mstep-credential-initializer-w7ngs[0m
Unable to retrieve container logs for docker://1190b57e2cc2b93caf87c541e478d31ffd91ab7de33e7f4a17c39b495c814d49

Showing logs for build [32mentando-k8s-entando-de-app-mast-jtbc8-263[0m stage [32mfrom-build-pack[0m and container [32mstep-working-dir-initializer-8rl45[0m
Unable to retrieve container logs for docker://97e8e19df05d1e27e045824cf6c5eb4c47d08f3757901264fed165a4eaa87d7d

Showing logs for build [32mentando-k8s-entando-de-app-mast-jtbc8-263[0m stage [32mfrom-build-pack[0m and container [32mstep-place-tools[0m
Unable to retrieve container logs for docker://a58bdbab215a1e780104c78b207b1c48f14b996f47d3c532bad2cc35d36d3d10

Showing logs for build [32mentando-k8s-entando-de-app-mast-jtbc8-263[0m stage [32mfrom-build-pack[0m and container [32mstep-git-source-entando-k8s-entando-de-app-mast-8z5t7[0m
Unable to retrieve container logs for docker://25e8f4b556dcf51728730160ba76124aca1f773cc5415b18c15131886425c946

Showing logs for build [32mentando-k8s-entando-de-app-mast-jtbc8-263[0m stage [32mfrom-build-pack[0m and container [32mstep-git-merge[0m
Unable to retrieve container logs for docker://ed74e1b2a586fe6ef23ae86753e0d9547a8cc7f61feac63d6ab81c67e593923a

Showing logs for build [32mentando-k8s-entando-de-app-mast-jtbc8-263[0m stage [32mfrom-build-pack[0m and container [32mstep-setup-jx-git-credentials[0m
Unable to retrieve container logs for docker://d5926f44419ee93f7a2534661acf143079494f14d2f3fe012b43b59ca5e55b16

Showing logs for build [32mentando-k8s-entando-de-app-mast-jtbc8-263[0m stage [32mfrom-build-pack[0m and container [32mstep-build-mvn-build[0m
Unable to retrieve container logs for docker://b20b32c7c77bd10592310eea4500015696ec1a4f4bdf2336591c93f0cad4c00a

Showing logs for build [32mentando-k8s-entando-de-app-mast-jtbc8-263[0m stage [32mfrom-build-pack[0m and container [32mstep-container-build1[0m
Unable to retrieve container logs for docker://edb5e46035f066267d87899c389b8a69d54d5d6fa484590bec5142acfb0e8604

Showing logs for build [32mentando-k8s-entando-de-app-mast-jtbc8-263[0m stage [32mfrom-build-pack[0m and container [32mstep-post-build1[0m
Unable to retrieve container logs for docker://1d146e427747e55f3cfc97113c4e2b4430bfec1ded44801f853bb3944945a721

Showing logs for build [32mentando-k8s-entando-de-app-mast-jtbc8-263[0m stage [32mfrom-build-pack[0m and container [32mstep-update-image-map1[0m
Unable to retrieve container logs for docker://f46fbda173e33709b427a4d287374c0d709d0508416c6e69aac90a822d5f5d3b

Showing logs for build [32mentando-k8s-entando-de-app-mast-jtbc8-263[0m stage [32mfrom-build-pack[0m and container [32mstep-container-build2[0m
Unable to retrieve container logs for docker://3b986bab5e6ef811395fb0b9dc7aec47426eb622808777502d8fa74d10520e1a

Showing logs for build [32mentando-k8s-entando-de-app-mast-jtbc8-263[0m stage [32mfrom-build-pack[0m and container [32mstep-post-build2[0m
Unable to retrieve container logs for docker://cfa2940f2e5118571aaa47c379245619e426edc129a9590c26747c5a09a0914e

Showing logs for build [32mentando-k8s-entando-de-app-mast-jtbc8-263[0m stage [32mfrom-build-pack[0m and container [32mstep-update-image-map2[0m
Unable to retrieve container logs for docker://a57e0c3cbd483c5b3ed7430b655ce905380cc19e0d6102122e301ef3ac9ff107
