
Showing logs for build [32mentando-k8s-entando-de-app-mast-5kxl4-265[0m stage [32mfrom-build-pack[0m and container [32mstep-credential-initializer-66nzw[0m
Unable to retrieve container logs for docker://1d1e9564c3b5c55e4d9640cc070f5b4a090020d0755e7f6bd58be98dfb69b12c

Showing logs for build [32mentando-k8s-entando-de-app-mast-5kxl4-265[0m stage [32mfrom-build-pack[0m and container [32mstep-working-dir-initializer-dk5qz[0m
Unable to retrieve container logs for docker://dd7aa2c413143903e4777f88733a1d65cac4b99551df2a0db88727924b6b255e

Showing logs for build [32mentando-k8s-entando-de-app-mast-5kxl4-265[0m stage [32mfrom-build-pack[0m and container [32mstep-place-tools[0m
Unable to retrieve container logs for docker://16ae8f63f1a4a5122f899b95a1fb872a46439dcbfc39572c302705d23a043f07

Showing logs for build [32mentando-k8s-entando-de-app-mast-5kxl4-265[0m stage [32mfrom-build-pack[0m and container [32mstep-git-source-entando-k8s-entando-de-app-mast-hz8fw[0m
Unable to retrieve container logs for docker://5d871511dfa3fa24f0d1b238775cb2633b769d9db4263252f7745898c657db3a

Showing logs for build [32mentando-k8s-entando-de-app-mast-5kxl4-265[0m stage [32mfrom-build-pack[0m and container [32mstep-git-merge[0m
Unable to retrieve container logs for docker://9c981381996adc1103fd0207e78bb25c913cf87231085478ab9c572f0fb13855

Showing logs for build [32mentando-k8s-entando-de-app-mast-5kxl4-265[0m stage [32mfrom-build-pack[0m and container [32mstep-setup-jx-git-credentials[0m
Unable to retrieve container logs for docker://cbe2e8ddfc73bc523742632acad87d50983a632f1a5c9e03d0510eeda319ce45

Showing logs for build [32mentando-k8s-entando-de-app-mast-5kxl4-265[0m stage [32mfrom-build-pack[0m and container [32mstep-build-mvn-build[0m
Unable to retrieve container logs for docker://a0758f0650cf3e41eb9c008a30dfaa13e5c3650ffde23e0311e7017908fc6f0b

Showing logs for build [32mentando-k8s-entando-de-app-mast-5kxl4-265[0m stage [32mfrom-build-pack[0m and container [32mstep-container-build1[0m
Unable to retrieve container logs for docker://7d42a6bdf42506309de5e9789e41633f9d5d7dd3f0fae3511ff16d9d00a63117

Showing logs for build [32mentando-k8s-entando-de-app-mast-5kxl4-265[0m stage [32mfrom-build-pack[0m and container [32mstep-post-build1[0m
Unable to retrieve container logs for docker://9aeab6b3340c8e57118e42a06c7f2a5804407a98746ad564ecb6bf58e97c4230

Showing logs for build [32mentando-k8s-entando-de-app-mast-5kxl4-265[0m stage [32mfrom-build-pack[0m and container [32mstep-update-image-map1[0m
Unable to retrieve container logs for docker://03ab0c670249ff2f2559cbbf4c199f02aff2f032ff9eaa6ce1c03c3462e54b1e

Showing logs for build [32mentando-k8s-entando-de-app-mast-5kxl4-265[0m stage [32mfrom-build-pack[0m and container [32mstep-container-build2[0m
Unable to retrieve container logs for docker://46ff1903549d090693c880b832ca010ee8794153493a106b5b4afe84b584ac20

Showing logs for build [32mentando-k8s-entando-de-app-mast-5kxl4-265[0m stage [32mfrom-build-pack[0m and container [32mstep-post-build2[0m
Unable to retrieve container logs for docker://48bba738c149b54f70a503b387b3c421b92676e6b943330c1833d1a5396bc422

Showing logs for build [32mentando-k8s-entando-de-app-mast-5kxl4-265[0m stage [32mfrom-build-pack[0m and container [32mstep-update-image-map2[0m
Unable to retrieve container logs for docker://5590cb2540dc4b67b3f2ea810863181ba68d59eeab5b2d410be6a7143057ff41
