
Showing logs for build [32mentando-k8s-entando-de-app-mast-6vlpt-266[0m stage [32mfrom-build-pack[0m and container [32mstep-credential-initializer-kmdb5[0m
Unable to retrieve container logs for docker://b6b1ac3073d6846c14f65b71eb215828f7a645ef1d5c0249d9fde209f84f0c0a

Showing logs for build [32mentando-k8s-entando-de-app-mast-6vlpt-266[0m stage [32mfrom-build-pack[0m and container [32mstep-working-dir-initializer-kjls6[0m
Unable to retrieve container logs for docker://9ec76d4a8132b949792806c63cb14466fdcd4f0c7de45f0c1f8f747e13c5a808

Showing logs for build [32mentando-k8s-entando-de-app-mast-6vlpt-266[0m stage [32mfrom-build-pack[0m and container [32mstep-place-tools[0m
Unable to retrieve container logs for docker://a9cc01bdff6144118c2a73baabbb6f4911bd995e4bfa2178177de92b7584ec3d

Showing logs for build [32mentando-k8s-entando-de-app-mast-6vlpt-266[0m stage [32mfrom-build-pack[0m and container [32mstep-git-source-entando-k8s-entando-de-app-mast-29x2w[0m
Unable to retrieve container logs for docker://088fad5bfc19f9212393fa16674d105255628ba4dbeb72697d08f100a4fc4661

Showing logs for build [32mentando-k8s-entando-de-app-mast-6vlpt-266[0m stage [32mfrom-build-pack[0m and container [32mstep-git-merge[0m
Unable to retrieve container logs for docker://9cba1f9393117245cafc19b19b05334bb238bbc900fa6920620fb0e96cdfdf59

Showing logs for build [32mentando-k8s-entando-de-app-mast-6vlpt-266[0m stage [32mfrom-build-pack[0m and container [32mstep-setup-jx-git-credentials[0m
Unable to retrieve container logs for docker://209b09b24b458b13b93ef9db0e785a1e0924191fba0ea037bae4a1a75036d97a

Showing logs for build [32mentando-k8s-entando-de-app-mast-6vlpt-266[0m stage [32mfrom-build-pack[0m and container [32mstep-build-mvn-build[0m
Unable to retrieve container logs for docker://8b7c342d4311d4693bdf5dd4e4b5a21f9490aacaea69bd3d70f33de5d1b30070

Showing logs for build [32mentando-k8s-entando-de-app-mast-6vlpt-266[0m stage [32mfrom-build-pack[0m and container [32mstep-container-build1[0m
Unable to retrieve container logs for docker://8125bd6b257fde1ca6c8a4f7a1d24076fc0654d4d090a17e136643539099657d

Showing logs for build [32mentando-k8s-entando-de-app-mast-6vlpt-266[0m stage [32mfrom-build-pack[0m and container [32mstep-post-build1[0m
Unable to retrieve container logs for docker://75150d9d9ded526cd56087143b1f852ba284df4dfad4285227eb16a06a41f620

Showing logs for build [32mentando-k8s-entando-de-app-mast-6vlpt-266[0m stage [32mfrom-build-pack[0m and container [32mstep-update-image-map1[0m
Unable to retrieve container logs for docker://39155c8d56cead4ea11ca1552055e102c187368eacaacd68ddf5c2a09ed8fd7e

Showing logs for build [32mentando-k8s-entando-de-app-mast-6vlpt-266[0m stage [32mfrom-build-pack[0m and container [32mstep-container-build2[0m
Unable to retrieve container logs for docker://4e6b85eac457a561fcbade52b802940e6dba60f8a35fe5167e295149e9cf840c

Showing logs for build [32mentando-k8s-entando-de-app-mast-6vlpt-266[0m stage [32mfrom-build-pack[0m and container [32mstep-post-build2[0m
Unable to retrieve container logs for docker://faa2f2dff66d050bdbcff3527611322d09951fd6e975391791523eb52f92e701

Showing logs for build [32mentando-k8s-entando-de-app-mast-6vlpt-266[0m stage [32mfrom-build-pack[0m and container [32mstep-update-image-map2[0m
Unable to retrieve container logs for docker://45361e1a1f1a921df32eff5ad1fccc37053dcbca82733915e8e4d127401a5f1a
