
Showing logs for build [32mentando-k8s-environment-entando-s7hvv-1[0m stage [32mfrom-build-pack[0m and container [32mstep-credential-initializer-8zpq9[0m
{"level":"warn","ts":1606222768.666504,"logger":"fallback-logger","caller":"logging/config.go:69","msg":"Fetch GitHub commit ID from kodata failed: \"ref: refs/heads/0.8.0-**-support-backwards-incompats\" is not a valid GitHub commit ID"}
{"level":"info","ts":1606222768.6734052,"logger":"fallback-logger","caller":"creds-init/main.go:40","msg":"Credentials initialized."}

Showing logs for build [32mentando-k8s-environment-entando-s7hvv-1[0m stage [32mfrom-build-pack[0m and container [32mstep-working-dir-initializer-2zlcv[0m
{"level":"warn","ts":1606222770.1103709,"logger":"fallback-logger","caller":"logging/config.go:69","msg":"Fetch GitHub commit ID from kodata failed: open /var/run/ko/HEAD: no such file or directory"}
{"level":"info","ts":1606222770.1287851,"logger":"fallback-logger","caller":"bash/main.go:64","msg":"Successfully e**cuted command \"sh -c mkdir -p /workspace/source\"; output "}

Showing logs for build [32mentando-k8s-environment-entando-s7hvv-1[0m stage [32mfrom-build-pack[0m and container [32mstep-place-tools[0m

Showing logs for build [32mentando-k8s-environment-entando-s7hvv-1[0m stage [32mfrom-build-pack[0m and container [32mstep-git-source-entando-k8s-environment-entando-tgc5w[0m
{"level":"warn","ts":1606222844.095929,"logger":"fallback-logger","caller":"logging/config.go:69","msg":"Fetch GitHub commit ID from kodata failed: \"ref: refs/heads/0.8.0-**-support-backwards-incompats\" is not a valid GitHub commit ID"}
{"level":"info","ts":1606222845.3300903,"logger":"fallback-logger","caller":"git/git.go:103","msg":"Successfully cloned https://github.com/entando-k8s/environment-entando-**-staging.git @ master in path /workspace/source"}

Showing logs for build [32mentando-k8s-environment-entando-s7hvv-1[0m stage [32mfrom-build-pack[0m and container [32mstep-git-merge[0m
Using SHAs from PULL_REFS=master:ce76e609717f20702d01cf602625521ac1db19b2,130:3fd6db37b55bc996c406795709aabe5f955216a8
DEBUG: ran git fetch --unshallow origin 3fd6db37b55bc996c406795709aabe5f955216a8: ce76e609717f20702d01cf602625521ac1db19b2: in 
DEBUG: ran git checkout master in 
DEBUG: ran git reset --hard ce76e609717f20702d01cf602625521ac1db19b2 in 
DEBUG: ran clean --force -d . in 
DEBUG: ran git merge 3fd6db37b55bc996c406795709aabe5f955216a8 in 
Merged SHA 3fd6db37b55bc996c406795709aabe5f955216a8 with commit message 'chore: Promote entando-k8s-controller-coordinator to version 6.2.20' into base branch master

Showing logs for build [32mentando-k8s-environment-entando-s7hvv-1[0m stage [32mfrom-build-pack[0m and container [32mstep-build-helm-build[0m
WARNING: No $CHART_REPOSITORY defined so using the default value of: http://jenkins-x-chartmuseum:8080
Adding missing Helm repo: storage.googleapis.com https://storage.googleapis.com/chartmuseum.jenkins-x.io
Successfully added Helm repository storage.googleapis.com.
Adding missing Helm repo: jenkins-x-chartmuseum http://jenkins-x-chartmuseum:8080
Successfully added Helm repository jenkins-x-chartmuseum.
WARNING: No $CHART_REPOSITORY defined so using the default value of: http://jenkins-x-chartmuseum:8080
Adding missing Helm repo: chartmuseum.jenkins-x.io http://chartmuseum.jenkins-x.io
Successfully added Helm repository chartmuseum.jenkins-x.io.
