
Showing logs for build [32mmeta-entando-entando-cms-pr-355-sd62v-1[0m stage [32mmeta-pipeline[0m and container [32mstep-credential-initializer-xz97f[0m
{"level":"warn","ts":1610090018.8676372,"logger":"fallback-logger","caller":"logging/config.go:69","msg":"Fetch GitHub commit ID from kodata failed: \"ref: refs/heads/0.8.0-**-support-backwards-incompats\" is not a valid GitHub commit ID"}
{"level":"info","ts":1610090018.8755367,"logger":"fallback-logger","caller":"creds-init/main.go:40","msg":"Credentials initialized."}

Showing logs for build [32mmeta-entando-entando-cms-pr-355-sd62v-1[0m stage [32mmeta-pipeline[0m and container [32mstep-working-dir-initializer-tjkwg[0m
{"level":"warn","ts":1610090020.4779332,"logger":"fallback-logger","caller":"logging/config.go:69","msg":"Fetch GitHub commit ID from kodata failed: open /var/run/ko/HEAD: no such file or directory"}
{"level":"info","ts":1610090020.499229,"logger":"fallback-logger","caller":"bash/main.go:64","msg":"Successfully e**cuted command \"sh -c mkdir -p /workspace/source\"; output "}

Showing logs for build [32mmeta-entando-entando-cms-pr-355-sd62v-1[0m stage [32mmeta-pipeline[0m and container [32mstep-place-tools[0m

Showing logs for build [32mmeta-entando-entando-cms-pr-355-sd62v-1[0m stage [32mmeta-pipeline[0m and container [32mstep-git-source-meta-entando-entando-cms-pr-355-wpd29[0m
{"level":"warn","ts":1610090031.228779,"logger":"fallback-logger","caller":"logging/config.go:69","msg":"Fetch GitHub commit ID from kodata failed: \"ref: refs/heads/0.8.0-**-support-backwards-incompats\" is not a valid GitHub commit ID"}
{"level":"info","ts":1610090033.2674477,"logger":"fallback-logger","caller":"git/git.go:103","msg":"Successfully cloned https://github.com/entando/entando-cms.git @ 83231f0f62e69df4a028360a05e01394edd84a42 in path /workspace/source"}

Showing logs for build [32mmeta-entando-entando-cms-pr-355-sd62v-1[0m stage [32mmeta-pipeline[0m and container [32mstep-git-merge[0m
Using SHAs from PULL_REFS=master:83231f0f62e69df4a028360a05e01394edd84a42,355:a7bfdf090cd1bd2674a0b5583e99c79751b3fc99
DEBUG: ran git fetch --unshallow origin a7bfdf090cd1bd2674a0b5583e99c79751b3fc99: 83231f0f62e69df4a028360a05e01394edd84a42: in 
DEBUG: ran git checkout master in 
DEBUG: ran git reset --hard 83231f0f62e69df4a028360a05e01394edd84a42 in 
DEBUG: ran clean --force -d . in 
error: error during merge: merging a7bfdf090cd1bd2674a0b5583e99c79751b3fc99 into master: git output: Auto-merging src/state/content-type/actions.js
Auto-merging package-lock.json
CONFLICT (content): Merge conflict in package-lock.json
Automatic merge failed; fix conflicts and then commit the result.: failed to run 'git merge a7bfdf090cd1bd2674a0b5583e99c79751b3fc99' command in directory '', output: 'Auto-merging src/state/content-type/actions.js
Auto-merging package-lock.json
CONFLICT (content): Merge conflict in package-lock.json
Automatic merge failed; fix conflicts and then commit the result.'
[31m
Pipeline failed on stage 'meta-pipeline' : container 'step-git-merge'. The execution of the pipeline has stopped.[0m

Showing logs for build [32mmeta-entando-entando-cms-pr-355-sd62v-1[0m stage [32mmeta-pipeline[0m and container [32mstep-credential-initializer-xz97f[0m
{"level":"warn","ts":1610090018.8676372,"logger":"fallback-logger","caller":"logging/config.go:69","msg":"Fetch GitHub commit ID from kodata failed: \"ref: refs/heads/0.8.0-**-support-backwards-incompats\" is not a valid GitHub commit ID"}
{"level":"info","ts":1610090018.8755367,"logger":"fallback-logger","caller":"creds-init/main.go:40","msg":"Credentials initialized."}

Showing logs for build [32mmeta-entando-entando-cms-pr-355-sd62v-1[0m stage [32mmeta-pipeline[0m and container [32mstep-working-dir-initializer-tjkwg[0m
{"level":"warn","ts":1610090020.4779332,"logger":"fallback-logger","caller":"logging/config.go:69","msg":"Fetch GitHub commit ID from kodata failed: open /var/run/ko/HEAD: no such file or directory"}
{"level":"info","ts":1610090020.499229,"logger":"fallback-logger","caller":"bash/main.go:64","msg":"Successfully e**cuted command \"sh -c mkdir -p /workspace/source\"; output "}

Showing logs for build [32mmeta-entando-entando-cms-pr-355-sd62v-1[0m stage [32mmeta-pipeline[0m and container [32mstep-place-tools[0m

Showing logs for build [32mmeta-entando-entando-cms-pr-355-sd62v-1[0m stage [32mmeta-pipeline[0m and container [32mstep-git-source-meta-entando-entando-cms-pr-355-wpd29[0m
{"level":"warn","ts":1610090031.228779,"logger":"fallback-logger","caller":"logging/config.go:69","msg":"Fetch GitHub commit ID from kodata failed: \"ref: refs/heads/0.8.0-**-support-backwards-incompats\" is not a valid GitHub commit ID"}
{"level":"info","ts":1610090033.2674477,"logger":"fallback-logger","caller":"git/git.go:103","msg":"Successfully cloned https://github.com/entando/entando-cms.git @ 83231f0f62e69df4a028360a05e01394edd84a42 in path /workspace/source"}

Showing logs for build [32mmeta-entando-entando-cms-pr-355-sd62v-1[0m stage [32mmeta-pipeline[0m and container [32mstep-git-merge[0m
Using SHAs from PULL_REFS=master:83231f0f62e69df4a028360a05e01394edd84a42,355:a7bfdf090cd1bd2674a0b5583e99c79751b3fc99
DEBUG: ran git fetch --unshallow origin a7bfdf090cd1bd2674a0b5583e99c79751b3fc99: 83231f0f62e69df4a028360a05e01394edd84a42: in 
DEBUG: ran git checkout master in 
DEBUG: ran git reset --hard 83231f0f62e69df4a028360a05e01394edd84a42 in 
DEBUG: ran clean --force -d . in 
error: error during merge: merging a7bfdf090cd1bd2674a0b5583e99c79751b3fc99 into master: git output: Auto-merging src/state/content-type/actions.js
Auto-merging package-lock.json
CONFLICT (content): Merge conflict in package-lock.json
Automatic merge failed; fix conflicts and then commit the result.: failed to run 'git merge a7bfdf090cd1bd2674a0b5583e99c79751b3fc99' command in directory '', output: 'Auto-merging src/state/content-type/actions.js
Auto-merging package-lock.json
CONFLICT (content): Merge conflict in package-lock.json
Automatic merge failed; fix conflicts and then commit the result.'
[31m
Pipeline failed on stage 'meta-pipeline' : container 'step-git-merge'. The execution of the pipeline has stopped.[0m

Showing logs for build [32mmeta-entando-entando-cms-pr-355-sd62v-1[0m stage [32mmeta-pipeline[0m and container [32mstep-credential-initializer-xz97f[0m
{"level":"warn","ts":1610090018.8676372,"logger":"fallback-logger","caller":"logging/config.go:69","msg":"Fetch GitHub commit ID from kodata failed: \"ref: refs/heads/0.8.0-**-support-backwards-incompats\" is not a valid GitHub commit ID"}
{"level":"info","ts":1610090018.8755367,"logger":"fallback-logger","caller":"creds-init/main.go:40","msg":"Credentials initialized."}

Showing logs for build [32mmeta-entando-entando-cms-pr-355-sd62v-1[0m stage [32mmeta-pipeline[0m and container [32mstep-working-dir-initializer-tjkwg[0m
{"level":"warn","ts":1610090020.4779332,"logger":"fallback-logger","caller":"logging/config.go:69","msg":"Fetch GitHub commit ID from kodata failed: open /var/run/ko/HEAD: no such file or directory"}
{"level":"info","ts":1610090020.499229,"logger":"fallback-logger","caller":"bash/main.go:64","msg":"Successfully e**cuted command \"sh -c mkdir -p /workspace/source\"; output "}

Showing logs for build [32mmeta-entando-entando-cms-pr-355-sd62v-1[0m stage [32mmeta-pipeline[0m and container [32mstep-place-tools[0m

Showing logs for build [32mmeta-entando-entando-cms-pr-355-sd62v-1[0m stage [32mmeta-pipeline[0m and container [32mstep-git-source-meta-entando-entando-cms-pr-355-wpd29[0m
{"level":"warn","ts":1610090031.228779,"logger":"fallback-logger","caller":"logging/config.go:69","msg":"Fetch GitHub commit ID from kodata failed: \"ref: refs/heads/0.8.0-**-support-backwards-incompats\" is not a valid GitHub commit ID"}
{"level":"info","ts":1610090033.2674477,"logger":"fallback-logger","caller":"git/git.go:103","msg":"Successfully cloned https://github.com/entando/entando-cms.git @ 83231f0f62e69df4a028360a05e01394edd84a42 in path /workspace/source"}

Showing logs for build [32mmeta-entando-entando-cms-pr-355-sd62v-1[0m stage [32mmeta-pipeline[0m and container [32mstep-git-merge[0m
Using SHAs from PULL_REFS=master:83231f0f62e69df4a028360a05e01394edd84a42,355:a7bfdf090cd1bd2674a0b5583e99c79751b3fc99
DEBUG: ran git fetch --unshallow origin a7bfdf090cd1bd2674a0b5583e99c79751b3fc99: 83231f0f62e69df4a028360a05e01394edd84a42: in 
DEBUG: ran git checkout master in 
DEBUG: ran git reset --hard 83231f0f62e69df4a028360a05e01394edd84a42 in 
DEBUG: ran clean --force -d . in 
error: error during merge: merging a7bfdf090cd1bd2674a0b5583e99c79751b3fc99 into master: git output: Auto-merging src/state/content-type/actions.js
Auto-merging package-lock.json
CONFLICT (content): Merge conflict in package-lock.json
Automatic merge failed; fix conflicts and then commit the result.: failed to run 'git merge a7bfdf090cd1bd2674a0b5583e99c79751b3fc99' command in directory '', output: 'Auto-merging src/state/content-type/actions.js
Auto-merging package-lock.json
CONFLICT (content): Merge conflict in package-lock.json
Automatic merge failed; fix conflicts and then commit the result.'
[31m
Pipeline failed on stage 'meta-pipeline' : container 'step-git-merge'. The execution of the pipeline has stopped.[0m

Showing logs for build [32mmeta-entando-entando-cms-pr-355-sd62v-1[0m stage [32mmeta-pipeline[0m and container [32mstep-credential-initializer-xz97f[0m
{"level":"warn","ts":1610090018.8676372,"logger":"fallback-logger","caller":"logging/config.go:69","msg":"Fetch GitHub commit ID from kodata failed: \"ref: refs/heads/0.8.0-**-support-backwards-incompats\" is not a valid GitHub commit ID"}
{"level":"info","ts":1610090018.8755367,"logger":"fallback-logger","caller":"creds-init/main.go:40","msg":"Credentials initialized."}

Showing logs for build [32mmeta-entando-entando-cms-pr-355-sd62v-1[0m stage [32mmeta-pipeline[0m and container [32mstep-working-dir-initializer-tjkwg[0m
{"level":"warn","ts":1610090020.4779332,"logger":"fallback-logger","caller":"logging/config.go:69","msg":"Fetch GitHub commit ID from kodata failed: open /var/run/ko/HEAD: no such file or directory"}
{"level":"info","ts":1610090020.499229,"logger":"fallback-logger","caller":"bash/main.go:64","msg":"Successfully e**cuted command \"sh -c mkdir -p /workspace/source\"; output "}

Showing logs for build [32mmeta-entando-entando-cms-pr-355-sd62v-1[0m stage [32mmeta-pipeline[0m and container [32mstep-place-tools[0m

Showing logs for build [32mmeta-entando-entando-cms-pr-355-sd62v-1[0m stage [32mmeta-pipeline[0m and container [32mstep-git-source-meta-entando-entando-cms-pr-355-wpd29[0m
{"level":"warn","ts":1610090031.228779,"logger":"fallback-logger","caller":"logging/config.go:69","msg":"Fetch GitHub commit ID from kodata failed: \"ref: refs/heads/0.8.0-**-support-backwards-incompats\" is not a valid GitHub commit ID"}
{"level":"info","ts":1610090033.2674477,"logger":"fallback-logger","caller":"git/git.go:103","msg":"Successfully cloned https://github.com/entando/entando-cms.git @ 83231f0f62e69df4a028360a05e01394edd84a42 in path /workspace/source"}

Showing logs for build [32mmeta-entando-entando-cms-pr-355-sd62v-1[0m stage [32mmeta-pipeline[0m and container [32mstep-git-merge[0m
Using SHAs from PULL_REFS=master:83231f0f62e69df4a028360a05e01394edd84a42,355:a7bfdf090cd1bd2674a0b5583e99c79751b3fc99
DEBUG: ran git fetch --unshallow origin a7bfdf090cd1bd2674a0b5583e99c79751b3fc99: 83231f0f62e69df4a028360a05e01394edd84a42: in 
DEBUG: ran git checkout master in 
DEBUG: ran git reset --hard 83231f0f62e69df4a028360a05e01394edd84a42 in 
DEBUG: ran clean --force -d . in 
error: error during merge: merging a7bfdf090cd1bd2674a0b5583e99c79751b3fc99 into master: git output: Auto-merging src/state/content-type/actions.js
Auto-merging package-lock.json
CONFLICT (content): Merge conflict in package-lock.json
Automatic merge failed; fix conflicts and then commit the result.: failed to run 'git merge a7bfdf090cd1bd2674a0b5583e99c79751b3fc99' command in directory '', output: 'Auto-merging src/state/content-type/actions.js
Auto-merging package-lock.json
CONFLICT (content): Merge conflict in package-lock.json
Automatic merge failed; fix conflicts and then commit the result.'
[31m
Pipeline failed on stage 'meta-pipeline' : container 'step-git-merge'. The execution of the pipeline has stopped.[0m

Showing logs for build [32mmeta-entando-entando-cms-pr-355-sd62v-1[0m stage [32mmeta-pipeline[0m and container [32mstep-credential-initializer-xz97f[0m
{"level":"warn","ts":1610090018.8676372,"logger":"fallback-logger","caller":"logging/config.go:69","msg":"Fetch GitHub commit ID from kodata failed: \"ref: refs/heads/0.8.0-**-support-backwards-incompats\" is not a valid GitHub commit ID"}
{"level":"info","ts":1610090018.8755367,"logger":"fallback-logger","caller":"creds-init/main.go:40","msg":"Credentials initialized."}

Showing logs for build [32mmeta-entando-entando-cms-pr-355-sd62v-1[0m stage [32mmeta-pipeline[0m and container [32mstep-working-dir-initializer-tjkwg[0m
{"level":"warn","ts":1610090020.4779332,"logger":"fallback-logger","caller":"logging/config.go:69","msg":"Fetch GitHub commit ID from kodata failed: open /var/run/ko/HEAD: no such file or directory"}
{"level":"info","ts":1610090020.499229,"logger":"fallback-logger","caller":"bash/main.go:64","msg":"Successfully e**cuted command \"sh -c mkdir -p /workspace/source\"; output "}

Showing logs for build [32mmeta-entando-entando-cms-pr-355-sd62v-1[0m stage [32mmeta-pipeline[0m and container [32mstep-place-tools[0m

Showing logs for build [32mmeta-entando-entando-cms-pr-355-sd62v-1[0m stage [32mmeta-pipeline[0m and container [32mstep-git-source-meta-entando-entando-cms-pr-355-wpd29[0m
{"level":"warn","ts":1610090031.228779,"logger":"fallback-logger","caller":"logging/config.go:69","msg":"Fetch GitHub commit ID from kodata failed: \"ref: refs/heads/0.8.0-**-support-backwards-incompats\" is not a valid GitHub commit ID"}
{"level":"info","ts":1610090033.2674477,"logger":"fallback-logger","caller":"git/git.go:103","msg":"Successfully cloned https://github.com/entando/entando-cms.git @ 83231f0f62e69df4a028360a05e01394edd84a42 in path /workspace/source"}

Showing logs for build [32mmeta-entando-entando-cms-pr-355-sd62v-1[0m stage [32mmeta-pipeline[0m and container [32mstep-git-merge[0m
Using SHAs from PULL_REFS=master:83231f0f62e69df4a028360a05e01394edd84a42,355:a7bfdf090cd1bd2674a0b5583e99c79751b3fc99
DEBUG: ran git fetch --unshallow origin a7bfdf090cd1bd2674a0b5583e99c79751b3fc99: 83231f0f62e69df4a028360a05e01394edd84a42: in 
DEBUG: ran git checkout master in 
DEBUG: ran git reset --hard 83231f0f62e69df4a028360a05e01394edd84a42 in 
DEBUG: ran clean --force -d . in 
error: error during merge: merging a7bfdf090cd1bd2674a0b5583e99c79751b3fc99 into master: git output: Auto-merging src/state/content-type/actions.js
Auto-merging package-lock.json
CONFLICT (content): Merge conflict in package-lock.json
Automatic merge failed; fix conflicts and then commit the result.: failed to run 'git merge a7bfdf090cd1bd2674a0b5583e99c79751b3fc99' command in directory '', output: 'Auto-merging src/state/content-type/actions.js
Auto-merging package-lock.json
CONFLICT (content): Merge conflict in package-lock.json
Automatic merge failed; fix conflicts and then commit the result.'
[31m
Pipeline failed on stage 'meta-pipeline' : container 'step-git-merge'. The execution of the pipeline has stopped.[0m

Showing logs for build [32mmeta-entando-entando-cms-pr-355-sd62v-1[0m stage [32mmeta-pipeline[0m and container [32mstep-credential-initializer-xz97f[0m
{"level":"warn","ts":1610090018.8676372,"logger":"fallback-logger","caller":"logging/config.go:69","msg":"Fetch GitHub commit ID from kodata failed: \"ref: refs/heads/0.8.0-**-support-backwards-incompats\" is not a valid GitHub commit ID"}
{"level":"info","ts":1610090018.8755367,"logger":"fallback-logger","caller":"creds-init/main.go:40","msg":"Credentials initialized."}

Showing logs for build [32mmeta-entando-entando-cms-pr-355-sd62v-1[0m stage [32mmeta-pipeline[0m and container [32mstep-working-dir-initializer-tjkwg[0m
{"level":"warn","ts":1610090020.4779332,"logger":"fallback-logger","caller":"logging/config.go:69","msg":"Fetch GitHub commit ID from kodata failed: open /var/run/ko/HEAD: no such file or directory"}
{"level":"info","ts":1610090020.499229,"logger":"fallback-logger","caller":"bash/main.go:64","msg":"Successfully e**cuted command \"sh -c mkdir -p /workspace/source\"; output "}

Showing logs for build [32mmeta-entando-entando-cms-pr-355-sd62v-1[0m stage [32mmeta-pipeline[0m and container [32mstep-place-tools[0m

Showing logs for build [32mmeta-entando-entando-cms-pr-355-sd62v-1[0m stage [32mmeta-pipeline[0m and container [32mstep-git-source-meta-entando-entando-cms-pr-355-wpd29[0m
{"level":"warn","ts":1610090031.228779,"logger":"fallback-logger","caller":"logging/config.go:69","msg":"Fetch GitHub commit ID from kodata failed: \"ref: refs/heads/0.8.0-**-support-backwards-incompats\" is not a valid GitHub commit ID"}
{"level":"info","ts":1610090033.2674477,"logger":"fallback-logger","caller":"git/git.go:103","msg":"Successfully cloned https://github.com/entando/entando-cms.git @ 83231f0f62e69df4a028360a05e01394edd84a42 in path /workspace/source"}

Showing logs for build [32mmeta-entando-entando-cms-pr-355-sd62v-1[0m stage [32mmeta-pipeline[0m and container [32mstep-git-merge[0m
Using SHAs from PULL_REFS=master:83231f0f62e69df4a028360a05e01394edd84a42,355:a7bfdf090cd1bd2674a0b5583e99c79751b3fc99
DEBUG: ran git fetch --unshallow origin a7bfdf090cd1bd2674a0b5583e99c79751b3fc99: 83231f0f62e69df4a028360a05e01394edd84a42: in 
DEBUG: ran git checkout master in 
DEBUG: ran git reset --hard 83231f0f62e69df4a028360a05e01394edd84a42 in 
DEBUG: ran clean --force -d . in 
error: error during merge: merging a7bfdf090cd1bd2674a0b5583e99c79751b3fc99 into master: git output: Auto-merging src/state/content-type/actions.js
Auto-merging package-lock.json
CONFLICT (content): Merge conflict in package-lock.json
Automatic merge failed; fix conflicts and then commit the result.: failed to run 'git merge a7bfdf090cd1bd2674a0b5583e99c79751b3fc99' command in directory '', output: 'Auto-merging src/state/content-type/actions.js
Auto-merging package-lock.json
CONFLICT (content): Merge conflict in package-lock.json
Automatic merge failed; fix conflicts and then commit the result.'
[31m
Pipeline failed on stage 'meta-pipeline' : container 'step-git-merge'. The execution of the pipeline has stopped.[0m

Showing logs for build [32mmeta-entando-entando-cms-pr-355-sd62v-1[0m stage [32mmeta-pipeline[0m and container [32mstep-credential-initializer-xz97f[0m
{"level":"warn","ts":1610090018.8676372,"logger":"fallback-logger","caller":"logging/config.go:69","msg":"Fetch GitHub commit ID from kodata failed: \"ref: refs/heads/0.8.0-**-support-backwards-incompats\" is not a valid GitHub commit ID"}
{"level":"info","ts":1610090018.8755367,"logger":"fallback-logger","caller":"creds-init/main.go:40","msg":"Credentials initialized."}

Showing logs for build [32mmeta-entando-entando-cms-pr-355-sd62v-1[0m stage [32mmeta-pipeline[0m and container [32mstep-working-dir-initializer-tjkwg[0m
{"level":"warn","ts":1610090020.4779332,"logger":"fallback-logger","caller":"logging/config.go:69","msg":"Fetch GitHub commit ID from kodata failed: open /var/run/ko/HEAD: no such file or directory"}
{"level":"info","ts":1610090020.499229,"logger":"fallback-logger","caller":"bash/main.go:64","msg":"Successfully e**cuted command \"sh -c mkdir -p /workspace/source\"; output "}

Showing logs for build [32mmeta-entando-entando-cms-pr-355-sd62v-1[0m stage [32mmeta-pipeline[0m and container [32mstep-place-tools[0m

Showing logs for build [32mmeta-entando-entando-cms-pr-355-sd62v-1[0m stage [32mmeta-pipeline[0m and container [32mstep-git-source-meta-entando-entando-cms-pr-355-wpd29[0m
{"level":"warn","ts":1610090031.228779,"logger":"fallback-logger","caller":"logging/config.go:69","msg":"Fetch GitHub commit ID from kodata failed: \"ref: refs/heads/0.8.0-**-support-backwards-incompats\" is not a valid GitHub commit ID"}
{"level":"info","ts":1610090033.2674477,"logger":"fallback-logger","caller":"git/git.go:103","msg":"Successfully cloned https://github.com/entando/entando-cms.git @ 83231f0f62e69df4a028360a05e01394edd84a42 in path /workspace/source"}

Showing logs for build [32mmeta-entando-entando-cms-pr-355-sd62v-1[0m stage [32mmeta-pipeline[0m and container [32mstep-git-merge[0m
Using SHAs from PULL_REFS=master:83231f0f62e69df4a028360a05e01394edd84a42,355:a7bfdf090cd1bd2674a0b5583e99c79751b3fc99
DEBUG: ran git fetch --unshallow origin a7bfdf090cd1bd2674a0b5583e99c79751b3fc99: 83231f0f62e69df4a028360a05e01394edd84a42: in 
DEBUG: ran git checkout master in 
DEBUG: ran git reset --hard 83231f0f62e69df4a028360a05e01394edd84a42 in 
DEBUG: ran clean --force -d . in 
error: error during merge: merging a7bfdf090cd1bd2674a0b5583e99c79751b3fc99 into master: git output: Auto-merging src/state/content-type/actions.js
Auto-merging package-lock.json
CONFLICT (content): Merge conflict in package-lock.json
Automatic merge failed; fix conflicts and then commit the result.: failed to run 'git merge a7bfdf090cd1bd2674a0b5583e99c79751b3fc99' command in directory '', output: 'Auto-merging src/state/content-type/actions.js
Auto-merging package-lock.json
CONFLICT (content): Merge conflict in package-lock.json
Automatic merge failed; fix conflicts and then commit the result.'
[31m
Pipeline failed on stage 'meta-pipeline' : container 'step-git-merge'. The execution of the pipeline has stopped.[0m

Showing logs for build [32mmeta-entando-entando-cms-pr-355-sd62v-1[0m stage [32mmeta-pipeline[0m and container [32mstep-credential-initializer-xz97f[0m
{"level":"warn","ts":1610090018.8676372,"logger":"fallback-logger","caller":"logging/config.go:69","msg":"Fetch GitHub commit ID from kodata failed: \"ref: refs/heads/0.8.0-**-support-backwards-incompats\" is not a valid GitHub commit ID"}
{"level":"info","ts":1610090018.8755367,"logger":"fallback-logger","caller":"creds-init/main.go:40","msg":"Credentials initialized."}

Showing logs for build [32mmeta-entando-entando-cms-pr-355-sd62v-1[0m stage [32mmeta-pipeline[0m and container [32mstep-working-dir-initializer-tjkwg[0m
{"level":"warn","ts":1610090020.4779332,"logger":"fallback-logger","caller":"logging/config.go:69","msg":"Fetch GitHub commit ID from kodata failed: open /var/run/ko/HEAD: no such file or directory"}
{"level":"info","ts":1610090020.499229,"logger":"fallback-logger","caller":"bash/main.go:64","msg":"Successfully e**cuted command \"sh -c mkdir -p /workspace/source\"; output "}

Showing logs for build [32mmeta-entando-entando-cms-pr-355-sd62v-1[0m stage [32mmeta-pipeline[0m and container [32mstep-place-tools[0m

Showing logs for build [32mmeta-entando-entando-cms-pr-355-sd62v-1[0m stage [32mmeta-pipeline[0m and container [32mstep-git-source-meta-entando-entando-cms-pr-355-wpd29[0m
{"level":"warn","ts":1610090031.228779,"logger":"fallback-logger","caller":"logging/config.go:69","msg":"Fetch GitHub commit ID from kodata failed: \"ref: refs/heads/0.8.0-**-support-backwards-incompats\" is not a valid GitHub commit ID"}
{"level":"info","ts":1610090033.2674477,"logger":"fallback-logger","caller":"git/git.go:103","msg":"Successfully cloned https://github.com/entando/entando-cms.git @ 83231f0f62e69df4a028360a05e01394edd84a42 in path /workspace/source"}

Showing logs for build [32mmeta-entando-entando-cms-pr-355-sd62v-1[0m stage [32mmeta-pipeline[0m and container [32mstep-git-merge[0m
Using SHAs from PULL_REFS=master:83231f0f62e69df4a028360a05e01394edd84a42,355:a7bfdf090cd1bd2674a0b5583e99c79751b3fc99
DEBUG: ran git fetch --unshallow origin a7bfdf090cd1bd2674a0b5583e99c79751b3fc99: 83231f0f62e69df4a028360a05e01394edd84a42: in 
DEBUG: ran git checkout master in 
DEBUG: ran git reset --hard 83231f0f62e69df4a028360a05e01394edd84a42 in 
DEBUG: ran clean --force -d . in 
error: error during merge: merging a7bfdf090cd1bd2674a0b5583e99c79751b3fc99 into master: git output: Auto-merging src/state/content-type/actions.js
Auto-merging package-lock.json
CONFLICT (content): Merge conflict in package-lock.json
Automatic merge failed; fix conflicts and then commit the result.: failed to run 'git merge a7bfdf090cd1bd2674a0b5583e99c79751b3fc99' command in directory '', output: 'Auto-merging src/state/content-type/actions.js
Auto-merging package-lock.json
CONFLICT (content): Merge conflict in package-lock.json
Automatic merge failed; fix conflicts and then commit the result.'
[31m
Pipeline failed on stage 'meta-pipeline' : container 'step-git-merge'. The execution of the pipeline has stopped.[0m

Showing logs for build [32mmeta-entando-entando-cms-pr-355-sd62v-1[0m stage [32mmeta-pipeline[0m and container [32mstep-credential-initializer-xz97f[0m
{"level":"warn","ts":1610090018.8676372,"logger":"fallback-logger","caller":"logging/config.go:69","msg":"Fetch GitHub commit ID from kodata failed: \"ref: refs/heads/0.8.0-**-support-backwards-incompats\" is not a valid GitHub commit ID"}
{"level":"info","ts":1610090018.8755367,"logger":"fallback-logger","caller":"creds-init/main.go:40","msg":"Credentials initialized."}

Showing logs for build [32mmeta-entando-entando-cms-pr-355-sd62v-1[0m stage [32mmeta-pipeline[0m and container [32mstep-working-dir-initializer-tjkwg[0m
{"level":"warn","ts":1610090020.4779332,"logger":"fallback-logger","caller":"logging/config.go:69","msg":"Fetch GitHub commit ID from kodata failed: open /var/run/ko/HEAD: no such file or directory"}
{"level":"info","ts":1610090020.499229,"logger":"fallback-logger","caller":"bash/main.go:64","msg":"Successfully e**cuted command \"sh -c mkdir -p /workspace/source\"; output "}

Showing logs for build [32mmeta-entando-entando-cms-pr-355-sd62v-1[0m stage [32mmeta-pipeline[0m and container [32mstep-place-tools[0m

Showing logs for build [32mmeta-entando-entando-cms-pr-355-sd62v-1[0m stage [32mmeta-pipeline[0m and container [32mstep-git-source-meta-entando-entando-cms-pr-355-wpd29[0m
{"level":"warn","ts":1610090031.228779,"logger":"fallback-logger","caller":"logging/config.go:69","msg":"Fetch GitHub commit ID from kodata failed: \"ref: refs/heads/0.8.0-**-support-backwards-incompats\" is not a valid GitHub commit ID"}
{"level":"info","ts":1610090033.2674477,"logger":"fallback-logger","caller":"git/git.go:103","msg":"Successfully cloned https://github.com/entando/entando-cms.git @ 83231f0f62e69df4a028360a05e01394edd84a42 in path /workspace/source"}

Showing logs for build [32mmeta-entando-entando-cms-pr-355-sd62v-1[0m stage [32mmeta-pipeline[0m and container [32mstep-git-merge[0m
Using SHAs from PULL_REFS=master:83231f0f62e69df4a028360a05e01394edd84a42,355:a7bfdf090cd1bd2674a0b5583e99c79751b3fc99
DEBUG: ran git fetch --unshallow origin a7bfdf090cd1bd2674a0b5583e99c79751b3fc99: 83231f0f62e69df4a028360a05e01394edd84a42: in 
DEBUG: ran git checkout master in 
DEBUG: ran git reset --hard 83231f0f62e69df4a028360a05e01394edd84a42 in 
DEBUG: ran clean --force -d . in 
error: error during merge: merging a7bfdf090cd1bd2674a0b5583e99c79751b3fc99 into master: git output: Auto-merging src/state/content-type/actions.js
Auto-merging package-lock.json
CONFLICT (content): Merge conflict in package-lock.json
Automatic merge failed; fix conflicts and then commit the result.: failed to run 'git merge a7bfdf090cd1bd2674a0b5583e99c79751b3fc99' command in directory '', output: 'Auto-merging src/state/content-type/actions.js
Auto-merging package-lock.json
CONFLICT (content): Merge conflict in package-lock.json
Automatic merge failed; fix conflicts and then commit the result.'
[31m
Pipeline failed on stage 'meta-pipeline' : container 'step-git-merge'. The execution of the pipeline has stopped.[0m

Showing logs for build [32mmeta-entando-entando-cms-pr-355-sd62v-1[0m stage [32mmeta-pipeline[0m and container [32mstep-credential-initializer-xz97f[0m
{"level":"warn","ts":1610090018.8676372,"logger":"fallback-logger","caller":"logging/config.go:69","msg":"Fetch GitHub commit ID from kodata failed: \"ref: refs/heads/0.8.0-**-support-backwards-incompats\" is not a valid GitHub commit ID"}
{"level":"info","ts":1610090018.8755367,"logger":"fallback-logger","caller":"creds-init/main.go:40","msg":"Credentials initialized."}

Showing logs for build [32mmeta-entando-entando-cms-pr-355-sd62v-1[0m stage [32mmeta-pipeline[0m and container [32mstep-working-dir-initializer-tjkwg[0m
{"level":"warn","ts":1610090020.4779332,"logger":"fallback-logger","caller":"logging/config.go:69","msg":"Fetch GitHub commit ID from kodata failed: open /var/run/ko/HEAD: no such file or directory"}
{"level":"info","ts":1610090020.499229,"logger":"fallback-logger","caller":"bash/main.go:64","msg":"Successfully e**cuted command \"sh -c mkdir -p /workspace/source\"; output "}

Showing logs for build [32mmeta-entando-entando-cms-pr-355-sd62v-1[0m stage [32mmeta-pipeline[0m and container [32mstep-place-tools[0m

Showing logs for build [32mmeta-entando-entando-cms-pr-355-sd62v-1[0m stage [32mmeta-pipeline[0m and container [32mstep-git-source-meta-entando-entando-cms-pr-355-wpd29[0m
{"level":"warn","ts":1610090031.228779,"logger":"fallback-logger","caller":"logging/config.go:69","msg":"Fetch GitHub commit ID from kodata failed: \"ref: refs/heads/0.8.0-**-support-backwards-incompats\" is not a valid GitHub commit ID"}
{"level":"info","ts":1610090033.2674477,"logger":"fallback-logger","caller":"git/git.go:103","msg":"Successfully cloned https://github.com/entando/entando-cms.git @ 83231f0f62e69df4a028360a05e01394edd84a42 in path /workspace/source"}

Showing logs for build [32mmeta-entando-entando-cms-pr-355-sd62v-1[0m stage [32mmeta-pipeline[0m and container [32mstep-git-merge[0m
Using SHAs from PULL_REFS=master:83231f0f62e69df4a028360a05e01394edd84a42,355:a7bfdf090cd1bd2674a0b5583e99c79751b3fc99
DEBUG: ran git fetch --unshallow origin a7bfdf090cd1bd2674a0b5583e99c79751b3fc99: 83231f0f62e69df4a028360a05e01394edd84a42: in 
DEBUG: ran git checkout master in 
DEBUG: ran git reset --hard 83231f0f62e69df4a028360a05e01394edd84a42 in 
DEBUG: ran clean --force -d . in 
error: error during merge: merging a7bfdf090cd1bd2674a0b5583e99c79751b3fc99 into master: git output: Auto-merging src/state/content-type/actions.js
Auto-merging package-lock.json
CONFLICT (content): Merge conflict in package-lock.json
Automatic merge failed; fix conflicts and then commit the result.: failed to run 'git merge a7bfdf090cd1bd2674a0b5583e99c79751b3fc99' command in directory '', output: 'Auto-merging src/state/content-type/actions.js
Auto-merging package-lock.json
CONFLICT (content): Merge conflict in package-lock.json
Automatic merge failed; fix conflicts and then commit the result.'
[31m
Pipeline failed on stage 'meta-pipeline' : container 'step-git-merge'. The execution of the pipeline has stopped.[0m

Showing logs for build [32mmeta-entando-entando-cms-pr-355-sd62v-1[0m stage [32mmeta-pipeline[0m and container [32mstep-credential-initializer-xz97f[0m
{"level":"warn","ts":1610090018.8676372,"logger":"fallback-logger","caller":"logging/config.go:69","msg":"Fetch GitHub commit ID from kodata failed: \"ref: refs/heads/0.8.0-**-support-backwards-incompats\" is not a valid GitHub commit ID"}
{"level":"info","ts":1610090018.8755367,"logger":"fallback-logger","caller":"creds-init/main.go:40","msg":"Credentials initialized."}

Showing logs for build [32mmeta-entando-entando-cms-pr-355-sd62v-1[0m stage [32mmeta-pipeline[0m and container [32mstep-working-dir-initializer-tjkwg[0m
{"level":"warn","ts":1610090020.4779332,"logger":"fallback-logger","caller":"logging/config.go:69","msg":"Fetch GitHub commit ID from kodata failed: open /var/run/ko/HEAD: no such file or directory"}
{"level":"info","ts":1610090020.499229,"logger":"fallback-logger","caller":"bash/main.go:64","msg":"Successfully e**cuted command \"sh -c mkdir -p /workspace/source\"; output "}

Showing logs for build [32mmeta-entando-entando-cms-pr-355-sd62v-1[0m stage [32mmeta-pipeline[0m and container [32mstep-place-tools[0m

Showing logs for build [32mmeta-entando-entando-cms-pr-355-sd62v-1[0m stage [32mmeta-pipeline[0m and container [32mstep-git-source-meta-entando-entando-cms-pr-355-wpd29[0m
{"level":"warn","ts":1610090031.228779,"logger":"fallback-logger","caller":"logging/config.go:69","msg":"Fetch GitHub commit ID from kodata failed: \"ref: refs/heads/0.8.0-**-support-backwards-incompats\" is not a valid GitHub commit ID"}
{"level":"info","ts":1610090033.2674477,"logger":"fallback-logger","caller":"git/git.go:103","msg":"Successfully cloned https://github.com/entando/entando-cms.git @ 83231f0f62e69df4a028360a05e01394edd84a42 in path /workspace/source"}

Showing logs for build [32mmeta-entando-entando-cms-pr-355-sd62v-1[0m stage [32mmeta-pipeline[0m and container [32mstep-git-merge[0m
Using SHAs from PULL_REFS=master:83231f0f62e69df4a028360a05e01394edd84a42,355:a7bfdf090cd1bd2674a0b5583e99c79751b3fc99
DEBUG: ran git fetch --unshallow origin a7bfdf090cd1bd2674a0b5583e99c79751b3fc99: 83231f0f62e69df4a028360a05e01394edd84a42: in 
DEBUG: ran git checkout master in 
DEBUG: ran git reset --hard 83231f0f62e69df4a028360a05e01394edd84a42 in 
DEBUG: ran clean --force -d . in 
error: error during merge: merging a7bfdf090cd1bd2674a0b5583e99c79751b3fc99 into master: git output: Auto-merging src/state/content-type/actions.js
Auto-merging package-lock.json
CONFLICT (content): Merge conflict in package-lock.json
Automatic merge failed; fix conflicts and then commit the result.: failed to run 'git merge a7bfdf090cd1bd2674a0b5583e99c79751b3fc99' command in directory '', output: 'Auto-merging src/state/content-type/actions.js
Auto-merging package-lock.json
CONFLICT (content): Merge conflict in package-lock.json
Automatic merge failed; fix conflicts and then commit the result.'
[31m
Pipeline failed on stage 'meta-pipeline' : container 'step-git-merge'. The execution of the pipeline has stopped.[0m

Showing logs for build [32mmeta-entando-entando-cms-pr-355-sd62v-1[0m stage [32mmeta-pipeline[0m and container [32mstep-credential-initializer-xz97f[0m
{"level":"warn","ts":1610090018.8676372,"logger":"fallback-logger","caller":"logging/config.go:69","msg":"Fetch GitHub commit ID from kodata failed: \"ref: refs/heads/0.8.0-**-support-backwards-incompats\" is not a valid GitHub commit ID"}
{"level":"info","ts":1610090018.8755367,"logger":"fallback-logger","caller":"creds-init/main.go:40","msg":"Credentials initialized."}

Showing logs for build [32mmeta-entando-entando-cms-pr-355-sd62v-1[0m stage [32mmeta-pipeline[0m and container [32mstep-working-dir-initializer-tjkwg[0m
{"level":"warn","ts":1610090020.4779332,"logger":"fallback-logger","caller":"logging/config.go:69","msg":"Fetch GitHub commit ID from kodata failed: open /var/run/ko/HEAD: no such file or directory"}
{"level":"info","ts":1610090020.499229,"logger":"fallback-logger","caller":"bash/main.go:64","msg":"Successfully e**cuted command \"sh -c mkdir -p /workspace/source\"; output "}

Showing logs for build [32mmeta-entando-entando-cms-pr-355-sd62v-1[0m stage [32mmeta-pipeline[0m and container [32mstep-place-tools[0m

Showing logs for build [32mmeta-entando-entando-cms-pr-355-sd62v-1[0m stage [32mmeta-pipeline[0m and container [32mstep-git-source-meta-entando-entando-cms-pr-355-wpd29[0m
{"level":"warn","ts":1610090031.228779,"logger":"fallback-logger","caller":"logging/config.go:69","msg":"Fetch GitHub commit ID from kodata failed: \"ref: refs/heads/0.8.0-**-support-backwards-incompats\" is not a valid GitHub commit ID"}
{"level":"info","ts":1610090033.2674477,"logger":"fallback-logger","caller":"git/git.go:103","msg":"Successfully cloned https://github.com/entando/entando-cms.git @ 83231f0f62e69df4a028360a05e01394edd84a42 in path /workspace/source"}

Showing logs for build [32mmeta-entando-entando-cms-pr-355-sd62v-1[0m stage [32mmeta-pipeline[0m and container [32mstep-git-merge[0m
Using SHAs from PULL_REFS=master:83231f0f62e69df4a028360a05e01394edd84a42,355:a7bfdf090cd1bd2674a0b5583e99c79751b3fc99
DEBUG: ran git fetch --unshallow origin a7bfdf090cd1bd2674a0b5583e99c79751b3fc99: 83231f0f62e69df4a028360a05e01394edd84a42: in 
DEBUG: ran git checkout master in 
DEBUG: ran git reset --hard 83231f0f62e69df4a028360a05e01394edd84a42 in 
DEBUG: ran clean --force -d . in 
error: error during merge: merging a7bfdf090cd1bd2674a0b5583e99c79751b3fc99 into master: git output: Auto-merging src/state/content-type/actions.js
Auto-merging package-lock.json
CONFLICT (content): Merge conflict in package-lock.json
Automatic merge failed; fix conflicts and then commit the result.: failed to run 'git merge a7bfdf090cd1bd2674a0b5583e99c79751b3fc99' command in directory '', output: 'Auto-merging src/state/content-type/actions.js
Auto-merging package-lock.json
CONFLICT (content): Merge conflict in package-lock.json
Automatic merge failed; fix conflicts and then commit the result.'
[31m
Pipeline failed on stage 'meta-pipeline' : container 'step-git-merge'. The execution of the pipeline has stopped.[0m

Showing logs for build [32mmeta-entando-entando-cms-pr-355-sd62v-1[0m stage [32mmeta-pipeline[0m and container [32mstep-credential-initializer-xz97f[0m
{"level":"warn","ts":1610090018.8676372,"logger":"fallback-logger","caller":"logging/config.go:69","msg":"Fetch GitHub commit ID from kodata failed: \"ref: refs/heads/0.8.0-**-support-backwards-incompats\" is not a valid GitHub commit ID"}
{"level":"info","ts":1610090018.8755367,"logger":"fallback-logger","caller":"creds-init/main.go:40","msg":"Credentials initialized."}

Showing logs for build [32mmeta-entando-entando-cms-pr-355-sd62v-1[0m stage [32mmeta-pipeline[0m and container [32mstep-working-dir-initializer-tjkwg[0m
{"level":"warn","ts":1610090020.4779332,"logger":"fallback-logger","caller":"logging/config.go:69","msg":"Fetch GitHub commit ID from kodata failed: open /var/run/ko/HEAD: no such file or directory"}
{"level":"info","ts":1610090020.499229,"logger":"fallback-logger","caller":"bash/main.go:64","msg":"Successfully e**cuted command \"sh -c mkdir -p /workspace/source\"; output "}

Showing logs for build [32mmeta-entando-entando-cms-pr-355-sd62v-1[0m stage [32mmeta-pipeline[0m and container [32mstep-place-tools[0m

Showing logs for build [32mmeta-entando-entando-cms-pr-355-sd62v-1[0m stage [32mmeta-pipeline[0m and container [32mstep-git-source-meta-entando-entando-cms-pr-355-wpd29[0m
{"level":"warn","ts":1610090031.228779,"logger":"fallback-logger","caller":"logging/config.go:69","msg":"Fetch GitHub commit ID from kodata failed: \"ref: refs/heads/0.8.0-**-support-backwards-incompats\" is not a valid GitHub commit ID"}
{"level":"info","ts":1610090033.2674477,"logger":"fallback-logger","caller":"git/git.go:103","msg":"Successfully cloned https://github.com/entando/entando-cms.git @ 83231f0f62e69df4a028360a05e01394edd84a42 in path /workspace/source"}

Showing logs for build [32mmeta-entando-entando-cms-pr-355-sd62v-1[0m stage [32mmeta-pipeline[0m and container [32mstep-git-merge[0m
Using SHAs from PULL_REFS=master:83231f0f62e69df4a028360a05e01394edd84a42,355:a7bfdf090cd1bd2674a0b5583e99c79751b3fc99
DEBUG: ran git fetch --unshallow origin a7bfdf090cd1bd2674a0b5583e99c79751b3fc99: 83231f0f62e69df4a028360a05e01394edd84a42: in 
DEBUG: ran git checkout master in 
DEBUG: ran git reset --hard 83231f0f62e69df4a028360a05e01394edd84a42 in 
DEBUG: ran clean --force -d . in 
error: error during merge: merging a7bfdf090cd1bd2674a0b5583e99c79751b3fc99 into master: git output: Auto-merging src/state/content-type/actions.js
Auto-merging package-lock.json
CONFLICT (content): Merge conflict in package-lock.json
Automatic merge failed; fix conflicts and then commit the result.: failed to run 'git merge a7bfdf090cd1bd2674a0b5583e99c79751b3fc99' command in directory '', output: 'Auto-merging src/state/content-type/actions.js
Auto-merging package-lock.json
CONFLICT (content): Merge conflict in package-lock.json
Automatic merge failed; fix conflicts and then commit the result.'
[31m
Pipeline failed on stage 'meta-pipeline' : container 'step-git-merge'. The execution of the pipeline has stopped.[0m

Showing logs for build [32mmeta-entando-entando-cms-pr-355-sd62v-1[0m stage [32mmeta-pipeline[0m and container [32mstep-credential-initializer-xz97f[0m
{"level":"warn","ts":1610090018.8676372,"logger":"fallback-logger","caller":"logging/config.go:69","msg":"Fetch GitHub commit ID from kodata failed: \"ref: refs/heads/0.8.0-**-support-backwards-incompats\" is not a valid GitHub commit ID"}
{"level":"info","ts":1610090018.8755367,"logger":"fallback-logger","caller":"creds-init/main.go:40","msg":"Credentials initialized."}

Showing logs for build [32mmeta-entando-entando-cms-pr-355-sd62v-1[0m stage [32mmeta-pipeline[0m and container [32mstep-working-dir-initializer-tjkwg[0m
{"level":"warn","ts":1610090020.4779332,"logger":"fallback-logger","caller":"logging/config.go:69","msg":"Fetch GitHub commit ID from kodata failed: open /var/run/ko/HEAD: no such file or directory"}
{"level":"info","ts":1610090020.499229,"logger":"fallback-logger","caller":"bash/main.go:64","msg":"Successfully e**cuted command \"sh -c mkdir -p /workspace/source\"; output "}

Showing logs for build [32mmeta-entando-entando-cms-pr-355-sd62v-1[0m stage [32mmeta-pipeline[0m and container [32mstep-place-tools[0m

Showing logs for build [32mmeta-entando-entando-cms-pr-355-sd62v-1[0m stage [32mmeta-pipeline[0m and container [32mstep-git-source-meta-entando-entando-cms-pr-355-wpd29[0m
{"level":"warn","ts":1610090031.228779,"logger":"fallback-logger","caller":"logging/config.go:69","msg":"Fetch GitHub commit ID from kodata failed: \"ref: refs/heads/0.8.0-**-support-backwards-incompats\" is not a valid GitHub commit ID"}
{"level":"info","ts":1610090033.2674477,"logger":"fallback-logger","caller":"git/git.go:103","msg":"Successfully cloned https://github.com/entando/entando-cms.git @ 83231f0f62e69df4a028360a05e01394edd84a42 in path /workspace/source"}

Showing logs for build [32mmeta-entando-entando-cms-pr-355-sd62v-1[0m stage [32mmeta-pipeline[0m and container [32mstep-git-merge[0m
Using SHAs from PULL_REFS=master:83231f0f62e69df4a028360a05e01394edd84a42,355:a7bfdf090cd1bd2674a0b5583e99c79751b3fc99
DEBUG: ran git fetch --unshallow origin a7bfdf090cd1bd2674a0b5583e99c79751b3fc99: 83231f0f62e69df4a028360a05e01394edd84a42: in 
DEBUG: ran git checkout master in 
DEBUG: ran git reset --hard 83231f0f62e69df4a028360a05e01394edd84a42 in 
DEBUG: ran clean --force -d . in 
error: error during merge: merging a7bfdf090cd1bd2674a0b5583e99c79751b3fc99 into master: git output: Auto-merging src/state/content-type/actions.js
Auto-merging package-lock.json
CONFLICT (content): Merge conflict in package-lock.json
Automatic merge failed; fix conflicts and then commit the result.: failed to run 'git merge a7bfdf090cd1bd2674a0b5583e99c79751b3fc99' command in directory '', output: 'Auto-merging src/state/content-type/actions.js
Auto-merging package-lock.json
CONFLICT (content): Merge conflict in package-lock.json
Automatic merge failed; fix conflicts and then commit the result.'
[31m
Pipeline failed on stage 'meta-pipeline' : container 'step-git-merge'. The execution of the pipeline has stopped.[0m

Showing logs for build [32mmeta-entando-entando-cms-pr-355-sd62v-1[0m stage [32mmeta-pipeline[0m and container [32mstep-credential-initializer-xz97f[0m
{"level":"warn","ts":1610090018.8676372,"logger":"fallback-logger","caller":"logging/config.go:69","msg":"Fetch GitHub commit ID from kodata failed: \"ref: refs/heads/0.8.0-**-support-backwards-incompats\" is not a valid GitHub commit ID"}
{"level":"info","ts":1610090018.8755367,"logger":"fallback-logger","caller":"creds-init/main.go:40","msg":"Credentials initialized."}

Showing logs for build [32mmeta-entando-entando-cms-pr-355-sd62v-1[0m stage [32mmeta-pipeline[0m and container [32mstep-working-dir-initializer-tjkwg[0m
{"level":"warn","ts":1610090020.4779332,"logger":"fallback-logger","caller":"logging/config.go:69","msg":"Fetch GitHub commit ID from kodata failed: open /var/run/ko/HEAD: no such file or directory"}
{"level":"info","ts":1610090020.499229,"logger":"fallback-logger","caller":"bash/main.go:64","msg":"Successfully e**cuted command \"sh -c mkdir -p /workspace/source\"; output "}

Showing logs for build [32mmeta-entando-entando-cms-pr-355-sd62v-1[0m stage [32mmeta-pipeline[0m and container [32mstep-place-tools[0m

Showing logs for build [32mmeta-entando-entando-cms-pr-355-sd62v-1[0m stage [32mmeta-pipeline[0m and container [32mstep-git-source-meta-entando-entando-cms-pr-355-wpd29[0m
{"level":"warn","ts":1610090031.228779,"logger":"fallback-logger","caller":"logging/config.go:69","msg":"Fetch GitHub commit ID from kodata failed: \"ref: refs/heads/0.8.0-**-support-backwards-incompats\" is not a valid GitHub commit ID"}
{"level":"info","ts":1610090033.2674477,"logger":"fallback-logger","caller":"git/git.go:103","msg":"Successfully cloned https://github.com/entando/entando-cms.git @ 83231f0f62e69df4a028360a05e01394edd84a42 in path /workspace/source"}

Showing logs for build [32mmeta-entando-entando-cms-pr-355-sd62v-1[0m stage [32mmeta-pipeline[0m and container [32mstep-git-merge[0m
Using SHAs from PULL_REFS=master:83231f0f62e69df4a028360a05e01394edd84a42,355:a7bfdf090cd1bd2674a0b5583e99c79751b3fc99
DEBUG: ran git fetch --unshallow origin a7bfdf090cd1bd2674a0b5583e99c79751b3fc99: 83231f0f62e69df4a028360a05e01394edd84a42: in 
DEBUG: ran git checkout master in 
DEBUG: ran git reset --hard 83231f0f62e69df4a028360a05e01394edd84a42 in 
DEBUG: ran clean --force -d . in 
error: error during merge: merging a7bfdf090cd1bd2674a0b5583e99c79751b3fc99 into master: git output: Auto-merging src/state/content-type/actions.js
Auto-merging package-lock.json
CONFLICT (content): Merge conflict in package-lock.json
Automatic merge failed; fix conflicts and then commit the result.: failed to run 'git merge a7bfdf090cd1bd2674a0b5583e99c79751b3fc99' command in directory '', output: 'Auto-merging src/state/content-type/actions.js
Auto-merging package-lock.json
CONFLICT (content): Merge conflict in package-lock.json
Automatic merge failed; fix conflicts and then commit the result.'
[31m
Pipeline failed on stage 'meta-pipeline' : container 'step-git-merge'. The execution of the pipeline has stopped.[0m

Showing logs for build [32mmeta-entando-entando-cms-pr-355-sd62v-1[0m stage [32mmeta-pipeline[0m and container [32mstep-credential-initializer-xz97f[0m
{"level":"warn","ts":1610090018.8676372,"logger":"fallback-logger","caller":"logging/config.go:69","msg":"Fetch GitHub commit ID from kodata failed: \"ref: refs/heads/0.8.0-**-support-backwards-incompats\" is not a valid GitHub commit ID"}
{"level":"info","ts":1610090018.8755367,"logger":"fallback-logger","caller":"creds-init/main.go:40","msg":"Credentials initialized."}

Showing logs for build [32mmeta-entando-entando-cms-pr-355-sd62v-1[0m stage [32mmeta-pipeline[0m and container [32mstep-working-dir-initializer-tjkwg[0m
{"level":"warn","ts":1610090020.4779332,"logger":"fallback-logger","caller":"logging/config.go:69","msg":"Fetch GitHub commit ID from kodata failed: open /var/run/ko/HEAD: no such file or directory"}
{"level":"info","ts":1610090020.499229,"logger":"fallback-logger","caller":"bash/main.go:64","msg":"Successfully e**cuted command \"sh -c mkdir -p /workspace/source\"; output "}

Showing logs for build [32mmeta-entando-entando-cms-pr-355-sd62v-1[0m stage [32mmeta-pipeline[0m and container [32mstep-place-tools[0m

Showing logs for build [32mmeta-entando-entando-cms-pr-355-sd62v-1[0m stage [32mmeta-pipeline[0m and container [32mstep-git-source-meta-entando-entando-cms-pr-355-wpd29[0m
{"level":"warn","ts":1610090031.228779,"logger":"fallback-logger","caller":"logging/config.go:69","msg":"Fetch GitHub commit ID from kodata failed: \"ref: refs/heads/0.8.0-**-support-backwards-incompats\" is not a valid GitHub commit ID"}
{"level":"info","ts":1610090033.2674477,"logger":"fallback-logger","caller":"git/git.go:103","msg":"Successfully cloned https://github.com/entando/entando-cms.git @ 83231f0f62e69df4a028360a05e01394edd84a42 in path /workspace/source"}

Showing logs for build [32mmeta-entando-entando-cms-pr-355-sd62v-1[0m stage [32mmeta-pipeline[0m and container [32mstep-git-merge[0m
Using SHAs from PULL_REFS=master:83231f0f62e69df4a028360a05e01394edd84a42,355:a7bfdf090cd1bd2674a0b5583e99c79751b3fc99
DEBUG: ran git fetch --unshallow origin a7bfdf090cd1bd2674a0b5583e99c79751b3fc99: 83231f0f62e69df4a028360a05e01394edd84a42: in 
DEBUG: ran git checkout master in 
DEBUG: ran git reset --hard 83231f0f62e69df4a028360a05e01394edd84a42 in 
DEBUG: ran clean --force -d . in 
error: error during merge: merging a7bfdf090cd1bd2674a0b5583e99c79751b3fc99 into master: git output: Auto-merging src/state/content-type/actions.js
Auto-merging package-lock.json
CONFLICT (content): Merge conflict in package-lock.json
Automatic merge failed; fix conflicts and then commit the result.: failed to run 'git merge a7bfdf090cd1bd2674a0b5583e99c79751b3fc99' command in directory '', output: 'Auto-merging src/state/content-type/actions.js
Auto-merging package-lock.json
CONFLICT (content): Merge conflict in package-lock.json
Automatic merge failed; fix conflicts and then commit the result.'
[31m
Pipeline failed on stage 'meta-pipeline' : container 'step-git-merge'. The execution of the pipeline has stopped.[0m

Showing logs for build [32mmeta-entando-entando-cms-pr-355-sd62v-1[0m stage [32mmeta-pipeline[0m and container [32mstep-credential-initializer-xz97f[0m
{"level":"warn","ts":1610090018.8676372,"logger":"fallback-logger","caller":"logging/config.go:69","msg":"Fetch GitHub commit ID from kodata failed: \"ref: refs/heads/0.8.0-**-support-backwards-incompats\" is not a valid GitHub commit ID"}
{"level":"info","ts":1610090018.8755367,"logger":"fallback-logger","caller":"creds-init/main.go:40","msg":"Credentials initialized."}

Showing logs for build [32mmeta-entando-entando-cms-pr-355-sd62v-1[0m stage [32mmeta-pipeline[0m and container [32mstep-working-dir-initializer-tjkwg[0m
{"level":"warn","ts":1610090020.4779332,"logger":"fallback-logger","caller":"logging/config.go:69","msg":"Fetch GitHub commit ID from kodata failed: open /var/run/ko/HEAD: no such file or directory"}
{"level":"info","ts":1610090020.499229,"logger":"fallback-logger","caller":"bash/main.go:64","msg":"Successfully e**cuted command \"sh -c mkdir -p /workspace/source\"; output "}

Showing logs for build [32mmeta-entando-entando-cms-pr-355-sd62v-1[0m stage [32mmeta-pipeline[0m and container [32mstep-place-tools[0m

Showing logs for build [32mmeta-entando-entando-cms-pr-355-sd62v-1[0m stage [32mmeta-pipeline[0m and container [32mstep-git-source-meta-entando-entando-cms-pr-355-wpd29[0m
{"level":"warn","ts":1610090031.228779,"logger":"fallback-logger","caller":"logging/config.go:69","msg":"Fetch GitHub commit ID from kodata failed: \"ref: refs/heads/0.8.0-**-support-backwards-incompats\" is not a valid GitHub commit ID"}
{"level":"info","ts":1610090033.2674477,"logger":"fallback-logger","caller":"git/git.go:103","msg":"Successfully cloned https://github.com/entando/entando-cms.git @ 83231f0f62e69df4a028360a05e01394edd84a42 in path /workspace/source"}

Showing logs for build [32mmeta-entando-entando-cms-pr-355-sd62v-1[0m stage [32mmeta-pipeline[0m and container [32mstep-git-merge[0m
Using SHAs from PULL_REFS=master:83231f0f62e69df4a028360a05e01394edd84a42,355:a7bfdf090cd1bd2674a0b5583e99c79751b3fc99
DEBUG: ran git fetch --unshallow origin a7bfdf090cd1bd2674a0b5583e99c79751b3fc99: 83231f0f62e69df4a028360a05e01394edd84a42: in 
DEBUG: ran git checkout master in 
DEBUG: ran git reset --hard 83231f0f62e69df4a028360a05e01394edd84a42 in 
DEBUG: ran clean --force -d . in 
error: error during merge: merging a7bfdf090cd1bd2674a0b5583e99c79751b3fc99 into master: git output: Auto-merging src/state/content-type/actions.js
Auto-merging package-lock.json
CONFLICT (content): Merge conflict in package-lock.json
Automatic merge failed; fix conflicts and then commit the result.: failed to run 'git merge a7bfdf090cd1bd2674a0b5583e99c79751b3fc99' command in directory '', output: 'Auto-merging src/state/content-type/actions.js
Auto-merging package-lock.json
CONFLICT (content): Merge conflict in package-lock.json
Automatic merge failed; fix conflicts and then commit the result.'
[31m
Pipeline failed on stage 'meta-pipeline' : container 'step-git-merge'. The execution of the pipeline has stopped.[0m

Showing logs for build [32mmeta-entando-entando-cms-pr-355-sd62v-1[0m stage [32mmeta-pipeline[0m and container [32mstep-credential-initializer-xz97f[0m
{"level":"warn","ts":1610090018.8676372,"logger":"fallback-logger","caller":"logging/config.go:69","msg":"Fetch GitHub commit ID from kodata failed: \"ref: refs/heads/0.8.0-**-support-backwards-incompats\" is not a valid GitHub commit ID"}
{"level":"info","ts":1610090018.8755367,"logger":"fallback-logger","caller":"creds-init/main.go:40","msg":"Credentials initialized."}

Showing logs for build [32mmeta-entando-entando-cms-pr-355-sd62v-1[0m stage [32mmeta-pipeline[0m and container [32mstep-working-dir-initializer-tjkwg[0m
{"level":"warn","ts":1610090020.4779332,"logger":"fallback-logger","caller":"logging/config.go:69","msg":"Fetch GitHub commit ID from kodata failed: open /var/run/ko/HEAD: no such file or directory"}
{"level":"info","ts":1610090020.499229,"logger":"fallback-logger","caller":"bash/main.go:64","msg":"Successfully e**cuted command \"sh -c mkdir -p /workspace/source\"; output "}

Showing logs for build [32mmeta-entando-entando-cms-pr-355-sd62v-1[0m stage [32mmeta-pipeline[0m and container [32mstep-place-tools[0m

Showing logs for build [32mmeta-entando-entando-cms-pr-355-sd62v-1[0m stage [32mmeta-pipeline[0m and container [32mstep-git-source-meta-entando-entando-cms-pr-355-wpd29[0m
{"level":"warn","ts":1610090031.228779,"logger":"fallback-logger","caller":"logging/config.go:69","msg":"Fetch GitHub commit ID from kodata failed: \"ref: refs/heads/0.8.0-**-support-backwards-incompats\" is not a valid GitHub commit ID"}
{"level":"info","ts":1610090033.2674477,"logger":"fallback-logger","caller":"git/git.go:103","msg":"Successfully cloned https://github.com/entando/entando-cms.git @ 83231f0f62e69df4a028360a05e01394edd84a42 in path /workspace/source"}

Showing logs for build [32mmeta-entando-entando-cms-pr-355-sd62v-1[0m stage [32mmeta-pipeline[0m and container [32mstep-git-merge[0m
Using SHAs from PULL_REFS=master:83231f0f62e69df4a028360a05e01394edd84a42,355:a7bfdf090cd1bd2674a0b5583e99c79751b3fc99
DEBUG: ran git fetch --unshallow origin a7bfdf090cd1bd2674a0b5583e99c79751b3fc99: 83231f0f62e69df4a028360a05e01394edd84a42: in 
DEBUG: ran git checkout master in 
DEBUG: ran git reset --hard 83231f0f62e69df4a028360a05e01394edd84a42 in 
DEBUG: ran clean --force -d . in 
error: error during merge: merging a7bfdf090cd1bd2674a0b5583e99c79751b3fc99 into master: git output: Auto-merging src/state/content-type/actions.js
Auto-merging package-lock.json
CONFLICT (content): Merge conflict in package-lock.json
Automatic merge failed; fix conflicts and then commit the result.: failed to run 'git merge a7bfdf090cd1bd2674a0b5583e99c79751b3fc99' command in directory '', output: 'Auto-merging src/state/content-type/actions.js
Auto-merging package-lock.json
CONFLICT (content): Merge conflict in package-lock.json
Automatic merge failed; fix conflicts and then commit the result.'
[31m
Pipeline failed on stage 'meta-pipeline' : container 'step-git-merge'. The execution of the pipeline has stopped.[0m

Showing logs for build [32mmeta-entando-entando-cms-pr-355-sd62v-1[0m stage [32mmeta-pipeline[0m and container [32mstep-credential-initializer-xz97f[0m
{"level":"warn","ts":1610090018.8676372,"logger":"fallback-logger","caller":"logging/config.go:69","msg":"Fetch GitHub commit ID from kodata failed: \"ref: refs/heads/0.8.0-**-support-backwards-incompats\" is not a valid GitHub commit ID"}
{"level":"info","ts":1610090018.8755367,"logger":"fallback-logger","caller":"creds-init/main.go:40","msg":"Credentials initialized."}

Showing logs for build [32mmeta-entando-entando-cms-pr-355-sd62v-1[0m stage [32mmeta-pipeline[0m and container [32mstep-working-dir-initializer-tjkwg[0m
{"level":"warn","ts":1610090020.4779332,"logger":"fallback-logger","caller":"logging/config.go:69","msg":"Fetch GitHub commit ID from kodata failed: open /var/run/ko/HEAD: no such file or directory"}
{"level":"info","ts":1610090020.499229,"logger":"fallback-logger","caller":"bash/main.go:64","msg":"Successfully e**cuted command \"sh -c mkdir -p /workspace/source\"; output "}

Showing logs for build [32mmeta-entando-entando-cms-pr-355-sd62v-1[0m stage [32mmeta-pipeline[0m and container [32mstep-place-tools[0m

Showing logs for build [32mmeta-entando-entando-cms-pr-355-sd62v-1[0m stage [32mmeta-pipeline[0m and container [32mstep-git-source-meta-entando-entando-cms-pr-355-wpd29[0m
{"level":"warn","ts":1610090031.228779,"logger":"fallback-logger","caller":"logging/config.go:69","msg":"Fetch GitHub commit ID from kodata failed: \"ref: refs/heads/0.8.0-**-support-backwards-incompats\" is not a valid GitHub commit ID"}
{"level":"info","ts":1610090033.2674477,"logger":"fallback-logger","caller":"git/git.go:103","msg":"Successfully cloned https://github.com/entando/entando-cms.git @ 83231f0f62e69df4a028360a05e01394edd84a42 in path /workspace/source"}

Showing logs for build [32mmeta-entando-entando-cms-pr-355-sd62v-1[0m stage [32mmeta-pipeline[0m and container [32mstep-git-merge[0m
Using SHAs from PULL_REFS=master:83231f0f62e69df4a028360a05e01394edd84a42,355:a7bfdf090cd1bd2674a0b5583e99c79751b3fc99
DEBUG: ran git fetch --unshallow origin a7bfdf090cd1bd2674a0b5583e99c79751b3fc99: 83231f0f62e69df4a028360a05e01394edd84a42: in 
DEBUG: ran git checkout master in 
DEBUG: ran git reset --hard 83231f0f62e69df4a028360a05e01394edd84a42 in 
DEBUG: ran clean --force -d . in 
error: error during merge: merging a7bfdf090cd1bd2674a0b5583e99c79751b3fc99 into master: git output: Auto-merging src/state/content-type/actions.js
Auto-merging package-lock.json
CONFLICT (content): Merge conflict in package-lock.json
Automatic merge failed; fix conflicts and then commit the result.: failed to run 'git merge a7bfdf090cd1bd2674a0b5583e99c79751b3fc99' command in directory '', output: 'Auto-merging src/state/content-type/actions.js
Auto-merging package-lock.json
CONFLICT (content): Merge conflict in package-lock.json
Automatic merge failed; fix conflicts and then commit the result.'
[31m
Pipeline failed on stage 'meta-pipeline' : container 'step-git-merge'. The execution of the pipeline has stopped.[0m

Showing logs for build [32mmeta-entando-entando-cms-pr-355-sd62v-1[0m stage [32mmeta-pipeline[0m and container [32mstep-credential-initializer-xz97f[0m
{"level":"warn","ts":1610090018.8676372,"logger":"fallback-logger","caller":"logging/config.go:69","msg":"Fetch GitHub commit ID from kodata failed: \"ref: refs/heads/0.8.0-**-support-backwards-incompats\" is not a valid GitHub commit ID"}
{"level":"info","ts":1610090018.8755367,"logger":"fallback-logger","caller":"creds-init/main.go:40","msg":"Credentials initialized."}

Showing logs for build [32mmeta-entando-entando-cms-pr-355-sd62v-1[0m stage [32mmeta-pipeline[0m and container [32mstep-working-dir-initializer-tjkwg[0m
{"level":"warn","ts":1610090020.4779332,"logger":"fallback-logger","caller":"logging/config.go:69","msg":"Fetch GitHub commit ID from kodata failed: open /var/run/ko/HEAD: no such file or directory"}
{"level":"info","ts":1610090020.499229,"logger":"fallback-logger","caller":"bash/main.go:64","msg":"Successfully e**cuted command \"sh -c mkdir -p /workspace/source\"; output "}

Showing logs for build [32mmeta-entando-entando-cms-pr-355-sd62v-1[0m stage [32mmeta-pipeline[0m and container [32mstep-place-tools[0m

Showing logs for build [32mmeta-entando-entando-cms-pr-355-sd62v-1[0m stage [32mmeta-pipeline[0m and container [32mstep-git-source-meta-entando-entando-cms-pr-355-wpd29[0m
{"level":"warn","ts":1610090031.228779,"logger":"fallback-logger","caller":"logging/config.go:69","msg":"Fetch GitHub commit ID from kodata failed: \"ref: refs/heads/0.8.0-**-support-backwards-incompats\" is not a valid GitHub commit ID"}
{"level":"info","ts":1610090033.2674477,"logger":"fallback-logger","caller":"git/git.go:103","msg":"Successfully cloned https://github.com/entando/entando-cms.git @ 83231f0f62e69df4a028360a05e01394edd84a42 in path /workspace/source"}

Showing logs for build [32mmeta-entando-entando-cms-pr-355-sd62v-1[0m stage [32mmeta-pipeline[0m and container [32mstep-git-merge[0m
Using SHAs from PULL_REFS=master:83231f0f62e69df4a028360a05e01394edd84a42,355:a7bfdf090cd1bd2674a0b5583e99c79751b3fc99
DEBUG: ran git fetch --unshallow origin a7bfdf090cd1bd2674a0b5583e99c79751b3fc99: 83231f0f62e69df4a028360a05e01394edd84a42: in 
DEBUG: ran git checkout master in 
DEBUG: ran git reset --hard 83231f0f62e69df4a028360a05e01394edd84a42 in 
DEBUG: ran clean --force -d . in 
error: error during merge: merging a7bfdf090cd1bd2674a0b5583e99c79751b3fc99 into master: git output: Auto-merging src/state/content-type/actions.js
Auto-merging package-lock.json
CONFLICT (content): Merge conflict in package-lock.json
Automatic merge failed; fix conflicts and then commit the result.: failed to run 'git merge a7bfdf090cd1bd2674a0b5583e99c79751b3fc99' command in directory '', output: 'Auto-merging src/state/content-type/actions.js
Auto-merging package-lock.json
CONFLICT (content): Merge conflict in package-lock.json
Automatic merge failed; fix conflicts and then commit the result.'
[31m
Pipeline failed on stage 'meta-pipeline' : container 'step-git-merge'. The execution of the pipeline has stopped.[0m

Showing logs for build [32mmeta-entando-entando-cms-pr-355-sd62v-1[0m stage [32mmeta-pipeline[0m and container [32mstep-credential-initializer-xz97f[0m
{"level":"warn","ts":1610090018.8676372,"logger":"fallback-logger","caller":"logging/config.go:69","msg":"Fetch GitHub commit ID from kodata failed: \"ref: refs/heads/0.8.0-**-support-backwards-incompats\" is not a valid GitHub commit ID"}
{"level":"info","ts":1610090018.8755367,"logger":"fallback-logger","caller":"creds-init/main.go:40","msg":"Credentials initialized."}

Showing logs for build [32mmeta-entando-entando-cms-pr-355-sd62v-1[0m stage [32mmeta-pipeline[0m and container [32mstep-working-dir-initializer-tjkwg[0m
{"level":"warn","ts":1610090020.4779332,"logger":"fallback-logger","caller":"logging/config.go:69","msg":"Fetch GitHub commit ID from kodata failed: open /var/run/ko/HEAD: no such file or directory"}
{"level":"info","ts":1610090020.499229,"logger":"fallback-logger","caller":"bash/main.go:64","msg":"Successfully e**cuted command \"sh -c mkdir -p /workspace/source\"; output "}

Showing logs for build [32mmeta-entando-entando-cms-pr-355-sd62v-1[0m stage [32mmeta-pipeline[0m and container [32mstep-place-tools[0m

Showing logs for build [32mmeta-entando-entando-cms-pr-355-sd62v-1[0m stage [32mmeta-pipeline[0m and container [32mstep-git-source-meta-entando-entando-cms-pr-355-wpd29[0m
{"level":"warn","ts":1610090031.228779,"logger":"fallback-logger","caller":"logging/config.go:69","msg":"Fetch GitHub commit ID from kodata failed: \"ref: refs/heads/0.8.0-**-support-backwards-incompats\" is not a valid GitHub commit ID"}
{"level":"info","ts":1610090033.2674477,"logger":"fallback-logger","caller":"git/git.go:103","msg":"Successfully cloned https://github.com/entando/entando-cms.git @ 83231f0f62e69df4a028360a05e01394edd84a42 in path /workspace/source"}

Showing logs for build [32mmeta-entando-entando-cms-pr-355-sd62v-1[0m stage [32mmeta-pipeline[0m and container [32mstep-git-merge[0m
Using SHAs from PULL_REFS=master:83231f0f62e69df4a028360a05e01394edd84a42,355:a7bfdf090cd1bd2674a0b5583e99c79751b3fc99
DEBUG: ran git fetch --unshallow origin a7bfdf090cd1bd2674a0b5583e99c79751b3fc99: 83231f0f62e69df4a028360a05e01394edd84a42: in 
DEBUG: ran git checkout master in 
DEBUG: ran git reset --hard 83231f0f62e69df4a028360a05e01394edd84a42 in 
DEBUG: ran clean --force -d . in 
error: error during merge: merging a7bfdf090cd1bd2674a0b5583e99c79751b3fc99 into master: git output: Auto-merging src/state/content-type/actions.js
Auto-merging package-lock.json
CONFLICT (content): Merge conflict in package-lock.json
Automatic merge failed; fix conflicts and then commit the result.: failed to run 'git merge a7bfdf090cd1bd2674a0b5583e99c79751b3fc99' command in directory '', output: 'Auto-merging src/state/content-type/actions.js
Auto-merging package-lock.json
CONFLICT (content): Merge conflict in package-lock.json
Automatic merge failed; fix conflicts and then commit the result.'
[31m
Pipeline failed on stage 'meta-pipeline' : container 'step-git-merge'. The execution of the pipeline has stopped.[0m

Showing logs for build [32mmeta-entando-entando-cms-pr-355-sd62v-1[0m stage [32mmeta-pipeline[0m and container [32mstep-credential-initializer-xz97f[0m
{"level":"warn","ts":1610090018.8676372,"logger":"fallback-logger","caller":"logging/config.go:69","msg":"Fetch GitHub commit ID from kodata failed: \"ref: refs/heads/0.8.0-**-support-backwards-incompats\" is not a valid GitHub commit ID"}
{"level":"info","ts":1610090018.8755367,"logger":"fallback-logger","caller":"creds-init/main.go:40","msg":"Credentials initialized."}

Showing logs for build [32mmeta-entando-entando-cms-pr-355-sd62v-1[0m stage [32mmeta-pipeline[0m and container [32mstep-working-dir-initializer-tjkwg[0m
{"level":"warn","ts":1610090020.4779332,"logger":"fallback-logger","caller":"logging/config.go:69","msg":"Fetch GitHub commit ID from kodata failed: open /var/run/ko/HEAD: no such file or directory"}
{"level":"info","ts":1610090020.499229,"logger":"fallback-logger","caller":"bash/main.go:64","msg":"Successfully e**cuted command \"sh -c mkdir -p /workspace/source\"; output "}

Showing logs for build [32mmeta-entando-entando-cms-pr-355-sd62v-1[0m stage [32mmeta-pipeline[0m and container [32mstep-place-tools[0m

Showing logs for build [32mmeta-entando-entando-cms-pr-355-sd62v-1[0m stage [32mmeta-pipeline[0m and container [32mstep-git-source-meta-entando-entando-cms-pr-355-wpd29[0m
{"level":"warn","ts":1610090031.228779,"logger":"fallback-logger","caller":"logging/config.go:69","msg":"Fetch GitHub commit ID from kodata failed: \"ref: refs/heads/0.8.0-**-support-backwards-incompats\" is not a valid GitHub commit ID"}
{"level":"info","ts":1610090033.2674477,"logger":"fallback-logger","caller":"git/git.go:103","msg":"Successfully cloned https://github.com/entando/entando-cms.git @ 83231f0f62e69df4a028360a05e01394edd84a42 in path /workspace/source"}

Showing logs for build [32mmeta-entando-entando-cms-pr-355-sd62v-1[0m stage [32mmeta-pipeline[0m and container [32mstep-git-merge[0m
Using SHAs from PULL_REFS=master:83231f0f62e69df4a028360a05e01394edd84a42,355:a7bfdf090cd1bd2674a0b5583e99c79751b3fc99
DEBUG: ran git fetch --unshallow origin a7bfdf090cd1bd2674a0b5583e99c79751b3fc99: 83231f0f62e69df4a028360a05e01394edd84a42: in 
DEBUG: ran git checkout master in 
DEBUG: ran git reset --hard 83231f0f62e69df4a028360a05e01394edd84a42 in 
DEBUG: ran clean --force -d . in 
error: error during merge: merging a7bfdf090cd1bd2674a0b5583e99c79751b3fc99 into master: git output: Auto-merging src/state/content-type/actions.js
Auto-merging package-lock.json
CONFLICT (content): Merge conflict in package-lock.json
Automatic merge failed; fix conflicts and then commit the result.: failed to run 'git merge a7bfdf090cd1bd2674a0b5583e99c79751b3fc99' command in directory '', output: 'Auto-merging src/state/content-type/actions.js
Auto-merging package-lock.json
CONFLICT (content): Merge conflict in package-lock.json
Automatic merge failed; fix conflicts and then commit the result.'
[31m
Pipeline failed on stage 'meta-pipeline' : container 'step-git-merge'. The execution of the pipeline has stopped.[0m

Showing logs for build [32mmeta-entando-entando-cms-pr-355-sd62v-1[0m stage [32mmeta-pipeline[0m and container [32mstep-credential-initializer-xz97f[0m
{"level":"warn","ts":1610090018.8676372,"logger":"fallback-logger","caller":"logging/config.go:69","msg":"Fetch GitHub commit ID from kodata failed: \"ref: refs/heads/0.8.0-**-support-backwards-incompats\" is not a valid GitHub commit ID"}
{"level":"info","ts":1610090018.8755367,"logger":"fallback-logger","caller":"creds-init/main.go:40","msg":"Credentials initialized."}

Showing logs for build [32mmeta-entando-entando-cms-pr-355-sd62v-1[0m stage [32mmeta-pipeline[0m and container [32mstep-working-dir-initializer-tjkwg[0m
{"level":"warn","ts":1610090020.4779332,"logger":"fallback-logger","caller":"logging/config.go:69","msg":"Fetch GitHub commit ID from kodata failed: open /var/run/ko/HEAD: no such file or directory"}
{"level":"info","ts":1610090020.499229,"logger":"fallback-logger","caller":"bash/main.go:64","msg":"Successfully e**cuted command \"sh -c mkdir -p /workspace/source\"; output "}

Showing logs for build [32mmeta-entando-entando-cms-pr-355-sd62v-1[0m stage [32mmeta-pipeline[0m and container [32mstep-place-tools[0m

Showing logs for build [32mmeta-entando-entando-cms-pr-355-sd62v-1[0m stage [32mmeta-pipeline[0m and container [32mstep-git-source-meta-entando-entando-cms-pr-355-wpd29[0m
{"level":"warn","ts":1610090031.228779,"logger":"fallback-logger","caller":"logging/config.go:69","msg":"Fetch GitHub commit ID from kodata failed: \"ref: refs/heads/0.8.0-**-support-backwards-incompats\" is not a valid GitHub commit ID"}
{"level":"info","ts":1610090033.2674477,"logger":"fallback-logger","caller":"git/git.go:103","msg":"Successfully cloned https://github.com/entando/entando-cms.git @ 83231f0f62e69df4a028360a05e01394edd84a42 in path /workspace/source"}

Showing logs for build [32mmeta-entando-entando-cms-pr-355-sd62v-1[0m stage [32mmeta-pipeline[0m and container [32mstep-git-merge[0m
Using SHAs from PULL_REFS=master:83231f0f62e69df4a028360a05e01394edd84a42,355:a7bfdf090cd1bd2674a0b5583e99c79751b3fc99
DEBUG: ran git fetch --unshallow origin a7bfdf090cd1bd2674a0b5583e99c79751b3fc99: 83231f0f62e69df4a028360a05e01394edd84a42: in 
DEBUG: ran git checkout master in 
DEBUG: ran git reset --hard 83231f0f62e69df4a028360a05e01394edd84a42 in 
DEBUG: ran clean --force -d . in 
error: error during merge: merging a7bfdf090cd1bd2674a0b5583e99c79751b3fc99 into master: git output: Auto-merging src/state/content-type/actions.js
Auto-merging package-lock.json
CONFLICT (content): Merge conflict in package-lock.json
Automatic merge failed; fix conflicts and then commit the result.: failed to run 'git merge a7bfdf090cd1bd2674a0b5583e99c79751b3fc99' command in directory '', output: 'Auto-merging src/state/content-type/actions.js
Auto-merging package-lock.json
CONFLICT (content): Merge conflict in package-lock.json
Automatic merge failed; fix conflicts and then commit the result.'
[31m
Pipeline failed on stage 'meta-pipeline' : container 'step-git-merge'. The execution of the pipeline has stopped.[0m

Showing logs for build [32mmeta-entando-entando-cms-pr-355-sd62v-1[0m stage [32mmeta-pipeline[0m and container [32mstep-credential-initializer-xz97f[0m
{"level":"warn","ts":1610090018.8676372,"logger":"fallback-logger","caller":"logging/config.go:69","msg":"Fetch GitHub commit ID from kodata failed: \"ref: refs/heads/0.8.0-**-support-backwards-incompats\" is not a valid GitHub commit ID"}
{"level":"info","ts":1610090018.8755367,"logger":"fallback-logger","caller":"creds-init/main.go:40","msg":"Credentials initialized."}

Showing logs for build [32mmeta-entando-entando-cms-pr-355-sd62v-1[0m stage [32mmeta-pipeline[0m and container [32mstep-working-dir-initializer-tjkwg[0m
{"level":"warn","ts":1610090020.4779332,"logger":"fallback-logger","caller":"logging/config.go:69","msg":"Fetch GitHub commit ID from kodata failed: open /var/run/ko/HEAD: no such file or directory"}
{"level":"info","ts":1610090020.499229,"logger":"fallback-logger","caller":"bash/main.go:64","msg":"Successfully e**cuted command \"sh -c mkdir -p /workspace/source\"; output "}

Showing logs for build [32mmeta-entando-entando-cms-pr-355-sd62v-1[0m stage [32mmeta-pipeline[0m and container [32mstep-place-tools[0m

Showing logs for build [32mmeta-entando-entando-cms-pr-355-sd62v-1[0m stage [32mmeta-pipeline[0m and container [32mstep-git-source-meta-entando-entando-cms-pr-355-wpd29[0m
{"level":"warn","ts":1610090031.228779,"logger":"fallback-logger","caller":"logging/config.go:69","msg":"Fetch GitHub commit ID from kodata failed: \"ref: refs/heads/0.8.0-**-support-backwards-incompats\" is not a valid GitHub commit ID"}
{"level":"info","ts":1610090033.2674477,"logger":"fallback-logger","caller":"git/git.go:103","msg":"Successfully cloned https://github.com/entando/entando-cms.git @ 83231f0f62e69df4a028360a05e01394edd84a42 in path /workspace/source"}

Showing logs for build [32mmeta-entando-entando-cms-pr-355-sd62v-1[0m stage [32mmeta-pipeline[0m and container [32mstep-git-merge[0m
Using SHAs from PULL_REFS=master:83231f0f62e69df4a028360a05e01394edd84a42,355:a7bfdf090cd1bd2674a0b5583e99c79751b3fc99
DEBUG: ran git fetch --unshallow origin a7bfdf090cd1bd2674a0b5583e99c79751b3fc99: 83231f0f62e69df4a028360a05e01394edd84a42: in 
DEBUG: ran git checkout master in 
DEBUG: ran git reset --hard 83231f0f62e69df4a028360a05e01394edd84a42 in 
DEBUG: ran clean --force -d . in 
error: error during merge: merging a7bfdf090cd1bd2674a0b5583e99c79751b3fc99 into master: git output: Auto-merging src/state/content-type/actions.js
Auto-merging package-lock.json
CONFLICT (content): Merge conflict in package-lock.json
Automatic merge failed; fix conflicts and then commit the result.: failed to run 'git merge a7bfdf090cd1bd2674a0b5583e99c79751b3fc99' command in directory '', output: 'Auto-merging src/state/content-type/actions.js
Auto-merging package-lock.json
CONFLICT (content): Merge conflict in package-lock.json
Automatic merge failed; fix conflicts and then commit the result.'
[31m
Pipeline failed on stage 'meta-pipeline' : container 'step-git-merge'. The execution of the pipeline has stopped.[0m

Showing logs for build [32mmeta-entando-entando-cms-pr-355-sd62v-1[0m stage [32mmeta-pipeline[0m and container [32mstep-credential-initializer-xz97f[0m
{"level":"warn","ts":1610090018.8676372,"logger":"fallback-logger","caller":"logging/config.go:69","msg":"Fetch GitHub commit ID from kodata failed: \"ref: refs/heads/0.8.0-**-support-backwards-incompats\" is not a valid GitHub commit ID"}
{"level":"info","ts":1610090018.8755367,"logger":"fallback-logger","caller":"creds-init/main.go:40","msg":"Credentials initialized."}

Showing logs for build [32mmeta-entando-entando-cms-pr-355-sd62v-1[0m stage [32mmeta-pipeline[0m and container [32mstep-working-dir-initializer-tjkwg[0m
{"level":"warn","ts":1610090020.4779332,"logger":"fallback-logger","caller":"logging/config.go:69","msg":"Fetch GitHub commit ID from kodata failed: open /var/run/ko/HEAD: no such file or directory"}
{"level":"info","ts":1610090020.499229,"logger":"fallback-logger","caller":"bash/main.go:64","msg":"Successfully e**cuted command \"sh -c mkdir -p /workspace/source\"; output "}

Showing logs for build [32mmeta-entando-entando-cms-pr-355-sd62v-1[0m stage [32mmeta-pipeline[0m and container [32mstep-place-tools[0m

Showing logs for build [32mmeta-entando-entando-cms-pr-355-sd62v-1[0m stage [32mmeta-pipeline[0m and container [32mstep-git-source-meta-entando-entando-cms-pr-355-wpd29[0m
{"level":"warn","ts":1610090031.228779,"logger":"fallback-logger","caller":"logging/config.go:69","msg":"Fetch GitHub commit ID from kodata failed: \"ref: refs/heads/0.8.0-**-support-backwards-incompats\" is not a valid GitHub commit ID"}
{"level":"info","ts":1610090033.2674477,"logger":"fallback-logger","caller":"git/git.go:103","msg":"Successfully cloned https://github.com/entando/entando-cms.git @ 83231f0f62e69df4a028360a05e01394edd84a42 in path /workspace/source"}

Showing logs for build [32mmeta-entando-entando-cms-pr-355-sd62v-1[0m stage [32mmeta-pipeline[0m and container [32mstep-git-merge[0m
Using SHAs from PULL_REFS=master:83231f0f62e69df4a028360a05e01394edd84a42,355:a7bfdf090cd1bd2674a0b5583e99c79751b3fc99
DEBUG: ran git fetch --unshallow origin a7bfdf090cd1bd2674a0b5583e99c79751b3fc99: 83231f0f62e69df4a028360a05e01394edd84a42: in 
DEBUG: ran git checkout master in 
DEBUG: ran git reset --hard 83231f0f62e69df4a028360a05e01394edd84a42 in 
DEBUG: ran clean --force -d . in 
error: error during merge: merging a7bfdf090cd1bd2674a0b5583e99c79751b3fc99 into master: git output: Auto-merging src/state/content-type/actions.js
Auto-merging package-lock.json
CONFLICT (content): Merge conflict in package-lock.json
Automatic merge failed; fix conflicts and then commit the result.: failed to run 'git merge a7bfdf090cd1bd2674a0b5583e99c79751b3fc99' command in directory '', output: 'Auto-merging src/state/content-type/actions.js
Auto-merging package-lock.json
CONFLICT (content): Merge conflict in package-lock.json
Automatic merge failed; fix conflicts and then commit the result.'
[31m
Pipeline failed on stage 'meta-pipeline' : container 'step-git-merge'. The execution of the pipeline has stopped.[0m

Showing logs for build [32mmeta-entando-entando-cms-pr-355-sd62v-1[0m stage [32mmeta-pipeline[0m and container [32mstep-credential-initializer-xz97f[0m
{"level":"warn","ts":1610090018.8676372,"logger":"fallback-logger","caller":"logging/config.go:69","msg":"Fetch GitHub commit ID from kodata failed: \"ref: refs/heads/0.8.0-**-support-backwards-incompats\" is not a valid GitHub commit ID"}
{"level":"info","ts":1610090018.8755367,"logger":"fallback-logger","caller":"creds-init/main.go:40","msg":"Credentials initialized."}

Showing logs for build [32mmeta-entando-entando-cms-pr-355-sd62v-1[0m stage [32mmeta-pipeline[0m and container [32mstep-working-dir-initializer-tjkwg[0m
{"level":"warn","ts":1610090020.4779332,"logger":"fallback-logger","caller":"logging/config.go:69","msg":"Fetch GitHub commit ID from kodata failed: open /var/run/ko/HEAD: no such file or directory"}
{"level":"info","ts":1610090020.499229,"logger":"fallback-logger","caller":"bash/main.go:64","msg":"Successfully e**cuted command \"sh -c mkdir -p /workspace/source\"; output "}

Showing logs for build [32mmeta-entando-entando-cms-pr-355-sd62v-1[0m stage [32mmeta-pipeline[0m and container [32mstep-place-tools[0m

Showing logs for build [32mmeta-entando-entando-cms-pr-355-sd62v-1[0m stage [32mmeta-pipeline[0m and container [32mstep-git-source-meta-entando-entando-cms-pr-355-wpd29[0m
{"level":"warn","ts":1610090031.228779,"logger":"fallback-logger","caller":"logging/config.go:69","msg":"Fetch GitHub commit ID from kodata failed: \"ref: refs/heads/0.8.0-**-support-backwards-incompats\" is not a valid GitHub commit ID"}
{"level":"info","ts":1610090033.2674477,"logger":"fallback-logger","caller":"git/git.go:103","msg":"Successfully cloned https://github.com/entando/entando-cms.git @ 83231f0f62e69df4a028360a05e01394edd84a42 in path /workspace/source"}

Showing logs for build [32mmeta-entando-entando-cms-pr-355-sd62v-1[0m stage [32mmeta-pipeline[0m and container [32mstep-git-merge[0m
Using SHAs from PULL_REFS=master:83231f0f62e69df4a028360a05e01394edd84a42,355:a7bfdf090cd1bd2674a0b5583e99c79751b3fc99
DEBUG: ran git fetch --unshallow origin a7bfdf090cd1bd2674a0b5583e99c79751b3fc99: 83231f0f62e69df4a028360a05e01394edd84a42: in 
DEBUG: ran git checkout master in 
DEBUG: ran git reset --hard 83231f0f62e69df4a028360a05e01394edd84a42 in 
DEBUG: ran clean --force -d . in 
error: error during merge: merging a7bfdf090cd1bd2674a0b5583e99c79751b3fc99 into master: git output: Auto-merging src/state/content-type/actions.js
Auto-merging package-lock.json
CONFLICT (content): Merge conflict in package-lock.json
Automatic merge failed; fix conflicts and then commit the result.: failed to run 'git merge a7bfdf090cd1bd2674a0b5583e99c79751b3fc99' command in directory '', output: 'Auto-merging src/state/content-type/actions.js
Auto-merging package-lock.json
CONFLICT (content): Merge conflict in package-lock.json
Automatic merge failed; fix conflicts and then commit the result.'
[31m
Pipeline failed on stage 'meta-pipeline' : container 'step-git-merge'. The execution of the pipeline has stopped.[0m

Showing logs for build [32mmeta-entando-entando-cms-pr-355-sd62v-1[0m stage [32mmeta-pipeline[0m and container [32mstep-credential-initializer-xz97f[0m
{"level":"warn","ts":1610090018.8676372,"logger":"fallback-logger","caller":"logging/config.go:69","msg":"Fetch GitHub commit ID from kodata failed: \"ref: refs/heads/0.8.0-**-support-backwards-incompats\" is not a valid GitHub commit ID"}
{"level":"info","ts":1610090018.8755367,"logger":"fallback-logger","caller":"creds-init/main.go:40","msg":"Credentials initialized."}

Showing logs for build [32mmeta-entando-entando-cms-pr-355-sd62v-1[0m stage [32mmeta-pipeline[0m and container [32mstep-working-dir-initializer-tjkwg[0m
{"level":"warn","ts":1610090020.4779332,"logger":"fallback-logger","caller":"logging/config.go:69","msg":"Fetch GitHub commit ID from kodata failed: open /var/run/ko/HEAD: no such file or directory"}
{"level":"info","ts":1610090020.499229,"logger":"fallback-logger","caller":"bash/main.go:64","msg":"Successfully e**cuted command \"sh -c mkdir -p /workspace/source\"; output "}

Showing logs for build [32mmeta-entando-entando-cms-pr-355-sd62v-1[0m stage [32mmeta-pipeline[0m and container [32mstep-place-tools[0m

Showing logs for build [32mmeta-entando-entando-cms-pr-355-sd62v-1[0m stage [32mmeta-pipeline[0m and container [32mstep-git-source-meta-entando-entando-cms-pr-355-wpd29[0m
{"level":"warn","ts":1610090031.228779,"logger":"fallback-logger","caller":"logging/config.go:69","msg":"Fetch GitHub commit ID from kodata failed: \"ref: refs/heads/0.8.0-**-support-backwards-incompats\" is not a valid GitHub commit ID"}
{"level":"info","ts":1610090033.2674477,"logger":"fallback-logger","caller":"git/git.go:103","msg":"Successfully cloned https://github.com/entando/entando-cms.git @ 83231f0f62e69df4a028360a05e01394edd84a42 in path /workspace/source"}

Showing logs for build [32mmeta-entando-entando-cms-pr-355-sd62v-1[0m stage [32mmeta-pipeline[0m and container [32mstep-git-merge[0m
Using SHAs from PULL_REFS=master:83231f0f62e69df4a028360a05e01394edd84a42,355:a7bfdf090cd1bd2674a0b5583e99c79751b3fc99
DEBUG: ran git fetch --unshallow origin a7bfdf090cd1bd2674a0b5583e99c79751b3fc99: 83231f0f62e69df4a028360a05e01394edd84a42: in 
DEBUG: ran git checkout master in 
DEBUG: ran git reset --hard 83231f0f62e69df4a028360a05e01394edd84a42 in 
DEBUG: ran clean --force -d . in 
error: error during merge: merging a7bfdf090cd1bd2674a0b5583e99c79751b3fc99 into master: git output: Auto-merging src/state/content-type/actions.js
Auto-merging package-lock.json
CONFLICT (content): Merge conflict in package-lock.json
Automatic merge failed; fix conflicts and then commit the result.: failed to run 'git merge a7bfdf090cd1bd2674a0b5583e99c79751b3fc99' command in directory '', output: 'Auto-merging src/state/content-type/actions.js
Auto-merging package-lock.json
CONFLICT (content): Merge conflict in package-lock.json
Automatic merge failed; fix conflicts and then commit the result.'
[31m
Pipeline failed on stage 'meta-pipeline' : container 'step-git-merge'. The execution of the pipeline has stopped.[0m

Showing logs for build [32mmeta-entando-entando-cms-pr-355-sd62v-1[0m stage [32mmeta-pipeline[0m and container [32mstep-credential-initializer-xz97f[0m
{"level":"warn","ts":1610090018.8676372,"logger":"fallback-logger","caller":"logging/config.go:69","msg":"Fetch GitHub commit ID from kodata failed: \"ref: refs/heads/0.8.0-**-support-backwards-incompats\" is not a valid GitHub commit ID"}
{"level":"info","ts":1610090018.8755367,"logger":"fallback-logger","caller":"creds-init/main.go:40","msg":"Credentials initialized."}

Showing logs for build [32mmeta-entando-entando-cms-pr-355-sd62v-1[0m stage [32mmeta-pipeline[0m and container [32mstep-working-dir-initializer-tjkwg[0m
{"level":"warn","ts":1610090020.4779332,"logger":"fallback-logger","caller":"logging/config.go:69","msg":"Fetch GitHub commit ID from kodata failed: open /var/run/ko/HEAD: no such file or directory"}
{"level":"info","ts":1610090020.499229,"logger":"fallback-logger","caller":"bash/main.go:64","msg":"Successfully e**cuted command \"sh -c mkdir -p /workspace/source\"; output "}

Showing logs for build [32mmeta-entando-entando-cms-pr-355-sd62v-1[0m stage [32mmeta-pipeline[0m and container [32mstep-place-tools[0m

Showing logs for build [32mmeta-entando-entando-cms-pr-355-sd62v-1[0m stage [32mmeta-pipeline[0m and container [32mstep-git-source-meta-entando-entando-cms-pr-355-wpd29[0m
{"level":"warn","ts":1610090031.228779,"logger":"fallback-logger","caller":"logging/config.go:69","msg":"Fetch GitHub commit ID from kodata failed: \"ref: refs/heads/0.8.0-**-support-backwards-incompats\" is not a valid GitHub commit ID"}
{"level":"info","ts":1610090033.2674477,"logger":"fallback-logger","caller":"git/git.go:103","msg":"Successfully cloned https://github.com/entando/entando-cms.git @ 83231f0f62e69df4a028360a05e01394edd84a42 in path /workspace/source"}

Showing logs for build [32mmeta-entando-entando-cms-pr-355-sd62v-1[0m stage [32mmeta-pipeline[0m and container [32mstep-git-merge[0m
Using SHAs from PULL_REFS=master:83231f0f62e69df4a028360a05e01394edd84a42,355:a7bfdf090cd1bd2674a0b5583e99c79751b3fc99
DEBUG: ran git fetch --unshallow origin a7bfdf090cd1bd2674a0b5583e99c79751b3fc99: 83231f0f62e69df4a028360a05e01394edd84a42: in 
DEBUG: ran git checkout master in 
DEBUG: ran git reset --hard 83231f0f62e69df4a028360a05e01394edd84a42 in 
DEBUG: ran clean --force -d . in 
error: error during merge: merging a7bfdf090cd1bd2674a0b5583e99c79751b3fc99 into master: git output: Auto-merging src/state/content-type/actions.js
Auto-merging package-lock.json
CONFLICT (content): Merge conflict in package-lock.json
Automatic merge failed; fix conflicts and then commit the result.: failed to run 'git merge a7bfdf090cd1bd2674a0b5583e99c79751b3fc99' command in directory '', output: 'Auto-merging src/state/content-type/actions.js
Auto-merging package-lock.json
CONFLICT (content): Merge conflict in package-lock.json
Automatic merge failed; fix conflicts and then commit the result.'
[31m
Pipeline failed on stage 'meta-pipeline' : container 'step-git-merge'. The execution of the pipeline has stopped.[0m

Showing logs for build [32mmeta-entando-entando-cms-pr-355-sd62v-1[0m stage [32mmeta-pipeline[0m and container [32mstep-credential-initializer-xz97f[0m
{"level":"warn","ts":1610090018.8676372,"logger":"fallback-logger","caller":"logging/config.go:69","msg":"Fetch GitHub commit ID from kodata failed: \"ref: refs/heads/0.8.0-**-support-backwards-incompats\" is not a valid GitHub commit ID"}
{"level":"info","ts":1610090018.8755367,"logger":"fallback-logger","caller":"creds-init/main.go:40","msg":"Credentials initialized."}

Showing logs for build [32mmeta-entando-entando-cms-pr-355-sd62v-1[0m stage [32mmeta-pipeline[0m and container [32mstep-working-dir-initializer-tjkwg[0m
{"level":"warn","ts":1610090020.4779332,"logger":"fallback-logger","caller":"logging/config.go:69","msg":"Fetch GitHub commit ID from kodata failed: open /var/run/ko/HEAD: no such file or directory"}
{"level":"info","ts":1610090020.499229,"logger":"fallback-logger","caller":"bash/main.go:64","msg":"Successfully e**cuted command \"sh -c mkdir -p /workspace/source\"; output "}

Showing logs for build [32mmeta-entando-entando-cms-pr-355-sd62v-1[0m stage [32mmeta-pipeline[0m and container [32mstep-place-tools[0m

Showing logs for build [32mmeta-entando-entando-cms-pr-355-sd62v-1[0m stage [32mmeta-pipeline[0m and container [32mstep-git-source-meta-entando-entando-cms-pr-355-wpd29[0m
{"level":"warn","ts":1610090031.228779,"logger":"fallback-logger","caller":"logging/config.go:69","msg":"Fetch GitHub commit ID from kodata failed: \"ref: refs/heads/0.8.0-**-support-backwards-incompats\" is not a valid GitHub commit ID"}
{"level":"info","ts":1610090033.2674477,"logger":"fallback-logger","caller":"git/git.go:103","msg":"Successfully cloned https://github.com/entando/entando-cms.git @ 83231f0f62e69df4a028360a05e01394edd84a42 in path /workspace/source"}

Showing logs for build [32mmeta-entando-entando-cms-pr-355-sd62v-1[0m stage [32mmeta-pipeline[0m and container [32mstep-git-merge[0m
Using SHAs from PULL_REFS=master:83231f0f62e69df4a028360a05e01394edd84a42,355:a7bfdf090cd1bd2674a0b5583e99c79751b3fc99
DEBUG: ran git fetch --unshallow origin a7bfdf090cd1bd2674a0b5583e99c79751b3fc99: 83231f0f62e69df4a028360a05e01394edd84a42: in 
DEBUG: ran git checkout master in 
DEBUG: ran git reset --hard 83231f0f62e69df4a028360a05e01394edd84a42 in 
DEBUG: ran clean --force -d . in 
error: error during merge: merging a7bfdf090cd1bd2674a0b5583e99c79751b3fc99 into master: git output: Auto-merging src/state/content-type/actions.js
Auto-merging package-lock.json
CONFLICT (content): Merge conflict in package-lock.json
Automatic merge failed; fix conflicts and then commit the result.: failed to run 'git merge a7bfdf090cd1bd2674a0b5583e99c79751b3fc99' command in directory '', output: 'Auto-merging src/state/content-type/actions.js
Auto-merging package-lock.json
CONFLICT (content): Merge conflict in package-lock.json
Automatic merge failed; fix conflicts and then commit the result.'
[31m
Pipeline failed on stage 'meta-pipeline' : container 'step-git-merge'. The execution of the pipeline has stopped.[0m

Showing logs for build [32mmeta-entando-entando-cms-pr-355-sd62v-1[0m stage [32mmeta-pipeline[0m and container [32mstep-credential-initializer-xz97f[0m
{"level":"warn","ts":1610090018.8676372,"logger":"fallback-logger","caller":"logging/config.go:69","msg":"Fetch GitHub commit ID from kodata failed: \"ref: refs/heads/0.8.0-**-support-backwards-incompats\" is not a valid GitHub commit ID"}
{"level":"info","ts":1610090018.8755367,"logger":"fallback-logger","caller":"creds-init/main.go:40","msg":"Credentials initialized."}

Showing logs for build [32mmeta-entando-entando-cms-pr-355-sd62v-1[0m stage [32mmeta-pipeline[0m and container [32mstep-working-dir-initializer-tjkwg[0m
{"level":"warn","ts":1610090020.4779332,"logger":"fallback-logger","caller":"logging/config.go:69","msg":"Fetch GitHub commit ID from kodata failed: open /var/run/ko/HEAD: no such file or directory"}
{"level":"info","ts":1610090020.499229,"logger":"fallback-logger","caller":"bash/main.go:64","msg":"Successfully e**cuted command \"sh -c mkdir -p /workspace/source\"; output "}

Showing logs for build [32mmeta-entando-entando-cms-pr-355-sd62v-1[0m stage [32mmeta-pipeline[0m and container [32mstep-place-tools[0m

Showing logs for build [32mmeta-entando-entando-cms-pr-355-sd62v-1[0m stage [32mmeta-pipeline[0m and container [32mstep-git-source-meta-entando-entando-cms-pr-355-wpd29[0m
{"level":"warn","ts":1610090031.228779,"logger":"fallback-logger","caller":"logging/config.go:69","msg":"Fetch GitHub commit ID from kodata failed: \"ref: refs/heads/0.8.0-**-support-backwards-incompats\" is not a valid GitHub commit ID"}
{"level":"info","ts":1610090033.2674477,"logger":"fallback-logger","caller":"git/git.go:103","msg":"Successfully cloned https://github.com/entando/entando-cms.git @ 83231f0f62e69df4a028360a05e01394edd84a42 in path /workspace/source"}

Showing logs for build [32mmeta-entando-entando-cms-pr-355-sd62v-1[0m stage [32mmeta-pipeline[0m and container [32mstep-git-merge[0m
Using SHAs from PULL_REFS=master:83231f0f62e69df4a028360a05e01394edd84a42,355:a7bfdf090cd1bd2674a0b5583e99c79751b3fc99
DEBUG: ran git fetch --unshallow origin a7bfdf090cd1bd2674a0b5583e99c79751b3fc99: 83231f0f62e69df4a028360a05e01394edd84a42: in 
DEBUG: ran git checkout master in 
DEBUG: ran git reset --hard 83231f0f62e69df4a028360a05e01394edd84a42 in 
DEBUG: ran clean --force -d . in 
error: error during merge: merging a7bfdf090cd1bd2674a0b5583e99c79751b3fc99 into master: git output: Auto-merging src/state/content-type/actions.js
Auto-merging package-lock.json
CONFLICT (content): Merge conflict in package-lock.json
Automatic merge failed; fix conflicts and then commit the result.: failed to run 'git merge a7bfdf090cd1bd2674a0b5583e99c79751b3fc99' command in directory '', output: 'Auto-merging src/state/content-type/actions.js
Auto-merging package-lock.json
CONFLICT (content): Merge conflict in package-lock.json
Automatic merge failed; fix conflicts and then commit the result.'
[31m
Pipeline failed on stage 'meta-pipeline' : container 'step-git-merge'. The execution of the pipeline has stopped.[0m

Showing logs for build [32mmeta-entando-entando-cms-pr-355-sd62v-1[0m stage [32mmeta-pipeline[0m and container [32mstep-credential-initializer-xz97f[0m
{"level":"warn","ts":1610090018.8676372,"logger":"fallback-logger","caller":"logging/config.go:69","msg":"Fetch GitHub commit ID from kodata failed: \"ref: refs/heads/0.8.0-**-support-backwards-incompats\" is not a valid GitHub commit ID"}
{"level":"info","ts":1610090018.8755367,"logger":"fallback-logger","caller":"creds-init/main.go:40","msg":"Credentials initialized."}

Showing logs for build [32mmeta-entando-entando-cms-pr-355-sd62v-1[0m stage [32mmeta-pipeline[0m and container [32mstep-working-dir-initializer-tjkwg[0m
{"level":"warn","ts":1610090020.4779332,"logger":"fallback-logger","caller":"logging/config.go:69","msg":"Fetch GitHub commit ID from kodata failed: open /var/run/ko/HEAD: no such file or directory"}
{"level":"info","ts":1610090020.499229,"logger":"fallback-logger","caller":"bash/main.go:64","msg":"Successfully e**cuted command \"sh -c mkdir -p /workspace/source\"; output "}

Showing logs for build [32mmeta-entando-entando-cms-pr-355-sd62v-1[0m stage [32mmeta-pipeline[0m and container [32mstep-place-tools[0m

Showing logs for build [32mmeta-entando-entando-cms-pr-355-sd62v-1[0m stage [32mmeta-pipeline[0m and container [32mstep-git-source-meta-entando-entando-cms-pr-355-wpd29[0m
{"level":"warn","ts":1610090031.228779,"logger":"fallback-logger","caller":"logging/config.go:69","msg":"Fetch GitHub commit ID from kodata failed: \"ref: refs/heads/0.8.0-**-support-backwards-incompats\" is not a valid GitHub commit ID"}
{"level":"info","ts":1610090033.2674477,"logger":"fallback-logger","caller":"git/git.go:103","msg":"Successfully cloned https://github.com/entando/entando-cms.git @ 83231f0f62e69df4a028360a05e01394edd84a42 in path /workspace/source"}

Showing logs for build [32mmeta-entando-entando-cms-pr-355-sd62v-1[0m stage [32mmeta-pipeline[0m and container [32mstep-git-merge[0m
Using SHAs from PULL_REFS=master:83231f0f62e69df4a028360a05e01394edd84a42,355:a7bfdf090cd1bd2674a0b5583e99c79751b3fc99
DEBUG: ran git fetch --unshallow origin a7bfdf090cd1bd2674a0b5583e99c79751b3fc99: 83231f0f62e69df4a028360a05e01394edd84a42: in 
DEBUG: ran git checkout master in 
DEBUG: ran git reset --hard 83231f0f62e69df4a028360a05e01394edd84a42 in 
DEBUG: ran clean --force -d . in 
error: error during merge: merging a7bfdf090cd1bd2674a0b5583e99c79751b3fc99 into master: git output: Auto-merging src/state/content-type/actions.js
Auto-merging package-lock.json
CONFLICT (content): Merge conflict in package-lock.json
Automatic merge failed; fix conflicts and then commit the result.: failed to run 'git merge a7bfdf090cd1bd2674a0b5583e99c79751b3fc99' command in directory '', output: 'Auto-merging src/state/content-type/actions.js
Auto-merging package-lock.json
CONFLICT (content): Merge conflict in package-lock.json
Automatic merge failed; fix conflicts and then commit the result.'
[31m
Pipeline failed on stage 'meta-pipeline' : container 'step-git-merge'. The execution of the pipeline has stopped.[0m

Showing logs for build [32mmeta-entando-entando-cms-pr-355-sd62v-1[0m stage [32mmeta-pipeline[0m and container [32mstep-credential-initializer-xz97f[0m
{"level":"warn","ts":1610090018.8676372,"logger":"fallback-logger","caller":"logging/config.go:69","msg":"Fetch GitHub commit ID from kodata failed: \"ref: refs/heads/0.8.0-**-support-backwards-incompats\" is not a valid GitHub commit ID"}
{"level":"info","ts":1610090018.8755367,"logger":"fallback-logger","caller":"creds-init/main.go:40","msg":"Credentials initialized."}

Showing logs for build [32mmeta-entando-entando-cms-pr-355-sd62v-1[0m stage [32mmeta-pipeline[0m and container [32mstep-working-dir-initializer-tjkwg[0m
{"level":"warn","ts":1610090020.4779332,"logger":"fallback-logger","caller":"logging/config.go:69","msg":"Fetch GitHub commit ID from kodata failed: open /var/run/ko/HEAD: no such file or directory"}
{"level":"info","ts":1610090020.499229,"logger":"fallback-logger","caller":"bash/main.go:64","msg":"Successfully e**cuted command \"sh -c mkdir -p /workspace/source\"; output "}

Showing logs for build [32mmeta-entando-entando-cms-pr-355-sd62v-1[0m stage [32mmeta-pipeline[0m and container [32mstep-place-tools[0m

Showing logs for build [32mmeta-entando-entando-cms-pr-355-sd62v-1[0m stage [32mmeta-pipeline[0m and container [32mstep-git-source-meta-entando-entando-cms-pr-355-wpd29[0m
{"level":"warn","ts":1610090031.228779,"logger":"fallback-logger","caller":"logging/config.go:69","msg":"Fetch GitHub commit ID from kodata failed: \"ref: refs/heads/0.8.0-**-support-backwards-incompats\" is not a valid GitHub commit ID"}
{"level":"info","ts":1610090033.2674477,"logger":"fallback-logger","caller":"git/git.go:103","msg":"Successfully cloned https://github.com/entando/entando-cms.git @ 83231f0f62e69df4a028360a05e01394edd84a42 in path /workspace/source"}

Showing logs for build [32mmeta-entando-entando-cms-pr-355-sd62v-1[0m stage [32mmeta-pipeline[0m and container [32mstep-git-merge[0m
Using SHAs from PULL_REFS=master:83231f0f62e69df4a028360a05e01394edd84a42,355:a7bfdf090cd1bd2674a0b5583e99c79751b3fc99
DEBUG: ran git fetch --unshallow origin a7bfdf090cd1bd2674a0b5583e99c79751b3fc99: 83231f0f62e69df4a028360a05e01394edd84a42: in 
DEBUG: ran git checkout master in 
DEBUG: ran git reset --hard 83231f0f62e69df4a028360a05e01394edd84a42 in 
DEBUG: ran clean --force -d . in 
error: error during merge: merging a7bfdf090cd1bd2674a0b5583e99c79751b3fc99 into master: git output: Auto-merging src/state/content-type/actions.js
Auto-merging package-lock.json
CONFLICT (content): Merge conflict in package-lock.json
Automatic merge failed; fix conflicts and then commit the result.: failed to run 'git merge a7bfdf090cd1bd2674a0b5583e99c79751b3fc99' command in directory '', output: 'Auto-merging src/state/content-type/actions.js
Auto-merging package-lock.json
CONFLICT (content): Merge conflict in package-lock.json
Automatic merge failed; fix conflicts and then commit the result.'
[31m
Pipeline failed on stage 'meta-pipeline' : container 'step-git-merge'. The execution of the pipeline has stopped.[0m
