
Showing logs for build [32mentando-entando-plugin-jpmail-m-wjqth-14[0m stage [32mfrom-build-pack[0m and container [32mstep-credential-initializer-zbz26[0m
Unable to retrieve container logs for docker://6c9df2a3b480610836badfceda5d626f438676b999ac380c060ea54d5a76ee08

Showing logs for build [32mentando-entando-plugin-jpmail-m-wjqth-14[0m stage [32mfrom-build-pack[0m and container [32mstep-working-dir-initializer-z7lfg[0m
Unable to retrieve container logs for docker://2d65f1523da79a638761869baacf815a14a104890575512d254f8c336e1ca07b

Showing logs for build [32mentando-entando-plugin-jpmail-m-wjqth-14[0m stage [32mfrom-build-pack[0m and container [32mstep-place-tools[0m
Unable to retrieve container logs for docker://1bbfb35530169632c7de10c31a9db57da512ae676149d401307fb20bc126c05e

Showing logs for build [32mentando-entando-plugin-jpmail-m-wjqth-14[0m stage [32mfrom-build-pack[0m and container [32mstep-git-source-entando-entando-plugin-jpmail-m-46ntv[0m
Unable to retrieve container logs for docker://5cd89449cb12277faa905e8210f480132dadc183910b9949024c7ef8556f372d

Showing logs for build [32mentando-entando-plugin-jpmail-m-wjqth-14[0m stage [32mfrom-build-pack[0m and container [32mstep-git-merge[0m
Unable to retrieve container logs for docker://f35b4abe7e19e871d787ee6dd9493831fce9f22be779f7347529143a33133d5c

Showing logs for build [32mentando-entando-plugin-jpmail-m-wjqth-14[0m stage [32mfrom-build-pack[0m and container [32mstep-setup-jx-git-credentials[0m
Unable to retrieve container logs for docker://9b44feb2c768606b22905c54265cd22d03a4426c3d9018701bfb53fcf6166533

Showing logs for build [32mentando-entando-plugin-jpmail-m-wjqth-14[0m stage [32mfrom-build-pack[0m and container [32mstep-build-fetch-history-for-sonar[0m
Unable to retrieve container logs for docker://7f180cd7e60a367b5f26ad5069ad2737919972420f6f9d1f756fb1434ef0bf44

Showing logs for build [32mentando-entando-plugin-jpmail-m-wjqth-14[0m stage [32mfrom-build-pack[0m and container [32mstep-build-mvn-deploy-release[0m
Unable to retrieve container logs for docker://12673ed7cb77a91c5a0c07c73b0dae28c9c233f1d102fd27bad7693b42842978

Showing logs for build [32mentando-entando-plugin-jpmail-m-wjqth-14[0m stage [32mfrom-build-pack[0m and container [32mstep-promote-changelog[0m
Unable to retrieve container logs for docker://30e1931fb975291b2f8f5fab1fb409778f06d5b6d0400a50712c2f30c70ffb03

Showing logs for build [32mentando-entando-plugin-jpmail-m-wjqth-14[0m stage [32mfrom-build-pack[0m and container [32mstep-promote-update-bom[0m
Unable to retrieve container logs for docker://9517daaec50fc1016eeb944709f0651883fec769a354c46f5c38aaa2c5461e32
