
Showing logs for build [32mentando-entando-plugin-jpmail-m-7tjtx-15[0m stage [32mfrom-build-pack[0m and container [32mstep-credential-initializer-8lhgx[0m
Unable to retrieve container logs for docker://6dd2dce222238141f72b703ac4e83f1fdf5c3b16ec229a1f735739e401aac224

Showing logs for build [32mentando-entando-plugin-jpmail-m-7tjtx-15[0m stage [32mfrom-build-pack[0m and container [32mstep-working-dir-initializer-x76g9[0m
Unable to retrieve container logs for docker://97f689b1d93ed94838029b4bfda23d6547253c88744dca454be48d99914a4975

Showing logs for build [32mentando-entando-plugin-jpmail-m-7tjtx-15[0m stage [32mfrom-build-pack[0m and container [32mstep-place-tools[0m
Unable to retrieve container logs for docker://a93157d63dac944134c556627571e85af5671603d756673f6e8badf41523e929

Showing logs for build [32mentando-entando-plugin-jpmail-m-7tjtx-15[0m stage [32mfrom-build-pack[0m and container [32mstep-git-source-entando-entando-plugin-jpmail-m-bwmmr[0m
Unable to retrieve container logs for docker://c721ee1d82431104f68fd4a58287246f149c38b44995950717608fef01b50a34

Showing logs for build [32mentando-entando-plugin-jpmail-m-7tjtx-15[0m stage [32mfrom-build-pack[0m and container [32mstep-git-merge[0m
Unable to retrieve container logs for docker://f04ccc7f270ff1397d1f6876a65eda7c99dd7d668215366ca422fc7000367059

Showing logs for build [32mentando-entando-plugin-jpmail-m-7tjtx-15[0m stage [32mfrom-build-pack[0m and container [32mstep-setup-jx-git-credentials[0m
Unable to retrieve container logs for docker://8a5b65133963f211041186bfc79b87059abd0c8a84f5b818b8a1e6441dfc560e

Showing logs for build [32mentando-entando-plugin-jpmail-m-7tjtx-15[0m stage [32mfrom-build-pack[0m and container [32mstep-build-fetch-history-for-sonar[0m
Unable to retrieve container logs for docker://f873005b7797c6354e3f016cdde2a9153ad1ac3670a823190c7cde427d21e403

Showing logs for build [32mentando-entando-plugin-jpmail-m-7tjtx-15[0m stage [32mfrom-build-pack[0m and container [32mstep-build-mvn-deploy-release[0m
Unable to retrieve container logs for docker://e6bc39390fd8423795f54e68461a026e4c8e04a2e61e2b7ef9e3b82747de3546

Showing logs for build [32mentando-entando-plugin-jpmail-m-7tjtx-15[0m stage [32mfrom-build-pack[0m and container [32mstep-promote-changelog[0m
Unable to retrieve container logs for docker://9e7bb54ff910e0428a8798918cd1dd34e96e4c0017524b35f5dc4b270454fa4e

Showing logs for build [32mentando-entando-plugin-jpmail-m-7tjtx-15[0m stage [32mfrom-build-pack[0m and container [32mstep-promote-update-bom[0m
Unable to retrieve container logs for docker://77ef871f5801562006021d47e5449f03f701e8554c12c47bd4b4355c9d074d72
