
Showing logs for build [32mentando-k8s-environment-entando-sslqt-2[0m stage [32mfrom-build-pack[0m and container [32mstep-credential-initializer-6zbpz[0m
{"level":"warn","ts":1605677871.4846177,"logger":"fallback-logger","caller":"logging/config.go:69","msg":"Fetch GitHub commit ID from kodata failed: \"ref: refs/heads/0.8.0-**-support-backwards-incompats\" is not a valid GitHub commit ID"}
{"level":"info","ts":1605677871.4927495,"logger":"fallback-logger","caller":"creds-init/main.go:40","msg":"Credentials initialized."}

Showing logs for build [32mentando-k8s-environment-entando-sslqt-2[0m stage [32mfrom-build-pack[0m and container [32mstep-working-dir-initializer-dm6ds[0m
{"level":"warn","ts":1605677873.2362375,"logger":"fallback-logger","caller":"logging/config.go:69","msg":"Fetch GitHub commit ID from kodata failed: open /var/run/ko/HEAD: no such file or directory"}
{"level":"info","ts":1605677873.2521124,"logger":"fallback-logger","caller":"bash/main.go:64","msg":"Successfully e**cuted command \"sh -c mkdir -p /workspace/source\"; output "}

Showing logs for build [32mentando-k8s-environment-entando-sslqt-2[0m stage [32mfrom-build-pack[0m and container [32mstep-place-tools[0m

Showing logs for build [32mentando-k8s-environment-entando-sslqt-2[0m stage [32mfrom-build-pack[0m and container [32mstep-git-source-entando-k8s-environment-entando-nx6wr[0m
{"level":"warn","ts":1605677966.244676,"logger":"fallback-logger","caller":"logging/config.go:69","msg":"Fetch GitHub commit ID from kodata failed: \"ref: refs/heads/0.8.0-**-support-backwards-incompats\" is not a valid GitHub commit ID"}
{"level":"info","ts":1605677967.4684927,"logger":"fallback-logger","caller":"git/git.go:103","msg":"Successfully cloned https://github.com/entando-k8s/environment-entando-**-staging.git @ master in path /workspace/source"}

Showing logs for build [32mentando-k8s-environment-entando-sslqt-2[0m stage [32mfrom-build-pack[0m and container [32mstep-git-merge[0m
Using SHAs from PULL_REFS=master:7489efd770f4b7815129cfe5c780ec8b5178d2a3,127:8f3e1a9a653d9772cacf5caa38f66bb4adaebe34
DEBUG: ran git fetch --unshallow origin 8f3e1a9a653d9772cacf5caa38f66bb4adaebe34: 7489efd770f4b7815129cfe5c780ec8b5178d2a3: in 
DEBUG: ran git checkout master in 
DEBUG: ran git reset --hard 7489efd770f4b7815129cfe5c780ec8b5178d2a3 in 
DEBUG: ran clean --force -d . in 
DEBUG: ran git merge 8f3e1a9a653d9772cacf5caa38f66bb4adaebe34 in 
Merged SHA 8f3e1a9a653d9772cacf5caa38f66bb4adaebe34 with commit message 'chore: Promote entando-k8s-controller-coordinator to version 6.2.17' into base branch master

Showing logs for build [32mentando-k8s-environment-entando-sslqt-2[0m stage [32mfrom-build-pack[0m and container [32mstep-build-helm-build[0m
WARNING: No $CHART_REPOSITORY defined so using the default value of: http://jenkins-x-chartmuseum:8080
Adding missing Helm repo: storage.googleapis.com https://storage.googleapis.com/chartmuseum.jenkins-x.io
Successfully added Helm repository storage.googleapis.com.
Adding missing Helm repo: jenkins-x-chartmuseum http://jenkins-x-chartmuseum:8080
Successfully added Helm repository jenkins-x-chartmuseum.
WARNING: No $CHART_REPOSITORY defined so using the default value of: http://jenkins-x-chartmuseum:8080
Adding missing Helm repo: chartmuseum.jenkins-x.io http://chartmuseum.jenkins-x.io
Successfully added Helm repository chartmuseum.jenkins-x.io.
