
Showing logs for build [32mentando-k8s-environment-entando-kqkwk-4[0m stage [32mfrom-build-pack[0m and container [32mstep-credential-initializer-4dfcl[0m
{"level":"warn","ts":1605678338.8301415,"logger":"fallback-logger","caller":"logging/config.go:69","msg":"Fetch GitHub commit ID from kodata failed: \"ref: refs/heads/0.8.0-**-support-backwards-incompats\" is not a valid GitHub commit ID"}
{"level":"info","ts":1605678338.836876,"logger":"fallback-logger","caller":"creds-init/main.go:40","msg":"Credentials initialized."}

Showing logs for build [32mentando-k8s-environment-entando-kqkwk-4[0m stage [32mfrom-build-pack[0m and container [32mstep-working-dir-initializer-c24n6[0m
{"level":"warn","ts":1605678340.2503006,"logger":"fallback-logger","caller":"logging/config.go:69","msg":"Fetch GitHub commit ID from kodata failed: open /var/run/ko/HEAD: no such file or directory"}
{"level":"info","ts":1605678340.2675724,"logger":"fallback-logger","caller":"bash/main.go:64","msg":"Successfully e**cuted command \"sh -c mkdir -p /workspace/source\"; output "}

Showing logs for build [32mentando-k8s-environment-entando-kqkwk-4[0m stage [32mfrom-build-pack[0m and container [32mstep-place-tools[0m

Showing logs for build [32mentando-k8s-environment-entando-kqkwk-4[0m stage [32mfrom-build-pack[0m and container [32mstep-git-source-entando-k8s-environment-entando-ddzfd[0m
{"level":"warn","ts":1605678366.644378,"logger":"fallback-logger","caller":"logging/config.go:69","msg":"Fetch GitHub commit ID from kodata failed: \"ref: refs/heads/0.8.0-**-support-backwards-incompats\" is not a valid GitHub commit ID"}
{"level":"info","ts":1605678367.8815405,"logger":"fallback-logger","caller":"git/git.go:103","msg":"Successfully cloned https://github.com/entando-k8s/environment-entando-**-staging.git @ master in path /workspace/source"}

Showing logs for build [32mentando-k8s-environment-entando-kqkwk-4[0m stage [32mfrom-build-pack[0m and container [32mstep-git-merge[0m
Using SHAs from PULL_REFS=master:3500715b43085c07cce83fd411895ce6273e24a5,127:8f3e1a9a653d9772cacf5caa38f66bb4adaebe34
DEBUG: ran git fetch --unshallow origin 8f3e1a9a653d9772cacf5caa38f66bb4adaebe34: 3500715b43085c07cce83fd411895ce6273e24a5: in 
DEBUG: ran git checkout master in 
DEBUG: ran git reset --hard 3500715b43085c07cce83fd411895ce6273e24a5 in 
DEBUG: ran clean --force -d . in 
DEBUG: ran git merge 8f3e1a9a653d9772cacf5caa38f66bb4adaebe34 in 

Showing logs for build [32mentando-k8s-environment-entando-kqkwk-4[0m stage [32mfrom-build-pack[0m and container [32mstep-build-helm-build[0m
WARNING: No $CHART_REPOSITORY defined so using the default value of: http://jenkins-x-chartmuseum:8080
Adding missing Helm repo: storage.googleapis.com https://storage.googleapis.com/chartmuseum.jenkins-x.io
Successfully added Helm repository storage.googleapis.com.
Adding missing Helm repo: jenkins-x-chartmuseum http://jenkins-x-chartmuseum:8080
Successfully added Helm repository jenkins-x-chartmuseum.
WARNING: No $CHART_REPOSITORY defined so using the default value of: http://jenkins-x-chartmuseum:8080
Adding missing Helm repo: chartmuseum.jenkins-x.io http://chartmuseum.jenkins-x.io
Successfully added Helm repository chartmuseum.jenkins-x.io.
