
Showing logs for build [32mentando-entando-portal-ui-pr-9-s8m6v-1[0m stage [32mfrom-build-pack[0m and container [32mstep-credential-initializer-lqwsm[0m
{"level":"warn","ts":1605793172.977293,"logger":"fallback-logger","caller":"logging/config.go:69","msg":"Fetch GitHub commit ID from kodata failed: \"ref: refs/heads/0.8.0-**-support-backwards-incompats\" is not a valid GitHub commit ID"}
{"level":"info","ts":1605793173.0006115,"logger":"fallback-logger","caller":"creds-init/main.go:40","msg":"Credentials initialized."}

Showing logs for build [32mentando-entando-portal-ui-pr-9-s8m6v-1[0m stage [32mfrom-build-pack[0m and container [32mstep-working-dir-initializer-87m8c[0m
{"level":"warn","ts":1605793175.9195592,"logger":"fallback-logger","caller":"logging/config.go:69","msg":"Fetch GitHub commit ID from kodata failed: open /var/run/ko/HEAD: no such file or directory"}
{"level":"info","ts":1605793175.94274,"logger":"fallback-logger","caller":"bash/main.go:64","msg":"Successfully e**cuted command \"sh -c mkdir -p /workspace/source\"; output "}

Showing logs for build [32mentando-entando-portal-ui-pr-9-s8m6v-1[0m stage [32mfrom-build-pack[0m and container [32mstep-place-tools[0m

Showing logs for build [32mentando-entando-portal-ui-pr-9-s8m6v-1[0m stage [32mfrom-build-pack[0m and container [32mstep-git-source-entando-entando-portal-ui-pr-9-xg2s6[0m
{"level":"warn","ts":1605793293.819323,"logger":"fallback-logger","caller":"logging/config.go:69","msg":"Fetch GitHub commit ID from kodata failed: \"ref: refs/heads/0.8.0-**-support-backwards-incompats\" is not a valid GitHub commit ID"}
{"level":"info","ts":1605793295.5461204,"logger":"fallback-logger","caller":"git/git.go:103","msg":"Successfully cloned https://github.com/entando/entando-portal-ui.git @ master in path /workspace/source"}

Showing logs for build [32mentando-entando-portal-ui-pr-9-s8m6v-1[0m stage [32mfrom-build-pack[0m and container [32mstep-git-merge[0m
Using SHAs from PULL_REFS=master:0cdbda78ccb101353334eea4227ccad02fa8febd,9:9bb6684e41b399bdf677b5389063256aed9a9558
DEBUG: ran git fetch --unshallow origin 9bb6684e41b399bdf677b5389063256aed9a9558: 0cdbda78ccb101353334eea4227ccad02fa8febd: in 
DEBUG: ran git checkout master in 
DEBUG: ran git reset --hard 0cdbda78ccb101353334eea4227ccad02fa8febd in 
DEBUG: ran clean --force -d . in 
DEBUG: ran git merge 9bb6684e41b399bdf677b5389063256aed9a9558 in 
Merged SHA 9bb6684e41b399bdf677b5389063256aed9a9558 with commit message 'ENG-1512: Added extra param "csp.header.extraConfig"' into base branch master

Showing logs for build [32mentando-entando-portal-ui-pr-9-s8m6v-1[0m stage [32mfrom-build-pack[0m and container [32mstep-build-set-version[0m
Picked up _JAVA_OPTIONS: -XX:+UnlockExperimentalVMOptions -Dsun.zip.disableMemoryMapping=true -XX:+UseParallelGC -XX:MinHeapFreeRatio=5 -XX:MaxHeapFreeRatio=10 -XX:GCTimeRatio=4 -XX:AdaptiveSizePolicyWeight=90 -Xms10m -Xmx8000m
[INFO] Scanning for projects...
[WARNING] The POM for org.eclipse.m2e:lifecycle-mapping:jar:1.0.0 is missing, no dependency information available
[WARNING] Failed to retrieve plugin descriptor for org.eclipse.m2e:lifecycle-mapping:1.0.0: Plugin org.eclipse.m2e:lifecycle-mapping:1.0.0 or one of its dependencies could not be resolved: Could not find artifact org.eclipse.m2e:lifecycle-mapping:jar:1.0.0 in nexus (http://nexus/repository/maven-group/)
[INFO] 
[INFO] ---------------< org.entando.entando:entando-portal-ui >----------------
[INFO] Building Entando Core: Portal UI 6.2.0-SNAPSHOT
[INFO] --------------------------------[ war ]---------------------------------
[WARNING] The POM for org.eclipse.m2e:lifecycle-mapping:jar:1.0.0 is missing, no dependency information available
[WARNING] Failed to retrieve plugin descriptor for org.eclipse.m2e:lifecycle-mapping:1.0.0: Plugin org.eclipse.m2e:lifecycle-mapping:1.0.0 or one of its dependencies could not be resolved: Failure to find org.eclipse.m2e:lifecycle-mapping:jar:1.0.0 in http://nexus/repository/maven-group/ was cached in the local repository, resolution will not be reattempted until the update interval of nexus has elapsed or updates are forced
[INFO] 
[INFO] --- versions-maven-plugin:2.8.1:set (default-cli) @ entando-portal-ui ---
[INFO] Local aggregation ****: /workspace/source
[INFO] Processing change of org.entando.entando:entando-portal-ui:6.2.0-SNAPSHOT -> 0.0.0-SNAPSHOT-PR-9-1
[INFO] Processing org.entando.entando:entando-portal-ui
[INFO]     Updating project org.entando.entando:entando-portal-ui
[INFO]         from version 6.2.0-SNAPSHOT to 0.0.0-SNAPSHOT-PR-9-1
[INFO] 
[INFO] ------------------------------------------------------------------------
[INFO] BUILD SUCCESS
[INFO] ------------------------------------------------------------------------
[INFO] Total time:  24.682 s
[INFO] Finished at: 2020-11-19T13:42:07Z
[INFO] ------------------------------------------------------------------------

Showing logs for build [32mentando-entando-portal-ui-pr-9-s8m6v-1[0m stage [32mfrom-build-pack[0m and container [32mstep-build-fix-git-for-sonar[0m
M	pom.xml
Switched to a new branch 'PR-9'
Deleted branch master (was 9bb6684).
From https://github.com/entando/entando-portal-ui
 * [new branch]      master            -> master
 * [new tag]         pia-crs4          -> pia-crs4
 * [new tag]         v4.2.0            -> v4.2.0
 * [new tag]         v4.3.2-RC1        -> v4.3.2-RC1
 * [new tag]         v5.0.0-pre        -> v5.0.0-pre
 * [new tag]         v6.2.0-sprint1-rc -> v6.2.0-sprint1-rc
 * [new tag]         v6.2.0-sprint2-rc -> v6.2.0-sprint2-rc
 * [new tag]         v6.2.0-sprint3-rc -> v6.2.0-sprint3-rc
 * [new tag]         v6.2.0-sprint4-rc -> v6.2.0-sprint4-rc
 * [new tag]         v6.2.0-sprint5-rc -> v6.2.0-sprint5-rc

Showing logs for build [32mentando-entando-portal-ui-pr-9-s8m6v-1[0m stage [32mfrom-build-pack[0m and container [32mstep-build-mvn-verify-pr[0m
  % Total    % Received % Xferd  Average Speed   Time    Time     Time  Current
                                 Dload  Upload   Total   Spent    Left  Speed
{
  "url": "https://api.github.com/repos/entando/entando-portal-ui/statuses/9bb6684e41b399bdf677b5389063256aed9a9558",
  "avatar_url": "https://avatars2.githubusercontent.com/u/57885396?v=4",
  "id": 11402364862,
  "node_id": "MDEzOlN0YXR1c0NvbnRleHQxMTQwMjM2NDg2Mg==",
  "state": "pending",
  "description": "Pre-deployment tests pending!",
  "target_url": "https://entando-k8s.github.io/devops-results/entando-portal-ui/PR-9/surefire-report.html",
  "context": "Pre-deployment tests",
  "created_at": "2020-11-19T13:42:11Z",
  "updated_at": "2020-11-19T13:42:11Z",
  "creator": {
    "login": "entando-**",
    "id": 57885396,
    "node_id": "MDQ6VXNlcjU3ODg1Mzk2",
    "avatar_url": "https://avatars2.githubusercontent.com/u/57885396?v=4",
    "gravatar_id": "",
    "url": "https://api.github.com/users/entando-**",
    "html_url": "https://github.com/**********",
    "followers_url": "https://api.github.com/users/**********/followers",
    "following_url": "https://api.github.com/users/entando-**/following{/other_user}",
    "gists_url": "https://api.github.com/users/**********/gists{/gist_id}",
    "starred_url": "https://api.github.com/users/**********/starred{/owner}{/repo}",
    "subscriptions_url": "https://api.github.com/users/entando-**/subscriptions",
    "organizations_url": "https://api.github.com/users/entando-**/orgs",
    "repos_url": "https://api.github.com/users/entando-**/repos",
    "events_url": "https://api.github.com/users/entando-**/events{/privacy}",
    "received_events_url": "https://api.github.com/users/entando-**/received_events",
    "type": "User",
    "site_*****": *****
  }
}
  0     0    0     0    0     0      0      0 --:--:-- --:--:-- --:--:--     0 11  1834    0     0  100   208      0    279 --:--:-- --:--:-- --:--:--   279100  1834  100  1626  100   208   2181    279 --:--:-- --:--:-- --:--:--  2188
  % Total    % Received % Xferd  Average Speed   Time    Time     Time  Current
                                 Dload  Upload   Total   Spent    Left  Speed
  0     0    0     0    0     0      0      0 --:--:-- --:--:-- --:--:--     0 10  1806    0     0  100   194      0    203 --:--:-- --:--:-- --:--:--   203100  1806  100  1612  100   194   1691    203 --:--:-- --:--:-- --:--:--  1691
{
  "url": "https://api.github.com/repos/entando/entando-portal-ui/statuses/9bb6684e41b399bdf677b5389063256aed9a9558",
  "avatar_url": "https://avatars2.githubusercontent.com/u/57885396?v=4",
  "id": 11402365062,
  "node_id": "MDEzOlN0YXR1c0NvbnRleHQxMTQwMjM2NTA2Mg==",
  "state": "pending",
  "description": "OWASP CVE pending!",
  "target_url": "https://entando-k8s.github.io/devops-results/entando-portal-ui/PR-9/dependency-check-report.html",
  "context": "OWASP CVE",
  "created_at": "2020-11-19T13:42:12Z",
  "updated_at": "2020-11-19T13:42:12Z",
  "creator": {
    "login": "entando-**",
    "id": 57885396,
    "node_id": "MDQ6VXNlcjU3ODg1Mzk2",
    "avatar_url": "https://avatars2.githubusercontent.com/u/57885396?v=4",
    "gravatar_id": "",
    "url": "https://api.github.com/users/entando-**",
    "html_url": "https://github.com/entando-**",
    "followers_url": "https://api.github.com/users/**********/followers",
    "following_url": "https://api.github.com/users/entando-**/following{/other_user}",
    "gists_url": "https://api.github.com/users/entando-**/gists{/gist_id}",
    "starred_url": "https://api.github.com/users/entando-**/starred{/owner}{/repo}",
    "subscriptions_url": "https://api.github.com/users/entando-**/subscriptions",
    "organizations_url": "https://api.github.com/users/**********/orgs",
    "repos_url": "https://api.github.com/users/entando-**/repos",
    "events_url": "https://api.github.com/users/**********/events{/privacy}",
    "received_events_url": "https://api.github.com/users/entando-**/received_events",
    "type": "User",
    "site_*****": *****
  }
}
Picked up _JAVA_OPTIONS: -XX:+UnlockExperimentalVMOptions -Dsun.zip.disableMemoryMapping=true -XX:+UseParallelGC -XX:MinHeapFreeRatio=5 -XX:MaxHeapFreeRatio=10 -XX:GCTimeRatio=4 -XX:AdaptiveSizePolicyWeight=90 -Xms10m -Xmx8000m
[INFO] Scanning for projects...
[WARNING] The POM for org.eclipse.m2e:lifecycle-mapping:jar:1.0.0 is missing, no dependency information available
[WARNING] Failed to retrieve plugin descriptor for org.eclipse.m2e:lifecycle-mapping:1.0.0: Plugin org.eclipse.m2e:lifecycle-mapping:1.0.0 or one of its dependencies could not be resolved: Failure to find org.eclipse.m2e:lifecycle-mapping:jar:1.0.0 in http://nexus/repository/maven-group/ was cached in the local repository, resolution will not be reattempted until the update interval of nexus has elapsed or updates are forced
[INFO] 
[INFO] ---------------< org.entando.entando:entando-portal-ui >----------------
[INFO] Building Entando Core: Portal UI 0.0.0-SNAPSHOT-PR-9-1
[INFO] --------------------------------[ war ]---------------------------------
[WARNING] The POM for com.sun.xml.bind:jaxb-impl:jar:2.2.11 is invalid, transitive dependencies (if any) will not be available, enable debug logging for more details
[INFO] 
[INFO] --- maven-checkstyle-plugin:3.1.1:check (validate) @ entando-portal-ui ---
[INFO] 
[INFO] --- maven-checkstyle-plugin:3.1.1:checkstyle (validate) @ entando-portal-ui ---
[INFO] 
[INFO] --- jacoco-maven-plugin:0.8.5:prepare-agent (prepare-agent) @ entando-portal-ui ---
[INFO] argLine set to -javaagent:/home/jenkins/.mvnrepository/org/jacoco/org.jacoco.agent/0.8.5/org.jacoco.agent-0.8.5-runtime.jar=destfile=/workspace/source/target/jacoco.e**c
[INFO] 
[INFO] --- maven-resources-plugin:2.5:resources (default-resources) @ entando-portal-ui ---
[debug] e**cute contextualize
[INFO] Using 'UTF-8' encoding to copy filtered resources.
[INFO] Copying 8 resources
[INFO] Copying 1 resource
[INFO] Copying 0 resource
[INFO] Copying 0 resource to META-INF
[INFO] 
[INFO] --- maven-compiler-plugin:3.8.1:compile (default-compile) @ entando-portal-ui ---
[INFO] Changes detected - recompiling the module!
[INFO] Compiling 20 source files to /workspace/source/target/classes
[INFO] /workspace/source/src/main/java/org/entando/entando/aps/******/services/controller/e**cutor/AbstractWidgetE**cutorService.java: Some input files use or override a deprecated API.
[INFO] /workspace/source/src/main/java/org/entando/entando/aps/******/services/controller/e**cutor/AbstractWidgetE**cutorService.java: Recompile with -Xlint:deprecation for details.
[INFO] -------------------------------------------------------------
[WARNING] COMPILATION WARNING : 
[INFO] -------------------------------------------------------------
[WARNING] /workspace/source/src/main/java/org/entando/entando/aps/******/services/controller/e**cutor/AbstractWidgetE**cutorService.java:[141,41] unchecked method invocation: method sort in class java.util.Collections is applied to given types
  required: java.util.List<T>,java.util.Comparator<? super T>
  found: java.util.List<com.agiletec.aps.tags.util.IFrameDecoratorContainer>,org.apache.commons.beanutils.BeanComparator
[WARNING] /workspace/source/src/main/java/org/entando/entando/aps/******/services/controller/e**cutor/AbstractWidgetE**cutorService.java:[141,55] unchecked conversion
  required: java.util.Comparator<? super T>
  found:    org.apache.commons.beanutils.BeanComparator
[WARNING] /workspace/source/src/main/java/org/entando/entando/aps/servlet/ControllerServlet.java:[139,123] unchecked cast
  required: java.util.List<org.entando.entando.aps.******.services.controller.e**cutor.E**cutorServiceInterface>
  found:    java.lang.Object
[WARNING] /workspace/source/src/main/java/org/entando/entando/aps/servlet/PreviewControllerServlet.java:[77,120] unchecked cast
  required: java.util.List<com.agiletec.aps.******.services.controller.control.ControlServiceInterface>
  found:    java.lang.Object
[INFO] 4 warnings 
[INFO] -------------------------------------------------------------
[INFO] -------------------------------------------------------------
[ERROR] COMPILATION ERROR : 
[INFO] -------------------------------------------------------------
[ERROR] /workspace/source/src/main/java/org/entando/entando/aps/servlet/ControllerServlet.java:[95,45] cannot find symbol
  symbol:   variable EXTRAPAR_CSP_NONCE_TOKEN
  location: interface com.agiletec.aps.******.SystemConstants
[ERROR] /workspace/source/src/main/java/org/entando/entando/aps/servlet/ControllerServlet.java:[98,68] cannot find symbol
  symbol:   variable PAR_CSP_HEADER_EXTRA_CONFIG
  location: interface com.agiletec.aps.******.SystemConstants
[INFO] 2 errors 
[INFO] -------------------------------------------------------------
[INFO] 
[INFO] ------------------------------------------------------------------------
[INFO] Skipping Entando Core: Portal UI
[INFO] This project has been banned from the build due to previous failures.
[INFO] ------------------------------------------------------------------------
[INFO] ------------------------------------------------------------------------
[INFO] BUILD FAILURE
[INFO] ------------------------------------------------------------------------
[INFO] Total time:  27.442 s
[INFO] Finished at: 2020-11-19T13:42:43Z
[INFO] ------------------------------------------------------------------------
[ERROR] Failed to e**cute goal org.apache.maven.plugins:maven-compiler-plugin:3.8.1:compile (default-compile) on project entando-portal-ui: Compilation failure: Compilation failure: 
[ERROR] /workspace/source/src/main/java/org/entando/entando/aps/servlet/ControllerServlet.java:[95,45] cannot find symbol
[ERROR]   symbol:   variable EXTRAPAR_CSP_NONCE_TOKEN
[ERROR]   location: interface com.agiletec.aps.******.SystemConstants
[ERROR] /workspace/source/src/main/java/org/entando/entando/aps/servlet/ControllerServlet.java:[98,68] cannot find symbol
[ERROR]   symbol:   variable PAR_CSP_HEADER_EXTRA_CONFIG
[ERROR]   location: interface com.agiletec.aps.******.SystemConstants
[ERROR] -> [Help 1]
[ERROR] 
[ERROR] To see the full stack trace of the errors, re-run Maven with the -e switch.
[ERROR] Re-run Maven using the -X switch to enable full debug logging.
[ERROR] 
[ERROR] For more information about the errors and possible solutions, please read the following articles:
[ERROR] [Help 1] http://cwiki.apache.org/confluence/display/MAVEN/MojoFailureException
Picked up _JAVA_OPTIONS: -XX:+UnlockExperimentalVMOptions -Dsun.zip.disableMemoryMapping=true -XX:+UseParallelGC -XX:MinHeapFreeRatio=5 -XX:MaxHeapFreeRatio=10 -XX:GCTimeRatio=4 -XX:AdaptiveSizePolicyWeight=90 -Xms10m -Xmx8000m
[INFO] Scanning for projects...
[INFO] 
[INFO] ---------------< org.entando.entando:entando-portal-ui >----------------
[INFO] Building Entando Core: Portal UI 0.0.0-SNAPSHOT-PR-9-1
[INFO] --------------------------------[ war ]---------------------------------
[WARNING] The POM for com.sun.xml.bind:jaxb-impl:jar:2.2.11 is invalid, transitive dependencies (if any) will not be available, enable debug logging for more details
[INFO] 
[INFO] --- maven-site-plugin:3.9.0:site (default-site) @ entando-portal-ui ---
[INFO] configuring report plugin org.apache.maven.plugins:maven-project-info-reports-plugin:3.0.0
[INFO] 9 reports configured for maven-project-info-reports-plugin:3.0.0: dependency-info, distribution-management, index, ci-management, issue-management, licenses, plugins, scm, summary
[INFO] Rendering site with default locale English (en)
[WARNING] Unable to find a URL to the parent project. The parent menu will NOT be added.
[INFO] Relativizing decoration links with respect to localized project URL: http://www.entando.com/
[INFO] Rendering content with org.apache.maven.skins:maven-default-skin:jar:1.3 skin.
[INFO] Generating "Dependency Information" report --- maven-project-info-reports-plugin:3.0.0:dependency-info
[INFO] Generating "About" report         --- maven-project-info-reports-plugin:3.0.0:index
[INFO] Generating "Issue Management" report --- maven-project-info-reports-plugin:3.0.0:issue-management
[INFO] Generating "Licenses" report      --- maven-project-info-reports-plugin:3.0.0:licenses
[INFO] Generating "Plugins" report       --- maven-project-info-reports-plugin:3.0.0:plugins
[INFO] Generating "Source Code Management" report --- maven-project-info-reports-plugin:3.0.0:scm
[INFO] Generating "Summary" report       --- maven-project-info-reports-plugin:3.0.0:summary
[INFO] ------------------------------------------------------------------------
[INFO] BUILD SUCCESS
[INFO] ------------------------------------------------------------------------
[INFO] Total time:  35.322 s
[INFO] Finished at: 2020-11-19T13:43:22Z
[INFO] ------------------------------------------------------------------------
shallow cloning https://github.com/entando-k8s/devops-results.git branch gh-pages
ran git init in /tmp/jenkins-x-collect246865475
ran git add remote origin https://github.com/entando-k8s/devops-results.git in /tmp/jenkins-x-collect246865475
ran git fetch origin --depth=1 gh-pages in dir /tmp/jenkins-x-collect246865475
Publishing https://raw.githubusercontent.com/entando-k8s/devops-results/gh-pages/entando-portal-ui/PR-9/css/maven-base.css
Publishing https://raw.githubusercontent.com/entando-k8s/devops-results/gh-pages/entando-portal-ui/PR-9/css/maven-theme.css
Publishing https://raw.githubusercontent.com/entando-k8s/devops-results/gh-pages/entando-portal-ui/PR-9/css/print.css
Publishing https://raw.githubusercontent.com/entando-k8s/devops-results/gh-pages/entando-portal-ui/PR-9/css/site.css
Publishing https://raw.githubusercontent.com/entando-k8s/devops-results/gh-pages/entando-portal-ui/PR-9/dependency-info.html
Publishing https://raw.githubusercontent.com/entando-k8s/devops-results/gh-pages/entando-portal-ui/PR-9/images/collapsed.gif
Publishing https://raw.githubusercontent.com/entando-k8s/devops-results/gh-pages/entando-portal-ui/PR-9/images/expanded.gif
Publishing https://raw.githubusercontent.com/entando-k8s/devops-results/gh-pages/entando-portal-ui/PR-9/images/external.png
Publishing https://raw.githubusercontent.com/entando-k8s/devops-results/gh-pages/entando-portal-ui/PR-9/images/icon_error_sml.gif
Publishing https://raw.githubusercontent.com/entando-k8s/devops-results/gh-pages/entando-portal-ui/PR-9/images/icon_info_sml.gif
Publishing https://raw.githubusercontent.com/entando-k8s/devops-results/gh-pages/entando-portal-ui/PR-9/images/icon_success_sml.gif
Publishing https://raw.githubusercontent.com/entando-k8s/devops-results/gh-pages/entando-portal-ui/PR-9/images/icon_warning_sml.gif
Publishing https://raw.githubusercontent.com/entando-k8s/devops-results/gh-pages/entando-portal-ui/PR-9/images/logos/build-by-maven-black.png
Publishing https://raw.githubusercontent.com/entando-k8s/devops-results/gh-pages/entando-portal-ui/PR-9/images/logos/build-by-maven-white.png
Publishing https://raw.githubusercontent.com/entando-k8s/devops-results/gh-pages/entando-portal-ui/PR-9/images/logos/maven-feather.png
Publishing https://raw.githubusercontent.com/entando-k8s/devops-results/gh-pages/entando-portal-ui/PR-9/images/newwindow.png
Publishing https://raw.githubusercontent.com/entando-k8s/devops-results/gh-pages/entando-portal-ui/PR-9/index.html
Publishing https://raw.githubusercontent.com/entando-k8s/devops-results/gh-pages/entando-portal-ui/PR-9/issue-management.html
Publishing https://raw.githubusercontent.com/entando-k8s/devops-results/gh-pages/entando-portal-ui/PR-9/licenses.html
Publishing https://raw.githubusercontent.com/entando-k8s/devops-results/gh-pages/entando-portal-ui/PR-9/plugins.html
Publishing https://raw.githubusercontent.com/entando-k8s/devops-results/gh-pages/entando-portal-ui/PR-9/project-info.html
Publishing https://raw.githubusercontent.com/entando-k8s/devops-results/gh-pages/entando-portal-ui/PR-9/scm.html
Publishing https://raw.githubusercontent.com/entando-k8s/devops-results/gh-pages/entando-portal-ui/PR-9/summary.html
stashed: https://raw.githubusercontent.com/entando-k8s/devops-results/gh-pages/entando-portal-ui/PR-9/css/maven-base.css
stashed: https://raw.githubusercontent.com/entando-k8s/devops-results/gh-pages/entando-portal-ui/PR-9/css/maven-theme.css
stashed: https://raw.githubusercontent.com/entando-k8s/devops-results/gh-pages/entando-portal-ui/PR-9/css/print.css
stashed: https://raw.githubusercontent.com/entando-k8s/devops-results/gh-pages/entando-portal-ui/PR-9/css/site.css
stashed: https://raw.githubusercontent.com/entando-k8s/devops-results/gh-pages/entando-portal-ui/PR-9/dependency-info.html
stashed: https://raw.githubusercontent.com/entando-k8s/devops-results/gh-pages/entando-portal-ui/PR-9/images/collapsed.gif
stashed: https://raw.githubusercontent.com/entando-k8s/devops-results/gh-pages/entando-portal-ui/PR-9/images/expanded.gif
stashed: https://raw.githubusercontent.com/entando-k8s/devops-results/gh-pages/entando-portal-ui/PR-9/images/external.png
stashed: https://raw.githubusercontent.com/entando-k8s/devops-results/gh-pages/entando-portal-ui/PR-9/images/icon_error_sml.gif
stashed: https://raw.githubusercontent.com/entando-k8s/devops-results/gh-pages/entando-portal-ui/PR-9/images/icon_info_sml.gif
stashed: https://raw.githubusercontent.com/entando-k8s/devops-results/gh-pages/entando-portal-ui/PR-9/images/icon_success_sml.gif
stashed: https://raw.githubusercontent.com/entando-k8s/devops-results/gh-pages/entando-portal-ui/PR-9/images/icon_warning_sml.gif
stashed: https://raw.githubusercontent.com/entando-k8s/devops-results/gh-pages/entando-portal-ui/PR-9/images/logos/build-by-maven-black.png
stashed: https://raw.githubusercontent.com/entando-k8s/devops-results/gh-pages/entando-portal-ui/PR-9/images/logos/build-by-maven-white.png
stashed: https://raw.githubusercontent.com/entando-k8s/devops-results/gh-pages/entando-portal-ui/PR-9/images/logos/maven-feather.png
stashed: https://raw.githubusercontent.com/entando-k8s/devops-results/gh-pages/entando-portal-ui/PR-9/images/newwindow.png
stashed: https://raw.githubusercontent.com/entando-k8s/devops-results/gh-pages/entando-portal-ui/PR-9/index.html
stashed: https://raw.githubusercontent.com/entando-k8s/devops-results/gh-pages/entando-portal-ui/PR-9/issue-management.html
stashed: https://raw.githubusercontent.com/entando-k8s/devops-results/gh-pages/entando-portal-ui/PR-9/licenses.html
stashed: https://raw.githubusercontent.com/entando-k8s/devops-results/gh-pages/entando-portal-ui/PR-9/plugins.html
stashed: https://raw.githubusercontent.com/entando-k8s/devops-results/gh-pages/entando-portal-ui/PR-9/project-info.html
stashed: https://raw.githubusercontent.com/entando-k8s/devops-results/gh-pages/entando-portal-ui/PR-9/scm.html
stashed: https://raw.githubusercontent.com/entando-k8s/devops-results/gh-pages/entando-portal-ui/PR-9/summary.html
error: etcdserver: request is too large
No pre-deployment test results found for entando-portal-ui-PR-9.
  % Total    % Received % Xferd  Average Speed   Time    Time     Time  Current
                                 Dload  Upload   Total   Spent    Left  Speed
  0     0    0     0    0     0      0      0 --:--:-- --:--:-- --:--:--     0100  1874  100  1646  100   228   2204    305 --:--:-- --:--:-- --:--:--  2218
No OWASP dependency check found for entando-portal-ui-PR-9.
{
  "url": "https://api.github.com/repos/entando/entando-portal-ui/statuses/9bb6684e41b399bdf677b5389063256aed9a9558",
  "avatar_url": "https://avatars2.githubusercontent.com/u/57885396?v=4",
  "id": 11402381585,
  "node_id": "MDEzOlN0YXR1c0NvbnRleHQxMTQwMjM4MTU4NQ==",
  "state": "pending",
  "description": "No pre-deployment test results produced by build!",
  "target_url": "https://entando-k8s.github.io/devops-results/entando-portal-ui/PR-9/surefire-report.html",
  "context": "Pre-deployment tests",
  "created_at": "2020-11-19T13:43:46Z",
  "updated_at": "2020-11-19T13:43:46Z",
  "creator": {
    "login": "entando-**",
    "id": 57885396,
    "node_id": "MDQ6VXNlcjU3ODg1Mzk2",
    "avatar_url": "https://avatars2.githubusercontent.com/u/57885396?v=4",
    "gravatar_id": "",
    "url": "https://api.github.com/users/**********",
    "html_url": "https://github.com/entando-**",
    "followers_url": "https://api.github.com/users/**********/followers",
    "following_url": "https://api.github.com/users/**********/following{/other_user}",
    "gists_url": "https://api.github.com/users/**********/gists{/gist_id}",
    "starred_url": "https://api.github.com/users/entando-**/starred{/owner}{/repo}",
    "subscriptions_url": "https://api.github.com/users/entando-**/subscriptions",
    "organizations_url": "https://api.github.com/users/entando-**/orgs",
    "repos_url": "https://api.github.com/users/entando-**/repos",
    "events_url": "https://api.github.com/users/**********/events{/privacy}",
    "received_events_url": "https://api.github.com/users/**********/received_events",
    "type": "User",
    "site_*****": *****
  }
}
  % Total    % Received % Xferd  Average Speed   Time    Time     Time  Current
                                 Dload  Upload   Total   Spent    Left  Speed
  0     0    0     0    0     0      0      0 --:--:-- --:--:-- --:--:--     0 12  1874    0     0  100   228      0    282 --:--:-- --:--:-- --:--:--   283100  1874  100  1646  100   228   2041    282 --:--:-- --:--:-- --:--:--  2047
{
  "url": "https://api.github.com/repos/entando/entando-portal-ui/statuses/9bb6684e41b399bdf677b5389063256aed9a9558",
  "avatar_url": "https://avatars2.githubusercontent.com/u/57885396?v=4",
  "id": 11402381695,
  "node_id": "MDEzOlN0YXR1c0NvbnRleHQxMTQwMjM4MTY5NQ==",
  "state": "pending",
  "description": "No OWASP dependency check results produced by build!",
  "target_url": "https://entando-k8s.github.io/devops-results/entando-portal-ui/PR-9/dependency-check-report.html",
  "context": "OWASP CVE",
  "created_at": "2020-11-19T13:43:46Z",
  "updated_at": "2020-11-19T13:43:46Z",
  "creator": {
    "login": "**********",
    "id": 57885396,
    "node_id": "MDQ6VXNlcjU3ODg1Mzk2",
    "avatar_url": "https://avatars2.githubusercontent.com/u/57885396?v=4",
    "gravatar_id": "",
    "url": "https://api.github.com/users/entando-**",
    "html_url": "https://github.com/**********",
    "followers_url": "https://api.github.com/users/**********/followers",
    "following_url": "https://api.github.com/users/entando-**/following{/other_user}",
    "gists_url": "https://api.github.com/users/**********/gists{/gist_id}",
    "starred_url": "https://api.github.com/users/entando-**/starred{/owner}{/repo}",
    "subscriptions_url": "https://api.github.com/users/**********/subscriptions",
    "organizations_url": "https://api.github.com/users/**********/orgs",
    "repos_url": "https://api.github.com/users/entando-**/repos",
    "events_url": "https://api.github.com/users/**********/events{/privacy}",
    "received_events_url": "https://api.github.com/users/**********/received_events",
    "type": "User",
    "site_*****": *****
  }
}
The following checks failed for entando-portal-ui-PR-9:
No pre-deployment test results produced by build
No OWASP dependency check results produced by build
[31m
Pipeline failed on stage 'from-build-pack' : container 'step-build-mvn-verify-pr'. The execution of the pipeline has stopped.[0m
