
Showing logs for build [32mentando-k8s-entando-component-m-l799r-1[0m stage [32mfrom-build-pack[0m and container [32mstep-credential-initializer-dbq6t[0m
Unable to retrieve container logs for docker://b07ed0e0294cf6151f4d32aba353b00ba2904862fbd16977aa7ec1fb03aca903

Showing logs for build [32mentando-k8s-entando-component-m-l799r-1[0m stage [32mfrom-build-pack[0m and container [32mstep-working-dir-initializer-n4nkk[0m
Unable to retrieve container logs for docker://d92367ab589e32782a00691faecfcf1eb313608687dc67380cf46820804eea07

Showing logs for build [32mentando-k8s-entando-component-m-l799r-1[0m stage [32mfrom-build-pack[0m and container [32mstep-place-tools[0m
Unable to retrieve container logs for docker://2b43540fecbbe56e6a538e6a444dc237006b933d7814c30e9398dcbdc1756476

Showing logs for build [32mentando-k8s-entando-component-m-l799r-1[0m stage [32mfrom-build-pack[0m and container [32mstep-git-source-entando-k8s-entando-component-m-qdmqm[0m
Unable to retrieve container logs for docker://0e03242ede7a1a0e02df758cbc9f2f76c3e3042422c3997705d7fde15c1c5e7f

Showing logs for build [32mentando-k8s-entando-component-m-l799r-1[0m stage [32mfrom-build-pack[0m and container [32mstep-git-merge[0m
Unable to retrieve container logs for docker://d3183cd50a3dbd4e4b0ad23ce27c5a625e84b626f8216c70aee71842d732200e

Showing logs for build [32mentando-k8s-entando-component-m-l799r-1[0m stage [32mfrom-build-pack[0m and container [32mstep-build-set-version[0m
Unable to retrieve container logs for docker://9e60b817f1f5e04a3297b4e4921f0469122e03ad22ce3d7d64c2222fd8f81e6b

Showing logs for build [32mentando-k8s-entando-component-m-l799r-1[0m stage [32mfrom-build-pack[0m and container [32mstep-build-fix-git-for-sonar[0m
Unable to retrieve container logs for docker://bc28e24b6466803ca53012cd817dd779f793d38a8b7a0073455eec590d4e9a42

Showing logs for build [32mentando-k8s-entando-component-m-l799r-1[0m stage [32mfrom-build-pack[0m and container [32mstep-build-mvn-verify-pr[0m
Unable to retrieve container logs for docker://d995a19a05d69760b3dac46487640b6d6f513f43b4d64f1f3ab0be2e7a285c2f

Showing logs for build [32mentando-k8s-entando-component-m-l799r-1[0m stage [32mfrom-build-pack[0m and container [32mstep-build-container-build[0m
Unable to retrieve container logs for docker://91203ec461171128b903785ce50c5b508eea84da113a5c6b767ee2f318b26d22

Showing logs for build [32mentando-k8s-entando-component-m-l799r-1[0m stage [32mfrom-build-pack[0m and container [32mstep-postbuild-post-build[0m
Unable to retrieve container logs for docker://0ac9e0a9697c767442b56e6e730be44f99b6c5efe0b5544f2805eedf0bca1f4c

Showing logs for build [32mentando-k8s-entando-component-m-l799r-1[0m stage [32mfrom-build-pack[0m and container [32mstep-promote-make-preview[0m
Unable to retrieve container logs for docker://47e95bafb14ce46f5bf4fad99424815e2db141c157c35606ace2ccdf6a52186a
[31m
Pipeline failed on stage 'from-build-pack' : container 'step-promote-make-preview'. The execution of the pipeline has stopped.[0m
