
Showing logs for build [32mentando-k8s-entando-component-m-vj99k-2[0m stage [32mfrom-build-pack[0m and container [32mstep-credential-initializer-dmww5[0m
Unable to retrieve container logs for docker://39aea4a486b3ee126b7e76e7d9fcea254c20c1ffe13f8c4009cf00c17927442b

Showing logs for build [32mentando-k8s-entando-component-m-vj99k-2[0m stage [32mfrom-build-pack[0m and container [32mstep-working-dir-initializer-z7hn9[0m
Unable to retrieve container logs for docker://11c8e796c20df1731e54d9651eeadc0c150bddccf313ca0415e71801e3353625

Showing logs for build [32mentando-k8s-entando-component-m-vj99k-2[0m stage [32mfrom-build-pack[0m and container [32mstep-place-tools[0m
Unable to retrieve container logs for docker://0132e18cdfb8e31e8099d4043a6cfe6afa5fb640b38ee121f8d19abb033bb209

Showing logs for build [32mentando-k8s-entando-component-m-vj99k-2[0m stage [32mfrom-build-pack[0m and container [32mstep-git-source-entando-k8s-entando-component-m-j798k[0m
Unable to retrieve container logs for docker://bfe92cb28c78c24628441cd40847894d19dd4fe08bcdd0646343f2b457875922

Showing logs for build [32mentando-k8s-entando-component-m-vj99k-2[0m stage [32mfrom-build-pack[0m and container [32mstep-git-merge[0m
Unable to retrieve container logs for docker://9d2e805da491457b3c58fb32ae21e313bc1e283d2edcef4dc236e5178935b54b

Showing logs for build [32mentando-k8s-entando-component-m-vj99k-2[0m stage [32mfrom-build-pack[0m and container [32mstep-build-set-version[0m
Unable to retrieve container logs for docker://9ff9e0691ed8953bd27f9da68563cd0e083d81ee65841361c14227c9f54aab14

Showing logs for build [32mentando-k8s-entando-component-m-vj99k-2[0m stage [32mfrom-build-pack[0m and container [32mstep-build-fix-git-for-sonar[0m
Unable to retrieve container logs for docker://857bb51865cc0a5fa4a463ca0d417a3c52f4c9c8273bcb14ff31e0f471063b52

Showing logs for build [32mentando-k8s-entando-component-m-vj99k-2[0m stage [32mfrom-build-pack[0m and container [32mstep-build-mvn-verify-pr[0m
Unable to retrieve container logs for docker://96e354e45db9110af9e97c02138c91696d69fbc68b34f4315b617d7e8b1fe455

Showing logs for build [32mentando-k8s-entando-component-m-vj99k-2[0m stage [32mfrom-build-pack[0m and container [32mstep-build-container-build[0m
Unable to retrieve container logs for docker://0e448b63044845109edd24e5f9cd6969c1594d376957ab4d0c82c56f30c8a257

Showing logs for build [32mentando-k8s-entando-component-m-vj99k-2[0m stage [32mfrom-build-pack[0m and container [32mstep-postbuild-post-build[0m
Unable to retrieve container logs for docker://14367ea124e6b828ce78f991fb776f1808efd17e6185ac5edfb324179e319e5e

Showing logs for build [32mentando-k8s-entando-component-m-vj99k-2[0m stage [32mfrom-build-pack[0m and container [32mstep-promote-make-preview[0m
Unable to retrieve container logs for docker://50fe9b4083f41c46e6b99543e96d5223d0aa694fae124873ef18f7e38a58702c
[31m
Pipeline failed on stage 'from-build-pack' : container 'step-promote-make-preview'. The execution of the pipeline has stopped.[0m
