
Showing logs for build [32mentando-k8s-entando-component-m-7lv6z-3[0m stage [32mfrom-build-pack[0m and container [32mstep-credential-initializer-8jvsb[0m
Unable to retrieve container logs for docker://451975967ad30240add0956d0a18b330642f5ef051fa7e1265d0fcd146e0840b

Showing logs for build [32mentando-k8s-entando-component-m-7lv6z-3[0m stage [32mfrom-build-pack[0m and container [32mstep-working-dir-initializer-7tqwq[0m
Unable to retrieve container logs for docker://c2c6f6dac2a4e90a4dbbd41bcf669c281038650ba546fb2fe5a41571e7121756

Showing logs for build [32mentando-k8s-entando-component-m-7lv6z-3[0m stage [32mfrom-build-pack[0m and container [32mstep-place-tools[0m
Unable to retrieve container logs for docker://fc32d3bb63833a1625c56497b41faa425941f8324e3866789e57c6ae8dfd515b

Showing logs for build [32mentando-k8s-entando-component-m-7lv6z-3[0m stage [32mfrom-build-pack[0m and container [32mstep-git-source-entando-k8s-entando-component-m-h2vj9[0m
Unable to retrieve container logs for docker://39420e6c05af300174ca27623c7bd739e13495130b44672a0903841a3793716e

Showing logs for build [32mentando-k8s-entando-component-m-7lv6z-3[0m stage [32mfrom-build-pack[0m and container [32mstep-git-merge[0m
Unable to retrieve container logs for docker://d9c5818a8317096ac305a8c35acdfd43330006c801a52a3ba52e19630891bb34

Showing logs for build [32mentando-k8s-entando-component-m-7lv6z-3[0m stage [32mfrom-build-pack[0m and container [32mstep-build-set-version[0m
Unable to retrieve container logs for docker://f2acfbc8b9c94709c7de385086e72065698705b0edf5450877a554e3438769c2

Showing logs for build [32mentando-k8s-entando-component-m-7lv6z-3[0m stage [32mfrom-build-pack[0m and container [32mstep-build-fix-git-for-sonar[0m
Unable to retrieve container logs for docker://2a32acc2c9e27b27c2037707f55fce3cd3747a9c94422532dc40cb1056df8518

Showing logs for build [32mentando-k8s-entando-component-m-7lv6z-3[0m stage [32mfrom-build-pack[0m and container [32mstep-build-mvn-verify-pr[0m
Unable to retrieve container logs for docker://9a982b5a9599a2313e8bc974e91bbd1708eef9f8db956c5dab3caf4b682c9e37

Showing logs for build [32mentando-k8s-entando-component-m-7lv6z-3[0m stage [32mfrom-build-pack[0m and container [32mstep-build-container-build[0m
Unable to retrieve container logs for docker://8f3d103a0cd82e07a6bd2e14b014dd1b29ff7b78ed69585b11326610fdf97a71

Showing logs for build [32mentando-k8s-entando-component-m-7lv6z-3[0m stage [32mfrom-build-pack[0m and container [32mstep-postbuild-post-build[0m
Unable to retrieve container logs for docker://11bec9a9b9437d51d3051806b5d7e7625425519d67ccf6226319a69b56712528

Showing logs for build [32mentando-k8s-entando-component-m-7lv6z-3[0m stage [32mfrom-build-pack[0m and container [32mstep-promote-make-preview[0m
Unable to retrieve container logs for docker://72fd24b295b8a130a2f774ad3ae6ce28b57154cd67becf36d5b3b03ef65cb342
[31m
Pipeline failed on stage 'from-build-pack' : container 'step-promote-make-preview'. The execution of the pipeline has stopped.[0m
