
Showing logs for build [32mentando-k8s-entando-component-m-4w8c9-4[0m stage [32mfrom-build-pack[0m and container [32mstep-credential-initializer-4l6st[0m
Unable to retrieve container logs for docker://51c476390c31180cf3ef33a7e3f03b65b43186af67220d7184d862557321db25

Showing logs for build [32mentando-k8s-entando-component-m-4w8c9-4[0m stage [32mfrom-build-pack[0m and container [32mstep-working-dir-initializer-5b9zd[0m
Unable to retrieve container logs for docker://cd2bf421ab718a649bd9a1eb42642260e4d016c990c57b1552a27528c9d8406a

Showing logs for build [32mentando-k8s-entando-component-m-4w8c9-4[0m stage [32mfrom-build-pack[0m and container [32mstep-place-tools[0m
Unable to retrieve container logs for docker://69baa82941de1e3244264d4ae48b645021072c2289c1c807efe6c7c2b8766140

Showing logs for build [32mentando-k8s-entando-component-m-4w8c9-4[0m stage [32mfrom-build-pack[0m and container [32mstep-git-source-entando-k8s-entando-component-m-c8gwj[0m
Unable to retrieve container logs for docker://7962c57f3bb9275c5528aa139949043dcced36ad7e618f7c27574f79c213f044

Showing logs for build [32mentando-k8s-entando-component-m-4w8c9-4[0m stage [32mfrom-build-pack[0m and container [32mstep-git-merge[0m
Unable to retrieve container logs for docker://605acd1d1c055f3c9e7c3814a7273909cdfd51869bbda356a3599aabb4e5f612

Showing logs for build [32mentando-k8s-entando-component-m-4w8c9-4[0m stage [32mfrom-build-pack[0m and container [32mstep-build-set-version[0m
Unable to retrieve container logs for docker://657e79fe384a7d6c72b3df48800c3b6e1e77940b7acb9d0bb212bc4a13c3f825

Showing logs for build [32mentando-k8s-entando-component-m-4w8c9-4[0m stage [32mfrom-build-pack[0m and container [32mstep-build-fix-git-for-sonar[0m
Unable to retrieve container logs for docker://ddfcc16c9d56340c5da683b6d40d9e751a6c5c77a39a6a58ce932280dc29cf10

Showing logs for build [32mentando-k8s-entando-component-m-4w8c9-4[0m stage [32mfrom-build-pack[0m and container [32mstep-build-mvn-verify-pr[0m
Unable to retrieve container logs for docker://95f91e65fcfa1a2cb6cadf011a992a6cdbd39267a783ff2e8f94c1909a119d70

Showing logs for build [32mentando-k8s-entando-component-m-4w8c9-4[0m stage [32mfrom-build-pack[0m and container [32mstep-build-container-build[0m
Unable to retrieve container logs for docker://b693633cabe3f83d1615509059838b093a9c1ca06e72ef4bd4fb1f533f83fe0c

Showing logs for build [32mentando-k8s-entando-component-m-4w8c9-4[0m stage [32mfrom-build-pack[0m and container [32mstep-postbuild-post-build[0m
Unable to retrieve container logs for docker://7db1d27f9b67df7182406906c6c7f54afd93a88e6d36a125096975f0eb75fb06

Showing logs for build [32mentando-k8s-entando-component-m-4w8c9-4[0m stage [32mfrom-build-pack[0m and container [32mstep-promote-make-preview[0m
Unable to retrieve container logs for docker://78b563dceca71f06eea29f7301be8d3ff5b97db0dbf37f3180aab7d0cef3f537

Showing logs for build [32mentando-k8s-entando-component-m-4w8c9-4[0m stage [32mfrom-build-pack[0m and container [32mstep-promote-jx-preview[0m
Unable to retrieve container logs for docker://7de7c49bae5ed109bd267c332fabdb53f22d7075d7cd7f42b982ba868cda4358

Showing logs for build [32mentando-k8s-entando-component-m-4w8c9-4[0m stage [32mfrom-build-pack[0m and container [32mstep-promote-run-post-deployment-tests[0m
Unable to retrieve container logs for docker://0bd04a57e73b397160d5b22ceadd773a9ee8a7061b5177017fce148f7b788226
