
Showing logs for build [32mentando-entando-plugin-jacms-pr-9vsj6-25[0m stage [32mfrom-build-pack[0m and container [32mstep-credential-initializer-h5qdd[0m
{"level":"warn","ts":1605725293.6775272,"logger":"fallback-logger","caller":"logging/config.go:69","msg":"Fetch GitHub commit ID from kodata failed: \"ref: refs/heads/0.8.0-**-support-backwards-incompats\" is not a valid GitHub commit ID"}
{"level":"info","ts":1605725293.6939733,"logger":"fallback-logger","caller":"creds-init/main.go:40","msg":"Credentials initialized."}

Showing logs for build [32mentando-entando-plugin-jacms-pr-9vsj6-25[0m stage [32mfrom-build-pack[0m and container [32mstep-working-dir-initializer-ct9ws[0m
{"level":"warn","ts":1605725295.2915614,"logger":"fallback-logger","caller":"logging/config.go:69","msg":"Fetch GitHub commit ID from kodata failed: open /var/run/ko/HEAD: no such file or directory"}
{"level":"info","ts":1605725295.3158972,"logger":"fallback-logger","caller":"bash/main.go:64","msg":"Successfully e**cuted command \"sh -c mkdir -p /workspace/source\"; output "}

Showing logs for build [32mentando-entando-plugin-jacms-pr-9vsj6-25[0m stage [32mfrom-build-pack[0m and container [32mstep-place-tools[0m

Showing logs for build [32mentando-entando-plugin-jacms-pr-9vsj6-25[0m stage [32mfrom-build-pack[0m and container [32mstep-git-source-entando-entando-plugin-jacms-pr-q79fq[0m
{"level":"warn","ts":1605725325.0553973,"logger":"fallback-logger","caller":"logging/config.go:69","msg":"Fetch GitHub commit ID from kodata failed: \"ref: refs/heads/0.8.0-**-support-backwards-incompats\" is not a valid GitHub commit ID"}
{"level":"info","ts":1605725327.7207022,"logger":"fallback-logger","caller":"git/git.go:103","msg":"Successfully cloned https://github.com/entando/entando-plugin-jacms.git @ master in path /workspace/source"}

Showing logs for build [32mentando-entando-plugin-jacms-pr-9vsj6-25[0m stage [32mfrom-build-pack[0m and container [32mstep-git-merge[0m
Using SHAs from PULL_REFS=master:5ab4bf762045973db57d29826fb22eb89a4ab938,56:e1335ebefb2cc03bbb4aaeeca31f600b73e8b347
DEBUG: ran git fetch --unshallow origin e1335ebefb2cc03bbb4aaeeca31f600b73e8b347: 5ab4bf762045973db57d29826fb22eb89a4ab938: in 
DEBUG: ran git checkout master in 
DEBUG: ran git reset --hard 5ab4bf762045973db57d29826fb22eb89a4ab938 in 
DEBUG: ran clean --force -d . in 
DEBUG: ran git merge e1335ebefb2cc03bbb4aaeeca31f600b73e8b347 in 
Merged SHA e1335ebefb2cc03bbb4aaeeca31f600b73e8b347 with commit message 'Merge branch 'master' into ENG-1442-add-to-the-cms-api-to-check-existence-of-a-set-of-cms-objects' into base branch master
Merged SHA 70d05ae6deb359d8bbe8739a626e43ddc50744f0 with commit message 'ENG-1442 integrations tests' into base branch master
Merged SHA 1cf19c98f6d758794ad7d4263d4d73f7dd027a06 with commit message 'ENG-1442 removing page widgets validation when creating a Content with LinkAttribute' into base branch master
Merged SHA 81e9a88de8d5e5eeeceda12ea8c8ea651adb6b7f with commit message 'ENG-1442 Added ability to set the content id when creating a content' into base branch master
Merged SHA 32ec19cbd613def4e5b97c8d676c27dfeb3ffda1 with commit message 'ENG-1442 adding flexibility to handle errors' into base branch master
Merged SHA 8733b619952abd273664f2c089f2d50b78e0fd71 with commit message 'ENG-1442 adding flexibility to handle errors' into base branch master
Merged SHA 6c5ae7ff0bbc8935d2f7076f075254d1b64a97c9 with commit message 'ENG-1442: add to the cms api to check existence of a set of cms components' into base branch master

Showing logs for build [32mentando-entando-plugin-jacms-pr-9vsj6-25[0m stage [32mfrom-build-pack[0m and container [32mstep-build-set-version[0m
Picked up _JAVA_OPTIONS: -XX:+UnlockExperimentalVMOptions -Dsun.zip.disableMemoryMapping=true -XX:+UseParallelGC -XX:MinHeapFreeRatio=5 -XX:MaxHeapFreeRatio=10 -XX:GCTimeRatio=4 -XX:AdaptiveSizePolicyWeight=90 -Xms10m -Xmx8000m
[INFO] Scanning for projects...
[INFO] 
[INFO] ----------< org.entando.entando.plugins:entando-plugin-jacms >----------
[INFO] Building Entando Plugin: CMS 6.2.0-SNAPSHOT
[INFO] --------------------------------[ war ]---------------------------------
[INFO] 
[INFO] --- versions-maven-plugin:2.8.1:set (default-cli) @ entando-plugin-jacms ---
[INFO] Local aggregation ****: /workspace/source
[INFO] Processing change of org.entando.entando.plugins:entando-plugin-jacms:6.2.0-SNAPSHOT -> 0.0.0-SNAPSHOT-PR-56-25
[INFO] Processing org.entando.entando.plugins:entando-plugin-jacms
[INFO]     Updating project org.entando.entando.plugins:entando-plugin-jacms
[INFO]         from version 6.2.0-SNAPSHOT to 0.0.0-SNAPSHOT-PR-56-25
[INFO] 
[INFO] ------------------------------------------------------------------------
[INFO] BUILD SUCCESS
[INFO] ------------------------------------------------------------------------
[INFO] Total time:  10.253 s
[INFO] Finished at: 2020-11-18T18:49:05Z
[INFO] ------------------------------------------------------------------------

Showing logs for build [32mentando-entando-plugin-jacms-pr-9vsj6-25[0m stage [32mfrom-build-pack[0m and container [32mstep-build-fix-git-for-sonar[0m
Switched to a new branch 'PR-56'
M	pom.xml
Deleted branch master (was e1335eb).
From https://github.com/entando/entando-plugin-jacms
 * [new branch]      master            -> master
 * [new tag]         5.0.0.initial     -> 5.0.0.initial
 * [new tag]         pia-crs4          -> pia-crs4
 * [new tag]         v5.0.0-pre        -> v5.0.0-pre
 * [new tag]         v6.2.0-sprint1-rc -> v6.2.0-sprint1-rc
 * [new tag]         v6.2.0-sprint2-rc -> v6.2.0-sprint2-rc
 * [new tag]         v6.2.0-sprint3-rc -> v6.2.0-sprint3-rc
 * [new tag]         v6.2.0-sprint4-rc -> v6.2.0-sprint4-rc
 * [new tag]         v6.2.0-sprint5-rc -> v6.2.0-sprint5-rc

Showing logs for build [32mentando-entando-plugin-jacms-pr-9vsj6-25[0m stage [32mfrom-build-pack[0m and container [32mstep-build-mvn-verify-pr[0m
  % Total    % Received % Xferd  Average Speed   Time    Time     Time  Current
                                 Dload  Upload   Total   Spent    Left  Speed
{
  "url": "https://api.github.com/repos/entando/entando-plugin-jacms/statuses/e1335ebefb2cc03bbb4aaeeca31f600b73e8b347",
  "avatar_url": "https://avatars2.githubusercontent.com/u/57885396?v=4",
  "id": 11392596032,
  "node_id": "MDEzOlN0YXR1c0NvbnRleHQxMTM5MjU5NjAzMg==",
  "state": "pending",
  "description": "Pre-deployment tests pending!",
  "target_url": "https://entando-k8s.github.io/devops-results/entando-plugin-jacms/PR-56/surefire-report.html",
  "context": "Pre-deployment tests",
  "created_at": "2020-11-18T18:49:07Z",
  "updated_at": "2020-11-18T18:49:07Z",
  "creator": {
    "login": "**********",
    "id": 57885396,
    "node_id": "MDQ6VXNlcjU3ODg1Mzk2",
    "avatar_url": "https://avatars2.githubusercontent.com/u/57885396?v=4",
    "gravatar_id": "",
    "url": "https://api.github.com/users/**********",
    "html_url": "https://github.com/**********",
    "followers_url": "https://api.github.com/users/**********/followers",
    "following_url": "https://api.github.com/users/**********/following{/other_user}",
    "gists_url": "https://api.github.com/users/entando-**/gists{/gist_id}",
    "starred_url": "https://api.github.com/users/entando-**/starred{/owner}{/repo}",
    "subscriptions_url": "https://api.github.com/users/**********/subscriptions",
    "organizations_url": "https://api.github.com/users/entando-**/orgs",
    "repos_url": "https://api.github.com/users/**********/repos",
    "events_url": "https://api.github.com/users/**********/events{/privacy}",
    "received_events_url": "https://api.github.com/users/**********/received_events",
    "type": "User",
    "site_*****": *****
  }
}
  0     0    0     0    0     0      0      0 --:--:-- --:--:-- --:--:--     0 11  1845    0     0  100   212      0    270 --:--:-- --:--:-- --:--:--   271100  1845  100  1633  100   212   2079    269 --:--:-- --:--:-- --:--:--  2093
  % Total    % Received % Xferd  Average Speed   Time    Time     Time  Current
                                 Dload  Upload   Total   Spent    Left  Speed
  0     0    0     0    0     0      0      0 --:--:-- --:--:-- --:--:--     0 10  1817    0     0  100   198      0    292 --:--:-- --:--:-- --:--:--   292100  1817  100  1619  100   198   2381    291 --:--:-- --:--:-- --:--:--  2380
{
  "url": "https://api.github.com/repos/entando/entando-plugin-jacms/statuses/e1335ebefb2cc03bbb4aaeeca31f600b73e8b347",
  "avatar_url": "https://avatars2.githubusercontent.com/u/57885396?v=4",
  "id": 11392596164,
  "node_id": "MDEzOlN0YXR1c0NvbnRleHQxMTM5MjU5NjE2NA==",
  "state": "pending",
  "description": "OWASP CVE pending!",
  "target_url": "https://entando-k8s.github.io/devops-results/entando-plugin-jacms/PR-56/dependency-check-report.html",
  "context": "OWASP CVE",
  "created_at": "2020-11-18T18:49:08Z",
  "updated_at": "2020-11-18T18:49:08Z",
  "creator": {
    "login": "**********",
    "id": 57885396,
    "node_id": "MDQ6VXNlcjU3ODg1Mzk2",
    "avatar_url": "https://avatars2.githubusercontent.com/u/57885396?v=4",
    "gravatar_id": "",
    "url": "https://api.github.com/users/**********",
    "html_url": "https://github.com/**********",
    "followers_url": "https://api.github.com/users/**********/followers",
    "following_url": "https://api.github.com/users/**********/following{/other_user}",
    "gists_url": "https://api.github.com/users/**********/gists{/gist_id}",
    "starred_url": "https://api.github.com/users/**********/starred{/owner}{/repo}",
    "subscriptions_url": "https://api.github.com/users/**********/subscriptions",
    "organizations_url": "https://api.github.com/users/**********/orgs",
    "repos_url": "https://api.github.com/users/**********/repos",
    "events_url": "https://api.github.com/users/**********/events{/privacy}",
    "received_events_url": "https://api.github.com/users/**********/received_events",
    "type": "User",
    "site_*****": *****
  }
}
Picked up _JAVA_OPTIONS: -XX:+UnlockExperimentalVMOptions -Dsun.zip.disableMemoryMapping=true -XX:+UseParallelGC -XX:MinHeapFreeRatio=5 -XX:MaxHeapFreeRatio=10 -XX:GCTimeRatio=4 -XX:AdaptiveSizePolicyWeight=90 -Xms10m -Xmx8000m
[INFO] Scanning for projects...
[INFO] 
[INFO] ----------< org.entando.entando.plugins:entando-plugin-jacms >----------
[INFO] Building Entando Plugin: CMS 0.0.0-SNAPSHOT-PR-56-25
[INFO] --------------------------------[ war ]---------------------------------
[WARNING] The POM for com.sun.xml.bind:jaxb-impl:jar:2.2.11 is invalid, transitive dependencies (if any) will not be available, enable debug logging for more details
[INFO] 
[INFO] --- maven-checkstyle-plugin:3.1.1:check (validate) @ entando-plugin-jacms ---
[INFO] 
[INFO] --- maven-checkstyle-plugin:3.1.1:checkstyle (validate) @ entando-plugin-jacms ---
[INFO] 
[INFO] --- jacoco-maven-plugin:0.8.5:prepare-agent (prepare-agent) @ entando-plugin-jacms ---
[INFO] argLine set to -javaagent:/home/jenkins/.mvnrepository/org/jacoco/org.jacoco.agent/0.8.5/org.jacoco.agent-0.8.5-runtime.jar=destfile=/workspace/source/target/jacoco.e**c
[INFO] 
[INFO] --- maven-resources-plugin:2.5:resources (default-resources) @ entando-plugin-jacms ---
[debug] e**cute contextualize
[INFO] Using 'UTF-8' encoding to copy filtered resources.
[INFO] Copying 19 resources
[INFO] Copying 1 resource
[INFO] Copying 52 resources
[INFO] Copying 98 resources
[INFO] Copying 3 resources to META-INF
[INFO] 
[INFO] --- maven-compiler-plugin:3.8.1:compile (default-compile) @ entando-plugin-jacms ---
[INFO] Changes detected - recompiling the module!
[INFO] Compiling 328 source files to /workspace/source/target/classes
[INFO] 
[INFO] ------------------------------------------------------------------------
[INFO] Skipping Entando Plugin: CMS
[INFO] This project has been banned from the build due to previous failures.
[INFO] ------------------------------------------------------------------------
[INFO] ------------------------------------------------------------------------
[INFO] BUILD FAILURE
[INFO] ------------------------------------------------------------------------
[INFO] Total time:  28.655 s
[INFO] Finished at: 2020-11-18T18:49:39Z
[INFO] ------------------------------------------------------------------------
[ERROR] Failed to e**cute goal org.apache.maven.plugins:maven-compiler-plugin:3.8.1:compile (default-compile) on project entando-plugin-jacms: Fatal error compiling: CompilerException: NullPointerException -> [Help 1]
[ERROR] 
[ERROR] To see the full stack trace of the errors, re-run Maven with the -e switch.
[ERROR] Re-run Maven using the -X switch to enable full debug logging.
[ERROR] 
[ERROR] For more information about the errors and possible solutions, please read the following articles:
[ERROR] [Help 1] http://cwiki.apache.org/confluence/display/MAVEN/MojoE**cutionException
Picked up _JAVA_OPTIONS: -XX:+UnlockExperimentalVMOptions -Dsun.zip.disableMemoryMapping=true -XX:+UseParallelGC -XX:MinHeapFreeRatio=5 -XX:MaxHeapFreeRatio=10 -XX:GCTimeRatio=4 -XX:AdaptiveSizePolicyWeight=90 -Xms10m -Xmx8000m
[INFO] Scanning for projects...
[INFO] 
[INFO] ----------< org.entando.entando.plugins:entando-plugin-jacms >----------
[INFO] Building Entando Plugin: CMS 0.0.0-SNAPSHOT-PR-56-25
[INFO] --------------------------------[ war ]---------------------------------
[WARNING] The POM for com.sun.xml.bind:jaxb-impl:jar:2.2.11 is invalid, transitive dependencies (if any) will not be available, enable debug logging for more details
[INFO] 
[INFO] --- maven-site-plugin:3.9.0:site (default-site) @ entando-plugin-jacms ---
[INFO] configuring report plugin org.apache.maven.plugins:maven-project-info-reports-plugin:3.0.0
[INFO] 9 reports configured for maven-project-info-reports-plugin:3.0.0: dependency-info, distribution-management, index, ci-management, issue-management, licenses, plugins, scm, summary
[INFO] Rendering site with default locale English (en)
[WARNING] Unable to find a URL to the parent project. The parent menu will NOT be added.
[INFO] Relativizing decoration links with respect to localized project URL: http://www.entando.com/
[INFO] Rendering content with org.apache.maven.skins:maven-default-skin:jar:1.3 skin.
[INFO] Generating "Dependency Information" report --- maven-project-info-reports-plugin:3.0.0:dependency-info
[INFO] Generating "About" report         --- maven-project-info-reports-plugin:3.0.0:index
[INFO] Generating "Issue Management" report --- maven-project-info-reports-plugin:3.0.0:issue-management
[INFO] Generating "Licenses" report      --- maven-project-info-reports-plugin:3.0.0:licenses
[INFO] Generating "Plugins" report       --- maven-project-info-reports-plugin:3.0.0:plugins
[INFO] Generating "Source Code Management" report --- maven-project-info-reports-plugin:3.0.0:scm
[INFO] Generating "Summary" report       --- maven-project-info-reports-plugin:3.0.0:summary
[INFO] ------------------------------------------------------------------------
[INFO] BUILD SUCCESS
[INFO] ------------------------------------------------------------------------
[INFO] Total time:  12.724 s
[INFO] Finished at: 2020-11-18T18:49:54Z
[INFO] ------------------------------------------------------------------------
shallow cloning https://github.com/entando-k8s/devops-results.git branch gh-pages
ran git init in /tmp/jenkins-x-collect283618317
ran git add remote origin https://github.com/entando-k8s/devops-results.git in /tmp/jenkins-x-collect283618317
ran git fetch origin --depth=1 gh-pages in dir /tmp/jenkins-x-collect283618317
Publishing https://raw.githubusercontent.com/entando-k8s/devops-results/gh-pages/entando-plugin-jacms/PR-56/css/maven-base.css
Publishing https://raw.githubusercontent.com/entando-k8s/devops-results/gh-pages/entando-plugin-jacms/PR-56/css/maven-theme.css
Publishing https://raw.githubusercontent.com/entando-k8s/devops-results/gh-pages/entando-plugin-jacms/PR-56/css/print.css
Publishing https://raw.githubusercontent.com/entando-k8s/devops-results/gh-pages/entando-plugin-jacms/PR-56/css/site.css
Publishing https://raw.githubusercontent.com/entando-k8s/devops-results/gh-pages/entando-plugin-jacms/PR-56/dependency-info.html
Publishing https://raw.githubusercontent.com/entando-k8s/devops-results/gh-pages/entando-plugin-jacms/PR-56/images/collapsed.gif
Publishing https://raw.githubusercontent.com/entando-k8s/devops-results/gh-pages/entando-plugin-jacms/PR-56/images/expanded.gif
Publishing https://raw.githubusercontent.com/entando-k8s/devops-results/gh-pages/entando-plugin-jacms/PR-56/images/external.png
Publishing https://raw.githubusercontent.com/entando-k8s/devops-results/gh-pages/entando-plugin-jacms/PR-56/images/icon_error_sml.gif
Publishing https://raw.githubusercontent.com/entando-k8s/devops-results/gh-pages/entando-plugin-jacms/PR-56/images/icon_info_sml.gif
Publishing https://raw.githubusercontent.com/entando-k8s/devops-results/gh-pages/entando-plugin-jacms/PR-56/images/icon_success_sml.gif
Publishing https://raw.githubusercontent.com/entando-k8s/devops-results/gh-pages/entando-plugin-jacms/PR-56/images/icon_warning_sml.gif
Publishing https://raw.githubusercontent.com/entando-k8s/devops-results/gh-pages/entando-plugin-jacms/PR-56/images/logos/build-by-maven-black.png
Publishing https://raw.githubusercontent.com/entando-k8s/devops-results/gh-pages/entando-plugin-jacms/PR-56/images/logos/build-by-maven-white.png
Publishing https://raw.githubusercontent.com/entando-k8s/devops-results/gh-pages/entando-plugin-jacms/PR-56/images/logos/maven-feather.png
Publishing https://raw.githubusercontent.com/entando-k8s/devops-results/gh-pages/entando-plugin-jacms/PR-56/images/newwindow.png
Publishing https://raw.githubusercontent.com/entando-k8s/devops-results/gh-pages/entando-plugin-jacms/PR-56/index.html
Publishing https://raw.githubusercontent.com/entando-k8s/devops-results/gh-pages/entando-plugin-jacms/PR-56/issue-management.html
Publishing https://raw.githubusercontent.com/entando-k8s/devops-results/gh-pages/entando-plugin-jacms/PR-56/licenses.html
Publishing https://raw.githubusercontent.com/entando-k8s/devops-results/gh-pages/entando-plugin-jacms/PR-56/plugins.html
Publishing https://raw.githubusercontent.com/entando-k8s/devops-results/gh-pages/entando-plugin-jacms/PR-56/project-info.html
Publishing https://raw.githubusercontent.com/entando-k8s/devops-results/gh-pages/entando-plugin-jacms/PR-56/scm.html
Publishing https://raw.githubusercontent.com/entando-k8s/devops-results/gh-pages/entando-plugin-jacms/PR-56/summary.html
stashed: https://raw.githubusercontent.com/entando-k8s/devops-results/gh-pages/entando-plugin-jacms/PR-56/css/maven-base.css
stashed: https://raw.githubusercontent.com/entando-k8s/devops-results/gh-pages/entando-plugin-jacms/PR-56/css/maven-theme.css
stashed: https://raw.githubusercontent.com/entando-k8s/devops-results/gh-pages/entando-plugin-jacms/PR-56/css/print.css
stashed: https://raw.githubusercontent.com/entando-k8s/devops-results/gh-pages/entando-plugin-jacms/PR-56/css/site.css
stashed: https://raw.githubusercontent.com/entando-k8s/devops-results/gh-pages/entando-plugin-jacms/PR-56/dependency-info.html
stashed: https://raw.githubusercontent.com/entando-k8s/devops-results/gh-pages/entando-plugin-jacms/PR-56/images/collapsed.gif
stashed: https://raw.githubusercontent.com/entando-k8s/devops-results/gh-pages/entando-plugin-jacms/PR-56/images/expanded.gif
stashed: https://raw.githubusercontent.com/entando-k8s/devops-results/gh-pages/entando-plugin-jacms/PR-56/images/external.png
stashed: https://raw.githubusercontent.com/entando-k8s/devops-results/gh-pages/entando-plugin-jacms/PR-56/images/icon_error_sml.gif
stashed: https://raw.githubusercontent.com/entando-k8s/devops-results/gh-pages/entando-plugin-jacms/PR-56/images/icon_info_sml.gif
stashed: https://raw.githubusercontent.com/entando-k8s/devops-results/gh-pages/entando-plugin-jacms/PR-56/images/icon_success_sml.gif
stashed: https://raw.githubusercontent.com/entando-k8s/devops-results/gh-pages/entando-plugin-jacms/PR-56/images/icon_warning_sml.gif
stashed: https://raw.githubusercontent.com/entando-k8s/devops-results/gh-pages/entando-plugin-jacms/PR-56/images/logos/build-by-maven-black.png
stashed: https://raw.githubusercontent.com/entando-k8s/devops-results/gh-pages/entando-plugin-jacms/PR-56/images/logos/build-by-maven-white.png
stashed: https://raw.githubusercontent.com/entando-k8s/devops-results/gh-pages/entando-plugin-jacms/PR-56/images/logos/maven-feather.png
stashed: https://raw.githubusercontent.com/entando-k8s/devops-results/gh-pages/entando-plugin-jacms/PR-56/images/newwindow.png
stashed: https://raw.githubusercontent.com/entando-k8s/devops-results/gh-pages/entando-plugin-jacms/PR-56/index.html
stashed: https://raw.githubusercontent.com/entando-k8s/devops-results/gh-pages/entando-plugin-jacms/PR-56/issue-management.html
stashed: https://raw.githubusercontent.com/entando-k8s/devops-results/gh-pages/entando-plugin-jacms/PR-56/licenses.html
stashed: https://raw.githubusercontent.com/entando-k8s/devops-results/gh-pages/entando-plugin-jacms/PR-56/plugins.html
stashed: https://raw.githubusercontent.com/entando-k8s/devops-results/gh-pages/entando-plugin-jacms/PR-56/project-info.html
stashed: https://raw.githubusercontent.com/entando-k8s/devops-results/gh-pages/entando-plugin-jacms/PR-56/scm.html
stashed: https://raw.githubusercontent.com/entando-k8s/devops-results/gh-pages/entando-plugin-jacms/PR-56/summary.html
No pre-deployment test results found for entando-plugin-jacms-PR-56.
  % Total    % Received % Xferd  Average Speed   Time    Time     Time  Current
                                 Dload  Upload   Total   Spent    Left  Speed
  0     0    0     0    0     0      0      0 --:--:-- --:--:-- --:--:--     0 12  1885    0     0  100   232      0    346 --:--:-- --:--:-- --:--:--   347100  1885  100  1653  100   232   2465    345 --:--:-- --:--:-- --:--:--  2478
{
  "url": "https://api.github.com/repos/entando/entando-plugin-jacms/statuses/e1335ebefb2cc03bbb4aaeeca31f600b73e8b347",
  "avatar_url": "https://avatars2.githubusercontent.com/u/57885396?v=4",
  "id": 11392609408,
  "node_id": "MDEzOlN0YXR1c0NvbnRleHQxMTM5MjYwOTQwOA==",
  "state": "pending",
  "description": "No pre-deployment test results produced by build!",
  "target_url": "https://entando-k8s.github.io/devops-results/entando-plugin-jacms/PR-56/surefire-report.html",
  "context": "Pre-deployment tests",
  "created_at": "2020-11-18T18:50:13Z",
  "updated_at": "2020-11-18T18:50:13Z",
  "creator": {
    "login": "**********",
    "id": 57885396,
    "node_id": "MDQ6VXNlcjU3ODg1Mzk2",
    "avatar_url": "https://avatars2.githubusercontent.com/u/57885396?v=4",
    "gravatar_id": "",
    "url": "https://api.github.com/users/entando-**",
    "html_url": "https://github.com/entando-**",
    "followers_url": "https://api.github.com/users/**********/followers",
    "following_url": "https://api.github.com/users/**********/following{/other_user}",
    "gists_url": "https://api.github.com/users/**********/gists{/gist_id}",
    "starred_url": "https://api.github.com/users/entando-**/starred{/owner}{/repo}",
    "subscriptions_url": "https://api.github.com/users/**********/subscriptions",
    "organizations_url": "https://api.github.com/users/**********/orgs",
    "repos_url": "https://api.github.com/users/**********/repos",
    "events_url": "https://api.github.com/users/**********/events{/privacy}",
    "received_events_url": "https://api.github.com/users/**********/received_events",
    "type": "User",
    "site_*****": *****
  }
}
No OWASP dependency check found for entando-plugin-jacms-PR-56.
  % Total    % Received % Xferd  Average Speed   Time    Time     Time  Current
                                 Dload  Upload   Total   Spent    Left  Speed
{
  "url": "https://api.github.com/repos/entando/entando-plugin-jacms/statuses/e1335ebefb2cc03bbb4aaeeca31f600b73e8b347",
  "avatar_url": "https://avatars2.githubusercontent.com/u/57885396?v=4",
  "id": 11392609574,
  "node_id": "MDEzOlN0YXR1c0NvbnRleHQxMTM5MjYwOTU3NA==",
  "state": "pending",
  "description": "No OWASP dependency check results produced by build!",
  "target_url": "https://entando-k8s.github.io/devops-results/entando-plugin-jacms/PR-56/dependency-check-report.html",
  "context": "OWASP CVE",
  "created_at": "2020-11-18T18:50:14Z",
  "updated_at": "2020-11-18T18:50:14Z",
  "creator": {
    "login": "**********",
    "id": 57885396,
    "node_id": "MDQ6VXNlcjU3ODg1Mzk2",
    "avatar_url": "https://avatars2.githubusercontent.com/u/57885396?v=4",
    "gravatar_id": "",
    "url": "https://api.github.com/users/**********",
    "html_url": "https://github.com/entando-**",
    "followers_url": "https://api.github.com/users/**********/followers",
    "following_url": "https://api.github.com/users/entando-**/following{/other_user}",
    "gists_url": "https://api.github.com/users/**********/gists{/gist_id}",
    "starred_url": "https://api.github.com/users/**********/starred{/owner}{/repo}",
    "subscriptions_url": "https://api.github.com/users/**********/subscriptions",
    "organizations_url": "https://api.github.com/users/**********/orgs",
    "repos_url": "https://api.github.com/users/**********/repos",
    "events_url": "https://api.github.com/users/entando-**/events{/privacy}",
    "received_events_url": "https://api.github.com/users/**********/received_events",
    "type": "User",
    "site_*****": *****
  }
}
  0     0    0     0    0     0      0      0 --:--:-- --:--:-- --:--:--     0100  1885  100  1653  100   232   2533    355 --:--:-- --:--:-- --:--:--  2535
The following checks failed for entando-plugin-jacms-PR-56:
No pre-deployment test results produced by build
No OWASP dependency check results produced by build
[31m
Pipeline failed on stage 'from-build-pack' : container 'step-build-mvn-verify-pr'. The execution of the pipeline has stopped.[0m
