
Showing logs for build [32mentando-entando-plugin-jacms-pr-fgk5b-26[0m stage [32mfrom-build-pack[0m and container [32mstep-credential-initializer-gtwb6[0m
{"level":"warn","ts":1605727621.4262314,"logger":"fallback-logger","caller":"logging/config.go:69","msg":"Fetch GitHub commit ID from kodata failed: \"ref: refs/heads/0.8.0-**-support-backwards-incompats\" is not a valid GitHub commit ID"}
{"level":"info","ts":1605727621.4401464,"logger":"fallback-logger","caller":"creds-init/main.go:40","msg":"Credentials initialized."}

Showing logs for build [32mentando-entando-plugin-jacms-pr-fgk5b-26[0m stage [32mfrom-build-pack[0m and container [32mstep-working-dir-initializer-lphgt[0m
{"level":"warn","ts":1605727625.2349544,"logger":"fallback-logger","caller":"logging/config.go:69","msg":"Fetch GitHub commit ID from kodata failed: open /var/run/ko/HEAD: no such file or directory"}
{"level":"info","ts":1605727625.25859,"logger":"fallback-logger","caller":"bash/main.go:64","msg":"Successfully e**cuted command \"sh -c mkdir -p /workspace/source\"; output "}

Showing logs for build [32mentando-entando-plugin-jacms-pr-fgk5b-26[0m stage [32mfrom-build-pack[0m and container [32mstep-place-tools[0m

Showing logs for build [32mentando-entando-plugin-jacms-pr-fgk5b-26[0m stage [32mfrom-build-pack[0m and container [32mstep-git-source-entando-entando-plugin-jacms-pr-mn4bq[0m
{"level":"warn","ts":1605727658.202535,"logger":"fallback-logger","caller":"logging/config.go:69","msg":"Fetch GitHub commit ID from kodata failed: \"ref: refs/heads/0.8.0-**-support-backwards-incompats\" is not a valid GitHub commit ID"}
{"level":"info","ts":1605727660.4545715,"logger":"fallback-logger","caller":"git/git.go:103","msg":"Successfully cloned https://github.com/entando/entando-plugin-jacms.git @ master in path /workspace/source"}

Showing logs for build [32mentando-entando-plugin-jacms-pr-fgk5b-26[0m stage [32mfrom-build-pack[0m and container [32mstep-git-merge[0m
Using SHAs from PULL_REFS=master:5ab4bf762045973db57d29826fb22eb89a4ab938,56:8c3a5650faf2f176e32ed92f7d347a4b1f36d817
DEBUG: ran git fetch --unshallow origin 8c3a5650faf2f176e32ed92f7d347a4b1f36d817: 5ab4bf762045973db57d29826fb22eb89a4ab938: in 
DEBUG: ran git checkout master in 
DEBUG: ran git reset --hard 5ab4bf762045973db57d29826fb22eb89a4ab938 in 
DEBUG: ran clean --force -d . in 
DEBUG: ran git merge 8c3a5650faf2f176e32ed92f7d347a4b1f36d817 in 
Merged SHA 8c3a5650faf2f176e32ed92f7d347a4b1f36d817 with commit message 'ENG-1442 cleaning up pom.xml' into base branch master
Merged SHA e1335ebefb2cc03bbb4aaeeca31f600b73e8b347 with commit message 'Merge branch 'master' into ENG-1442-add-to-the-cms-api-to-check-existence-of-a-set-of-cms-objects' into base branch master
Merged SHA 70d05ae6deb359d8bbe8739a626e43ddc50744f0 with commit message 'ENG-1442 integrations tests' into base branch master
Merged SHA 1cf19c98f6d758794ad7d4263d4d73f7dd027a06 with commit message 'ENG-1442 removing page widgets validation when creating a Content with LinkAttribute' into base branch master
Merged SHA 81e9a88de8d5e5eeeceda12ea8c8ea651adb6b7f with commit message 'ENG-1442 Added ability to set the content id when creating a content' into base branch master
Merged SHA 32ec19cbd613def4e5b97c8d676c27dfeb3ffda1 with commit message 'ENG-1442 adding flexibility to handle errors' into base branch master
Merged SHA 8733b619952abd273664f2c089f2d50b78e0fd71 with commit message 'ENG-1442 adding flexibility to handle errors' into base branch master
Merged SHA 6c5ae7ff0bbc8935d2f7076f075254d1b64a97c9 with commit message 'ENG-1442: add to the cms api to check existence of a set of cms components' into base branch master

Showing logs for build [32mentando-entando-plugin-jacms-pr-fgk5b-26[0m stage [32mfrom-build-pack[0m and container [32mstep-build-set-version[0m
Picked up _JAVA_OPTIONS: -XX:+UnlockExperimentalVMOptions -Dsun.zip.disableMemoryMapping=true -XX:+UseParallelGC -XX:MinHeapFreeRatio=5 -XX:MaxHeapFreeRatio=10 -XX:GCTimeRatio=4 -XX:AdaptiveSizePolicyWeight=90 -Xms10m -Xmx8000m
[INFO] Scanning for projects...
[INFO] 
[INFO] ----------< org.entando.entando.plugins:entando-plugin-jacms >----------
[INFO] Building Entando Plugin: CMS 6.2.0-SNAPSHOT
[INFO] --------------------------------[ war ]---------------------------------
[INFO] 
[INFO] --- versions-maven-plugin:2.8.1:set (default-cli) @ entando-plugin-jacms ---
[INFO] Local aggregation ****: /workspace/source
[INFO] Processing change of org.entando.entando.plugins:entando-plugin-jacms:6.2.0-SNAPSHOT -> 0.0.0-SNAPSHOT-PR-56-26
[INFO] Processing org.entando.entando.plugins:entando-plugin-jacms
[INFO]     Updating project org.entando.entando.plugins:entando-plugin-jacms
[INFO]         from version 6.2.0-SNAPSHOT to 0.0.0-SNAPSHOT-PR-56-26
[INFO] 
[INFO] ------------------------------------------------------------------------
[INFO] BUILD SUCCESS
[INFO] ------------------------------------------------------------------------
[INFO] Total time:  10.842 s
[INFO] Finished at: 2020-11-18T19:27:57Z
[INFO] ------------------------------------------------------------------------

Showing logs for build [32mentando-entando-plugin-jacms-pr-fgk5b-26[0m stage [32mfrom-build-pack[0m and container [32mstep-build-fix-git-for-sonar[0m
Switched to a new branch 'PR-56'
M	pom.xml
Deleted branch master (was 8c3a565).
From https://github.com/entando/entando-plugin-jacms
 * [new branch]      master            -> master
 * [new tag]         5.0.0.initial     -> 5.0.0.initial
 * [new tag]         pia-crs4          -> pia-crs4
 * [new tag]         v5.0.0-pre        -> v5.0.0-pre
 * [new tag]         v6.2.0-sprint1-rc -> v6.2.0-sprint1-rc
 * [new tag]         v6.2.0-sprint2-rc -> v6.2.0-sprint2-rc
 * [new tag]         v6.2.0-sprint3-rc -> v6.2.0-sprint3-rc
 * [new tag]         v6.2.0-sprint4-rc -> v6.2.0-sprint4-rc
 * [new tag]         v6.2.0-sprint5-rc -> v6.2.0-sprint5-rc

Showing logs for build [32mentando-entando-plugin-jacms-pr-fgk5b-26[0m stage [32mfrom-build-pack[0m and container [32mstep-build-mvn-verify-pr[0m
  % Total    % Received % Xferd  Average Speed   Time    Time     Time  Current
                                 Dload  Upload   Total   Spent    Left  Speed
  0     0    0     0    0     0      0      0 --:--:-- --:--:-- --:--:--     0100  1845  100  1633  100   212   2183    283 --:--:-- --:--:-- --:--:--  2186
{
  "url": "https://api.github.com/repos/entando/entando-plugin-jacms/statuses/8c3a5650faf2f176e32ed92f7d347a4b1f36d817",
  "avatar_url": "https://avatars2.githubusercontent.com/u/57885396?v=4",
  "id": 11393066461,
  "node_id": "MDEzOlN0YXR1c0NvbnRleHQxMTM5MzA2NjQ2MQ==",
  "state": "pending",
  "description": "Pre-deployment tests pending!",
  "target_url": "https://entando-k8s.github.io/devops-results/entando-plugin-jacms/PR-56/surefire-report.html",
  "context": "Pre-deployment tests",
  "created_at": "2020-11-18T19:28:00Z",
  "updated_at": "2020-11-18T19:28:00Z",
  "creator": {
    "login": "**********",
    "id": 57885396,
    "node_id": "MDQ6VXNlcjU3ODg1Mzk2",
    "avatar_url": "https://avatars2.githubusercontent.com/u/57885396?v=4",
    "gravatar_id": "",
    "url": "https://api.github.com/users/**********",
    "html_url": "https://github.com/entando-**",
    "followers_url": "https://api.github.com/users/entando-**/followers",
    "following_url": "https://api.github.com/users/**********/following{/other_user}",
    "gists_url": "https://api.github.com/users/**********/gists{/gist_id}",
    "starred_url": "https://api.github.com/users/**********/starred{/owner}{/repo}",
    "subscriptions_url": "https://api.github.com/users/**********/subscriptions",
    "organizations_url": "https://api.github.com/users/**********/orgs",
    "repos_url": "https://api.github.com/users/**********/repos",
    "events_url": "https://api.github.com/users/**********/events{/privacy}",
    "received_events_url": "https://api.github.com/users/entando-**/received_events",
    "type": "User",
    "site_*****": *****
  }
}
  % Total    % Received % Xferd  Average Speed   Time    Time     Time  Current
                                 Dload  Upload   Total   Spent    Left  Speed
  0     0    0     0    0     0      0      0 --:--:-- --:--:-- --:--:--     0  0     0    0     0    0     0      0      0 --:--:-- --:--:-- --:--:--     0100  1817  100  1619  100   198   2311    282 --:--:-- --:--:-- --:--:--  2309
{
  "url": "https://api.github.com/repos/entando/entando-plugin-jacms/statuses/8c3a5650faf2f176e32ed92f7d347a4b1f36d817",
  "avatar_url": "https://avatars2.githubusercontent.com/u/57885396?v=4",
  "id": 11393066577,
  "node_id": "MDEzOlN0YXR1c0NvbnRleHQxMTM5MzA2NjU3Nw==",
  "state": "pending",
  "description": "OWASP CVE pending!",
  "target_url": "https://entando-k8s.github.io/devops-results/entando-plugin-jacms/PR-56/dependency-check-report.html",
  "context": "OWASP CVE",
  "created_at": "2020-11-18T19:28:00Z",
  "updated_at": "2020-11-18T19:28:00Z",
  "creator": {
    "login": "**********",
    "id": 57885396,
    "node_id": "MDQ6VXNlcjU3ODg1Mzk2",
    "avatar_url": "https://avatars2.githubusercontent.com/u/57885396?v=4",
    "gravatar_id": "",
    "url": "https://api.github.com/users/entando-**",
    "html_url": "https://github.com/entando-**",
    "followers_url": "https://api.github.com/users/entando-**/followers",
    "following_url": "https://api.github.com/users/**********/following{/other_user}",
    "gists_url": "https://api.github.com/users/**********/gists{/gist_id}",
    "starred_url": "https://api.github.com/users/**********/starred{/owner}{/repo}",
    "subscriptions_url": "https://api.github.com/users/**********/subscriptions",
    "organizations_url": "https://api.github.com/users/**********/orgs",
    "repos_url": "https://api.github.com/users/**********/repos",
    "events_url": "https://api.github.com/users/**********/events{/privacy}",
    "received_events_url": "https://api.github.com/users/entando-**/received_events",
    "type": "User",
    "site_*****": *****
  }
}
Picked up _JAVA_OPTIONS: -XX:+UnlockExperimentalVMOptions -Dsun.zip.disableMemoryMapping=true -XX:+UseParallelGC -XX:MinHeapFreeRatio=5 -XX:MaxHeapFreeRatio=10 -XX:GCTimeRatio=4 -XX:AdaptiveSizePolicyWeight=90 -Xms10m -Xmx8000m
[INFO] Scanning for projects...
[INFO] 
[INFO] ----------< org.entando.entando.plugins:entando-plugin-jacms >----------
[INFO] Building Entando Plugin: CMS 0.0.0-SNAPSHOT-PR-56-26
[INFO] --------------------------------[ war ]---------------------------------
[WARNING] The POM for com.sun.xml.bind:jaxb-impl:jar:2.2.11 is invalid, transitive dependencies (if any) will not be available, enable debug logging for more details
[INFO] 
[INFO] --- maven-checkstyle-plugin:3.1.1:check (validate) @ entando-plugin-jacms ---
[INFO] 
[INFO] --- maven-checkstyle-plugin:3.1.1:checkstyle (validate) @ entando-plugin-jacms ---
[INFO] 
[INFO] --- jacoco-maven-plugin:0.8.5:prepare-agent (prepare-agent) @ entando-plugin-jacms ---
[INFO] argLine set to -javaagent:/home/jenkins/.mvnrepository/org/jacoco/org.jacoco.agent/0.8.5/org.jacoco.agent-0.8.5-runtime.jar=destfile=/workspace/source/target/jacoco.e**c
[INFO] 
[INFO] --- maven-resources-plugin:2.5:resources (default-resources) @ entando-plugin-jacms ---
[debug] e**cute contextualize
[INFO] Using 'UTF-8' encoding to copy filtered resources.
[INFO] Copying 19 resources
[INFO] Copying 1 resource
[INFO] Copying 52 resources
[INFO] Copying 98 resources
[INFO] Copying 3 resources to META-INF
[INFO] 
[INFO] --- maven-compiler-plugin:3.8.1:compile (default-compile) @ entando-plugin-jacms ---
[INFO] Changes detected - recompiling the module!
[INFO] Compiling 328 source files to /workspace/source/target/classes
[INFO] /workspace/source/src/main/java/com/agiletec/plugins/jacms/aps/******/services/content/IContentManager.java: Some input files use or override a deprecated API.
[INFO] /workspace/source/src/main/java/com/agiletec/plugins/jacms/aps/******/services/content/IContentManager.java: Recompile with -Xlint:deprecation for details.
[INFO] -------------------------------------------------------------
[ERROR] COMPILATION ERROR : 
[INFO] -------------------------------------------------------------
[ERROR] /workspace/source/src/main/java/org/entando/entando/plugins/jacms/aps/******/services/ContentModelService.java:[18,47] cannot find symbol
  symbol:   class IComponentExistsService
  location: package org.entando.entando.aps.******.services
[ERROR] /workspace/source/src/main/java/org/entando/entando/plugins/jacms/aps/******/services/ContentModelService.java:[26,46] cannot find symbol
  symbol: class IComponentExistsService
[ERROR] /workspace/source/src/main/java/org/entando/entando/plugins/jacms/aps/******/services/resource/ResourcesService.java:[52,47] cannot find symbol
  symbol:   class IComponentExistsService
  location: package org.entando.entando.aps.******.services
[ERROR] /workspace/source/src/main/java/org/entando/entando/plugins/jacms/aps/******/services/resource/ResourcesService.java:[78,42] cannot find symbol
  symbol: class IComponentExistsService
[ERROR] /workspace/source/src/main/java/org/entando/entando/plugins/jacms/aps/******/services/content/IContentService.java:[19,47] cannot find symbol
  symbol:   class IComponentExistsService
  location: package org.entando.entando.aps.******.services
[ERROR] /workspace/source/src/main/java/org/entando/entando/plugins/jacms/aps/******/services/content/IContentService.java:[28,42] cannot find symbol
  symbol: class IComponentExistsService
[ERROR] /workspace/source/src/main/java/org/entando/entando/plugins/jacms/aps/******/services/ContentTypeService.java:[32,47] cannot find symbol
  symbol:   class IComponentExistsService
  location: package org.entando.entando.aps.******.services
[ERROR] /workspace/source/src/main/java/org/entando/entando/plugins/jacms/aps/******/services/ContentTypeService.java:[55,9] cannot find symbol
  symbol: class IComponentExistsService
[ERROR] /workspace/source/src/main/java/org/entando/entando/plugins/jacms/web/analysis/AnalysisControllerCms.java:[21,47] cannot find symbol
  symbol:   class IComponentExistsService
  location: package org.entando.entando.aps.******.services
[ERROR] /workspace/source/src/main/java/org/entando/entando/plugins/jacms/web/analysis/AnalysisControllerCms.java:[22,76] package org.entando.entando.aps.******.services.analysis.component_existence does not exist
[ERROR] /workspace/source/src/main/java/org/entando/entando/plugins/jacms/web/analysis/AnalysisControllerCms.java:[29,40] package org.entando.entando.web.analysis does not exist
[ERROR] /workspace/source/src/main/java/org/entando/entando/plugins/jacms/web/analysis/AnalysisControllerCms.java:[30,40] package org.entando.entando.web.analysis does not exist
[ERROR] /workspace/source/src/main/java/org/entando/entando/plugins/jacms/web/analysis/AnalysisControllerCms.java:[45,47] cannot find symbol
  symbol: class IAnalysisController
[ERROR] /workspace/source/src/main/java/org/entando/entando/plugins/jacms/web/analysis/AnalysisControllerCms.java:[55,46] cannot find symbol
  symbol:   class AnalysisResponse
  location: class org.entando.entando.plugins.jacms.web.analysis.AnalysisControllerCms
[ERROR] /workspace/source/src/main/java/org/entando/entando/plugins/jacms/web/analysis/AnalysisControllerCms.java:[66,12] cannot find symbol
  symbol:   class IComponentExistsService
  location: class org.entando.entando.plugins.jacms.web.analysis.AnalysisControllerCms
[INFO] 15 errors 
[INFO] -------------------------------------------------------------
[INFO] 
[INFO] ------------------------------------------------------------------------
[INFO] Skipping Entando Plugin: CMS
[INFO] This project has been banned from the build due to previous failures.
[INFO] ------------------------------------------------------------------------
[INFO] ------------------------------------------------------------------------
[INFO] BUILD FAILURE
[INFO] ------------------------------------------------------------------------
[INFO] Total time:  27.568 s
[INFO] Finished at: 2020-11-18T19:28:30Z
[INFO] ------------------------------------------------------------------------
[ERROR] Failed to e**cute goal org.apache.maven.plugins:maven-compiler-plugin:3.8.1:compile (default-compile) on project entando-plugin-jacms: Compilation failure: Compilation failure: 
[ERROR] /workspace/source/src/main/java/org/entando/entando/plugins/jacms/aps/******/services/ContentModelService.java:[18,47] cannot find symbol
[ERROR]   symbol:   class IComponentExistsService
[ERROR]   location: package org.entando.entando.aps.******.services
[ERROR] /workspace/source/src/main/java/org/entando/entando/plugins/jacms/aps/******/services/ContentModelService.java:[26,46] cannot find symbol
[ERROR]   symbol: class IComponentExistsService
[ERROR] /workspace/source/src/main/java/org/entando/entando/plugins/jacms/aps/******/services/resource/ResourcesService.java:[52,47] cannot find symbol
[ERROR]   symbol:   class IComponentExistsService
[ERROR]   location: package org.entando.entando.aps.******.services
[ERROR] /workspace/source/src/main/java/org/entando/entando/plugins/jacms/aps/******/services/resource/ResourcesService.java:[78,42] cannot find symbol
[ERROR]   symbol: class IComponentExistsService
[ERROR] /workspace/source/src/main/java/org/entando/entando/plugins/jacms/aps/******/services/content/IContentService.java:[19,47] cannot find symbol
[ERROR]   symbol:   class IComponentExistsService
[ERROR]   location: package org.entando.entando.aps.******.services
[ERROR] /workspace/source/src/main/java/org/entando/entando/plugins/jacms/aps/******/services/content/IContentService.java:[28,42] cannot find symbol
[ERROR]   symbol: class IComponentExistsService
[ERROR] /workspace/source/src/main/java/org/entando/entando/plugins/jacms/aps/******/services/ContentTypeService.java:[32,47] cannot find symbol
[ERROR]   symbol:   class IComponentExistsService
[ERROR]   location: package org.entando.entando.aps.******.services
[ERROR] /workspace/source/src/main/java/org/entando/entando/plugins/jacms/aps/******/services/ContentTypeService.java:[55,9] cannot find symbol
[ERROR]   symbol: class IComponentExistsService
[ERROR] /workspace/source/src/main/java/org/entando/entando/plugins/jacms/web/analysis/AnalysisControllerCms.java:[21,47] cannot find symbol
[ERROR]   symbol:   class IComponentExistsService
[ERROR]   location: package org.entando.entando.aps.******.services
[ERROR] /workspace/source/src/main/java/org/entando/entando/plugins/jacms/web/analysis/AnalysisControllerCms.java:[22,76] package org.entando.entando.aps.******.services.analysis.component_existence does not exist
[ERROR] /workspace/source/src/main/java/org/entando/entando/plugins/jacms/web/analysis/AnalysisControllerCms.java:[29,40] package org.entando.entando.web.analysis does not exist
[ERROR] /workspace/source/src/main/java/org/entando/entando/plugins/jacms/web/analysis/AnalysisControllerCms.java:[30,40] package org.entando.entando.web.analysis does not exist
[ERROR] /workspace/source/src/main/java/org/entando/entando/plugins/jacms/web/analysis/AnalysisControllerCms.java:[45,47] cannot find symbol
[ERROR]   symbol: class IAnalysisController
[ERROR] /workspace/source/src/main/java/org/entando/entando/plugins/jacms/web/analysis/AnalysisControllerCms.java:[55,46] cannot find symbol
[ERROR]   symbol:   class AnalysisResponse
[ERROR]   location: class org.entando.entando.plugins.jacms.web.analysis.AnalysisControllerCms
[ERROR] /workspace/source/src/main/java/org/entando/entando/plugins/jacms/web/analysis/AnalysisControllerCms.java:[66,12] cannot find symbol
[ERROR]   symbol:   class IComponentExistsService
[ERROR]   location: class org.entando.entando.plugins.jacms.web.analysis.AnalysisControllerCms
[ERROR] -> [Help 1]
[ERROR] 
[ERROR] To see the full stack trace of the errors, re-run Maven with the -e switch.
[ERROR] Re-run Maven using the -X switch to enable full debug logging.
[ERROR] 
[ERROR] For more information about the errors and possible solutions, please read the following articles:
[ERROR] [Help 1] http://cwiki.apache.org/confluence/display/MAVEN/MojoFailureException
Picked up _JAVA_OPTIONS: -XX:+UnlockExperimentalVMOptions -Dsun.zip.disableMemoryMapping=true -XX:+UseParallelGC -XX:MinHeapFreeRatio=5 -XX:MaxHeapFreeRatio=10 -XX:GCTimeRatio=4 -XX:AdaptiveSizePolicyWeight=90 -Xms10m -Xmx8000m
[INFO] Scanning for projects...
[INFO] 
[INFO] ----------< org.entando.entando.plugins:entando-plugin-jacms >----------
[INFO] Building Entando Plugin: CMS 0.0.0-SNAPSHOT-PR-56-26
[INFO] --------------------------------[ war ]---------------------------------
[WARNING] The POM for com.sun.xml.bind:jaxb-impl:jar:2.2.11 is invalid, transitive dependencies (if any) will not be available, enable debug logging for more details
[INFO] 
[INFO] --- maven-site-plugin:3.9.0:site (default-site) @ entando-plugin-jacms ---
[INFO] configuring report plugin org.apache.maven.plugins:maven-project-info-reports-plugin:3.0.0
[INFO] 9 reports configured for maven-project-info-reports-plugin:3.0.0: dependency-info, distribution-management, index, ci-management, issue-management, licenses, plugins, scm, summary
[INFO] Rendering site with default locale English (en)
[WARNING] Unable to find a URL to the parent project. The parent menu will NOT be added.
[INFO] Relativizing decoration links with respect to localized project URL: http://www.entando.com/
[INFO] Rendering content with org.apache.maven.skins:maven-default-skin:jar:1.3 skin.
[INFO] Generating "Dependency Information" report --- maven-project-info-reports-plugin:3.0.0:dependency-info
[INFO] Generating "About" report         --- maven-project-info-reports-plugin:3.0.0:index
[INFO] Generating "Issue Management" report --- maven-project-info-reports-plugin:3.0.0:issue-management
[INFO] Generating "Licenses" report      --- maven-project-info-reports-plugin:3.0.0:licenses
[INFO] Generating "Plugins" report       --- maven-project-info-reports-plugin:3.0.0:plugins
[INFO] Generating "Source Code Management" report --- maven-project-info-reports-plugin:3.0.0:scm
[INFO] Generating "Summary" report       --- maven-project-info-reports-plugin:3.0.0:summary
[INFO] ------------------------------------------------------------------------
[INFO] BUILD SUCCESS
[INFO] ------------------------------------------------------------------------
[INFO] Total time:  12.096 s
[INFO] Finished at: 2020-11-18T19:28:45Z
[INFO] ------------------------------------------------------------------------
shallow cloning https://github.com/entando-k8s/devops-results.git branch gh-pages
ran git init in /tmp/jenkins-x-collect502543267
ran git add remote origin https://github.com/entando-k8s/devops-results.git in /tmp/jenkins-x-collect502543267
ran git fetch origin --depth=1 gh-pages in dir /tmp/jenkins-x-collect502543267
Publishing https://raw.githubusercontent.com/entando-k8s/devops-results/gh-pages/entando-plugin-jacms/PR-56/css/maven-base.css
Publishing https://raw.githubusercontent.com/entando-k8s/devops-results/gh-pages/entando-plugin-jacms/PR-56/css/maven-theme.css
Publishing https://raw.githubusercontent.com/entando-k8s/devops-results/gh-pages/entando-plugin-jacms/PR-56/css/print.css
Publishing https://raw.githubusercontent.com/entando-k8s/devops-results/gh-pages/entando-plugin-jacms/PR-56/css/site.css
Publishing https://raw.githubusercontent.com/entando-k8s/devops-results/gh-pages/entando-plugin-jacms/PR-56/dependency-info.html
Publishing https://raw.githubusercontent.com/entando-k8s/devops-results/gh-pages/entando-plugin-jacms/PR-56/images/collapsed.gif
Publishing https://raw.githubusercontent.com/entando-k8s/devops-results/gh-pages/entando-plugin-jacms/PR-56/images/expanded.gif
Publishing https://raw.githubusercontent.com/entando-k8s/devops-results/gh-pages/entando-plugin-jacms/PR-56/images/external.png
Publishing https://raw.githubusercontent.com/entando-k8s/devops-results/gh-pages/entando-plugin-jacms/PR-56/images/icon_error_sml.gif
Publishing https://raw.githubusercontent.com/entando-k8s/devops-results/gh-pages/entando-plugin-jacms/PR-56/images/icon_info_sml.gif
Publishing https://raw.githubusercontent.com/entando-k8s/devops-results/gh-pages/entando-plugin-jacms/PR-56/images/icon_success_sml.gif
Publishing https://raw.githubusercontent.com/entando-k8s/devops-results/gh-pages/entando-plugin-jacms/PR-56/images/icon_warning_sml.gif
Publishing https://raw.githubusercontent.com/entando-k8s/devops-results/gh-pages/entando-plugin-jacms/PR-56/images/logos/build-by-maven-black.png
Publishing https://raw.githubusercontent.com/entando-k8s/devops-results/gh-pages/entando-plugin-jacms/PR-56/images/logos/build-by-maven-white.png
Publishing https://raw.githubusercontent.com/entando-k8s/devops-results/gh-pages/entando-plugin-jacms/PR-56/images/logos/maven-feather.png
Publishing https://raw.githubusercontent.com/entando-k8s/devops-results/gh-pages/entando-plugin-jacms/PR-56/images/newwindow.png
Publishing https://raw.githubusercontent.com/entando-k8s/devops-results/gh-pages/entando-plugin-jacms/PR-56/index.html
Publishing https://raw.githubusercontent.com/entando-k8s/devops-results/gh-pages/entando-plugin-jacms/PR-56/issue-management.html
Publishing https://raw.githubusercontent.com/entando-k8s/devops-results/gh-pages/entando-plugin-jacms/PR-56/licenses.html
Publishing https://raw.githubusercontent.com/entando-k8s/devops-results/gh-pages/entando-plugin-jacms/PR-56/plugins.html
Publishing https://raw.githubusercontent.com/entando-k8s/devops-results/gh-pages/entando-plugin-jacms/PR-56/project-info.html
Publishing https://raw.githubusercontent.com/entando-k8s/devops-results/gh-pages/entando-plugin-jacms/PR-56/scm.html
Publishing https://raw.githubusercontent.com/entando-k8s/devops-results/gh-pages/entando-plugin-jacms/PR-56/summary.html
stashed: https://raw.githubusercontent.com/entando-k8s/devops-results/gh-pages/entando-plugin-jacms/PR-56/css/maven-base.css
stashed: https://raw.githubusercontent.com/entando-k8s/devops-results/gh-pages/entando-plugin-jacms/PR-56/css/maven-theme.css
stashed: https://raw.githubusercontent.com/entando-k8s/devops-results/gh-pages/entando-plugin-jacms/PR-56/css/print.css
stashed: https://raw.githubusercontent.com/entando-k8s/devops-results/gh-pages/entando-plugin-jacms/PR-56/css/site.css
stashed: https://raw.githubusercontent.com/entando-k8s/devops-results/gh-pages/entando-plugin-jacms/PR-56/dependency-info.html
stashed: https://raw.githubusercontent.com/entando-k8s/devops-results/gh-pages/entando-plugin-jacms/PR-56/images/collapsed.gif
stashed: https://raw.githubusercontent.com/entando-k8s/devops-results/gh-pages/entando-plugin-jacms/PR-56/images/expanded.gif
stashed: https://raw.githubusercontent.com/entando-k8s/devops-results/gh-pages/entando-plugin-jacms/PR-56/images/external.png
stashed: https://raw.githubusercontent.com/entando-k8s/devops-results/gh-pages/entando-plugin-jacms/PR-56/images/icon_error_sml.gif
stashed: https://raw.githubusercontent.com/entando-k8s/devops-results/gh-pages/entando-plugin-jacms/PR-56/images/icon_info_sml.gif
stashed: https://raw.githubusercontent.com/entando-k8s/devops-results/gh-pages/entando-plugin-jacms/PR-56/images/icon_success_sml.gif
stashed: https://raw.githubusercontent.com/entando-k8s/devops-results/gh-pages/entando-plugin-jacms/PR-56/images/icon_warning_sml.gif
stashed: https://raw.githubusercontent.com/entando-k8s/devops-results/gh-pages/entando-plugin-jacms/PR-56/images/logos/build-by-maven-black.png
stashed: https://raw.githubusercontent.com/entando-k8s/devops-results/gh-pages/entando-plugin-jacms/PR-56/images/logos/build-by-maven-white.png
stashed: https://raw.githubusercontent.com/entando-k8s/devops-results/gh-pages/entando-plugin-jacms/PR-56/images/logos/maven-feather.png
stashed: https://raw.githubusercontent.com/entando-k8s/devops-results/gh-pages/entando-plugin-jacms/PR-56/images/newwindow.png
stashed: https://raw.githubusercontent.com/entando-k8s/devops-results/gh-pages/entando-plugin-jacms/PR-56/index.html
stashed: https://raw.githubusercontent.com/entando-k8s/devops-results/gh-pages/entando-plugin-jacms/PR-56/issue-management.html
stashed: https://raw.githubusercontent.com/entando-k8s/devops-results/gh-pages/entando-plugin-jacms/PR-56/licenses.html
stashed: https://raw.githubusercontent.com/entando-k8s/devops-results/gh-pages/entando-plugin-jacms/PR-56/plugins.html
stashed: https://raw.githubusercontent.com/entando-k8s/devops-results/gh-pages/entando-plugin-jacms/PR-56/project-info.html
stashed: https://raw.githubusercontent.com/entando-k8s/devops-results/gh-pages/entando-plugin-jacms/PR-56/scm.html
stashed: https://raw.githubusercontent.com/entando-k8s/devops-results/gh-pages/entando-plugin-jacms/PR-56/summary.html
No pre-deployment test results found for entando-plugin-jacms-PR-56.
  % Total    % Received % Xferd  Average Speed   Time    Time     Time  Current
                                 Dload  Upload   Total   Spent    Left  Speed
  0     0    0     0    0     0      0      0 --:--:-- --:--:-- --:--:--     0  0     0    0     0    0     0      0      0 --:--:-- --:--:-- --:--:--     0100  1885  100  1653  100   232   2812    394 --:--:-- --:--:-- --:--:--  2811
{
  "url": "https://api.github.com/repos/entando/entando-plugin-jacms/statuses/8c3a5650faf2f176e32ed92f7d347a4b1f36d817",
  "avatar_url": "https://avatars2.githubusercontent.com/u/57885396?v=4",
  "id": 11393078675,
  "node_id": "MDEzOlN0YXR1c0NvbnRleHQxMTM5MzA3ODY3NQ==",
  "state": "pending",
  "description": "No pre-deployment test results produced by build!",
  "target_url": "https://entando-k8s.github.io/devops-results/entando-plugin-jacms/PR-56/surefire-report.html",
  "context": "Pre-deployment tests",
  "created_at": "2020-11-18T19:28:58Z",
  "updated_at": "2020-11-18T19:28:58Z",
  "creator": {
    "login": "**********",
    "id": 57885396,
    "node_id": "MDQ6VXNlcjU3ODg1Mzk2",
    "avatar_url": "https://avatars2.githubusercontent.com/u/57885396?v=4",
    "gravatar_id": "",
    "url": "https://api.github.com/users/entando-**",
    "html_url": "https://github.com/entando-**",
    "followers_url": "https://api.github.com/users/**********/followers",
    "following_url": "https://api.github.com/users/entando-**/following{/other_user}",
    "gists_url": "https://api.github.com/users/**********/gists{/gist_id}",
    "starred_url": "https://api.github.com/users/entando-**/starred{/owner}{/repo}",
    "subscriptions_url": "https://api.github.com/users/**********/subscriptions",
    "organizations_url": "https://api.github.com/users/**********/orgs",
    "repos_url": "https://api.github.com/users/**********/repos",
    "events_url": "https://api.github.com/users/**********/events{/privacy}",
    "received_events_url": "https://api.github.com/users/entando-**/received_events",
    "type": "User",
    "site_*****": *****
  }
}
No OWASP dependency check found for entando-plugin-jacms-PR-56.
  % Total    % Received % Xferd  Average Speed   Time    Time     Time  Current
                                 Dload  Upload   Total   Spent    Left  Speed
{
  "url": "https://api.github.com/repos/entando/entando-plugin-jacms/statuses/8c3a5650faf2f176e32ed92f7d347a4b1f36d817",
  "avatar_url": "https://avatars2.githubusercontent.com/u/57885396?v=4",
  "id": 11393078803,
  "node_id": "MDEzOlN0YXR1c0NvbnRleHQxMTM5MzA3ODgwMw==",
  "state": "pending",
  "description": "No OWASP dependency check results produced by build!",
  "target_url": "https://entando-k8s.github.io/devops-results/entando-plugin-jacms/PR-56/dependency-check-report.html",
  "context": "OWASP CVE",
  "created_at": "2020-11-18T19:28:59Z",
  "updated_at": "2020-11-18T19:28:59Z",
  "creator": {
    "login": "entando-**",
    "id": 57885396,
    "node_id": "MDQ6VXNlcjU3ODg1Mzk2",
    "avatar_url": "https://avatars2.githubusercontent.com/u/57885396?v=4",
    "gravatar_id": "",
    "url": "https://api.github.com/users/**********",
    "html_url": "https://github.com/entando-**",
    "followers_url": "https://api.github.com/users/**********/followers",
    "following_url": "https://api.github.com/users/**********/following{/other_user}",
    "gists_url": "https://api.github.com/users/**********/gists{/gist_id}",
    "starred_url": "https://api.github.com/users/**********/starred{/owner}{/repo}",
    "subscriptions_url": "https://api.github.com/users/entando-**/subscriptions",
    "organizations_url": "https://api.github.com/users/**********/orgs",
    "repos_url": "https://api.github.com/users/entando-**/repos",
    "events_url": "https://api.github.com/users/entando-**/events{/privacy}",
    "received_events_url": "https://api.github.com/users/**********/received_events",
    "type": "User",
    "site_*****": *****
  }
}
  0     0    0     0    0     0      0      0 --:--:-- --:--:-- --:--:--     0 12  1885    0     0  100   232      0    391 --:--:-- --:--:-- --:--:--   391100  1885  100  1653  100   232   2790    391 --:--:-- --:--:-- --:--:--  2787
The following checks failed for entando-plugin-jacms-PR-56:
No pre-deployment test results produced by build
No OWASP dependency check results produced by build
[31m
Pipeline failed on stage 'from-build-pack' : container 'step-build-mvn-verify-pr'. The execution of the pipeline has stopped.[0m
