
Showing logs for build [32mentando-k8s-entando-component-m-gfpqx-1[0m stage [32mfrom-build-pack[0m and container [32mstep-credential-initializer-bl68k[0m
Unable to retrieve container logs for docker://72c0beff3c88d227e55e82dd0176c7288811f2a5c8d824197c07abe4cc84b261

Showing logs for build [32mentando-k8s-entando-component-m-gfpqx-1[0m stage [32mfrom-build-pack[0m and container [32mstep-working-dir-initializer-8rxrb[0m
Unable to retrieve container logs for docker://9169ba2fa35c152581679e2c999e6c53f2e21759829b3971df6978ab300a0e26

Showing logs for build [32mentando-k8s-entando-component-m-gfpqx-1[0m stage [32mfrom-build-pack[0m and container [32mstep-place-tools[0m
Unable to retrieve container logs for docker://4d423f8d65713b5f1354c15b958dae7f2e280c434a22e0472a9621c5d5318337

Showing logs for build [32mentando-k8s-entando-component-m-gfpqx-1[0m stage [32mfrom-build-pack[0m and container [32mstep-git-source-entando-k8s-entando-component-m-7tw89[0m
Unable to retrieve container logs for docker://4f8be0c60d8852209812e6abc7adff4df61c9dacc6d0374738c2a605590cfd17

Showing logs for build [32mentando-k8s-entando-component-m-gfpqx-1[0m stage [32mfrom-build-pack[0m and container [32mstep-git-merge[0m
Unable to retrieve container logs for docker://f9ffd897e7c95503c0a0ba8328db896661b7b7e0c7724a28e587f4362a9d4a4a

Showing logs for build [32mentando-k8s-entando-component-m-gfpqx-1[0m stage [32mfrom-build-pack[0m and container [32mstep-build-set-version[0m
Unable to retrieve container logs for docker://8f63a0312a13311af0cd2a1ea0d52c28593e76053d4bcd5dd2296f92f2cc1450

Showing logs for build [32mentando-k8s-entando-component-m-gfpqx-1[0m stage [32mfrom-build-pack[0m and container [32mstep-build-fix-git-for-sonar[0m
Unable to retrieve container logs for docker://6e5355ddfb266d29fe126e4f3f62d517eda2cbeaf3af14738490af893567ad46

Showing logs for build [32mentando-k8s-entando-component-m-gfpqx-1[0m stage [32mfrom-build-pack[0m and container [32mstep-build-mvn-verify-pr[0m
Unable to retrieve container logs for docker://c23b64e0d31283317c56c2fc49be802c09a3dceec6e2c757e140b6d86e2e762b

Showing logs for build [32mentando-k8s-entando-component-m-gfpqx-1[0m stage [32mfrom-build-pack[0m and container [32mstep-build-container-build[0m
Unable to retrieve container logs for docker://2db3e9752c545c128b456f9fb2820c7356f0567e7df8c770f98c4037ab30877e

Showing logs for build [32mentando-k8s-entando-component-m-gfpqx-1[0m stage [32mfrom-build-pack[0m and container [32mstep-postbuild-post-build[0m
Unable to retrieve container logs for docker://87b0722c18cee0294a2ba9bbabb0604432c0539b63a1331f44f71194c607f04e

Showing logs for build [32mentando-k8s-entando-component-m-gfpqx-1[0m stage [32mfrom-build-pack[0m and container [32mstep-promote-make-preview[0m
Unable to retrieve container logs for docker://287a922ec152225f167932d279125c2bda36a4f92975c732781e3824ff222446

Showing logs for build [32mentando-k8s-entando-component-m-gfpqx-1[0m stage [32mfrom-build-pack[0m and container [32mstep-promote-jx-preview[0m
Unable to retrieve container logs for docker://d8990eafca30cc7665d0aeef7a83d76c73a1f3503f26775044249e5ef824614e

Showing logs for build [32mentando-k8s-entando-component-m-gfpqx-1[0m stage [32mfrom-build-pack[0m and container [32mstep-promote-run-post-deployment-tests[0m
Unable to retrieve container logs for docker://39eac8dd2b398076121df8c9725ed608b5a6bd53502aa74976371c4e2306264c
