
Showing logs for build [32mentando-k8s-entando-component-m-gbgqz-4[0m stage [32mfrom-build-pack[0m and container [32mstep-credential-initializer-z7779[0m
Unable to retrieve container logs for docker://7d908264bcda7f08c0428d61b2bdf0713755d360cf1ebc60ef9da7f4db9acc0d

Showing logs for build [32mentando-k8s-entando-component-m-gbgqz-4[0m stage [32mfrom-build-pack[0m and container [32mstep-working-dir-initializer-2whzj[0m
Unable to retrieve container logs for docker://45fc7c7d6584312d5ca3124ab1f0580ae66f73371488206b3c65e9436598ac57

Showing logs for build [32mentando-k8s-entando-component-m-gbgqz-4[0m stage [32mfrom-build-pack[0m and container [32mstep-place-tools[0m
Unable to retrieve container logs for docker://d00bdc7998bb823acb5dd9f97907b44e04ba471cf4d93476aed43a829e9fc55b

Showing logs for build [32mentando-k8s-entando-component-m-gbgqz-4[0m stage [32mfrom-build-pack[0m and container [32mstep-git-source-entando-k8s-entando-component-m-7zxsm[0m
Unable to retrieve container logs for docker://ba68be351837b25c8a0699f5e6593d11cf7cbc5be34c54540c3f63d49e18ec0b

Showing logs for build [32mentando-k8s-entando-component-m-gbgqz-4[0m stage [32mfrom-build-pack[0m and container [32mstep-git-merge[0m
Unable to retrieve container logs for docker://daefe56b4086197e686b12bb7c9f0212a2f685c5360a7b3127ee02f98352bf0c

Showing logs for build [32mentando-k8s-entando-component-m-gbgqz-4[0m stage [32mfrom-build-pack[0m and container [32mstep-build-set-version[0m
Unable to retrieve container logs for docker://d7e6233211d61c3a42d16a721a1bc063345f49dfa2581c308a1893d6b647201f

Showing logs for build [32mentando-k8s-entando-component-m-gbgqz-4[0m stage [32mfrom-build-pack[0m and container [32mstep-build-fix-git-for-sonar[0m
Unable to retrieve container logs for docker://28f8d30feb7796238b24fecd2ce6b76628f80fb81cb5a54281ab014945a41051

Showing logs for build [32mentando-k8s-entando-component-m-gbgqz-4[0m stage [32mfrom-build-pack[0m and container [32mstep-build-mvn-verify-pr[0m
Unable to retrieve container logs for docker://c2f89d1c92da1c6d224b054bb4f0995d78e1c3c08e98e76db28ef48e077cf54b

Showing logs for build [32mentando-k8s-entando-component-m-gbgqz-4[0m stage [32mfrom-build-pack[0m and container [32mstep-build-container-build[0m
Unable to retrieve container logs for docker://d88c0b930c1f74085832582963e6cc53be4315d9dee55f24cdce34aba2baee0e

Showing logs for build [32mentando-k8s-entando-component-m-gbgqz-4[0m stage [32mfrom-build-pack[0m and container [32mstep-postbuild-post-build[0m
Unable to retrieve container logs for docker://ec63034c6bb1861e915b1eebf68b00399e4c867b715c9439797d732a075aac63

Showing logs for build [32mentando-k8s-entando-component-m-gbgqz-4[0m stage [32mfrom-build-pack[0m and container [32mstep-promote-make-preview[0m
Unable to retrieve container logs for docker://2fd32385ca5a0641ef28994c971e70475ae42b92c08e864292ea8d2c2d21e811

Showing logs for build [32mentando-k8s-entando-component-m-gbgqz-4[0m stage [32mfrom-build-pack[0m and container [32mstep-promote-jx-preview[0m
Unable to retrieve container logs for docker://20801f4a8608d967768797de3953bb2857f58ceef7d0b969e667999966a4ca02

Showing logs for build [32mentando-k8s-entando-component-m-gbgqz-4[0m stage [32mfrom-build-pack[0m and container [32mstep-promote-run-post-deployment-tests[0m
Unable to retrieve container logs for docker://2ad8b71163519215260e93ae59c2532b8c3962fde8e8123bd0a863cc05996f02
