
Showing logs for build [32mentando-k8s-entando-component-m-hrgc7-1[0m stage [32mfrom-build-pack[0m and container [32mstep-credential-initializer-259nv[0m
Unable to retrieve container logs for docker://f623fe5b102ace535585b64b5999fc137f4905e0ea586c1c4cde4a2f33ef7737

Showing logs for build [32mentando-k8s-entando-component-m-hrgc7-1[0m stage [32mfrom-build-pack[0m and container [32mstep-working-dir-initializer-q2g5q[0m
Unable to retrieve container logs for docker://a306a2ea04bfda7d0aecb3eaacd723306322fca089cbaf7d3d1c7d5d5ca3f72d

Showing logs for build [32mentando-k8s-entando-component-m-hrgc7-1[0m stage [32mfrom-build-pack[0m and container [32mstep-place-tools[0m
Unable to retrieve container logs for docker://6bdb793d25ecee4a9124c1810237de3e95646a42b5a4940a935d5ddeb1330a2b

Showing logs for build [32mentando-k8s-entando-component-m-hrgc7-1[0m stage [32mfrom-build-pack[0m and container [32mstep-git-source-entando-k8s-entando-component-m-c7mjc[0m
Unable to retrieve container logs for docker://e96f646303566d71ecaa48707eff904ea3741ba552befe1d7d0330c38496134b

Showing logs for build [32mentando-k8s-entando-component-m-hrgc7-1[0m stage [32mfrom-build-pack[0m and container [32mstep-git-merge[0m
Unable to retrieve container logs for docker://3841401631ba5e573513b787e704a05713321328de35405f5d8095b6c9eea971

Showing logs for build [32mentando-k8s-entando-component-m-hrgc7-1[0m stage [32mfrom-build-pack[0m and container [32mstep-build-set-version[0m
Unable to retrieve container logs for docker://2c519d2ab564626a98db4a76c60ebe196159fda7d47d0b26f92f38f87ed9a05a

Showing logs for build [32mentando-k8s-entando-component-m-hrgc7-1[0m stage [32mfrom-build-pack[0m and container [32mstep-build-fix-git-for-sonar[0m
Unable to retrieve container logs for docker://a55e030673a7fa5eb4928b04e0675920a8cf3159dbc82a1c1bd27df895314129

Showing logs for build [32mentando-k8s-entando-component-m-hrgc7-1[0m stage [32mfrom-build-pack[0m and container [32mstep-build-mvn-verify-pr[0m
Unable to retrieve container logs for docker://b1251e7e774eb7710e6040344fdcab4bb49f899cda9c2c36f4a847f4b8cff25f

Showing logs for build [32mentando-k8s-entando-component-m-hrgc7-1[0m stage [32mfrom-build-pack[0m and container [32mstep-build-container-build[0m
Unable to retrieve container logs for docker://2d1b8190cb3fa45c756ef31269f93b5cbbe3418d51a787092945aab949d9c034

Showing logs for build [32mentando-k8s-entando-component-m-hrgc7-1[0m stage [32mfrom-build-pack[0m and container [32mstep-postbuild-post-build[0m
Unable to retrieve container logs for docker://69fa55f727ce360224eb6322273e4905104eb84f89957a751d9ed1c75784915e

Showing logs for build [32mentando-k8s-entando-component-m-hrgc7-1[0m stage [32mfrom-build-pack[0m and container [32mstep-promote-make-preview[0m
Unable to retrieve container logs for docker://a16a7a903e794907ee6d433dca5e6f0f3235791a79351e3e4355e849a7d70a03

Showing logs for build [32mentando-k8s-entando-component-m-hrgc7-1[0m stage [32mfrom-build-pack[0m and container [32mstep-promote-jx-preview[0m
Unable to retrieve container logs for docker://e530fabe43da4168109b47a6e7f2341012d2cbc4ea8fe95247cbb1aacf767677

Showing logs for build [32mentando-k8s-entando-component-m-hrgc7-1[0m stage [32mfrom-build-pack[0m and container [32mstep-promote-run-post-deployment-tests[0m
Unable to retrieve container logs for docker://3df222163961ff3f9d140d82f228528c50d9d555895729d5224b2aec7eba5b1b
