
Showing logs for build [32mentando-k8s-environment-entando-t7f59-140[0m stage [32mfrom-build-pack[0m and container [32mstep-credential-initializer-b85gz[0m
{"level":"warn","ts":1605887534.7253337,"logger":"fallback-logger","caller":"logging/config.go:69","msg":"Fetch GitHub commit ID from kodata failed: \"ref: refs/heads/0.8.0-**-support-backwards-incompats\" is not a valid GitHub commit ID"}
{"level":"info","ts":1605887534.731924,"logger":"fallback-logger","caller":"creds-init/main.go:40","msg":"Credentials initialized."}

Showing logs for build [32mentando-k8s-environment-entando-t7f59-140[0m stage [32mfrom-build-pack[0m and container [32mstep-working-dir-initializer-vrlc4[0m
{"level":"warn","ts":1605887537.6931822,"logger":"fallback-logger","caller":"logging/config.go:69","msg":"Fetch GitHub commit ID from kodata failed: open /var/run/ko/HEAD: no such file or directory"}
{"level":"info","ts":1605887537.7035756,"logger":"fallback-logger","caller":"bash/main.go:64","msg":"Successfully e**cuted command \"sh -c mkdir -p /workspace/source\"; output "}

Showing logs for build [32mentando-k8s-environment-entando-t7f59-140[0m stage [32mfrom-build-pack[0m and container [32mstep-place-tools[0m

Showing logs for build [32mentando-k8s-environment-entando-t7f59-140[0m stage [32mfrom-build-pack[0m and container [32mstep-git-source-entando-k8s-environment-entando-z2jgw[0m
{"level":"warn","ts":1605887560.290847,"logger":"fallback-logger","caller":"logging/config.go:69","msg":"Fetch GitHub commit ID from kodata failed: \"ref: refs/heads/0.8.0-**-support-backwards-incompats\" is not a valid GitHub commit ID"}
{"level":"info","ts":1605887562.3379285,"logger":"fallback-logger","caller":"git/git.go:103","msg":"Successfully cloned https://github.com/entando-k8s/environment-entando-**-staging.git @ v0.0.138 in path /workspace/source"}

Showing logs for build [32mentando-k8s-environment-entando-t7f59-140[0m stage [32mfrom-build-pack[0m and container [32mstep-git-merge[0m
Using SHAs from PULL_REFS=master:faa227a51b46e2752775a6492533a14aca8c3a30
WARNING: no SHAs to merge, falling back to initial cloned commit

Showing logs for build [32mentando-k8s-environment-entando-t7f59-140[0m stage [32mfrom-build-pack[0m and container [32mstep-setup-jx-git-credentials[0m
Generated Git credentials file /builder/home/git/credentials

Showing logs for build [32mentando-k8s-environment-entando-t7f59-140[0m stage [32mfrom-build-pack[0m and container [32mstep-build-helm-apply[0m
Modified file /workspace/source/env/Chart.yaml to set the chart to version 140
Ignoring templates/.gitignore
Ignoring templates/wildcardcert-secret.yaml
WARNING: No $CHART_REPOSITORY defined so using the default value of: http://jenkins-x-chartmuseum:8080
Adding missing Helm repo: storage.googleapis.com https://storage.googleapis.com/chartmuseum.jenkins-x.io
Successfully added Helm repository storage.googleapis.com.
Adding missing Helm repo: jenkins-x-chartmuseum http://jenkins-x-chartmuseum:8080
Successfully added Helm repository jenkins-x-chartmuseum.
WARNING: No $CHART_REPOSITORY defined so using the default value of: http://jenkins-x-chartmuseum:8080
Adding missing Helm repo: chartmuseum.jenkins-x.io http://chartmuseum.jenkins-x.io
Successfully added Helm repository chartmuseum.jenkins-x.io.

WARNING: Job expose has not yet terminated for helm hook phase post-upgrade due to: job expose never terminated so removing it anyway
