
Showing logs for build [32mentando-k8s-environment-entando-fdsnw-143[0m stage [32mfrom-build-pack[0m and container [32mstep-credential-initializer-9bpmb[0m
Unable to retrieve container logs for docker://7fe95f9033f7343604e1a5983f0740783bee03a544cc8811ebf1943f8d2fd341

Showing logs for build [32mentando-k8s-environment-entando-fdsnw-143[0m stage [32mfrom-build-pack[0m and container [32mstep-working-dir-initializer-qhwht[0m
Unable to retrieve container logs for docker://fe435d8f287c7a621dfea9accb525a69ae51bbc6bafca0384ca1a24e1c425f47

Showing logs for build [32mentando-k8s-environment-entando-fdsnw-143[0m stage [32mfrom-build-pack[0m and container [32mstep-place-tools[0m
Unable to retrieve container logs for docker://460448e9ced3c30fde5beea5fb374d49f8ba5e4a28ad493361f156680c153e6c

Showing logs for build [32mentando-k8s-environment-entando-fdsnw-143[0m stage [32mfrom-build-pack[0m and container [32mstep-git-source-entando-k8s-environment-entando-lwm9d[0m
Unable to retrieve container logs for docker://937f6e29f1d8f855053f9f63c919f97f44d17257b585f8651c17e84672119e1d

Showing logs for build [32mentando-k8s-environment-entando-fdsnw-143[0m stage [32mfrom-build-pack[0m and container [32mstep-git-merge[0m
Unable to retrieve container logs for docker://24a27341998cae6fb5ce10f600b478402385c79162d8b267cf08f271b6d5460e

Showing logs for build [32mentando-k8s-environment-entando-fdsnw-143[0m stage [32mfrom-build-pack[0m and container [32mstep-setup-jx-git-credentials[0m
Generated Git credentials file /builder/home/git/credentials

Showing logs for build [32mentando-k8s-environment-entando-fdsnw-143[0m stage [32mfrom-build-pack[0m and container [32mstep-build-helm-apply[0m
Modified file /workspace/source/env/Chart.yaml to set the chart to version 143
Ignoring templates/.gitignore
Ignoring templates/wildcardcert-secret.yaml
WARNING: No $CHART_REPOSITORY defined so using the default value of: http://jenkins-x-chartmuseum:8080
Adding missing Helm repo: storage.googleapis.com https://storage.googleapis.com/chartmuseum.jenkins-x.io
Successfully added Helm repository storage.googleapis.com.
Adding missing Helm repo: jenkins-x-chartmuseum http://jenkins-x-chartmuseum:8080
Successfully added Helm repository jenkins-x-chartmuseum.
WARNING: No $CHART_REPOSITORY defined so using the default value of: http://jenkins-x-chartmuseum:8080
Adding missing Helm repo: chartmuseum.jenkins-x.io http://chartmuseum.jenkins-x.io
Successfully added Helm repository chartmuseum.jenkins-x.io.

panic: interface conversion: runtime.Object is *v1.Status, not *v1.Job

goroutine 1 [running]:
github.com/jenkins-x/**/pkg/kube.WaitForJobToComplete.func1(0xc000a38008, 0x5, 0x5a35840, 0xc0007f61b0, 0xc00017b301, 0x0, 0x0)
	/workspace/source/pkg/kube/job.go:68 +0x263
k8s.io/client-go/tools/watch.UntilWithoutRetry(0x5a75fc0, 0xc000dcfb00, 0x5a35f00, 0xc000a69c50, 0xc000c94b18, 0x1, 0x1, 0x0, 0x0, 0x0)
	/workspace/go/pkg/mod/k8s.io/client-go@v0.0.0-20190528110200-4f3abb12cae2/tools/watch/until.go:82 +0x239
github.com/jenkins-x/**/pkg/kube.WaitForJobToComplete(0x5b18e20, 0xc000621b00, 0xc000054491, 0xa, 0xc00067b520, 0x6, 0x1a3185c5000, 0xc00000e500, 0x0, 0x0)
	/workspace/source/pkg/kube/job.go:79 +0x3a1
github.com/jenkins-x/**/pkg/helm.(*HelmTemplate).deleteHooks(0xc00064fc70, 0xc000d723f0, 0x2, 0x2, 0x4cfce0e, 0xc, 0x4d02a4f, 0**, 0xc000054491, 0xa, ...)
	/workspace/source/pkg/helm/helm_template.go:1116 +0x519
github.com/jenkins-x/**/pkg/helm.(*HelmTemplate).UpgradeChart(0xc00064fc70, 0x4ce8a35, 0x1, 0x4ce8d8b, 0x2, 0xc000054491, 0xa, 0x0, 0x0, 0x1, ...)
	/workspace/source/pkg/helm/helm_template.go:393 +0x953
github.com/jenkins-x/**/pkg/helm.InstallFromChartOptions(0xc00041d3c0, 0x20, 0x4ce8d8b, 0x2, 0x4ce8a35, 0x1, 0x0, 0x0, 0xc000054491, 0xa, ...)
	/workspace/source/pkg/helm/helm_helpers.go:578 +0x546
github.com/jenkins-x/**/pkg/cmd/opts.(*CommonOptions).InstallChartWithOptionsAndTimeout(0xc00020e600, 0xc00041d3c0, 0x20, 0x4ce8d8b, 0x2, 0x4ce8a35, 0x1, 0x0, 0x0, 0xc000054491, ...)
	/workspace/source/pkg/cmd/opts/helm.go:408 +0x1d7
github.com/jenkins-x/**/pkg/cmd/step/helm.(*StepHelmApplyOptions).Run(0xc0002e39e0, 0x0, 0x0)
	/workspace/source/pkg/cmd/step/helm/step_helm_apply.go:378 +0x19bc
github.com/jenkins-x/**/pkg/cmd/step/helm.NewCmdStepHelmApply.func1(0xc00075c780, 0xa5b9d00, 0x0, 0x0)
	/workspace/source/pkg/cmd/step/helm/step_helm_apply.go:82 +0x6f
github.com/spf13/cobra.(*Command).e**cute(0xc00075c780, 0xa5b9d00, 0x0, 0x0, 0xc00075c780, 0xa5b9d00)
	/workspace/go/pkg/mod/github.com/spf13/cobra@v0.0.5/command.go:830 +0x2ae
github.com/spf13/cobra.(*Command).E**cuteC(0xc00018cc80, 0xc000362e80, 0x5a380c0, 0xc0000ec000)
	/workspace/go/pkg/mod/github.com/spf13/cobra@v0.0.5/command.go:914 +0x2fc
github.com/spf13/cobra.(*Command).E**cute(...)
	/workspace/go/pkg/mod/github.com/spf13/cobra@v0.0.5/command.go:864
github.com/jenkins-x/**/cmd/**/app.Run(0x0, 0x0, 0x0, 0xc000965f88, 0xc0000d0058)
	/workspace/source/cmd/**/app/**.go:19 +0x185
main.main()
	/workspace/source/cmd/**/**.go:11 +0x32
[31m
Pipeline failed on stage 'from-build-pack' : container 'step-build-helm-apply'. The execution of the pipeline has stopped.[0m
