
Showing logs for build [32mmeta-entando-k8s-entando-de-app-24nt7-4[0m stage [32mmeta-pipeline[0m and container [32mstep-credential-initializer-27ndj[0m
{"level":"warn","ts":1610097786.3426251,"logger":"fallback-logger","caller":"logging/config.go:69","msg":"Fetch GitHub commit ID from kodata failed: \"ref: refs/heads/0.8.0-**-support-backwards-incompats\" is not a valid GitHub commit ID"}
{"level":"info","ts":1610097786.3520026,"logger":"fallback-logger","caller":"creds-init/main.go:40","msg":"Credentials initialized."}

Showing logs for build [32mmeta-entando-k8s-entando-de-app-24nt7-4[0m stage [32mmeta-pipeline[0m and container [32mstep-working-dir-initializer-8gjtq[0m
{"level":"warn","ts":1610097787.7062585,"logger":"fallback-logger","caller":"logging/config.go:69","msg":"Fetch GitHub commit ID from kodata failed: open /var/run/ko/HEAD: no such file or directory"}
{"level":"info","ts":1610097787.7275789,"logger":"fallback-logger","caller":"bash/main.go:64","msg":"Successfully e**cuted command \"sh -c mkdir -p /workspace/source\"; output "}

Showing logs for build [32mmeta-entando-k8s-entando-de-app-24nt7-4[0m stage [32mmeta-pipeline[0m and container [32mstep-place-tools[0m

Showing logs for build [32mmeta-entando-k8s-entando-de-app-24nt7-4[0m stage [32mmeta-pipeline[0m and container [32mstep-git-source-meta-entando-k8s-entando-de-app-kvrlt[0m
{"level":"warn","ts":1610097803.3652418,"logger":"fallback-logger","caller":"logging/config.go:69","msg":"Fetch GitHub commit ID from kodata failed: \"ref: refs/heads/0.8.0-**-support-backwards-incompats\" is not a valid GitHub commit ID"}
{"level":"info","ts":1610097806.21238,"logger":"fallback-logger","caller":"git/git.go:103","msg":"Successfully cloned https://github.com/entando-k8s/entando-de-app.git @ 6cabc405109e705f94984a6569887095a9a41f51 in path /workspace/source"}

Showing logs for build [32mmeta-entando-k8s-entando-de-app-24nt7-4[0m stage [32mmeta-pipeline[0m and container [32mstep-git-merge[0m
Using SHAs from PULL_REFS=master:6cabc405109e705f94984a6569887095a9a41f51,181:c506de87a5a6c18ae13ec49a617e0e2fa80231a6
DEBUG: ran git fetch --unshallow origin c506de87a5a6c18ae13ec49a617e0e2fa80231a6: 6cabc405109e705f94984a6569887095a9a41f51: in 
DEBUG: ran git checkout master in 
DEBUG: ran git reset --hard 6cabc405109e705f94984a6569887095a9a41f51 in 
DEBUG: ran clean --force -d . in 
error: error during merge: merging c506de87a5a6c18ae13ec49a617e0e2fa80231a6 into master: git output: Auto-merging pom.xml
CONFLICT (content): Merge conflict in pom.xml
Automatic merge failed; fix conflicts and then commit the result.: failed to run 'git merge c506de87a5a6c18ae13ec49a617e0e2fa80231a6' command in directory '', output: 'Auto-merging pom.xml
CONFLICT (content): Merge conflict in pom.xml
Automatic merge failed; fix conflicts and then commit the result.'
[31m
Pipeline failed on stage 'meta-pipeline' : container 'step-git-merge'. The execution of the pipeline has stopped.[0m
