
Showing logs for build [32mentando-entando-plugin-jpredis-g498p-7[0m stage [32mfrom-build-pack[0m and container [32mstep-credential-initializer-glzfq[0m
Unable to retrieve container logs for docker://0799f696a8bf1d4ecd8d487c0c7bc8723a34749ae62d8a70310289ca48f4c332

Showing logs for build [32mentando-entando-plugin-jpredis-g498p-7[0m stage [32mfrom-build-pack[0m and container [32mstep-working-dir-initializer-mslmq[0m
Unable to retrieve container logs for docker://1ad78703cbf6196382cadb57b7509616417a5efbdb8519752c523d5204b07a57

Showing logs for build [32mentando-entando-plugin-jpredis-g498p-7[0m stage [32mfrom-build-pack[0m and container [32mstep-place-tools[0m
Unable to retrieve container logs for docker://b8297df26e846c05ed89a2a08cd63a6f66c3323e3c05ef4f41415df046fc9610

Showing logs for build [32mentando-entando-plugin-jpredis-g498p-7[0m stage [32mfrom-build-pack[0m and container [32mstep-git-source-entando-entando-plugin-jpredis-pb6h2[0m
Unable to retrieve container logs for docker://df12b69a8931e40788de49f4ae18d029d8085a28ed8cb83ef7f6f90c35fbf213

Showing logs for build [32mentando-entando-plugin-jpredis-g498p-7[0m stage [32mfrom-build-pack[0m and container [32mstep-git-merge[0m
Unable to retrieve container logs for docker://81c6dcd3023ff929945f121683a6b13f437db8eb34488f3699b0bf602c85025a

Showing logs for build [32mentando-entando-plugin-jpredis-g498p-7[0m stage [32mfrom-build-pack[0m and container [32mstep-setup-jx-git-credentials[0m
Unable to retrieve container logs for docker://a2c845823a2fc25d8b69458d2cc011b49501de4eae092148fac4c4f85b850888

Showing logs for build [32mentando-entando-plugin-jpredis-g498p-7[0m stage [32mfrom-build-pack[0m and container [32mstep-build-fetch-history-for-sonar[0m
Unable to retrieve container logs for docker://0b3080647f75b65870fd73e38bbf1a6d69831057e5c1e069f95603069e5d4e01

Showing logs for build [32mentando-entando-plugin-jpredis-g498p-7[0m stage [32mfrom-build-pack[0m and container [32mstep-build-jx-preview[0m
Unable to retrieve container logs for docker://4827036fef4c6b7e9cdce626df3a187c6a842200534ff05e14cdcf7d05a7a97f

Showing logs for build [32mentando-entando-plugin-jpredis-g498p-7[0m stage [32mfrom-build-pack[0m and container [32mstep-build-join-networks[0m
Unable to retrieve container logs for docker://4c23d85732ab883c36455cccda8f8d789a97d3c6670be47843a2f7f793bd3d47

Showing logs for build [32mentando-entando-plugin-jpredis-g498p-7[0m stage [32mfrom-build-pack[0m and container [32mstep-build-mvn-verify-pr[0m
Unable to retrieve container logs for docker://d7b6513e05862e72254e71e361711c5c755d7eaf18ad96368d1dc99b21b97363
[31m
Pipeline failed on stage 'from-build-pack' : container 'step-build-mvn-verify-pr'. The execution of the pipeline has stopped.[0m
