
Showing logs for build [32mentando-entando-plugin-jpredis-vfqsx-8[0m stage [32mfrom-build-pack[0m and container [32mstep-credential-initializer-mb4wq[0m
Unable to retrieve container logs for docker://c87efb3b1e937f4323852bdc0e3bff6fb6e8bc486b777a6a2f860f6fbe292b26

Showing logs for build [32mentando-entando-plugin-jpredis-vfqsx-8[0m stage [32mfrom-build-pack[0m and container [32mstep-working-dir-initializer-hv5rb[0m
Unable to retrieve container logs for docker://f6158e86e642316698551459fa4d791a5c1357896ce8b874b72e39343e6ebb0d

Showing logs for build [32mentando-entando-plugin-jpredis-vfqsx-8[0m stage [32mfrom-build-pack[0m and container [32mstep-place-tools[0m
Unable to retrieve container logs for docker://2660b32788e16d022dc45e523bf7104d39b3e89973b733660f45f0ec384aed54

Showing logs for build [32mentando-entando-plugin-jpredis-vfqsx-8[0m stage [32mfrom-build-pack[0m and container [32mstep-git-source-entando-entando-plugin-jpredis-pvsp4[0m
Unable to retrieve container logs for docker://1517ce26589cc3779a2323a64ba95369f32a89e5a1bd65bd9d2cdaecee8c1e9a

Showing logs for build [32mentando-entando-plugin-jpredis-vfqsx-8[0m stage [32mfrom-build-pack[0m and container [32mstep-git-merge[0m
Unable to retrieve container logs for docker://3691a1a5855cfb4e76ed605888020616519caa3740afbc660584320915a8cc2f

Showing logs for build [32mentando-entando-plugin-jpredis-vfqsx-8[0m stage [32mfrom-build-pack[0m and container [32mstep-setup-jx-git-credentials[0m
Unable to retrieve container logs for docker://7aca0c6e9807d06c3fe7ed82a4b7266a95e50d6137e8476aa8d5d40d3127df77

Showing logs for build [32mentando-entando-plugin-jpredis-vfqsx-8[0m stage [32mfrom-build-pack[0m and container [32mstep-build-fetch-history-for-sonar[0m
Unable to retrieve container logs for docker://238ec652642e8740a44a33b4de9d0c0d2e99b11e6d5cfd3cd4368f2ddab72768

Showing logs for build [32mentando-entando-plugin-jpredis-vfqsx-8[0m stage [32mfrom-build-pack[0m and container [32mstep-build-jx-preview[0m
Unable to retrieve container logs for docker://bb7cc9d4fca36304d3c84a6aa4cafd60999e5bb0121f153ced018d7a194ef643

Showing logs for build [32mentando-entando-plugin-jpredis-vfqsx-8[0m stage [32mfrom-build-pack[0m and container [32mstep-build-join-networks[0m
Unable to retrieve container logs for docker://5c0575c5427c9c1ac75ad5073ac4c72287f3cc514fc8f4385fe9a6380abc0b0a

Showing logs for build [32mentando-entando-plugin-jpredis-vfqsx-8[0m stage [32mfrom-build-pack[0m and container [32mstep-build-mvn-deploy-release[0m
Unable to retrieve container logs for docker://4522a27ce7cf382ba81a0caf45f3250f734f734803911c51e765073c1928a040

Showing logs for build [32mentando-entando-plugin-jpredis-vfqsx-8[0m stage [32mfrom-build-pack[0m and container [32mstep-promote-changelog[0m
Unable to retrieve container logs for docker://eec9ce5c181ea70e2c6f8c5ddab1341bca6d8eeee702087caaf1c513cb3c4449
