
Showing logs for build [32mentando-entando-plugin-jpredis-5mvg5-9[0m stage [32mfrom-build-pack[0m and container [32mstep-credential-initializer-vfh9t[0m
Unable to retrieve container logs for docker://d12e501746973653e29476d9fc26ae68f3ec2a9b60175a4302cf6b460ffe4a0e

Showing logs for build [32mentando-entando-plugin-jpredis-5mvg5-9[0m stage [32mfrom-build-pack[0m and container [32mstep-working-dir-initializer-6hgv9[0m
Unable to retrieve container logs for docker://ad8d8e53bc55a254a7cea7524d071607c75088beb969ab6b30c55772d3b28e4c

Showing logs for build [32mentando-entando-plugin-jpredis-5mvg5-9[0m stage [32mfrom-build-pack[0m and container [32mstep-place-tools[0m
Unable to retrieve container logs for docker://d5c4f92c81c62411618f7e7c9591482964d0bd463031db5efa3acf716fa83544

Showing logs for build [32mentando-entando-plugin-jpredis-5mvg5-9[0m stage [32mfrom-build-pack[0m and container [32mstep-git-source-entando-entando-plugin-jpredis-848c2[0m
Unable to retrieve container logs for docker://ee540c7cfb154e308072b131389302680f7cc1b526982a473723aaf032656e3d

Showing logs for build [32mentando-entando-plugin-jpredis-5mvg5-9[0m stage [32mfrom-build-pack[0m and container [32mstep-git-merge[0m
Unable to retrieve container logs for docker://6b0447073820f812468325a2f0a047194c578c4c45bb0072bb553d5d6b504433

Showing logs for build [32mentando-entando-plugin-jpredis-5mvg5-9[0m stage [32mfrom-build-pack[0m and container [32mstep-setup-jx-git-credentials[0m
Unable to retrieve container logs for docker://2deacb6f7e633c30d86dbd2601fbf4351b4c97648e06e25714f88a187ce93515

Showing logs for build [32mentando-entando-plugin-jpredis-5mvg5-9[0m stage [32mfrom-build-pack[0m and container [32mstep-build-fetch-history-for-sonar[0m
Unable to retrieve container logs for docker://5ff949ec6920b05a79ddf3eb90c6986481e227a65c42b9616671c3256335db02

Showing logs for build [32mentando-entando-plugin-jpredis-5mvg5-9[0m stage [32mfrom-build-pack[0m and container [32mstep-build-jx-preview[0m
Unable to retrieve container logs for docker://b586564993cb24148478bcc6763c94435f0d4ac780be0b20518e1e61b361206d

Showing logs for build [32mentando-entando-plugin-jpredis-5mvg5-9[0m stage [32mfrom-build-pack[0m and container [32mstep-build-join-networks[0m
Unable to retrieve container logs for docker://2d1ad196ac2ef916fe5e0c94cd20e94786a190efdb956f49d69a540481731167

Showing logs for build [32mentando-entando-plugin-jpredis-5mvg5-9[0m stage [32mfrom-build-pack[0m and container [32mstep-build-mvn-deploy-release[0m
Unable to retrieve container logs for docker://0a96bf54e140ce21199f0f1f6ff56f10ec5ce1b5a43c9828781d232376ae0560

Showing logs for build [32mentando-entando-plugin-jpredis-5mvg5-9[0m stage [32mfrom-build-pack[0m and container [32mstep-promote-changelog[0m
Unable to retrieve container logs for docker://3e4e563f3c8a8463226924175752013c4d02409099a2c353839c783927c3b249

Showing logs for build [32mentando-entando-plugin-jpredis-5mvg5-9[0m stage [32mfrom-build-pack[0m and container [32mstep-promote-update-bom[0m
Unable to retrieve container logs for docker://48fbfe7d9c23bc1e6c8ae76029d19e067b75a41c603daa3b8cd459447d67941e
