
Showing logs for build [32mentando-entando-plugin-jpversio-wf8j4-14[0m stage [32mfrom-build-pack[0m and container [32mstep-credential-initializer-x2vk5[0m
Unable to retrieve container logs for docker://72c9ac710cf34c67961cf678432a586c93f9aa4ec03c90781839b51e793d7b22

Showing logs for build [32mentando-entando-plugin-jpversio-wf8j4-14[0m stage [32mfrom-build-pack[0m and container [32mstep-working-dir-initializer-5m7xb[0m
Unable to retrieve container logs for docker://79affecef190f33662e79c52e5619a5a8bcf59a9e930fa55803abdacd9ec1d07

Showing logs for build [32mentando-entando-plugin-jpversio-wf8j4-14[0m stage [32mfrom-build-pack[0m and container [32mstep-place-tools[0m
Unable to retrieve container logs for docker://94eaa135ad13225764830b7c78a7a4354b0d7aa86ce5d45a259ba57a0bf16c21

Showing logs for build [32mentando-entando-plugin-jpversio-wf8j4-14[0m stage [32mfrom-build-pack[0m and container [32mstep-git-source-entando-entando-plugin-jpversio-tfp9h[0m
Unable to retrieve container logs for docker://a0feaae4d11350215c07f5ddde8fda3058c217c02a97c577b62e023fe0a71629

Showing logs for build [32mentando-entando-plugin-jpversio-wf8j4-14[0m stage [32mfrom-build-pack[0m and container [32mstep-git-merge[0m
Unable to retrieve container logs for docker://5c2b145fcc430335c73af74f4e0d2a212ae1a47a60571f14deaacc91aebf684b

Showing logs for build [32mentando-entando-plugin-jpversio-wf8j4-14[0m stage [32mfrom-build-pack[0m and container [32mstep-setup-jx-git-credentials[0m
Unable to retrieve container logs for docker://1c507e2aead770371d554c9c72d0264bf0e0d5d1441a3d57ec97d435eb3d012b

Showing logs for build [32mentando-entando-plugin-jpversio-wf8j4-14[0m stage [32mfrom-build-pack[0m and container [32mstep-build-fetch-history-for-sonar[0m
Unable to retrieve container logs for docker://659fd3b744d88461b830f3f896035640d0f594ed6a4b035df08aee0a9e6d0663

Showing logs for build [32mentando-entando-plugin-jpversio-wf8j4-14[0m stage [32mfrom-build-pack[0m and container [32mstep-build-mvn-deploy-release[0m
Unable to retrieve container logs for docker://8ea72b6251183a3b8b8b9709e98002707240671b6219df539ca48378a53fdf61

Showing logs for build [32mentando-entando-plugin-jpversio-wf8j4-14[0m stage [32mfrom-build-pack[0m and container [32mstep-promote-changelog[0m
Unable to retrieve container logs for docker://915efbe870b26f539fb7f2d20147af717dd3a5ddefafc61acb264fbf0a7aee6e

Showing logs for build [32mentando-entando-plugin-jpversio-wf8j4-14[0m stage [32mfrom-build-pack[0m and container [32mstep-promote-update-bom[0m
Unable to retrieve container logs for docker://6bfef51e133f4a34779f57b6a2ee9d33f8c693c58b85ff759af34a7bc1f1aa11
