
Showing logs for build [32mentando-entando-plugin-jpversio-fxk2n-15[0m stage [32mfrom-build-pack[0m and container [32mstep-credential-initializer-p6zhq[0m
Unable to retrieve container logs for docker://409de8e9594e002a17d0b42af92d624edfeb5d6a4f62163d966de0600e638f50

Showing logs for build [32mentando-entando-plugin-jpversio-fxk2n-15[0m stage [32mfrom-build-pack[0m and container [32mstep-working-dir-initializer-5pssr[0m
Unable to retrieve container logs for docker://f9c3d5e4470f984ec7f3e1457a404b354baac9642cf77e16e2af1d54ac21183d

Showing logs for build [32mentando-entando-plugin-jpversio-fxk2n-15[0m stage [32mfrom-build-pack[0m and container [32mstep-place-tools[0m
Unable to retrieve container logs for docker://7772415e3b11b44c387b0a16b487ba11503dd81752020a50ad83c8f75b595e39

Showing logs for build [32mentando-entando-plugin-jpversio-fxk2n-15[0m stage [32mfrom-build-pack[0m and container [32mstep-git-source-entando-entando-plugin-jpversio-bsfzn[0m
Unable to retrieve container logs for docker://fd868cb1148c710236bc251f5a3e454e691e2b9990a85e7425fce27564d7814b

Showing logs for build [32mentando-entando-plugin-jpversio-fxk2n-15[0m stage [32mfrom-build-pack[0m and container [32mstep-git-merge[0m
Unable to retrieve container logs for docker://0f12cfec416f954a35924aec1b9e414a107dd65a95143e7c3f85e38b7c69420b

Showing logs for build [32mentando-entando-plugin-jpversio-fxk2n-15[0m stage [32mfrom-build-pack[0m and container [32mstep-setup-jx-git-credentials[0m
Unable to retrieve container logs for docker://14125483f9570121b2514f9325ccc36f5cefc7a1d23e4f69063ac7761d00ad1f

Showing logs for build [32mentando-entando-plugin-jpversio-fxk2n-15[0m stage [32mfrom-build-pack[0m and container [32mstep-build-fetch-history-for-sonar[0m
Unable to retrieve container logs for docker://965f509a14a3735a7485e8efe3c671580a677a60f46b00228a1a13c80e4a7a6b

Showing logs for build [32mentando-entando-plugin-jpversio-fxk2n-15[0m stage [32mfrom-build-pack[0m and container [32mstep-build-mvn-deploy-release[0m
Unable to retrieve container logs for docker://0808cb16dc383c1db9d09173d5304b660d7a5d857c9b496b6023017381c8741f

Showing logs for build [32mentando-entando-plugin-jpversio-fxk2n-15[0m stage [32mfrom-build-pack[0m and container [32mstep-promote-changelog[0m
Unable to retrieve container logs for docker://cd53a336a94d67028d9a5e41d3b3492b86e4add1a9266d1ad6d4eef4d20e9678

Showing logs for build [32mentando-entando-plugin-jpversio-fxk2n-15[0m stage [32mfrom-build-pack[0m and container [32mstep-promote-update-bom[0m
Unable to retrieve container logs for docker://dabb3b1bc11cc003e3d9558f8b52b6168c6183d337060e49e165f4266f341f5d
