
Showing logs for build [32mentando-entando-admin-console-m-trj6p-62[0m stage [32mfrom-build-pack[0m and container [32mstep-credential-initializer-wnrmx[0m
Unable to retrieve container logs for docker://3c260a1dca9b9d46570fc277a411e05f12ba3f928054e565b7fb233dd0038a77

Showing logs for build [32mentando-entando-admin-console-m-trj6p-62[0m stage [32mfrom-build-pack[0m and container [32mstep-working-dir-initializer-5w52l[0m
Unable to retrieve container logs for docker://37dd2a733c225637f3f436d609f42c208f5b46d538b1093fb78898bdbf2e5c45

Showing logs for build [32mentando-entando-admin-console-m-trj6p-62[0m stage [32mfrom-build-pack[0m and container [32mstep-place-tools[0m
Unable to retrieve container logs for docker://87fb28a779d18d6b5f037e2a55d0261d6b8a6af03826bc15a94c6d68f940f210

Showing logs for build [32mentando-entando-admin-console-m-trj6p-62[0m stage [32mfrom-build-pack[0m and container [32mstep-git-source-entando-entando-admin-console-m-4bwws[0m
Unable to retrieve container logs for docker://d42880d9dd39fa7fda13435bc0b9073bd4f2bc3f50e2d95e69b5818f9f98530f

Showing logs for build [32mentando-entando-admin-console-m-trj6p-62[0m stage [32mfrom-build-pack[0m and container [32mstep-git-merge[0m
Unable to retrieve container logs for docker://54e919d354deac435138301b6d905f1971c1fcc772ab5a64176d11282157a31d

Showing logs for build [32mentando-entando-admin-console-m-trj6p-62[0m stage [32mfrom-build-pack[0m and container [32mstep-setup-jx-git-credentials[0m
Unable to retrieve container logs for docker://f582ee88d26acc7085e2ff49ceb6f923eb153a8556553c12053559812a7ae411

Showing logs for build [32mentando-entando-admin-console-m-trj6p-62[0m stage [32mfrom-build-pack[0m and container [32mstep-build-fetch-history-for-sonar[0m
Unable to retrieve container logs for docker://9d75b21c3e224e18acca388014d94b60c7027b86c8d09d2e656af010fc25a20b

Showing logs for build [32mentando-entando-admin-console-m-trj6p-62[0m stage [32mfrom-build-pack[0m and container [32mstep-build-mvn-deploy-release[0m
Unable to retrieve container logs for docker://1deea7f124e4ad7479ecc84b42a90d0fccdcc34232817c17f07ddcf2cdd8351e

Showing logs for build [32mentando-entando-admin-console-m-trj6p-62[0m stage [32mfrom-build-pack[0m and container [32mstep-promote-changelog[0m
Unable to retrieve container logs for docker://9421934123fbb53a46659b002c1371607a242b6d3e5cab0fc300206387875465

Showing logs for build [32mentando-entando-admin-console-m-trj6p-62[0m stage [32mfrom-build-pack[0m and container [32mstep-promote-update-bom[0m
Unable to retrieve container logs for docker://3f07cfbf72867003819aaa958ab7b7592eee4312173a6d2c794367f5d054b47f
