
Showing logs for build [32mentando-entando-admin-console-m-5htns-63[0m stage [32mfrom-build-pack[0m and container [32mstep-credential-initializer-rftz6[0m
Unable to retrieve container logs for docker://2a0f587bd6d4c141496b3433d3258424043c991c43de7e5e104ad3b6de677b0c

Showing logs for build [32mentando-entando-admin-console-m-5htns-63[0m stage [32mfrom-build-pack[0m and container [32mstep-working-dir-initializer-ljpqw[0m
Unable to retrieve container logs for docker://839097dcd28d9464eb39cd9c730fbf44031c0e9484e1e93368debbaba5724e54

Showing logs for build [32mentando-entando-admin-console-m-5htns-63[0m stage [32mfrom-build-pack[0m and container [32mstep-place-tools[0m
Unable to retrieve container logs for docker://d358d2b8e1d0f05924ad447aa772902ccc4bdce718ba83785bd62cb2a1976a6b

Showing logs for build [32mentando-entando-admin-console-m-5htns-63[0m stage [32mfrom-build-pack[0m and container [32mstep-git-source-entando-entando-admin-console-m-lqfzn[0m
Unable to retrieve container logs for docker://5448b3b6fa20322f4302c94195ab5d4e69af8ddcbb7ef86803080422c9bc5527

Showing logs for build [32mentando-entando-admin-console-m-5htns-63[0m stage [32mfrom-build-pack[0m and container [32mstep-git-merge[0m
Unable to retrieve container logs for docker://ed9ac86075d4f652234ddf14c0772f28ce02505971901041aacda58aa2390d2c

Showing logs for build [32mentando-entando-admin-console-m-5htns-63[0m stage [32mfrom-build-pack[0m and container [32mstep-setup-jx-git-credentials[0m
Unable to retrieve container logs for docker://252b1cd53d6af30bef5eff411b291277a54e5b71e436561479a0c347e19c646d

Showing logs for build [32mentando-entando-admin-console-m-5htns-63[0m stage [32mfrom-build-pack[0m and container [32mstep-build-fetch-history-for-sonar[0m
Unable to retrieve container logs for docker://e51d291c3e9fbd20d22a96bbf07a354aeec7c5564eea727252e6e688ce874414

Showing logs for build [32mentando-entando-admin-console-m-5htns-63[0m stage [32mfrom-build-pack[0m and container [32mstep-build-mvn-deploy-release[0m
Unable to retrieve container logs for docker://aed244df0e6efd661bfde4a73f10cb7428268384590b376ea8f32e668fd2c14c

Showing logs for build [32mentando-entando-admin-console-m-5htns-63[0m stage [32mfrom-build-pack[0m and container [32mstep-promote-changelog[0m
Unable to retrieve container logs for docker://765a491a3851923e19ac5736fe6aed27bd0423b8b4b57345164db29918de863e

Showing logs for build [32mentando-entando-admin-console-m-5htns-63[0m stage [32mfrom-build-pack[0m and container [32mstep-promote-update-bom[0m
Unable to retrieve container logs for docker://f0f7270040f336674d163710d726305981295f7ce6aa91634119b369a6cf4b2f
