
Showing logs for build [32mentando-k8s-environment-entando-gft56-1[0m stage [32mfrom-build-pack[0m and container [32mstep-credential-initializer-hmc92[0m
{"level":"warn","ts":1606146501.1209493,"logger":"fallback-logger","caller":"logging/config.go:69","msg":"Fetch GitHub commit ID from kodata failed: \"ref: refs/heads/0.8.0-**-support-backwards-incompats\" is not a valid GitHub commit ID"}
{"level":"info","ts":1606146501.1330652,"logger":"fallback-logger","caller":"creds-init/main.go:40","msg":"Credentials initialized."}

Showing logs for build [32mentando-k8s-environment-entando-gft56-1[0m stage [32mfrom-build-pack[0m and container [32mstep-working-dir-initializer-n9bfj[0m
{"level":"warn","ts":1606146504.008475,"logger":"fallback-logger","caller":"logging/config.go:69","msg":"Fetch GitHub commit ID from kodata failed: open /var/run/ko/HEAD: no such file or directory"}
{"level":"info","ts":1606146504.031499,"logger":"fallback-logger","caller":"bash/main.go:64","msg":"Successfully e**cuted command \"sh -c mkdir -p /workspace/source\"; output "}

Showing logs for build [32mentando-k8s-environment-entando-gft56-1[0m stage [32mfrom-build-pack[0m and container [32mstep-place-tools[0m

Showing logs for build [32mentando-k8s-environment-entando-gft56-1[0m stage [32mfrom-build-pack[0m and container [32mstep-git-source-entando-k8s-environment-entando-t5fp4[0m
{"level":"warn","ts":1606146517.120503,"logger":"fallback-logger","caller":"logging/config.go:69","msg":"Fetch GitHub commit ID from kodata failed: \"ref: refs/heads/0.8.0-**-support-backwards-incompats\" is not a valid GitHub commit ID"}
{"level":"info","ts":1606146518.494601,"logger":"fallback-logger","caller":"git/git.go:103","msg":"Successfully cloned https://github.com/entando-k8s/environment-**********-staging.git @ master in path /workspace/source"}

Showing logs for build [32mentando-k8s-environment-entando-gft56-1[0m stage [32mfrom-build-pack[0m and container [32mstep-git-merge[0m
Using SHAs from PULL_REFS=master:faa227a51b46e2752775a6492533a14aca8c3a30,129:f072e8e6fd1ce3b8ebd237a3eeec39617db24cd9
DEBUG: ran git fetch --unshallow origin f072e8e6fd1ce3b8ebd237a3eeec39617db24cd9: faa227a51b46e2752775a6492533a14aca8c3a30: in 
DEBUG: ran git checkout master in 
DEBUG: ran git reset --hard faa227a51b46e2752775a6492533a14aca8c3a30 in 
DEBUG: ran clean --force -d . in 
DEBUG: ran git merge f072e8e6fd1ce3b8ebd237a3eeec39617db24cd9 in 
Merged SHA f072e8e6fd1ce3b8ebd237a3eeec39617db24cd9 with commit message 'chore: Promote entando-k8s-controller-coordinator to version 6.2.19' into base branch master

Showing logs for build [32mentando-k8s-environment-entando-gft56-1[0m stage [32mfrom-build-pack[0m and container [32mstep-build-helm-build[0m
WARNING: No $CHART_REPOSITORY defined so using the default value of: http://jenkins-x-chartmuseum:8080
Adding missing Helm repo: storage.googleapis.com https://storage.googleapis.com/chartmuseum.jenkins-x.io
Successfully added Helm repository storage.googleapis.com.
Adding missing Helm repo: jenkins-x-chartmuseum http://jenkins-x-chartmuseum:8080
Successfully added Helm repository jenkins-x-chartmuseum.
WARNING: No $CHART_REPOSITORY defined so using the default value of: http://jenkins-x-chartmuseum:8080
Adding missing Helm repo: chartmuseum.jenkins-x.io http://chartmuseum.jenkins-x.io
Successfully added Helm repository chartmuseum.jenkins-x.io.
