
Showing logs for build [32mentando-k8s-entando-component-m-98pzf-100[0m stage [32mfrom-build-pack[0m and container [32mstep-credential-initializer-pt9p6[0m
Unable to retrieve container logs for docker://cd56a2763fa1a356838a13db36dff141ba05955fe0c505254dd21057ddc9441c

Showing logs for build [32mentando-k8s-entando-component-m-98pzf-100[0m stage [32mfrom-build-pack[0m and container [32mstep-working-dir-initializer-qthwh[0m
Unable to retrieve container logs for docker://8f890a393910e91c772a7a0461d89014a49d06bc943be37270cee253d79e2560

Showing logs for build [32mentando-k8s-entando-component-m-98pzf-100[0m stage [32mfrom-build-pack[0m and container [32mstep-place-tools[0m
Unable to retrieve container logs for docker://1d28077ea0667d40043a3c371b0d1d77b31a0f1d5344890daac629eb868cf21e

Showing logs for build [32mentando-k8s-entando-component-m-98pzf-100[0m stage [32mfrom-build-pack[0m and container [32mstep-git-source-entando-k8s-entando-component-m-l82cj[0m
Unable to retrieve container logs for docker://4d9d51d86a403b7cbcaf68b7b714bb7dbb327f348122794d108b4af3d593d56c

Showing logs for build [32mentando-k8s-entando-component-m-98pzf-100[0m stage [32mfrom-build-pack[0m and container [32mstep-git-merge[0m
Unable to retrieve container logs for docker://d1c4e980c057a7035ce417f6461d7279e9c6ec7b23a72e779fdd1eea11bb1368

Showing logs for build [32mentando-k8s-entando-component-m-98pzf-100[0m stage [32mfrom-build-pack[0m and container [32mstep-setup-jx-git-credentials[0m
Unable to retrieve container logs for docker://26f20895423e972f1f3b98cd27cb5d3c0e5148d4ca700c0b06d86a4a0d004e35

Showing logs for build [32mentando-k8s-entando-component-m-98pzf-100[0m stage [32mfrom-build-pack[0m and container [32mstep-build-fetch-history-for-sonar[0m
Unable to retrieve container logs for docker://74b4214a84221b49950fcc42ed3fe51be542277e21caff0e4a50d109f54de776

Showing logs for build [32mentando-k8s-entando-component-m-98pzf-100[0m stage [32mfrom-build-pack[0m and container [32mstep-build-mvn-deploy-release[0m
Unable to retrieve container logs for docker://5abd91a5f6e8925469686403a8ae1c7a5451c4a969ef602880ec85456385710a

Showing logs for build [32mentando-k8s-entando-component-m-98pzf-100[0m stage [32mfrom-build-pack[0m and container [32mstep-build-container-build[0m
Unable to retrieve container logs for docker://5017affe4af4ac4d574bb8973485b04b3b4aa37915e3945bddf02d271d6e5d5b

Showing logs for build [32mentando-k8s-entando-component-m-98pzf-100[0m stage [32mfrom-build-pack[0m and container [32mstep-postbuild-post-build[0m
Unable to retrieve container logs for docker://c5a875185a89a905d279d383824e0351c9188944efa2e711a62a01ad5fbbce32

Showing logs for build [32mentando-k8s-entando-component-m-98pzf-100[0m stage [32mfrom-build-pack[0m and container [32mstep-promote-changelog[0m
Unable to retrieve container logs for docker://3e2a843443bb0159d76f389fa33d773b8b92ff7d7e902d36bde3a08e18bbc74b

Showing logs for build [32mentando-k8s-entando-component-m-98pzf-100[0m stage [32mfrom-build-pack[0m and container [32mstep-promote-update-image-map[0m
Unable to retrieve container logs for docker://58a9f31112ed904f770097f7f1e4e4012de1b60eb57ac303ea5893458ea22572
