
Showing logs for build [32mentando-k8s-entando-component-m-bm472-101[0m stage [32mfrom-build-pack[0m and container [32mstep-credential-initializer-fscp4[0m
Unable to retrieve container logs for docker://4685bb4100fa7a044825be4f8748b249695cf7d40acbf66112ee1d9fced7dc56

Showing logs for build [32mentando-k8s-entando-component-m-bm472-101[0m stage [32mfrom-build-pack[0m and container [32mstep-working-dir-initializer-4vqvh[0m
Unable to retrieve container logs for docker://13afec2ca04ada0c874c7c1f0fec0a6ec81b32e124b2726b2f2a891a41246c0c

Showing logs for build [32mentando-k8s-entando-component-m-bm472-101[0m stage [32mfrom-build-pack[0m and container [32mstep-place-tools[0m
Unable to retrieve container logs for docker://0aa14d054d3c2d5ac693492a340ee06811b35c3c1c76c833976ff89ad4aba154

Showing logs for build [32mentando-k8s-entando-component-m-bm472-101[0m stage [32mfrom-build-pack[0m and container [32mstep-git-source-entando-k8s-entando-component-m-8mjjb[0m
Unable to retrieve container logs for docker://20744ae66db3eb4bbde8fb324a20af7452777f9f95fc2745988bfa30450b3f13

Showing logs for build [32mentando-k8s-entando-component-m-bm472-101[0m stage [32mfrom-build-pack[0m and container [32mstep-git-merge[0m
Unable to retrieve container logs for docker://4bc18dcad9da7171ad96c5e468036666cdc110afbe5ff512565962fa51214405

Showing logs for build [32mentando-k8s-entando-component-m-bm472-101[0m stage [32mfrom-build-pack[0m and container [32mstep-setup-jx-git-credentials[0m
Unable to retrieve container logs for docker://4bf2274616fb365ec898d887027d4c54096b852be7e7252aa1c5251c47baf62e

Showing logs for build [32mentando-k8s-entando-component-m-bm472-101[0m stage [32mfrom-build-pack[0m and container [32mstep-build-fetch-history-for-sonar[0m
Unable to retrieve container logs for docker://dd46d96bc8fa1a4ea3bedc23b123e40572311ea5297123116649ef011fbdf91a

Showing logs for build [32mentando-k8s-entando-component-m-bm472-101[0m stage [32mfrom-build-pack[0m and container [32mstep-build-mvn-deploy-release[0m
Unable to retrieve container logs for docker://12abda3063d04928f9786d822e69f73be0ce4c103aec352b179597e4ca71de38

Showing logs for build [32mentando-k8s-entando-component-m-bm472-101[0m stage [32mfrom-build-pack[0m and container [32mstep-build-container-build[0m
Unable to retrieve container logs for docker://2b3bb55c9825371fb7fde5522f14382edac138a0a69d81574172a14dd35a1c3b

Showing logs for build [32mentando-k8s-entando-component-m-bm472-101[0m stage [32mfrom-build-pack[0m and container [32mstep-postbuild-post-build[0m
Unable to retrieve container logs for docker://891d4c025ee4d85f0b05be6953d3a031c93a77e19665bd1779bfd38578418740

Showing logs for build [32mentando-k8s-entando-component-m-bm472-101[0m stage [32mfrom-build-pack[0m and container [32mstep-promote-changelog[0m
Unable to retrieve container logs for docker://126fcb659c4c1b34f31fa9aaf8807e2949a9312b646eaf23863f5659fe95ba50

Showing logs for build [32mentando-k8s-entando-component-m-bm472-101[0m stage [32mfrom-build-pack[0m and container [32mstep-promote-update-image-map[0m
Unable to retrieve container logs for docker://c2636546b511ae49c777c9ab5690511c30ca532a1b390363c38c3da551c50a53
