
Showing logs for build [32mentando-k8s-entando-component-m-khfwl-102[0m stage [32mfrom-build-pack[0m and container [32mstep-credential-initializer-xqptm[0m
Unable to retrieve container logs for docker://07c78e606253673e7d11cd5bda2c0c130c0e9484eb409433781367e4279e3578

Showing logs for build [32mentando-k8s-entando-component-m-khfwl-102[0m stage [32mfrom-build-pack[0m and container [32mstep-working-dir-initializer-lnnjz[0m
Unable to retrieve container logs for docker://cdec010a226be75c0dc3c4ef571c351422d2f4fdbd4957760217a81e626b010d

Showing logs for build [32mentando-k8s-entando-component-m-khfwl-102[0m stage [32mfrom-build-pack[0m and container [32mstep-place-tools[0m
Unable to retrieve container logs for docker://b2e05e516804bd6ffbce42c57c64bf3312b6eb820921d63b4e806956c9a5653f

Showing logs for build [32mentando-k8s-entando-component-m-khfwl-102[0m stage [32mfrom-build-pack[0m and container [32mstep-git-source-entando-k8s-entando-component-m-ks85w[0m
Unable to retrieve container logs for docker://7ef490a1c611b10a6176548df78bba1ae906117c5adf234f3bdb9428b61a617e

Showing logs for build [32mentando-k8s-entando-component-m-khfwl-102[0m stage [32mfrom-build-pack[0m and container [32mstep-git-merge[0m
Unable to retrieve container logs for docker://c377912d6216ed3ec48d5af40714264e5eb4ba846bd44e4a4ea22d5656227e5f

Showing logs for build [32mentando-k8s-entando-component-m-khfwl-102[0m stage [32mfrom-build-pack[0m and container [32mstep-setup-jx-git-credentials[0m
Unable to retrieve container logs for docker://467cd1f5228366234724650643325449193dec8be734b54a2698e51742dd6f04

Showing logs for build [32mentando-k8s-entando-component-m-khfwl-102[0m stage [32mfrom-build-pack[0m and container [32mstep-build-fetch-history-for-sonar[0m
Unable to retrieve container logs for docker://41bf312342256255aa3ca39abab26738e871498e666b4c644f22f6b691fa635b

Showing logs for build [32mentando-k8s-entando-component-m-khfwl-102[0m stage [32mfrom-build-pack[0m and container [32mstep-build-mvn-deploy-release[0m
Unable to retrieve container logs for docker://7817225fd714550418fcc6c3e045b824e0aa7f612b097309bffa95926ccf1725

Showing logs for build [32mentando-k8s-entando-component-m-khfwl-102[0m stage [32mfrom-build-pack[0m and container [32mstep-build-container-build[0m
Unable to retrieve container logs for docker://17d69ac900c41a25c63c7a3cec9bc4330880be41a64c6d4ebc6935e3aae9f64b

Showing logs for build [32mentando-k8s-entando-component-m-khfwl-102[0m stage [32mfrom-build-pack[0m and container [32mstep-postbuild-post-build[0m
Unable to retrieve container logs for docker://2fe9e6770a9acd39d0b8d968727832392dd87f6d8a8c1046f959c4170939c02a

Showing logs for build [32mentando-k8s-entando-component-m-khfwl-102[0m stage [32mfrom-build-pack[0m and container [32mstep-promote-changelog[0m
Unable to retrieve container logs for docker://1da7794c9d17507ad2c2f7a964c46b6fde8ca06bc26b804d00f2b5fbcf67353b

Showing logs for build [32mentando-k8s-entando-component-m-khfwl-102[0m stage [32mfrom-build-pack[0m and container [32mstep-promote-update-image-map[0m
Unable to retrieve container logs for docker://5c69c05cbc39c02e0eb71c1f1f33421ac7a2ccaf64deb54c7e47b81e8387874a
