
Showing logs for build [32mentando-k8s-entando-component-m-hqhzf-97[0m stage [32mfrom-build-pack[0m and container [32mstep-credential-initializer-2jklz[0m
Unable to retrieve container logs for docker://80f5c149335a26349892fe319f928c51a157121c094439098c5b50a4e320ee26

Showing logs for build [32mentando-k8s-entando-component-m-hqhzf-97[0m stage [32mfrom-build-pack[0m and container [32mstep-working-dir-initializer-dxhgd[0m
Unable to retrieve container logs for docker://1a137b4a4a10bd1a7de47df6d32cb80117c5d4aaad58687370fa093a0a51d167

Showing logs for build [32mentando-k8s-entando-component-m-hqhzf-97[0m stage [32mfrom-build-pack[0m and container [32mstep-place-tools[0m
Unable to retrieve container logs for docker://45b140ed4fed241ed4feb00a754333415e721e10336f3f67b4f102f8328cf606

Showing logs for build [32mentando-k8s-entando-component-m-hqhzf-97[0m stage [32mfrom-build-pack[0m and container [32mstep-git-source-entando-k8s-entando-component-m-qsv2x[0m
Unable to retrieve container logs for docker://afbd2b1c599d0167f3c5813e42bf97432a92342752dc4e5821cda9a25136d57b

Showing logs for build [32mentando-k8s-entando-component-m-hqhzf-97[0m stage [32mfrom-build-pack[0m and container [32mstep-git-merge[0m
Unable to retrieve container logs for docker://eaf5d5595468527f2221dc29e7908e489767ef57cf9a027b07c794a302359766

Showing logs for build [32mentando-k8s-entando-component-m-hqhzf-97[0m stage [32mfrom-build-pack[0m and container [32mstep-setup-jx-git-credentials[0m
Unable to retrieve container logs for docker://111c414ef38a38209446a7894c9ac303c220963cc61af125f81bbba34b1a5721

Showing logs for build [32mentando-k8s-entando-component-m-hqhzf-97[0m stage [32mfrom-build-pack[0m and container [32mstep-build-fetch-history-for-sonar[0m
Unable to retrieve container logs for docker://8b1d3326f93c2372db48f932b6c2884c24763de16fe00a6f6e0dc8c5ecf89f22

Showing logs for build [32mentando-k8s-entando-component-m-hqhzf-97[0m stage [32mfrom-build-pack[0m and container [32mstep-build-mvn-deploy-release[0m
Unable to retrieve container logs for docker://7de21920c2fe3e34c90a4756743a8e036a24d658f7818a56596c4338dc9c5e52

Showing logs for build [32mentando-k8s-entando-component-m-hqhzf-97[0m stage [32mfrom-build-pack[0m and container [32mstep-build-container-build[0m
Unable to retrieve container logs for docker://a4a7f2f52ccc616c3d12defbb9727c40bd55b0ed55c3a371e483b313afd0390d

Showing logs for build [32mentando-k8s-entando-component-m-hqhzf-97[0m stage [32mfrom-build-pack[0m and container [32mstep-postbuild-post-build[0m
Unable to retrieve container logs for docker://85d4c35ee7345c772b2e1ec81beed7193865fafd12e8a1186b2b8144a13cbc70

Showing logs for build [32mentando-k8s-entando-component-m-hqhzf-97[0m stage [32mfrom-build-pack[0m and container [32mstep-promote-changelog[0m
Unable to retrieve container logs for docker://dbf10bae6238ee23ef878649d793184ff78c43acf6db9b759cfec38caf9c7d1a

Showing logs for build [32mentando-k8s-entando-component-m-hqhzf-97[0m stage [32mfrom-build-pack[0m and container [32mstep-promote-update-image-map[0m
Unable to retrieve container logs for docker://33b7764b84afe65d86db6836c32a3023518c64618c9c4c2495ad6350a6e9ef6a
