
Showing logs for build [32mentando-k8s-entando-component-m-8gzjs-98[0m stage [32mfrom-build-pack[0m and container [32mstep-credential-initializer-zr5t8[0m
Unable to retrieve container logs for docker://7ca2bcf4dba9d22f5eda8be1f42e6a5d695874c21359021a13988015e48fb136

Showing logs for build [32mentando-k8s-entando-component-m-8gzjs-98[0m stage [32mfrom-build-pack[0m and container [32mstep-working-dir-initializer-kpkm6[0m
Unable to retrieve container logs for docker://28188376d8171448da84c4a771b3800537f94671625e432bdb9d127c0d25191c

Showing logs for build [32mentando-k8s-entando-component-m-8gzjs-98[0m stage [32mfrom-build-pack[0m and container [32mstep-place-tools[0m
Unable to retrieve container logs for docker://5d6287a5731e420eff97d17c61f8e223f0a02f166a827f1e4629b9899cb28541

Showing logs for build [32mentando-k8s-entando-component-m-8gzjs-98[0m stage [32mfrom-build-pack[0m and container [32mstep-git-source-entando-k8s-entando-component-m-rfhz7[0m
Unable to retrieve container logs for docker://120c77083ff43504a22fcd29cebab87000f478c1b331d00c93edadd7281c7718

Showing logs for build [32mentando-k8s-entando-component-m-8gzjs-98[0m stage [32mfrom-build-pack[0m and container [32mstep-git-merge[0m
Unable to retrieve container logs for docker://04e663e18fad9c1d7f13254471b98a61c0cfffc2b0ec47571433ecf00aa23b27

Showing logs for build [32mentando-k8s-entando-component-m-8gzjs-98[0m stage [32mfrom-build-pack[0m and container [32mstep-setup-jx-git-credentials[0m
Unable to retrieve container logs for docker://989568c67d3f6d3b64f37c673dfaab375ba0bbfb44e8b952c9cbdab5a82ce822

Showing logs for build [32mentando-k8s-entando-component-m-8gzjs-98[0m stage [32mfrom-build-pack[0m and container [32mstep-build-fetch-history-for-sonar[0m
Unable to retrieve container logs for docker://1c302ffd38677e04419ab1f3fab6d453c6946350556c8b68a05e0b5ad207d250

Showing logs for build [32mentando-k8s-entando-component-m-8gzjs-98[0m stage [32mfrom-build-pack[0m and container [32mstep-build-mvn-deploy-release[0m
Unable to retrieve container logs for docker://fc017891f567f03daf1cad116f0673190aefe06de43b541ae01d73ab885a076e

Showing logs for build [32mentando-k8s-entando-component-m-8gzjs-98[0m stage [32mfrom-build-pack[0m and container [32mstep-build-container-build[0m
Unable to retrieve container logs for docker://6afe23cf5880570ddc4ebc4ddae6c57b969cfd19ccf0b106b05d9c7a29456454

Showing logs for build [32mentando-k8s-entando-component-m-8gzjs-98[0m stage [32mfrom-build-pack[0m and container [32mstep-postbuild-post-build[0m
Unable to retrieve container logs for docker://17b37e0ed82f5f2cd57341a8e72d0e0f46644725c9e564441889bcb2275b5b74

Showing logs for build [32mentando-k8s-entando-component-m-8gzjs-98[0m stage [32mfrom-build-pack[0m and container [32mstep-promote-changelog[0m
Unable to retrieve container logs for docker://68075464798b4b7ba31a615af388f54c02abb2e11ff553697802ccdeffffea4d

Showing logs for build [32mentando-k8s-entando-component-m-8gzjs-98[0m stage [32mfrom-build-pack[0m and container [32mstep-promote-update-image-map[0m
Unable to retrieve container logs for docker://b5c4da449ee5be3c4bffdba0375aa56636256964cf59fc472803e8b303c62267
