
Showing logs for build [32mentando-k8s-entando-component-m-rnk9b-99[0m stage [32mfrom-build-pack[0m and container [32mstep-credential-initializer-wpj8b[0m
Unable to retrieve container logs for docker://39cb0d447567f8555ef0cd989d35f81bd16587c59db0fe53d0dad1b1f92ea121

Showing logs for build [32mentando-k8s-entando-component-m-rnk9b-99[0m stage [32mfrom-build-pack[0m and container [32mstep-working-dir-initializer-md8l2[0m
Unable to retrieve container logs for docker://cb4decea4d41e72c620b478d7592ee4de8010fa19844ef3adb207af3fea2294f

Showing logs for build [32mentando-k8s-entando-component-m-rnk9b-99[0m stage [32mfrom-build-pack[0m and container [32mstep-place-tools[0m
Unable to retrieve container logs for docker://a36c7d6cb473832a671d7f0971cdb60cacc979730a195a532922258d3f8e8565

Showing logs for build [32mentando-k8s-entando-component-m-rnk9b-99[0m stage [32mfrom-build-pack[0m and container [32mstep-git-source-entando-k8s-entando-component-m-xc69d[0m
Unable to retrieve container logs for docker://cf998a65a65af10de24487c69f555674d53e474fa595671648408d100bdf1363

Showing logs for build [32mentando-k8s-entando-component-m-rnk9b-99[0m stage [32mfrom-build-pack[0m and container [32mstep-git-merge[0m
Unable to retrieve container logs for docker://31811b5add5d4018d4bb5d24ab1e930a3349a5802a229f3f4ae05ed3b969b31a

Showing logs for build [32mentando-k8s-entando-component-m-rnk9b-99[0m stage [32mfrom-build-pack[0m and container [32mstep-setup-jx-git-credentials[0m
Unable to retrieve container logs for docker://22297c87e0c7cc398205de99c100c04c595de977a0ef9c2812a29f22eb0d617a

Showing logs for build [32mentando-k8s-entando-component-m-rnk9b-99[0m stage [32mfrom-build-pack[0m and container [32mstep-build-fetch-history-for-sonar[0m
Unable to retrieve container logs for docker://6158b17c286c0a47bbf5aeb5966cac5c0b32a69573e735097f97972db4c95617

Showing logs for build [32mentando-k8s-entando-component-m-rnk9b-99[0m stage [32mfrom-build-pack[0m and container [32mstep-build-mvn-deploy-release[0m
Unable to retrieve container logs for docker://b8e56fcc7a47ee33233e538f4ee1e53436533db4ce63a467298e9f2250244f32

Showing logs for build [32mentando-k8s-entando-component-m-rnk9b-99[0m stage [32mfrom-build-pack[0m and container [32mstep-build-container-build[0m
Unable to retrieve container logs for docker://e788ccb8b4a93b205053a3a00f08131bc3ca98d92f44f310c0ebbe094180725b

Showing logs for build [32mentando-k8s-entando-component-m-rnk9b-99[0m stage [32mfrom-build-pack[0m and container [32mstep-postbuild-post-build[0m
Unable to retrieve container logs for docker://edbcb3d5e8f1365a5c72b55d4865b4326f034a2451ea7329030cf4b0af55e969

Showing logs for build [32mentando-k8s-entando-component-m-rnk9b-99[0m stage [32mfrom-build-pack[0m and container [32mstep-promote-changelog[0m
Unable to retrieve container logs for docker://616ea0c22186581b59df40630fe6e96a349350134e4ae018254e296b7511cd0f

Showing logs for build [32mentando-k8s-entando-component-m-rnk9b-99[0m stage [32mfrom-build-pack[0m and container [32mstep-promote-update-image-map[0m
Unable to retrieve container logs for docker://894ce7983bbfa676ab47743b37d7d12932fdb6a37b1515313e19e79383968447
