
Showing logs for build [32mentando-entando-engine-master-r-vr69b-102[0m stage [32mfrom-build-pack[0m and container [32mstep-credential-initializer-wfhth[0m
Unable to retrieve container logs for docker://9a2bd7b38df2846676d503d809ed1668c4ae012dd9b31c465851994829aeec2c

Showing logs for build [32mentando-entando-engine-master-r-vr69b-102[0m stage [32mfrom-build-pack[0m and container [32mstep-working-dir-initializer-j2wmd[0m
Unable to retrieve container logs for docker://d74dc14e3bdf1c68f5cfa39379231c0ec411ac2c187cba586523ec41375db969

Showing logs for build [32mentando-entando-engine-master-r-vr69b-102[0m stage [32mfrom-build-pack[0m and container [32mstep-place-tools[0m
Unable to retrieve container logs for docker://2b32c79e52987e1bb7af97f651ae357abb392f954e86df2bb9dd41d6cb624f79

Showing logs for build [32mentando-entando-engine-master-r-vr69b-102[0m stage [32mfrom-build-pack[0m and container [32mstep-git-source-entando-entando-engine-master-r-8pvnz[0m
Unable to retrieve container logs for docker://a06036e6783a5020850a52df6220de365ee96698a21bc223e2f928df9f7adf2d

Showing logs for build [32mentando-entando-engine-master-r-vr69b-102[0m stage [32mfrom-build-pack[0m and container [32mstep-git-merge[0m
Unable to retrieve container logs for docker://45fd182959ea9d76a24265fae2d71133d2322c8011d970f037a1054801a2756c

Showing logs for build [32mentando-entando-engine-master-r-vr69b-102[0m stage [32mfrom-build-pack[0m and container [32mstep-setup-jx-git-credentials[0m
Unable to retrieve container logs for docker://e518606a517da12e80bc5d73f04d5f53c15e55a8bbbce927ce7523b69104f420

Showing logs for build [32mentando-entando-engine-master-r-vr69b-102[0m stage [32mfrom-build-pack[0m and container [32mstep-build-fetch-history-for-sonar[0m
Unable to retrieve container logs for docker://151712ace3c0544462594eaec7a9927a103a883cff14132e7616d3ecbc40c164

Showing logs for build [32mentando-entando-engine-master-r-vr69b-102[0m stage [32mfrom-build-pack[0m and container [32mstep-build-mvn-deploy-release[0m
Unable to retrieve container logs for docker://82385d18999af9627987867087292c4d04331047b4906a0b5db7e63ce855327e

Showing logs for build [32mentando-entando-engine-master-r-vr69b-102[0m stage [32mfrom-build-pack[0m and container [32mstep-promote-changelog[0m
Unable to retrieve container logs for docker://b42c91fd9bf8da544893295d79cf2e60eadee8ee40b5af7c527b1b877296df5d

Showing logs for build [32mentando-entando-engine-master-r-vr69b-102[0m stage [32mfrom-build-pack[0m and container [32mstep-promote-update-bom[0m
Unable to retrieve container logs for docker://13d80ad5e1a512435a4e6b49e189a672dfab65a402ad6256210e675e106a3747
