
Showing logs for build [32mentando-entando-engine-master-r-qz5fz-112[0m stage [32mfrom-build-pack[0m and container [32mstep-credential-initializer-dwssd[0m
Unable to retrieve container logs for docker://6d60617ae223ce739bede36dad29fe05abd1a6e0912077473d255830f7a9ab4c

Showing logs for build [32mentando-entando-engine-master-r-qz5fz-112[0m stage [32mfrom-build-pack[0m and container [32mstep-working-dir-initializer-7xgkn[0m
Unable to retrieve container logs for docker://ff008485cdc9d01f65abdbe625b3ba6659e9d0c8e6745478fcb63ca35b51603a

Showing logs for build [32mentando-entando-engine-master-r-qz5fz-112[0m stage [32mfrom-build-pack[0m and container [32mstep-place-tools[0m
Unable to retrieve container logs for docker://6f38a60e83ad261a9d2669d8ee9d574ff3c21bb29c186c66a3f2ddac70898211

Showing logs for build [32mentando-entando-engine-master-r-qz5fz-112[0m stage [32mfrom-build-pack[0m and container [32mstep-git-source-entando-entando-engine-master-r-cvr65[0m
Unable to retrieve container logs for docker://0ef62c0981744e4ba24757d55abc8b3d0383925e8004517e7e82f84b22c45616

Showing logs for build [32mentando-entando-engine-master-r-qz5fz-112[0m stage [32mfrom-build-pack[0m and container [32mstep-git-merge[0m
Unable to retrieve container logs for docker://54eabc6af343156f8641e5dd7e268b3694ac310c8b6b4a5f771193dc36204048

Showing logs for build [32mentando-entando-engine-master-r-qz5fz-112[0m stage [32mfrom-build-pack[0m and container [32mstep-setup-jx-git-credentials[0m
Unable to retrieve container logs for docker://3f71a2dd8ca3d529d1a9d541e9c8a129bd71f9760755793bb3fcf7818e3c0259

Showing logs for build [32mentando-entando-engine-master-r-qz5fz-112[0m stage [32mfrom-build-pack[0m and container [32mstep-build-fetch-history-for-sonar[0m
Unable to retrieve container logs for docker://a1909ef159fad83e107a224cc5ac350eafa97665b8502f726aa66f004caca84b

Showing logs for build [32mentando-entando-engine-master-r-qz5fz-112[0m stage [32mfrom-build-pack[0m and container [32mstep-build-mvn-deploy-release[0m
Unable to retrieve container logs for docker://518e54752e109d6fad227cd05fedd84216369cb95020bc48adf5b00a6f123641

Showing logs for build [32mentando-entando-engine-master-r-qz5fz-112[0m stage [32mfrom-build-pack[0m and container [32mstep-promote-changelog[0m
Unable to retrieve container logs for docker://c7dbb5996f99904883dfec188fac724afc3966db29cf061947546962084cd56d

Showing logs for build [32mentando-entando-engine-master-r-qz5fz-112[0m stage [32mfrom-build-pack[0m and container [32mstep-promote-update-bom[0m
Unable to retrieve container logs for docker://a5bcc14decbbaf3b50bc2f3e0d863e3c97578c8e09584523d01dba4d21898b34
