
Showing logs for build [32mentando-entando-engine-master-r-z75ct-113[0m stage [32mfrom-build-pack[0m and container [32mstep-credential-initializer-mn4b7[0m
Unable to retrieve container logs for docker://d16b7163c759894015621cc8248b2a1292e99adce001cc290750fbc824b93003

Showing logs for build [32mentando-entando-engine-master-r-z75ct-113[0m stage [32mfrom-build-pack[0m and container [32mstep-working-dir-initializer-9c6kx[0m
Unable to retrieve container logs for docker://af688b4201cf2f460b9a30be81224b2fe45eaeb631c20a0c21a1071d022f3c64

Showing logs for build [32mentando-entando-engine-master-r-z75ct-113[0m stage [32mfrom-build-pack[0m and container [32mstep-place-tools[0m
Unable to retrieve container logs for docker://06c672f4d3e7b92e197b3bd1ad9f797064030695bfc7ac255f9082c72e02dc22

Showing logs for build [32mentando-entando-engine-master-r-z75ct-113[0m stage [32mfrom-build-pack[0m and container [32mstep-git-source-entando-entando-engine-master-r-xspzr[0m
Unable to retrieve container logs for docker://9d56a41205a3043d075743ea91ac6569e25fd89f208d4126fa5e49b011739c2f

Showing logs for build [32mentando-entando-engine-master-r-z75ct-113[0m stage [32mfrom-build-pack[0m and container [32mstep-git-merge[0m
Unable to retrieve container logs for docker://51616ff5f484240bb1d089d4a7d177048f62a949f491ed045cda2cbe42e6081b

Showing logs for build [32mentando-entando-engine-master-r-z75ct-113[0m stage [32mfrom-build-pack[0m and container [32mstep-setup-jx-git-credentials[0m
Unable to retrieve container logs for docker://a4305d165a48020d9171acf6b0f63c60ccedd0e40b919b177259aecdcbf8d915

Showing logs for build [32mentando-entando-engine-master-r-z75ct-113[0m stage [32mfrom-build-pack[0m and container [32mstep-build-fetch-history-for-sonar[0m
Unable to retrieve container logs for docker://9aab3413e64b6d7ef644347faf642c1a57508ed4b089cc066027106224d6161d

Showing logs for build [32mentando-entando-engine-master-r-z75ct-113[0m stage [32mfrom-build-pack[0m and container [32mstep-build-mvn-deploy-release[0m
Unable to retrieve container logs for docker://e1fbab13dd1a984381c4d878173e306746491eda4f341c7f9004b4d31dc7ed5f

Showing logs for build [32mentando-entando-engine-master-r-z75ct-113[0m stage [32mfrom-build-pack[0m and container [32mstep-promote-changelog[0m
Unable to retrieve container logs for docker://021c6e1a00a9bd5a0b86460977fbf045504ab8b09e21135ab7ae5de5cb3fc139

Showing logs for build [32mentando-entando-engine-master-r-z75ct-113[0m stage [32mfrom-build-pack[0m and container [32mstep-promote-update-bom[0m
Unable to retrieve container logs for docker://60f293522400db7ae7df6f07fe66565276fd35b1ff3e9c07ed69bcec5c06bc38
