
Showing logs for build [32mentando-entando-plugin-jpseo-ma-bk4jj-29[0m stage [32mfrom-build-pack[0m and container [32mstep-credential-initializer-vw4x6[0m
Unable to retrieve container logs for docker://9734464fed12130d4d313baddfcecd7f79af9448256f09019ac3d4a2a9c6065c

Showing logs for build [32mentando-entando-plugin-jpseo-ma-bk4jj-29[0m stage [32mfrom-build-pack[0m and container [32mstep-working-dir-initializer-29pfd[0m
Unable to retrieve container logs for docker://84792acfef566d6d8ee4cc95841791697f9e3e1ab1616c46e2c278402ca10d52

Showing logs for build [32mentando-entando-plugin-jpseo-ma-bk4jj-29[0m stage [32mfrom-build-pack[0m and container [32mstep-place-tools[0m
Unable to retrieve container logs for docker://9bebe5406add0b46105be4df1b3c2817d2aec871ef8535250885160ad4d7d70c

Showing logs for build [32mentando-entando-plugin-jpseo-ma-bk4jj-29[0m stage [32mfrom-build-pack[0m and container [32mstep-git-source-entando-entando-plugin-jpseo-ma-g6lsc[0m
Unable to retrieve container logs for docker://9e99ed81be67167ef1e67904ec90993e6de3eb7a7bd48b7372c441cfdc501a4f

Showing logs for build [32mentando-entando-plugin-jpseo-ma-bk4jj-29[0m stage [32mfrom-build-pack[0m and container [32mstep-git-merge[0m
Unable to retrieve container logs for docker://a0c514c33f2fec3d111bcadb096dea36ff0d1a31c5a7b91a0fdc5eb461a32071

Showing logs for build [32mentando-entando-plugin-jpseo-ma-bk4jj-29[0m stage [32mfrom-build-pack[0m and container [32mstep-setup-jx-git-credentials[0m
Unable to retrieve container logs for docker://9c4ae57d462fab7001b42d42611c0f43c73f91870d61856b1c74c4f6f8494524

Showing logs for build [32mentando-entando-plugin-jpseo-ma-bk4jj-29[0m stage [32mfrom-build-pack[0m and container [32mstep-build-fetch-history-for-sonar[0m
Unable to retrieve container logs for docker://b0f665c27fc5276b9c7451c2ec153505d7d3ecfd65934d07007221a9bee55f3b

Showing logs for build [32mentando-entando-plugin-jpseo-ma-bk4jj-29[0m stage [32mfrom-build-pack[0m and container [32mstep-build-mvn-deploy-release[0m
Unable to retrieve container logs for docker://70611c4f442b3767951382dcb726c56e2f890629e19c8263959f87051dc48452

Showing logs for build [32mentando-entando-plugin-jpseo-ma-bk4jj-29[0m stage [32mfrom-build-pack[0m and container [32mstep-promote-changelog[0m
Unable to retrieve container logs for docker://65095ebace55485abf7097085ce94c0cfa0194d248955e7535d6cbdcdd9a4e78

Showing logs for build [32mentando-entando-plugin-jpseo-ma-bk4jj-29[0m stage [32mfrom-build-pack[0m and container [32mstep-promote-update-bom[0m
Unable to retrieve container logs for docker://5747c08d476f072f672852c58901272d4ce44730571fd32f9f226a46c9167f23
