
Showing logs for build [32mentando-entando-plugin-jpseo-ma-mqqpm-30[0m stage [32mfrom-build-pack[0m and container [32mstep-credential-initializer-fvfrw[0m
Unable to retrieve container logs for docker://c29a2bb76066675b06046448c3f4085daeb771cfcc09616f3701efa1e6d5936e

Showing logs for build [32mentando-entando-plugin-jpseo-ma-mqqpm-30[0m stage [32mfrom-build-pack[0m and container [32mstep-working-dir-initializer-tzgrp[0m
Unable to retrieve container logs for docker://8db33dce071195643c296700ed862b660f339925c7eb394478c63a3b23be4853

Showing logs for build [32mentando-entando-plugin-jpseo-ma-mqqpm-30[0m stage [32mfrom-build-pack[0m and container [32mstep-place-tools[0m
Unable to retrieve container logs for docker://b71cb4232118905991a2501e856e154015488da4de4a53419ebbf837f5609f1a

Showing logs for build [32mentando-entando-plugin-jpseo-ma-mqqpm-30[0m stage [32mfrom-build-pack[0m and container [32mstep-git-source-entando-entando-plugin-jpseo-ma-gcfbt[0m
Unable to retrieve container logs for docker://93ecbc01b4c8bc226a6e3f563e069b2db239184c8f83055b78123755ed31fd5f

Showing logs for build [32mentando-entando-plugin-jpseo-ma-mqqpm-30[0m stage [32mfrom-build-pack[0m and container [32mstep-git-merge[0m
Unable to retrieve container logs for docker://7f126fc6f2786008326494678fe98576948d9ece49f1a21c37a7edbd09330912

Showing logs for build [32mentando-entando-plugin-jpseo-ma-mqqpm-30[0m stage [32mfrom-build-pack[0m and container [32mstep-setup-jx-git-credentials[0m
Unable to retrieve container logs for docker://36028013e3f32d566bb56258eee012723fdefe4c0ee9a26a365d7097274ab87b

Showing logs for build [32mentando-entando-plugin-jpseo-ma-mqqpm-30[0m stage [32mfrom-build-pack[0m and container [32mstep-build-fetch-history-for-sonar[0m
Unable to retrieve container logs for docker://ba64ea5c39ecc7570b24f5b7a6399319472ef7fe16ff311146703e7fa069fe14

Showing logs for build [32mentando-entando-plugin-jpseo-ma-mqqpm-30[0m stage [32mfrom-build-pack[0m and container [32mstep-build-mvn-deploy-release[0m
Unable to retrieve container logs for docker://2099caa9e2f7270bd1fdf2c7446e1a7030267da8a4b6256b63630f91146e9458

Showing logs for build [32mentando-entando-plugin-jpseo-ma-mqqpm-30[0m stage [32mfrom-build-pack[0m and container [32mstep-promote-changelog[0m
Unable to retrieve container logs for docker://bd1504aaaabb70495b31d93701d2fb61758cfa1aed2d295ef3af2775f512f42c

Showing logs for build [32mentando-entando-plugin-jpseo-ma-mqqpm-30[0m stage [32mfrom-build-pack[0m and container [32mstep-promote-update-bom[0m
Unable to retrieve container logs for docker://693cc1647db6a91408c1f64395bac66a9b9ddd3edd7fd6101e8e9d2dcb094a27
