
Showing logs for build [32mmeta-entando-k8s-entando-de-app-q482s-2[0m stage [32mmeta-pipeline[0m and container [32mstep-credential-initializer-frkj8[0m
{"level":"warn","ts":1605691775.8795953,"logger":"fallback-logger","caller":"logging/config.go:69","msg":"Fetch GitHub commit ID from kodata failed: \"ref: refs/heads/0.8.0-**-support-backwards-incompats\" is not a valid GitHub commit ID"}
{"level":"info","ts":1605691775.8871105,"logger":"fallback-logger","caller":"creds-init/main.go:40","msg":"Credentials initialized."}

Showing logs for build [32mmeta-entando-k8s-entando-de-app-q482s-2[0m stage [32mmeta-pipeline[0m and container [32mstep-working-dir-initializer-92686[0m
{"level":"warn","ts":1605691778.516405,"logger":"fallback-logger","caller":"logging/config.go:69","msg":"Fetch GitHub commit ID from kodata failed: open /var/run/ko/HEAD: no such file or directory"}
{"level":"info","ts":1605691778.530244,"logger":"fallback-logger","caller":"bash/main.go:64","msg":"Successfully e**cuted command \"sh -c mkdir -p /workspace/source\"; output "}

Showing logs for build [32mmeta-entando-k8s-entando-de-app-q482s-2[0m stage [32mmeta-pipeline[0m and container [32mstep-place-tools[0m

Showing logs for build [32mmeta-entando-k8s-entando-de-app-q482s-2[0m stage [32mmeta-pipeline[0m and container [32mstep-git-source-meta-entando-k8s-entando-de-app-mc2b7[0m
{"level":"warn","ts":1605691812.6264088,"logger":"fallback-logger","caller":"logging/config.go:69","msg":"Fetch GitHub commit ID from kodata failed: \"ref: refs/heads/0.8.0-**-support-backwards-incompats\" is not a valid GitHub commit ID"}
{"level":"info","ts":1605691817.743579,"logger":"fallback-logger","caller":"git/git.go:103","msg":"Successfully cloned https://github.com/entando-k8s/entando-de-app.git @ 6e0f5e92cb46e66be5d6bff105b3b0a988a73f4f in path /workspace/source"}

Showing logs for build [32mmeta-entando-k8s-entando-de-app-q482s-2[0m stage [32mmeta-pipeline[0m and container [32mstep-git-merge[0m
Using SHAs from PULL_REFS=master:6e0f5e92cb46e66be5d6bff105b3b0a988a73f4f,146:e0609114ecc71fa682258b2ff1b5e11ade037754
DEBUG: ran git fetch --unshallow origin e0609114ecc71fa682258b2ff1b5e11ade037754: 6e0f5e92cb46e66be5d6bff105b3b0a988a73f4f: in 
DEBUG: ran git checkout master in 
DEBUG: ran git reset --hard 6e0f5e92cb46e66be5d6bff105b3b0a988a73f4f in 
DEBUG: ran clean --force -d . in 
error: error during merge: merging e0609114ecc71fa682258b2ff1b5e11ade037754 into master: git output: Auto-merging pom.xml
CONFLICT (content): Merge conflict in pom.xml
Automatic merge failed; fix conflicts and then commit the result.: failed to run 'git merge e0609114ecc71fa682258b2ff1b5e11ade037754' command in directory '', output: 'Auto-merging pom.xml
CONFLICT (content): Merge conflict in pom.xml
Automatic merge failed; fix conflicts and then commit the result.'
[31m
Pipeline failed on stage 'meta-pipeline' : container 'step-git-merge'. The execution of the pipeline has stopped.[0m
