
Showing logs for build [32mentando-entando-plugin-jacms-ma-7bhzp-82[0m stage [32mfrom-build-pack[0m and container [32mstep-credential-initializer-d96pj[0m
Unable to retrieve container logs for docker://07a388b63eb0fb5cf4deacc2959f6c48f3ce17b6d6913e16760ad45c2398545b

Showing logs for build [32mentando-entando-plugin-jacms-ma-7bhzp-82[0m stage [32mfrom-build-pack[0m and container [32mstep-working-dir-initializer-l88t5[0m
Unable to retrieve container logs for docker://5ba711b1b9eb7f5208b53a230e90ca5f7725092b471239093580912b084fa621

Showing logs for build [32mentando-entando-plugin-jacms-ma-7bhzp-82[0m stage [32mfrom-build-pack[0m and container [32mstep-place-tools[0m
Unable to retrieve container logs for docker://0dace6551726ee28a6154afa0b210b2b656711adfd6a0611ec36f06beecd860a

Showing logs for build [32mentando-entando-plugin-jacms-ma-7bhzp-82[0m stage [32mfrom-build-pack[0m and container [32mstep-git-source-entando-entando-plugin-jacms-ma-zllnn[0m
Unable to retrieve container logs for docker://7b53be7a052a79641fa9b1751e466053e1f3a6f96d0b20133ad84f8e86b29f75

Showing logs for build [32mentando-entando-plugin-jacms-ma-7bhzp-82[0m stage [32mfrom-build-pack[0m and container [32mstep-git-merge[0m
Unable to retrieve container logs for docker://ba6de9d6504afb088205fa3f4757cf6d8d36e558c622a76b927127fea67eca3b

Showing logs for build [32mentando-entando-plugin-jacms-ma-7bhzp-82[0m stage [32mfrom-build-pack[0m and container [32mstep-setup-jx-git-credentials[0m
Unable to retrieve container logs for docker://46db1a8f853c7f26a25ecb27d1d2d5646cf1dddfec484257a2e05bc021ad4120

Showing logs for build [32mentando-entando-plugin-jacms-ma-7bhzp-82[0m stage [32mfrom-build-pack[0m and container [32mstep-build-fetch-history-for-sonar[0m
Unable to retrieve container logs for docker://8f3e945a7aafba5781d38e98b3e2827d0c55480d13e99e01d6bd577813b9743d

Showing logs for build [32mentando-entando-plugin-jacms-ma-7bhzp-82[0m stage [32mfrom-build-pack[0m and container [32mstep-build-mvn-deploy-release[0m
Unable to retrieve container logs for docker://fd46c76cd4de3f66bac2680caf24cf1e9eb04c3a0d324b433464a39c4489c407

Showing logs for build [32mentando-entando-plugin-jacms-ma-7bhzp-82[0m stage [32mfrom-build-pack[0m and container [32mstep-promote-changelog[0m
Unable to retrieve container logs for docker://9212f07ead6c476be6e09e93939d7d6eb51ee6eb544e95508e21d83b618ba01c

Showing logs for build [32mentando-entando-plugin-jacms-ma-7bhzp-82[0m stage [32mfrom-build-pack[0m and container [32mstep-promote-update-bom[0m
Unable to retrieve container logs for docker://e52ec29e0fd8ed4b375616c9c03609675a8915979dc5582657fb01047d26d312
