
Showing logs for build [32mentando-entando-plugin-jacms-ma-hk2xk-83[0m stage [32mfrom-build-pack[0m and container [32mstep-credential-initializer-xddsp[0m
Unable to retrieve container logs for docker://2db055c8af218101d039a0b450fc7b43635358553569ae60729a8ddd5642413b

Showing logs for build [32mentando-entando-plugin-jacms-ma-hk2xk-83[0m stage [32mfrom-build-pack[0m and container [32mstep-working-dir-initializer-kn5qk[0m
Unable to retrieve container logs for docker://4d26198d52537462b35f8d2529b357710b1281a6733b3d3b045d7578a1e5676a

Showing logs for build [32mentando-entando-plugin-jacms-ma-hk2xk-83[0m stage [32mfrom-build-pack[0m and container [32mstep-place-tools[0m
Unable to retrieve container logs for docker://a465efed65e1193f18e5190499be2f615f5b12a11f3a466cca3452833e7ddb40

Showing logs for build [32mentando-entando-plugin-jacms-ma-hk2xk-83[0m stage [32mfrom-build-pack[0m and container [32mstep-git-source-entando-entando-plugin-jacms-ma-m87t4[0m
Unable to retrieve container logs for docker://c72f935d1425c61ade7524a70e02482f23df77ed93de7e722f90f495e8c50b23

Showing logs for build [32mentando-entando-plugin-jacms-ma-hk2xk-83[0m stage [32mfrom-build-pack[0m and container [32mstep-git-merge[0m
Unable to retrieve container logs for docker://1ef72ef23f43dd02b190e1536a078146bf27db5b65d23e2f615b7cc551f2c209

Showing logs for build [32mentando-entando-plugin-jacms-ma-hk2xk-83[0m stage [32mfrom-build-pack[0m and container [32mstep-setup-jx-git-credentials[0m
Unable to retrieve container logs for docker://8fc3a951cc31235252c1820599dc985ec052769eeeb9616a39355595ef8fb73f

Showing logs for build [32mentando-entando-plugin-jacms-ma-hk2xk-83[0m stage [32mfrom-build-pack[0m and container [32mstep-build-fetch-history-for-sonar[0m
Unable to retrieve container logs for docker://a54882233cf0cb7a817672371102964eac78e29fa875195530c3767d385ea83e

Showing logs for build [32mentando-entando-plugin-jacms-ma-hk2xk-83[0m stage [32mfrom-build-pack[0m and container [32mstep-build-mvn-deploy-release[0m
Unable to retrieve container logs for docker://f96040a223eb8d05593ee49e3127b216023c35f608dc0560043d00f5811c6a46

Showing logs for build [32mentando-entando-plugin-jacms-ma-hk2xk-83[0m stage [32mfrom-build-pack[0m and container [32mstep-promote-changelog[0m
Unable to retrieve container logs for docker://0824c490f6f2362e55c3f5c7577b450d74458aa0a4b1bc58d73b2d00c119db38

Showing logs for build [32mentando-entando-plugin-jacms-ma-hk2xk-83[0m stage [32mfrom-build-pack[0m and container [32mstep-promote-update-bom[0m
Unable to retrieve container logs for docker://6c87811e38f3f64da649568c50ee164159a7b7905af0f86a459d62d4c30f3c10
