
Showing logs for build [32mentando-entando-plugin-jacms-ma-hc9bl-93[0m stage [32mfrom-build-pack[0m and container [32mstep-credential-initializer-dx4bc[0m
Unable to retrieve container logs for docker://6e1e8798d476a13a659e201fc8040301a01a0e0f848e0e548d68fa3eaf9c2546

Showing logs for build [32mentando-entando-plugin-jacms-ma-hc9bl-93[0m stage [32mfrom-build-pack[0m and container [32mstep-working-dir-initializer-wnq8m[0m
Unable to retrieve container logs for docker://b09cc0fd77c0e970eeb6c86840685015ad7b7e024d92d269b3d35efac81db25e

Showing logs for build [32mentando-entando-plugin-jacms-ma-hc9bl-93[0m stage [32mfrom-build-pack[0m and container [32mstep-place-tools[0m
Unable to retrieve container logs for docker://59228f99cf078249bdb0b7b7b7f6b9567bf40694b24ac508e6c6d0be6e252f27

Showing logs for build [32mentando-entando-plugin-jacms-ma-hc9bl-93[0m stage [32mfrom-build-pack[0m and container [32mstep-git-source-entando-entando-plugin-jacms-ma-l2p29[0m
Unable to retrieve container logs for docker://6aaecedefcb6a85c6edc2491bc092d54e60b2acd8cb3e569e3005695f47a6242

Showing logs for build [32mentando-entando-plugin-jacms-ma-hc9bl-93[0m stage [32mfrom-build-pack[0m and container [32mstep-git-merge[0m
Unable to retrieve container logs for docker://bd2f6cd59cd680492b9aa349c223ec4e0f367e4c2e2ec31952b7aa229fd3380d

Showing logs for build [32mentando-entando-plugin-jacms-ma-hc9bl-93[0m stage [32mfrom-build-pack[0m and container [32mstep-setup-jx-git-credentials[0m
Unable to retrieve container logs for docker://fd43f11a76277e26fd394e207f7e3f4e81763d5cce2db6296ccef88118f23b3f

Showing logs for build [32mentando-entando-plugin-jacms-ma-hc9bl-93[0m stage [32mfrom-build-pack[0m and container [32mstep-build-fetch-history-for-sonar[0m
Unable to retrieve container logs for docker://f78a4d557177593fde00733dbcb9c41829eb2df43973de4d4e4cc39d66058a72

Showing logs for build [32mentando-entando-plugin-jacms-ma-hc9bl-93[0m stage [32mfrom-build-pack[0m and container [32mstep-build-mvn-deploy-release[0m
Unable to retrieve container logs for docker://9d14cf402de8e468788127957ebf8d6b59e53ed44b08983c4b38cfeb2493ed40

Showing logs for build [32mentando-entando-plugin-jacms-ma-hc9bl-93[0m stage [32mfrom-build-pack[0m and container [32mstep-promote-changelog[0m
Unable to retrieve container logs for docker://ff8fcc80a5aa324961f7f5f75af1fe06bed9ea38fb9f076ed643bf2033f65816

Showing logs for build [32mentando-entando-plugin-jacms-ma-hc9bl-93[0m stage [32mfrom-build-pack[0m and container [32mstep-promote-update-bom[0m
Unable to retrieve container logs for docker://d13b46cd9575b016d3c48811eed0625018fe8e73245c6279f19d2f10a05b825e
