
Showing logs for build [32mentando-entando-plugin-jacms-ma-svmq6-94[0m stage [32mfrom-build-pack[0m and container [32mstep-credential-initializer-455lf[0m
Unable to retrieve container logs for docker://b5f15de00b03f012fb35356b72989133b2ea2b52371e5a2dcaa43c1294a2727a

Showing logs for build [32mentando-entando-plugin-jacms-ma-svmq6-94[0m stage [32mfrom-build-pack[0m and container [32mstep-working-dir-initializer-6pd8v[0m
Unable to retrieve container logs for docker://26a2ec7cbe83843ca4a9f2999438236fbdbf5ae5f1df97653b9fc18d83ea026b

Showing logs for build [32mentando-entando-plugin-jacms-ma-svmq6-94[0m stage [32mfrom-build-pack[0m and container [32mstep-place-tools[0m
Unable to retrieve container logs for docker://0cde9447a93cb2204ab4c08e91c99b1ced4aaa822114221aafb2980869debe58

Showing logs for build [32mentando-entando-plugin-jacms-ma-svmq6-94[0m stage [32mfrom-build-pack[0m and container [32mstep-git-source-entando-entando-plugin-jacms-ma-kr6cc[0m
Unable to retrieve container logs for docker://7faaf0c08f488d5309354b7fd9176660c6c1b29efa436404e387ded85836db09

Showing logs for build [32mentando-entando-plugin-jacms-ma-svmq6-94[0m stage [32mfrom-build-pack[0m and container [32mstep-git-merge[0m
Unable to retrieve container logs for docker://86768161f0b8dc32fe5598a076a22f5df4b071634b4b4c456f0eeebab3e43e60

Showing logs for build [32mentando-entando-plugin-jacms-ma-svmq6-94[0m stage [32mfrom-build-pack[0m and container [32mstep-setup-jx-git-credentials[0m
Unable to retrieve container logs for docker://c545136a56eefe15fc9ce921e9c67a0da070809f7a209c4ee89dd733d1f9e45c

Showing logs for build [32mentando-entando-plugin-jacms-ma-svmq6-94[0m stage [32mfrom-build-pack[0m and container [32mstep-build-fetch-history-for-sonar[0m
Unable to retrieve container logs for docker://fe3eef68c0de3853d0c4fa3e647b1e660bb3e73e2385822e7229b2973b6d2f23

Showing logs for build [32mentando-entando-plugin-jacms-ma-svmq6-94[0m stage [32mfrom-build-pack[0m and container [32mstep-build-mvn-deploy-release[0m
Unable to retrieve container logs for docker://aa912fb4d4a3a17d42a8268ae13d486a6fc308d32d2a1e727cb7c7cae9b3c579

Showing logs for build [32mentando-entando-plugin-jacms-ma-svmq6-94[0m stage [32mfrom-build-pack[0m and container [32mstep-promote-changelog[0m
Unable to retrieve container logs for docker://b3fc596883be9e2f1468582a677be5550751d5abb369075f926a3394d47de60c

Showing logs for build [32mentando-entando-plugin-jacms-ma-svmq6-94[0m stage [32mfrom-build-pack[0m and container [32mstep-promote-update-bom[0m
Unable to retrieve container logs for docker://79b669c844032c3322e68ccb0678d66ed8a08f42bd125d277889430aabb4b340
