
Showing logs for build [32mentando-entando-keycloak-pr-13-mkrwc-2[0m stage [32mfrom-build-pack[0m and container [32mstep-credential-initializer-q87t9[0m
{"level":"warn","ts":1610545788.2629957,"logger":"fallback-logger","caller":"logging/config.go:69","msg":"Fetch GitHub commit ID from kodata failed: \"ref: refs/heads/0.8.0-**-support-backwards-incompats\" is not a valid GitHub commit ID"}
{"level":"info","ts":1610545788.2668447,"logger":"fallback-logger","caller":"creds-init/main.go:40","msg":"Credentials initialized."}

Showing logs for build [32mentando-entando-keycloak-pr-13-mkrwc-2[0m stage [32mfrom-build-pack[0m and container [32mstep-working-dir-initializer-s8xz9[0m
{"level":"warn","ts":1610545789.5742977,"logger":"fallback-logger","caller":"logging/config.go:69","msg":"Fetch GitHub commit ID from kodata failed: open /var/run/ko/HEAD: no such file or directory"}
{"level":"info","ts":1610545789.5816097,"logger":"fallback-logger","caller":"bash/main.go:64","msg":"Successfully e**cuted command \"sh -c mkdir -p /workspace/source\"; output "}

Showing logs for build [32mentando-entando-keycloak-pr-13-mkrwc-2[0m stage [32mfrom-build-pack[0m and container [32mstep-place-tools[0m

Showing logs for build [32mentando-entando-keycloak-pr-13-mkrwc-2[0m stage [32mfrom-build-pack[0m and container [32mstep-git-source-entando-entando-keycloak-pr-13-ft2v4[0m
{"level":"warn","ts":1610545808.0838113,"logger":"fallback-logger","caller":"logging/config.go:69","msg":"Fetch GitHub commit ID from kodata failed: \"ref: refs/heads/0.8.0-**-support-backwards-incompats\" is not a valid GitHub commit ID"}
{"level":"info","ts":1610545810.479116,"logger":"fallback-logger","caller":"git/git.go:103","msg":"Successfully cloned https://github.com/entando/entando-keycloak.git @ master in path /workspace/source"}

Showing logs for build [32mentando-entando-keycloak-pr-13-mkrwc-2[0m stage [32mfrom-build-pack[0m and container [32mstep-git-merge[0m
Using SHAs from PULL_REFS=master:41da9046f409eca02594e61ee91d49dd1268d029,13:f2254962387ade4ef17829c6eb23cb7a06dde568
DEBUG: ran git fetch --unshallow origin f2254962387ade4ef17829c6eb23cb7a06dde568: 41da9046f409eca02594e61ee91d49dd1268d029: in 
DEBUG: ran git checkout master in 
DEBUG: ran git reset --hard 41da9046f409eca02594e61ee91d49dd1268d029 in 
DEBUG: ran clean --force -d . in 
DEBUG: ran git merge f2254962387ade4ef17829c6eb23cb7a06dde568 in 
Merged SHA f2254962387ade4ef17829c6eb23cb7a06dde568 with commit message 'ENG-1737 added annotations in Dockerfile for certification' into base branch master

Showing logs for build [32mentando-entando-keycloak-pr-13-mkrwc-2[0m stage [32mfrom-build-pack[0m and container [32mstep-container-build1[0m
This avoids unwanted kaniko command substitution
Generating tags...
 - entando/entando-keycloak -> docker.io/entando/entando-keycloak:0.0.0-SNAPSHOT-PR-13-2
Checking cache...
 - entando/entando-keycloak: Not found. Building
Building [entando/entando-keycloak]...
Sending build context to Docker daemon  546.3kBSending build context to Docker daemon   8.15MBSending build context to Docker daemon  8.743MB
Step 1/11 : FROM jboss/keycloak:11.0.3
 ---> b23fdd4af375
Step 2/11 : LABEL MAINTAINER "Entando <dev@entando.com>"
 ---> Using cache
 ---> 0c2b054ec9f6
Step 3/11 : ARG VERSION
 ---> Running in 16ee36e5ff95
 ---> 04895a0fe004
Step 4/11 : LABEL name "Entando Keycloak" vendor "Entando" version "v${VERSION}" release "6" summary "Keycloak with Entando's themes and extensions." description "This is container hosts Keycloak along with themes created for Entando."
 ---> Running in 0bb338c63271
 ---> f017265c5f6c
Step 5/11 : COPY LICENSE /licences/entando-lgpl.txt
 ---> 62a4fe6aec7b
Step 6/11 : COPY themes /opt/jboss/keycloak/themes
 ---> ef1e40909164
Step 7/11 : COPY cli /opt/jboss/tools/cli
 ---> 9910a387f80d
Step 8/11 : RUN export KEYCLOAK_HTTP_PORT=8080 &&       cd  /opt/jboss/keycloak/modules/******/layers/base/com/******/jdbc/main/ &&       mkdir driver &&       curl https://repo1.maven.org/maven2/com/******/ojdbc/ojdbc8/19.3.0.0/ojdbc8-19.3.0.0.jar -o driver/ojdbc.jar
 ---> Running in 580dc6edf258

[91m[0m[91m  % Total    % Received % Xferd  Average Speed   Time    Time     Time  Current
                                 Dload  Upload   Total   Spent    Left  Speed
  0     0    0     0    0     0      0      0 --:--:-- --:--:-- --:--:--     0[0m[91m  0     0    0     0    0     0      0      0 --:[0m[91m--:-- --:--:-- --:--:--     0[0m[91m100 4111k  100 4111k    0     0  11.4M      0 --:--:-- --:--:-- --:--:-- 11.4M
[0m ---> 2c815c78fbbd
Step 9/11 : ENV KEYCLOAK_DEFAULT_THEME "entando" KEYCLOAK_HOME "/opt/jboss/keycloak"
 ---> Running in 49b1f3e18282
 ---> 3c9572b6138a
Step 10/11 : EXPOSE 8080
 ---> Running in f245acdcd8b7
 ---> d122e579ffb9
Step 11/11 : CMD -b 0.0.0.0
 ---> Running in 9ebda5666357
 ---> 368e727b5e7b
Successfully built 368e727b5e7b
The push refers to a repository [docker.io/entando/entando-keycloak]
7253c183724f: Preparing
c8d7f8570281: Preparing
b1c5c9e78b86: Preparing
13ea30908143: Preparing
ff8dde26889b: Preparing
9a122bc5bb12: Preparing
f47704b2a676: Preparing
37330a2a1954: Preparing
d6ec160dc60f: Preparing
f47704b2a676: Waiting
9a122bc5bb12: Waiting
37330a2a1954: Waiting
d6ec160dc60f: Waiting
ff8dde26889b: Layer already exists
9a122bc5bb12: Layer already exists
f47704b2a676: Layer already exists
37330a2a1954: Layer already exists
d6ec160dc60f: Layer already exists
c8d7f8570281: Pushed
7253c183724f: Pushed
b1c5c9e78b86: Pushed
13ea30908143: Pushed
0.0.0-SNAPSHOT-PR-13-2: digest: sha256:b3b325077fc95ef79d8d9e8b6e539047eaeec69b5acef545fef8281f30579e09 size: 2209
There is a new version (1.17.2) of Skaffold available. Download it at https://storage.googleapis.com/skaffold/releases/latest/skaffold-linux-amd64


Showing logs for build [32mentando-entando-keycloak-pr-13-mkrwc-2[0m stage [32mfrom-build-pack[0m and container [32mstep-container-build2[0m
This avoids unwanted kaniko command substitution
Generating tags...
 - entando/entando-redhat-sso -> docker.io/entando/entando-redhat-sso:0.0.0-SNAPSHOT-PR-13-2
Checking cache...
 - entando/entando-redhat-sso: Not found. Building
Building [entando/entando-redhat-sso]...
Sending build context to Docker daemon  536.1kBSending build context to Docker daemon  5.395MBSending build context to Docker daemon  8.779MB
Step 1/9 : FROM registry.redhat.io/rh-sso-7/sso74-openshift-rhel8:latest
 ---> eee32f8895df
Step 2/9 : LABEL MAINTAINER "Entando <dev@entando.com>"
 ---> Using cache
 ---> a6d7506e4d5e
Step 3/9 : ARG VERSION
 ---> Running in faf9c151ec2d
 ---> 30ddd2c88797
Step 4/9 : LABEL name "Entando Red Hat SSO" vendor "Entando" version "v${VERSION}" release "6" summary "Red Hat SSO with Entando's themes and extensions." description "This is container hosts Red Hat SSO along with themes created for Entando."
 ---> Running in d8077d0113c2
 ---> ce660706f1ee
Step 5/9 : COPY LICENSE /licences/entando-lgpl.txt
 ---> ca734ac260a3
Step 6/9 : COPY themes /opt/eap/themes
 ---> 46ffaaffbaf5
Step 7/9 : COPY redhat-sso/standalone-openshift.xml /opt/eap/standalone/configuration/standalone-openshift.xml
 ---> 12863b2e8d7b
Step 8/9 : COPY LICENSE /licenses/entando-lgpl.txt
 ---> 72c7b62eb1a5
Step 9/9 : ENV KEYCLOAK_DEFAULT_THEME "entando" KEYCLOAK_HOME "/opt/eap"
 ---> Running in a53e1bbb7b00
 ---> 282a454bdece
Successfully built 282a454bdece
The push refers to a repository [docker.io/entando/entando-redhat-sso]
a9d4a0a364a5: Preparing
e55f0b1946dd: Preparing
542facf7e9ec: Preparing
d57d8ad4caa7: Preparing
8a37395357cf: Preparing
37330a2a1954: Preparing
d6ec160dc60f: Preparing
37330a2a1954: Waiting
d6ec160dc60f: Waiting
8a37395357cf: Layer already exists
37330a2a1954: Layer already exists
d6ec160dc60f: Layer already exists
a9d4a0a364a5: Pushed
d57d8ad4caa7: Pushed
e55f0b1946dd: Pushed
542facf7e9ec: Pushed
0.0.0-SNAPSHOT-PR-13-2: digest: sha256:a67ca13039479dbc13cd68380e4e33fa316397df20e96375c9b77e6022bd442e size: 1785
There is a new version (1.17.2) of Skaffold available. Download it at https://storage.googleapis.com/skaffold/releases/latest/skaffold-linux-amd64

