
Showing logs for build [32mentando-k8s-entando-k8s-operato-bldqp-2[0m stage [32mfrom-build-pack[0m and container [32mstep-credential-initializer-2dc28[0m
{"level":"warn","ts":1610301075.8638055,"logger":"fallback-logger","caller":"logging/config.go:69","msg":"Fetch GitHub commit ID from kodata failed: \"ref: refs/heads/0.8.0-**-support-backwards-incompats\" is not a valid GitHub commit ID"}
{"level":"info","ts":1610301075.8696902,"logger":"fallback-logger","caller":"creds-init/main.go:40","msg":"Credentials initialized."}

Showing logs for build [32mentando-k8s-entando-k8s-operato-bldqp-2[0m stage [32mfrom-build-pack[0m and container [32mstep-working-dir-initializer-xd974[0m
{"level":"warn","ts":1610301078.563268,"logger":"fallback-logger","caller":"logging/config.go:69","msg":"Fetch GitHub commit ID from kodata failed: open /var/run/ko/HEAD: no such file or directory"}
{"level":"info","ts":1610301078.5732043,"logger":"fallback-logger","caller":"bash/main.go:64","msg":"Successfully e**cuted command \"sh -c mkdir -p /workspace/source\"; output "}

Showing logs for build [32mentando-k8s-entando-k8s-operato-bldqp-2[0m stage [32mfrom-build-pack[0m and container [32mstep-place-tools[0m

Showing logs for build [32mentando-k8s-entando-k8s-operato-bldqp-2[0m stage [32mfrom-build-pack[0m and container [32mstep-git-source-entando-k8s-entando-k8s-operato-xvr6b[0m
{"level":"warn","ts":1610301112.6751595,"logger":"fallback-logger","caller":"logging/config.go:69","msg":"Fetch GitHub commit ID from kodata failed: \"ref: refs/heads/0.8.0-**-support-backwards-incompats\" is not a valid GitHub commit ID"}
{"level":"info","ts":1610301114.2649953,"logger":"fallback-logger","caller":"git/git.go:103","msg":"Successfully cloned https://github.com/entando-k8s/entando-k8s-operator-common.git @ master in path /workspace/source"}

Showing logs for build [32mentando-k8s-entando-k8s-operato-bldqp-2[0m stage [32mfrom-build-pack[0m and container [32mstep-git-merge[0m
Using SHAs from PULL_REFS=master:31100ffc071725ab6c5ff77d2a4005f6346b578b,52:ced2c328535f28e554e0a5882024e45c5f2c46ba
DEBUG: ran git fetch --unshallow origin ced2c328535f28e554e0a5882024e45c5f2c46ba: 31100ffc071725ab6c5ff77d2a4005f6346b578b: in 
DEBUG: ran git checkout master in 
DEBUG: ran git reset --hard 31100ffc071725ab6c5ff77d2a4005f6346b578b in 
DEBUG: ran clean --force -d . in 
DEBUG: ran git merge ced2c328535f28e554e0a5882024e45c5f2c46ba in 
Merged SHA ced2c328535f28e554e0a5882024e45c5f2c46ba with commit message 'ENG-1281: Fix discriminator used in userName and schemaName' into base branch master

Showing logs for build [32mentando-k8s-entando-k8s-operato-bldqp-2[0m stage [32mfrom-build-pack[0m and container [32mstep-build-set-version[0m
failed to open log file "/var/log/pods/6cca0312-536c-11eb-ad12-2a726b6f9ff7/step-build-set-version/0.log": open /var/log/pods/6cca0312-536c-11eb-ad12-2a726b6f9ff7/step-build-set-version/0.log: no such file or directory

Showing logs for build [32mentando-k8s-entando-k8s-operato-bldqp-2[0m stage [32mfrom-build-pack[0m and container [32mstep-build-fix-git-for-sonar[0m
Unable to retrieve container logs for docker://d3ee1827059e6d0c5167611ae2c482590d65a0c329fa564048cf98b3f31c924a

Showing logs for build [32mentando-k8s-entando-k8s-operato-bldqp-2[0m stage [32mfrom-build-pack[0m and container [32mstep-build-mvn-verify-pr[0m
Unable to retrieve container logs for docker://45545442f2c9555a8531458efb41500eaafaed200cb53531ba0f96a14fb1d237
[31m
Pipeline failed on stage 'from-build-pack' : container 'step-build-mvn-verify-pr'. The execution of the pipeline has stopped.[0m
