
Showing logs for build [32mentando-entando-keycloak-plugin-742jk-2[0m stage [32mfrom-build-pack[0m and container [32mstep-credential-initializer-xrcgw[0m
Unable to retrieve container logs for docker://7c356ea2278d7244a9dda0cd1699f4277688763d325d1149094cd861d955a32b

Showing logs for build [32mentando-entando-keycloak-plugin-742jk-2[0m stage [32mfrom-build-pack[0m and container [32mstep-working-dir-initializer-j6l9d[0m
Unable to retrieve container logs for docker://b8bf324d1ffeed6b67ac880d58648a2940800c1c48b55b14133f74f66acf4c5b

Showing logs for build [32mentando-entando-keycloak-plugin-742jk-2[0m stage [32mfrom-build-pack[0m and container [32mstep-place-tools[0m
Unable to retrieve container logs for docker://b7e6955cd98e1a58c153ea8e4093453dd61bace07b1ca539a597c86c1a42853a

Showing logs for build [32mentando-entando-keycloak-plugin-742jk-2[0m stage [32mfrom-build-pack[0m and container [32mstep-git-source-entando-entando-keycloak-plugin-r698d[0m
Unable to retrieve container logs for docker://b5b2591fb375eb1df0b709661d57c05541bc5723d43a5e60302edc107ba22221

Showing logs for build [32mentando-entando-keycloak-plugin-742jk-2[0m stage [32mfrom-build-pack[0m and container [32mstep-git-merge[0m
Unable to retrieve container logs for docker://f678470dcb69ea7ec5975aa6ccadce2c47ade967831271382d7c3c18079f3c34

Showing logs for build [32mentando-entando-keycloak-plugin-742jk-2[0m stage [32mfrom-build-pack[0m and container [32mstep-build-set-version[0m
Unable to retrieve container logs for docker://775bc951bc762b58045e51b7249c1b58247a277a5a70de690323baa651f06c47

Showing logs for build [32mentando-entando-keycloak-plugin-742jk-2[0m stage [32mfrom-build-pack[0m and container [32mstep-build-fix-git-for-sonar[0m
Unable to retrieve container logs for docker://ea8d36dff52d2f44ab944269c029ea030e7693af56994540f42278448e91b747

Showing logs for build [32mentando-entando-keycloak-plugin-742jk-2[0m stage [32mfrom-build-pack[0m and container [32mstep-build-mvn-verify-pr[0m
Unable to retrieve container logs for docker://dc575c108ef60310564e303b5000a20a15c0522073f8503943c5e20e12838a44

Showing logs for build [32mentando-entando-keycloak-plugin-742jk-2[0m stage [32mfrom-build-pack[0m and container [32mstep-postbuild-set-version[0m
Unable to retrieve container logs for docker://996cc7d1cf582a32b2645aa440705b3bda144143cd734b2f8c0d825e7733e429

Showing logs for build [32mentando-entando-keycloak-plugin-742jk-2[0m stage [32mfrom-build-pack[0m and container [32mstep-postbuild-war-build[0m
Unable to retrieve container logs for docker://e45d789ee4695e68f0f3553474b32f421255cef1c630c339aacdebe0efbb4c7d

Showing logs for build [32mentando-entando-keycloak-plugin-742jk-2[0m stage [32mfrom-build-pack[0m and container [32mstep-postbuild-container-build[0m
Unable to retrieve container logs for docker://2a7d2b04c037947fbe9077d30461e627d9c7a4c1d9258f42feba3d7d39186712

Showing logs for build [32mentando-entando-keycloak-plugin-742jk-2[0m stage [32mfrom-build-pack[0m and container [32mstep-promote-make-preview[0m
Unable to retrieve container logs for docker://40e91662826b675083422a1dc0c0dc672695546a57b3921d99c2ddabcef3591e

Showing logs for build [32mentando-entando-keycloak-plugin-742jk-2[0m stage [32mfrom-build-pack[0m and container [32mstep-promote-jx-preview[0m
Unable to retrieve container logs for docker://b6ca70984fe8f2210164c4f64ea22d0d2614cb883adfb821a7a83de2b4940727

Showing logs for build [32mentando-entando-keycloak-plugin-742jk-2[0m stage [32mfrom-build-pack[0m and container [32mstep-promote-run-post-deployment-tests[0m
Unable to retrieve container logs for docker://654e9b2bf94a0422a0af7e480bcff46f889067205c2d3b42df4d8fa99c299f6c

Showing logs for build [32mentando-entando-keycloak-plugin-742jk-2[0m stage [32mfrom-build-pack[0m and container [32mstep-promote-publish-links[0m
Unable to retrieve container logs for docker://82c2d678b3f7ff3367dc0c8389be115a623f7dab4dcaf87627f0dc5383e17672
