
Showing logs for build [32mentando-k8s-entando-component-m-96fg8-1[0m stage [32mfrom-build-pack[0m and container [32mstep-credential-initializer-klphv[0m
Unable to retrieve container logs for docker://cef50aea1ffde83f6833103c24f7a6437776e8b9e78e922fe30cc54ca522da05

Showing logs for build [32mentando-k8s-entando-component-m-96fg8-1[0m stage [32mfrom-build-pack[0m and container [32mstep-working-dir-initializer-gvftb[0m
Unable to retrieve container logs for docker://e63992506c89b535350c35536d80d415bbd925b072f4f1409c5c2952ba942b5f

Showing logs for build [32mentando-k8s-entando-component-m-96fg8-1[0m stage [32mfrom-build-pack[0m and container [32mstep-place-tools[0m
Unable to retrieve container logs for docker://e2f55f30db63bd26b8367c7c4222812a58cf777b8066397bd57cb8bcae08d061

Showing logs for build [32mentando-k8s-entando-component-m-96fg8-1[0m stage [32mfrom-build-pack[0m and container [32mstep-git-source-entando-k8s-entando-component-m-gzwt2[0m
Unable to retrieve container logs for docker://e5c20833ddff66274190f665969e16241781a13730e4a504a28dd273e0fd0324

Showing logs for build [32mentando-k8s-entando-component-m-96fg8-1[0m stage [32mfrom-build-pack[0m and container [32mstep-git-merge[0m
Unable to retrieve container logs for docker://62f425d297a446481588d69369de852115bdab1ef7d8911d0fc535a638c4b676

Showing logs for build [32mentando-k8s-entando-component-m-96fg8-1[0m stage [32mfrom-build-pack[0m and container [32mstep-build-set-version[0m
Unable to retrieve container logs for docker://d10c27943fbb2540fbd0174cd22069730ce0f8d6e247877858e0a56a7035f14a

Showing logs for build [32mentando-k8s-entando-component-m-96fg8-1[0m stage [32mfrom-build-pack[0m and container [32mstep-build-fix-git-for-sonar[0m
Unable to retrieve container logs for docker://5ed0e6116de00f0f15dd42948924851b4ae78fddf4ed066a8df4a07e1fe09109

Showing logs for build [32mentando-k8s-entando-component-m-96fg8-1[0m stage [32mfrom-build-pack[0m and container [32mstep-build-mvn-verify-pr[0m
Unable to retrieve container logs for docker://091e920881f36d1c1b6cfc0e3856ea7bdd5e5a63e5191a1fe8084e1aa917303a

Showing logs for build [32mentando-k8s-entando-component-m-96fg8-1[0m stage [32mfrom-build-pack[0m and container [32mstep-build-container-build[0m
Unable to retrieve container logs for docker://086e89d3f1e271424bf27919015a637e6c42b1e09e8b680bccf3d620719f1951

Showing logs for build [32mentando-k8s-entando-component-m-96fg8-1[0m stage [32mfrom-build-pack[0m and container [32mstep-postbuild-post-build[0m
Unable to retrieve container logs for docker://e679068f109df4527d65e603d72e38158024686041278c42b647de637461c455

Showing logs for build [32mentando-k8s-entando-component-m-96fg8-1[0m stage [32mfrom-build-pack[0m and container [32mstep-promote-make-preview[0m
Unable to retrieve container logs for docker://93ff518045f4f6026d9acc66365f8034891b1e6e7d6df95b61ae510220b94401

Showing logs for build [32mentando-k8s-entando-component-m-96fg8-1[0m stage [32mfrom-build-pack[0m and container [32mstep-promote-jx-preview[0m
Unable to retrieve container logs for docker://0582f09a8e2e9c5f3daef9a92ebe0d0a798062ed350eea52bd62491a12a0d860

Showing logs for build [32mentando-k8s-entando-component-m-96fg8-1[0m stage [32mfrom-build-pack[0m and container [32mstep-promote-run-post-deployment-tests[0m
Unable to retrieve container logs for docker://1a008c490608720e8cb1e5e92df568580bf713dc9c851a73f93416987e18b10d
