
Showing logs for build [32mentando-entando-keycloak-pr-12-mrn2m-1[0m stage [32mfrom-build-pack[0m and container [32mstep-credential-initializer-lgh2v[0m
{"level":"warn","ts":1607419820.4886348,"logger":"fallback-logger","caller":"logging/config.go:69","msg":"Fetch GitHub commit ID from kodata failed: \"ref: refs/heads/0.8.0-**-support-backwards-incompats\" is not a valid GitHub commit ID"}
{"level":"info","ts":1607419820.5001314,"logger":"fallback-logger","caller":"creds-init/main.go:40","msg":"Credentials initialized."}

Showing logs for build [32mentando-entando-keycloak-pr-12-mrn2m-1[0m stage [32mfrom-build-pack[0m and container [32mstep-working-dir-initializer-k5br5[0m
{"level":"warn","ts":1607419823.6329963,"logger":"fallback-logger","caller":"logging/config.go:69","msg":"Fetch GitHub commit ID from kodata failed: open /var/run/ko/HEAD: no such file or directory"}
{"level":"info","ts":1607419823.6482072,"logger":"fallback-logger","caller":"bash/main.go:64","msg":"Successfully e**cuted command \"sh -c mkdir -p /workspace/source\"; output "}

Showing logs for build [32mentando-entando-keycloak-pr-12-mrn2m-1[0m stage [32mfrom-build-pack[0m and container [32mstep-place-tools[0m

Showing logs for build [32mentando-entando-keycloak-pr-12-mrn2m-1[0m stage [32mfrom-build-pack[0m and container [32mstep-git-source-entando-entando-keycloak-pr-12-zj2ph[0m
{"level":"warn","ts":1607419845.3084698,"logger":"fallback-logger","caller":"logging/config.go:69","msg":"Fetch GitHub commit ID from kodata failed: \"ref: refs/heads/0.8.0-**-support-backwards-incompats\" is not a valid GitHub commit ID"}
{"level":"info","ts":1607419847.6081939,"logger":"fallback-logger","caller":"git/git.go:103","msg":"Successfully cloned https://github.com/entando/entando-keycloak.git @ master in path /workspace/source"}

Showing logs for build [32mentando-entando-keycloak-pr-12-mrn2m-1[0m stage [32mfrom-build-pack[0m and container [32mstep-git-merge[0m
Using SHAs from PULL_REFS=master:045b7acfd26fb0169b3ca6f5bf5b8a42a6537f24,12:8e59caa8bffb7a0078e8f2b0dd53e89e9a04ad20
DEBUG: ran git fetch --unshallow origin 8e59caa8bffb7a0078e8f2b0dd53e89e9a04ad20: 045b7acfd26fb0169b3ca6f5bf5b8a42a6537f24: in 
DEBUG: ran git checkout master in 
DEBUG: ran git reset --hard 045b7acfd26fb0169b3ca6f5bf5b8a42a6537f24 in 
DEBUG: ran clean --force -d . in 
DEBUG: ran git merge 8e59caa8bffb7a0078e8f2b0dd53e89e9a04ad20 in 
Merged SHA 8e59caa8bffb7a0078e8f2b0dd53e89e9a04ad20 with commit message 'ENG-1628 first version of entando-redhat-sso image' into base branch master

Showing logs for build [32mentando-entando-keycloak-pr-12-mrn2m-1[0m stage [32mfrom-build-pack[0m and container [32mstep-container-build1[0m
This avoids unwanted kaniko command substitution
Generating tags...
 - entando/entando-keycloak -> docker.io/entando/entando-keycloak:0.0.0-SNAPSHOT-PR-12-1
Checking cache...
 - entando/entando-keycloak: Not found. Building
Building [entando/entando-keycloak]...
Sending build context to Docker daemon  538.1kBSending build context to Docker daemon  8.141MBSending build context to Docker daemon  8.735MB
Step 1/8 : FROM jboss/keycloak:11.0.3
Trying to pull repository docker.io/jboss/keycloak ... 
11.0.3: Pulling from docker.io/jboss/keycloak
4753a4528f5f: Pulling fs layer
c0194df27eff: Pulling fs layer
877e851b85a9: Pulling fs layer
0d656016c6ab: Pulling fs layer
5a82a4caab14: Pulling fs layer
c0194df27eff: Verifying Checksum
c0194df27eff: Download complete
0d656016c6ab: Verifying Checksum
0d656016c6ab: Download complete
4753a4528f5f: Verifying Checksum
4753a4528f5f: Download complete
877e851b85a9: Verifying Checksum
877e851b85a9: Download complete
5a82a4caab14: Verifying Checksum
5a82a4caab14: Download complete
4753a4528f5f: Pull complete
c0194df27eff: Pull complete
877e851b85a9: Pull complete
0d656016c6ab: Pull complete
5a82a4caab14: Pull complete
Digest: sha256:4438f1e51c1369371cb807dffa526e1208086b3ebb9cab009830a178de949782
Status: Downloaded newer image for docker.io/jboss/keycloak:11.0.3
 ---> b23fdd4af375
Step 2/8 : LABEL MAINTAINER "Entando <dev@entando.com>"
 ---> Running in adb55d9fefd4
 ---> 0c2b054ec9f6
Step 3/8 : COPY themes /opt/jboss/keycloak/themes
 ---> a9584db8ef88
Step 4/8 : COPY cli /opt/jboss/tools/cli
 ---> 788fa58073bb
Step 5/8 : RUN export KEYCLOAK_HTTP_PORT=8080 &&       cd  /opt/jboss/keycloak/modules/******/layers/base/com/******/jdbc/main/ &&       mkdir driver &&       curl https://repo1.maven.org/maven2/com/******/ojdbc/ojdbc8/19.3.0.0/ojdbc8-19.3.0.0.jar -o driver/ojdbc.jar
 ---> Running in ee1728884716
[91m[0m
[91m  % Total    % Received % Xferd  Average Speed   Time    Time     Time  Current
                                 Dload  Upload   Total   Spent    Left  Speed
  0     0    0     0    0     0      0      0 --:--:-- --:--:-- --:--:--     0[0m[91m  0     0    0     0    0     0      0      0 --:--:-- --:--:-- --:--:--[0m[91m     0[0m[91m100 4111k  100 4111k    0     0  8530k      0 --:--:-- --:--:-[0m[91m- --:--:-- 8513k
[0m ---> bf64a2b57e8c
Step 6/8 : ENV KEYCLOAK_DEFAULT_THEME "entando" KEYCLOAK_HOME "/opt/jboss/keycloak"
 ---> Running in 4b5ab2979ae7
 ---> 4e51a3ed4cdb
Step 7/8 : EXPOSE 8080
 ---> Running in 378b2ee20475
 ---> a556428b27cb
Step 8/8 : CMD -b 0.0.0.0
 ---> Running in 10a1453b41c1
 ---> 1c1045c6373e
Successfully built 1c1045c6373e
The push refers to a repository [docker.io/entando/entando-keycloak]
b0ae0b2acc72: Preparing
3d27ab3bb7e0: Preparing
61a0ebb4f9bc: Preparing
ff8dde26889b: Preparing
9a122bc5bb12: Preparing
f47704b2a676: Preparing
37330a2a1954: Preparing
f47704b2a676: Waiting
d6ec160dc60f: Preparing
37330a2a1954: Waiting
d6ec160dc60f: Waiting
ff8dde26889b: Mounted from jboss/keycloak
9a122bc5bb12: Mounted from jboss/keycloak
f47704b2a676: Mounted from jboss/keycloak
3d27ab3bb7e0: Pushed
37330a2a1954: Mounted from jboss/keycloak
d6ec160dc60f: Mounted from jboss/keycloak
61a0ebb4f9bc: Pushed
b0ae0b2acc72: Pushed
0.0.0-SNAPSHOT-PR-12-1: digest: sha256:e260dc1548c2569dc15e0078563de1eddca24d9271d2c3166eabc1b8164abfb7 size: 2001
There is a new version (1.17.1) of Skaffold available. Download it at https://storage.googleapis.com/skaffold/releases/latest/skaffold-linux-amd64


Showing logs for build [32mentando-entando-keycloak-pr-12-mrn2m-1[0m stage [32mfrom-build-pack[0m and container [32mstep-container-build2[0m
This avoids unwanted kaniko command substitution
Generating tags...
 - entando/entando-redhat-sso -> docker.io/entando/entando-redhat-sso:0.0.0-SNAPSHOT-PR-12-1
Checking cache...
 - entando/entando-redhat-sso: Error checking cache. Rebuilding.
Building [entando/entando-redhat-sso]...
time="2020-12-08T09:31:42Z" level=warning msg="error checking cache, caching may not work as expected: getting hash for artifact entando/entando-redhat-sso: getting dependencies for entando/entando-redhat-sso: expanding ONBUILD instructions: parsing ONBUILD instructions: processing base image (registry.redhat.io/rh-sso-7/sso74-*********-rhel8:latest) for ONBUILD triggers: getting remote config: getting image: UNAUTHORIZED: Please login to the Red Hat Registry using your Customer Portal credentials. Further instructions can be found here: https://access.redhat.com/RegistryAuthentication"
Sending build context to Docker daemon 

time="2020-12-08T09:31:42Z" level=fatal msg="build failed: build failed: building [entando/entando-redhat-sso]: build artifact: docker build: error during connect: Post http://%2Fvar%2Frun%2Fdocker.sock/v1.26/build?buildargs=null&cachefrom=null&cgroupparent=&cpuperiod=0&cpuquota=0&cpusetcpus=&cpusetmems=&cpushares=0&dockerfile=Dockerfile.redhat-sso&labels=null&memory=0&memswap=0&networkmode=&rm=0&shmsize=0&t=docker.io%2Fentando%2Fentando-redhat-sso%3A0.0.0-SNAPSHOT-PR-12-1&target=&ulimits=null&version=: creating docker context: getting relative tar paths: expanding ONBUILD instructions: parsing ONBUILD instructions: processing base image (registry.redhat.io/rh-sso-7/sso74-*********-rhel8:latest) for ONBUILD triggers: getting remote config: getting image: UNAUTHORIZED: Please login to the Red Hat Registry using your Customer Portal credentials. Further instructions can be found here: https://access.redhat.com/RegistryAuthentication"
[31m
Pipeline failed on stage 'from-build-pack' : container 'step-container-build2'. The execution of the pipeline has stopped.[0m
