
Showing logs for build [32mentando-entando-keycloak-pr-12-mrsb5-2[0m stage [32mfrom-build-pack[0m and container [32mstep-credential-initializer-nhdbc[0m
{"level":"warn","ts":1607420329.4106987,"logger":"fallback-logger","caller":"logging/config.go:69","msg":"Fetch GitHub commit ID from kodata failed: \"ref: refs/heads/0.8.0-**-support-backwards-incompats\" is not a valid GitHub commit ID"}
{"level":"info","ts":1607420329.42322,"logger":"fallback-logger","caller":"creds-init/main.go:40","msg":"Credentials initialized."}

Showing logs for build [32mentando-entando-keycloak-pr-12-mrsb5-2[0m stage [32mfrom-build-pack[0m and container [32mstep-working-dir-initializer-jbsd7[0m
{"level":"warn","ts":1607420331.1534476,"logger":"fallback-logger","caller":"logging/config.go:69","msg":"Fetch GitHub commit ID from kodata failed: open /var/run/ko/HEAD: no such file or directory"}
{"level":"info","ts":1607420331.1788938,"logger":"fallback-logger","caller":"bash/main.go:64","msg":"Successfully e**cuted command \"sh -c mkdir -p /workspace/source\"; output "}

Showing logs for build [32mentando-entando-keycloak-pr-12-mrsb5-2[0m stage [32mfrom-build-pack[0m and container [32mstep-place-tools[0m

Showing logs for build [32mentando-entando-keycloak-pr-12-mrsb5-2[0m stage [32mfrom-build-pack[0m and container [32mstep-git-source-entando-entando-keycloak-pr-12-dqd7f[0m
{"level":"warn","ts":1607420426.069364,"logger":"fallback-logger","caller":"logging/config.go:69","msg":"Fetch GitHub commit ID from kodata failed: \"ref: refs/heads/0.8.0-**-support-backwards-incompats\" is not a valid GitHub commit ID"}
{"level":"info","ts":1607420428.5500793,"logger":"fallback-logger","caller":"git/git.go:103","msg":"Successfully cloned https://github.com/entando/entando-keycloak.git @ master in path /workspace/source"}

Showing logs for build [32mentando-entando-keycloak-pr-12-mrsb5-2[0m stage [32mfrom-build-pack[0m and container [32mstep-git-merge[0m
Using SHAs from PULL_REFS=master:045b7acfd26fb0169b3ca6f5bf5b8a42a6537f24,12:8e59caa8bffb7a0078e8f2b0dd53e89e9a04ad20
DEBUG: ran git fetch --unshallow origin 8e59caa8bffb7a0078e8f2b0dd53e89e9a04ad20: 045b7acfd26fb0169b3ca6f5bf5b8a42a6537f24: in 
DEBUG: ran git checkout master in 
DEBUG: ran git reset --hard 045b7acfd26fb0169b3ca6f5bf5b8a42a6537f24 in 
DEBUG: ran clean --force -d . in 
DEBUG: ran git merge 8e59caa8bffb7a0078e8f2b0dd53e89e9a04ad20 in 
Merged SHA 8e59caa8bffb7a0078e8f2b0dd53e89e9a04ad20 with commit message 'ENG-1628 first version of entando-redhat-sso image' into base branch master

Showing logs for build [32mentando-entando-keycloak-pr-12-mrsb5-2[0m stage [32mfrom-build-pack[0m and container [32mstep-container-build1[0m
This avoids unwanted kaniko command substitution
Generating tags...
 - entando/entando-keycloak -> docker.io/entando/entando-keycloak:0.0.0-SNAPSHOT-PR-12-2
Checking cache...
 - entando/entando-keycloak: Not found. Building
Building [entando/entando-keycloak]...
Sending build context to Docker daemon  538.1kBSending build context to Docker daemon  8.735MB
Step 1/8 : FROM jboss/keycloak:11.0.3
 ---> b23fdd4af375
Step 2/8 : LABEL MAINTAINER "Entando <dev@entando.com>"
 ---> Using cache
 ---> 0c2b054ec9f6
Step 3/8 : COPY themes /opt/jboss/keycloak/themes
 ---> Using cache
 ---> a9584db8ef88
Step 4/8 : COPY cli /opt/jboss/tools/cli
 ---> Using cache
 ---> 788fa58073bb
Step 5/8 : RUN export KEYCLOAK_HTTP_PORT=8080 &&       cd  /opt/jboss/keycloak/modules/******/layers/base/com/******/jdbc/main/ &&       mkdir driver &&       curl https://repo1.maven.org/maven2/com/******/ojdbc/ojdbc8/19.3.0.0/ojdbc8-19.3.0.0.jar -o driver/ojdbc.jar
 ---> Using cache
 ---> bf64a2b57e8c
Step 6/8 : ENV KEYCLOAK_DEFAULT_THEME "entando" KEYCLOAK_HOME "/opt/jboss/keycloak"
 ---> Using cache
 ---> 4e51a3ed4cdb
Step 7/8 : EXPOSE 8080
 ---> Using cache
 ---> a556428b27cb
Step 8/8 : CMD -b 0.0.0.0
 ---> Using cache
 ---> 1c1045c6373e
Successfully built 1c1045c6373e
The push refers to a repository [docker.io/entando/entando-keycloak]
b0ae0b2acc72: Preparing
3d27ab3bb7e0: Preparing
61a0ebb4f9bc: Preparing
ff8dde26889b: Preparing
9a122bc5bb12: Preparing
f47704b2a676: Preparing
37330a2a1954: Preparing
d6ec160dc60f: Preparing
f47704b2a676: Waiting
37330a2a1954: Waiting
d6ec160dc60f: Waiting
9a122bc5bb12: Layer already exists
3d27ab3bb7e0: Layer already exists
ff8dde26889b: Layer already exists
61a0ebb4f9bc: Layer already exists
b0ae0b2acc72: Layer already exists
37330a2a1954: Layer already exists
f47704b2a676: Layer already exists
d6ec160dc60f: Layer already exists
0.0.0-SNAPSHOT-PR-12-2: digest: sha256:e260dc1548c2569dc15e0078563de1eddca24d9271d2c3166eabc1b8164abfb7 size: 2001
There is a new version (1.17.1) of Skaffold available. Download it at https://storage.googleapis.com/skaffold/releases/latest/skaffold-linux-amd64


Showing logs for build [32mentando-entando-keycloak-pr-12-mrsb5-2[0m stage [32mfrom-build-pack[0m and container [32mstep-container-build2[0m
This avoids unwanted kaniko command substitution
Generating tags...
 - entando/entando-redhat-sso -> docker.io/entando/entando-redhat-sso:0.0.0-SNAPSHOT-PR-12-2
Checking cache...
time="2020-12-08T09:40:38Z" level=warning msg="error checking cache, caching may not work as expected: getting hash for artifact entando/entando-redhat-sso: getting dependencies for entando/entando-redhat-sso: expanding ONBUILD instructions: parsing ONBUILD instructions: processing base image (registry.redhat.io/rh-sso-7/sso74-openshift-rhel8:latest) for ONBUILD triggers: getting remote config: getting image: UNAUTHORIZED: Please login to the Red Hat Registry using your Customer Portal credentials. Further instructions can be found here: https://access.redhat.com/RegistryAuthentication"
 - entando/entando-redhat-sso: Error checking cache. Rebuilding.
Building [entando/entando-redhat-sso]...
Sending build context to Docker daemon 

time="2020-12-08T09:40:39Z" level=fatal msg="build failed: build failed: building [entando/entando-redhat-sso]: build artifact: docker build: error during connect: Post http://%2Fvar%2Frun%2Fdocker.sock/v1.26/build?buildargs=null&cachefrom=null&cgroupparent=&cpuperiod=0&cpuquota=0&cpusetcpus=&cpusetmems=&cpushares=0&dockerfile=Dockerfile.redhat-sso&labels=null&memory=0&memswap=0&networkmode=&rm=0&shmsize=0&t=docker.io%2Fentando%2Fentando-redhat-sso%3A0.0.0-SNAPSHOT-PR-12-2&target=&ulimits=null&version=: creating docker context: getting relative tar paths: expanding ONBUILD instructions: parsing ONBUILD instructions: processing base image (registry.redhat.io/rh-sso-7/sso74-openshift-rhel8:latest) for ONBUILD triggers: getting remote config: getting image: UNAUTHORIZED: Please login to the Red Hat Registry using your Customer Portal credentials. Further instructions can be found here: https://access.redhat.com/RegistryAuthentication"
[31m
Pipeline failed on stage 'from-build-pack' : container 'step-container-build2'. The execution of the pipeline has stopped.[0m
