
Showing logs for build [32mentando-k8s-entando-component-m-ngkrj-1[0m stage [32mfrom-build-pack[0m and container [32mstep-credential-initializer-n744c[0m
Unable to retrieve container logs for docker://81668283a8b39c7f954b21d9a87ac7769137de57a32f676a626a60990787c04d

Showing logs for build [32mentando-k8s-entando-component-m-ngkrj-1[0m stage [32mfrom-build-pack[0m and container [32mstep-working-dir-initializer-f5phh[0m
Unable to retrieve container logs for docker://d58422db4f9bf4296814cbbe9ccd2c3fef872e56799f2818c4643532e3594646

Showing logs for build [32mentando-k8s-entando-component-m-ngkrj-1[0m stage [32mfrom-build-pack[0m and container [32mstep-place-tools[0m
Unable to retrieve container logs for docker://4b781c8e6fafb41c4fe22678a447897ffd72eb50b7a706404127c17e38ed6a59

Showing logs for build [32mentando-k8s-entando-component-m-ngkrj-1[0m stage [32mfrom-build-pack[0m and container [32mstep-git-source-entando-k8s-entando-component-m-4n7kn[0m
Unable to retrieve container logs for docker://e9b3678161926a26c62ad7863c71d85c8d35cdf4d3ae3a7f10dfe63cbd6b6210

Showing logs for build [32mentando-k8s-entando-component-m-ngkrj-1[0m stage [32mfrom-build-pack[0m and container [32mstep-git-merge[0m
Unable to retrieve container logs for docker://7e5c6e7b29539365be596e5aa7d1425410883711de911e7811ec70793e47d709

Showing logs for build [32mentando-k8s-entando-component-m-ngkrj-1[0m stage [32mfrom-build-pack[0m and container [32mstep-build-set-version[0m
Unable to retrieve container logs for docker://56ffd6e047a7c51d41d4d3c18cd3502dbd1af7f2a1cfbc4bfbbb9cfc9d8e7b58

Showing logs for build [32mentando-k8s-entando-component-m-ngkrj-1[0m stage [32mfrom-build-pack[0m and container [32mstep-build-fix-git-for-sonar[0m
Unable to retrieve container logs for docker://03a0a29be80f3a2a2839820257dfdd541c0ed380584b3e14e8933d3923f20e40

Showing logs for build [32mentando-k8s-entando-component-m-ngkrj-1[0m stage [32mfrom-build-pack[0m and container [32mstep-build-mvn-verify-pr[0m
Unable to retrieve container logs for docker://c6e80a7fe4bc9e199441a4a0908a1005c2d27417219eba773b0350adbf1bcd74

Showing logs for build [32mentando-k8s-entando-component-m-ngkrj-1[0m stage [32mfrom-build-pack[0m and container [32mstep-build-container-build[0m
Unable to retrieve container logs for docker://bbff0db33aebd272efe7d2fa2548707c433d3b7afdec226f631f76b2afafa43f

Showing logs for build [32mentando-k8s-entando-component-m-ngkrj-1[0m stage [32mfrom-build-pack[0m and container [32mstep-postbuild-post-build[0m
Unable to retrieve container logs for docker://0565a7013432615ed98b777363105d4f2b760b44d7f1de61622e1e135e9a2d5f

Showing logs for build [32mentando-k8s-entando-component-m-ngkrj-1[0m stage [32mfrom-build-pack[0m and container [32mstep-promote-make-preview[0m
Unable to retrieve container logs for docker://18a0451eeb9f2f33a5807c0e08bc4b46ea1261c028c96e1660b510f1a5ac7529
[31m
Pipeline failed on stage 'from-build-pack' : container 'step-promote-make-preview'. The execution of the pipeline has stopped.[0m
