
Showing logs for build [32mentando-k8s-entando-component-m-b722h-11[0m stage [32mfrom-build-pack[0m and container [32mstep-credential-initializer-rzdg4[0m
Unable to retrieve container logs for docker://91281dd8b57f46541b0b2d4462a2503d84b663f58bae3543e526c2bc60c8dd64

Showing logs for build [32mentando-k8s-entando-component-m-b722h-11[0m stage [32mfrom-build-pack[0m and container [32mstep-working-dir-initializer-bb8rm[0m
Unable to retrieve container logs for docker://18be72204cb24770fc4d3f1a2262f2753f74f6dc9aa147126d790b9b6e57545c

Showing logs for build [32mentando-k8s-entando-component-m-b722h-11[0m stage [32mfrom-build-pack[0m and container [32mstep-place-tools[0m
Unable to retrieve container logs for docker://66188f6452ef685837522c48cefc0009296c7dbf10d88c0fad9ac539cdba9203

Showing logs for build [32mentando-k8s-entando-component-m-b722h-11[0m stage [32mfrom-build-pack[0m and container [32mstep-git-source-entando-k8s-entando-component-m-zcjhf[0m
Unable to retrieve container logs for docker://6054f73f3b3e58270d3a2c1869b614130880c363950ebd66c0fb52596653f56d

Showing logs for build [32mentando-k8s-entando-component-m-b722h-11[0m stage [32mfrom-build-pack[0m and container [32mstep-git-merge[0m
Unable to retrieve container logs for docker://8e6c4b013f30430cbfd4560c96a9847f8413fad3fe24a369155191e19fec5d69

Showing logs for build [32mentando-k8s-entando-component-m-b722h-11[0m stage [32mfrom-build-pack[0m and container [32mstep-build-set-version[0m
Unable to retrieve container logs for docker://2e400aa038fdc62c415706db5a1a3935dbf6184f6c54c62540fa909df8e37d17

Showing logs for build [32mentando-k8s-entando-component-m-b722h-11[0m stage [32mfrom-build-pack[0m and container [32mstep-build-fix-git-for-sonar[0m
Unable to retrieve container logs for docker://69201701f9c0a70d32c97d198a73cd0301550390b5cf7830cf3d5b5176b15438

Showing logs for build [32mentando-k8s-entando-component-m-b722h-11[0m stage [32mfrom-build-pack[0m and container [32mstep-build-mvn-verify-pr[0m
Unable to retrieve container logs for docker://df159cad740273459aef011ee69c803c9f40bba0bd96842a4c8fd78eb213f416

Showing logs for build [32mentando-k8s-entando-component-m-b722h-11[0m stage [32mfrom-build-pack[0m and container [32mstep-build-container-build[0m
Unable to retrieve container logs for docker://27967cf2bffa433efe3b34129cb7bb7079b748bdc6482904c0264cc6a0a82a60

Showing logs for build [32mentando-k8s-entando-component-m-b722h-11[0m stage [32mfrom-build-pack[0m and container [32mstep-postbuild-post-build[0m
Unable to retrieve container logs for docker://2ec9a1ec4ea9f71a5644752f3283161032b5c3589735776b0e087d0659a9c45f

Showing logs for build [32mentando-k8s-entando-component-m-b722h-11[0m stage [32mfrom-build-pack[0m and container [32mstep-promote-make-preview[0m
Unable to retrieve container logs for docker://0548960e097296606fee0810a126520203544cb4d21a683a01c1f1d62d587f42
[31m
Pipeline failed on stage 'from-build-pack' : container 'step-promote-make-preview'. The execution of the pipeline has stopped.[0m
