
Showing logs for build [32mentando-k8s-entando-component-m-kf24r-12[0m stage [32mfrom-build-pack[0m and container [32mstep-credential-initializer-vkjxh[0m
Unable to retrieve container logs for docker://cc5cf54d1a6dec05af765302ef37111e363e34bcca6bb67e930e2b718f18b538

Showing logs for build [32mentando-k8s-entando-component-m-kf24r-12[0m stage [32mfrom-build-pack[0m and container [32mstep-working-dir-initializer-dtxsj[0m
Unable to retrieve container logs for docker://f82af96234faf6276044d90861a2f241bbd41d8bbd242606049a95c700a1763a

Showing logs for build [32mentando-k8s-entando-component-m-kf24r-12[0m stage [32mfrom-build-pack[0m and container [32mstep-place-tools[0m
Unable to retrieve container logs for docker://ea92a9420b03c07313233c71ba0ace6728a4fb2620832831b88e9e7fb2f7f61b

Showing logs for build [32mentando-k8s-entando-component-m-kf24r-12[0m stage [32mfrom-build-pack[0m and container [32mstep-git-source-entando-k8s-entando-component-m-9jc9c[0m
Unable to retrieve container logs for docker://5f861f00b458c038cf1efd31516f7d363ea059b92286357c89bfade8722f5c64

Showing logs for build [32mentando-k8s-entando-component-m-kf24r-12[0m stage [32mfrom-build-pack[0m and container [32mstep-git-merge[0m
Unable to retrieve container logs for docker://effd910eedb9180f5698e55d1a93c0706a7f23cfa801c2658a6f06fd06863915

Showing logs for build [32mentando-k8s-entando-component-m-kf24r-12[0m stage [32mfrom-build-pack[0m and container [32mstep-build-set-version[0m
Unable to retrieve container logs for docker://6de58949c69de8192345313396c7603e54ea1ee026e2f726e95e07cf36a2760c

Showing logs for build [32mentando-k8s-entando-component-m-kf24r-12[0m stage [32mfrom-build-pack[0m and container [32mstep-build-fix-git-for-sonar[0m
Unable to retrieve container logs for docker://bb9392759498da7f50d971c713696309dda8146abb4f13359a7ec500ae2d120b

Showing logs for build [32mentando-k8s-entando-component-m-kf24r-12[0m stage [32mfrom-build-pack[0m and container [32mstep-build-mvn-verify-pr[0m
Unable to retrieve container logs for docker://14f9a37242275010012c20882b0714661966717f90ea2710161ea94ab6db8e1b

Showing logs for build [32mentando-k8s-entando-component-m-kf24r-12[0m stage [32mfrom-build-pack[0m and container [32mstep-build-container-build[0m
Unable to retrieve container logs for docker://b90ad124d954f336bc423cdf45ffc102d5a58d7860d1f17281fd0ea7d572565d

Showing logs for build [32mentando-k8s-entando-component-m-kf24r-12[0m stage [32mfrom-build-pack[0m and container [32mstep-postbuild-post-build[0m
Unable to retrieve container logs for docker://7d5df750bf39d21657edf903b7b32d1425c874e6fd23277fbf42dfc5144a597a

Showing logs for build [32mentando-k8s-entando-component-m-kf24r-12[0m stage [32mfrom-build-pack[0m and container [32mstep-promote-make-preview[0m
Unable to retrieve container logs for docker://901945153d3fbd2464d124266befa973f186359ff40d833dd046c7a0eb5f097b
[31m
Pipeline failed on stage 'from-build-pack' : container 'step-promote-make-preview'. The execution of the pipeline has stopped.[0m
