
Showing logs for build [32mentando-k8s-entando-component-m-q579p-13[0m stage [32mfrom-build-pack[0m and container [32mstep-credential-initializer-22xzc[0m
Unable to retrieve container logs for docker://680555a2a66058123a34f94ff209731a0575c6f1a487cf54c52dd6ad7a624b54

Showing logs for build [32mentando-k8s-entando-component-m-q579p-13[0m stage [32mfrom-build-pack[0m and container [32mstep-working-dir-initializer-v22dl[0m
Unable to retrieve container logs for docker://e1eb19a064005c14e2fa2af4955cf64dbbb6a2c6f7947c0ff58a84d4bdc8c330

Showing logs for build [32mentando-k8s-entando-component-m-q579p-13[0m stage [32mfrom-build-pack[0m and container [32mstep-place-tools[0m
Unable to retrieve container logs for docker://715fa6024b656b3c3abdeedf3b437879775d9e7b437f163ba2a43d63a0fbd338

Showing logs for build [32mentando-k8s-entando-component-m-q579p-13[0m stage [32mfrom-build-pack[0m and container [32mstep-git-source-entando-k8s-entando-component-m-8dpvg[0m
Unable to retrieve container logs for docker://c334ee76c955cb292ee1fd0109cdcd39d45ae9293aea987213b6d4e30928b324

Showing logs for build [32mentando-k8s-entando-component-m-q579p-13[0m stage [32mfrom-build-pack[0m and container [32mstep-git-merge[0m
Unable to retrieve container logs for docker://c4f1bb72ee773b1ba3f77e2a6a72797d48c03e040ad9ff08daa95ba548078759

Showing logs for build [32mentando-k8s-entando-component-m-q579p-13[0m stage [32mfrom-build-pack[0m and container [32mstep-build-set-version[0m
Unable to retrieve container logs for docker://6a2fcae12782863afe835cd22b462e7146d35df7e63e7a6e0d3e7e006a4a533e

Showing logs for build [32mentando-k8s-entando-component-m-q579p-13[0m stage [32mfrom-build-pack[0m and container [32mstep-build-fix-git-for-sonar[0m
Unable to retrieve container logs for docker://6f05b7d14968e75d7cd885b1a21c546df82da3a37ee2e838f7668ae38282b529

Showing logs for build [32mentando-k8s-entando-component-m-q579p-13[0m stage [32mfrom-build-pack[0m and container [32mstep-build-mvn-verify-pr[0m
Unable to retrieve container logs for docker://6cc6024784ad6f2948e64aa80a56a06f865ace7c7aa8c8696c7a58f20bf36a6e

Showing logs for build [32mentando-k8s-entando-component-m-q579p-13[0m stage [32mfrom-build-pack[0m and container [32mstep-build-container-build[0m
Unable to retrieve container logs for docker://7f0f4e5263363f2532f77c318ed2a74e2f82b82797865e4d3bb7b8df887d2376

Showing logs for build [32mentando-k8s-entando-component-m-q579p-13[0m stage [32mfrom-build-pack[0m and container [32mstep-postbuild-post-build[0m
Unable to retrieve container logs for docker://f076b1afcda700721293d570db160d10a8ed7a886b1a2d98af3bd673b0c949cb

Showing logs for build [32mentando-k8s-entando-component-m-q579p-13[0m stage [32mfrom-build-pack[0m and container [32mstep-promote-make-preview[0m
Unable to retrieve container logs for docker://b6a0ed206ec46729631ebebf5223ae2bec762daa716b6c4a36e9d52fee65ae5f

Showing logs for build [32mentando-k8s-entando-component-m-q579p-13[0m stage [32mfrom-build-pack[0m and container [32mstep-promote-jx-preview[0m
Unable to retrieve container logs for docker://1b09caec5b2de43afac3c25baefb025fdf58c7df80d39528635c4d0b360a297b

Showing logs for build [32mentando-k8s-entando-component-m-q579p-13[0m stage [32mfrom-build-pack[0m and container [32mstep-promote-run-post-deployment-tests[0m
Unable to retrieve container logs for docker://dcb189c6159a3f52de39e86f576d67277a9fe668269ce31861360b1ac141dd2f
