
Showing logs for build [32mentando-k8s-entando-component-m-tbrmw-14[0m stage [32mfrom-build-pack[0m and container [32mstep-credential-initializer-x6czd[0m
Unable to retrieve container logs for docker://e76dbe941f4b753741b9414a0597762fc7688140327a7946db3fcd9aa2804e67

Showing logs for build [32mentando-k8s-entando-component-m-tbrmw-14[0m stage [32mfrom-build-pack[0m and container [32mstep-working-dir-initializer-2s67s[0m
Unable to retrieve container logs for docker://a345ef83f5f3ff1f2589942b53c913170dd86a9cf10af52c95fc295e02c3552f

Showing logs for build [32mentando-k8s-entando-component-m-tbrmw-14[0m stage [32mfrom-build-pack[0m and container [32mstep-place-tools[0m
Unable to retrieve container logs for docker://b566d89f1dbf9f173623f8d58da5585a9debc85b243a0649e14ef2b1df7ab33c

Showing logs for build [32mentando-k8s-entando-component-m-tbrmw-14[0m stage [32mfrom-build-pack[0m and container [32mstep-git-source-entando-k8s-entando-component-m-mqtvj[0m
Unable to retrieve container logs for docker://9b528d1c2e0f0c6c1a31b254647460061948f5c05c526c1d683aa86ef2644f5b

Showing logs for build [32mentando-k8s-entando-component-m-tbrmw-14[0m stage [32mfrom-build-pack[0m and container [32mstep-git-merge[0m
Unable to retrieve container logs for docker://d4cce9933881a4419919d6dfbdeefd7218c40efe92e7d6729fb04f97ba75c851

Showing logs for build [32mentando-k8s-entando-component-m-tbrmw-14[0m stage [32mfrom-build-pack[0m and container [32mstep-build-set-version[0m
Unable to retrieve container logs for docker://0dd09fb78b7b7b489bf566936f0425218f7b04d107b94d3bd84195e2958ae109

Showing logs for build [32mentando-k8s-entando-component-m-tbrmw-14[0m stage [32mfrom-build-pack[0m and container [32mstep-build-fix-git-for-sonar[0m
Unable to retrieve container logs for docker://4b6618e9735a312be11a2f81513a50170ec031b18fbdd535f4e0470d70ae0076

Showing logs for build [32mentando-k8s-entando-component-m-tbrmw-14[0m stage [32mfrom-build-pack[0m and container [32mstep-build-mvn-verify-pr[0m
Unable to retrieve container logs for docker://8298f19513ef9d2413f06d5357e3127876045e0a19929c013b579cd827c92337

Showing logs for build [32mentando-k8s-entando-component-m-tbrmw-14[0m stage [32mfrom-build-pack[0m and container [32mstep-build-container-build[0m
Unable to retrieve container logs for docker://da6485a636ca8815447293b72cb0714939a739d942c57f67c1b9f8b831d18c11

Showing logs for build [32mentando-k8s-entando-component-m-tbrmw-14[0m stage [32mfrom-build-pack[0m and container [32mstep-postbuild-post-build[0m
Unable to retrieve container logs for docker://19f7c587fcea0952b56a10f099aa9d581f7f18e41df3211bc1ee70fa38161556

Showing logs for build [32mentando-k8s-entando-component-m-tbrmw-14[0m stage [32mfrom-build-pack[0m and container [32mstep-promote-make-preview[0m
Unable to retrieve container logs for docker://0335b85d43f7ff63344be008e9581815951a099311d235431e319c580da49672

Showing logs for build [32mentando-k8s-entando-component-m-tbrmw-14[0m stage [32mfrom-build-pack[0m and container [32mstep-promote-jx-preview[0m
Unable to retrieve container logs for docker://1b1dd13152788a544b632c9dde35194b656315d23418b6309a1235d13e7e9431

Showing logs for build [32mentando-k8s-entando-component-m-tbrmw-14[0m stage [32mfrom-build-pack[0m and container [32mstep-promote-run-post-deployment-tests[0m
Unable to retrieve container logs for docker://632c6cd2c7f16a759b0a2db9b1c3bb64eac272fb545d953b61611325fdd6b21d
