
Showing logs for build [32mentando-k8s-entando-component-m-7nqgd-2[0m stage [32mfrom-build-pack[0m and container [32mstep-credential-initializer-zlvpc[0m
Unable to retrieve container logs for docker://dc114cb373d62d763d797befd23ad96cfeedd17ddc9f2f5e9692c941383cee2e

Showing logs for build [32mentando-k8s-entando-component-m-7nqgd-2[0m stage [32mfrom-build-pack[0m and container [32mstep-working-dir-initializer-m9wq2[0m
Unable to retrieve container logs for docker://155fca72f3d6cf7def178e0331039d60e7f380007ecfdf46e75679eed1c59241

Showing logs for build [32mentando-k8s-entando-component-m-7nqgd-2[0m stage [32mfrom-build-pack[0m and container [32mstep-place-tools[0m
Unable to retrieve container logs for docker://8dbcc84a4dcaf27ee8f044ef6e81c20317e427a24458c6490454667bbdb7d104

Showing logs for build [32mentando-k8s-entando-component-m-7nqgd-2[0m stage [32mfrom-build-pack[0m and container [32mstep-git-source-entando-k8s-entando-component-m-bw4f2[0m
Unable to retrieve container logs for docker://33d483e8e569dc3268124bfa17ea4d0a79a8e007440b642462543a70dd83cd16

Showing logs for build [32mentando-k8s-entando-component-m-7nqgd-2[0m stage [32mfrom-build-pack[0m and container [32mstep-git-merge[0m
Unable to retrieve container logs for docker://b6f81d2c9b02d412b99f9529c2c08d115ad2900bb32d7e63e7eafe256dfd4c22

Showing logs for build [32mentando-k8s-entando-component-m-7nqgd-2[0m stage [32mfrom-build-pack[0m and container [32mstep-build-set-version[0m
Unable to retrieve container logs for docker://2e1a08feaf86f40f83c0947c47122932793dfc5d2700c2116387175a18e79120

Showing logs for build [32mentando-k8s-entando-component-m-7nqgd-2[0m stage [32mfrom-build-pack[0m and container [32mstep-build-fix-git-for-sonar[0m
Unable to retrieve container logs for docker://1cdf07090537e82cdbb4cf43b0dd1a232f09aaed79437c29a78b19be2153962a

Showing logs for build [32mentando-k8s-entando-component-m-7nqgd-2[0m stage [32mfrom-build-pack[0m and container [32mstep-build-mvn-verify-pr[0m
Unable to retrieve container logs for docker://82a8a45549f3707f0913809df41bff215b6fb1002f0f3c72f1af49f356737c7b

Showing logs for build [32mentando-k8s-entando-component-m-7nqgd-2[0m stage [32mfrom-build-pack[0m and container [32mstep-build-container-build[0m
Unable to retrieve container logs for docker://5b53848f27331c74d5d6babe55d0b941341f60b9ea4259401f05d53f3c81645b

Showing logs for build [32mentando-k8s-entando-component-m-7nqgd-2[0m stage [32mfrom-build-pack[0m and container [32mstep-postbuild-post-build[0m
Unable to retrieve container logs for docker://5cf6b2c8b96e7f75b849f2d59fb7bf7808d1f0a4eec61d2d486f595b23a5f61a

Showing logs for build [32mentando-k8s-entando-component-m-7nqgd-2[0m stage [32mfrom-build-pack[0m and container [32mstep-promote-make-preview[0m
Unable to retrieve container logs for docker://1ea1f54d1bfeac7b3e3752322b68c8454f9d167c2040aa03df689fcab2970349
[31m
Pipeline failed on stage 'from-build-pack' : container 'step-promote-make-preview'. The execution of the pipeline has stopped.[0m
