
Showing logs for build [32mentando-k8s-entando-component-m-sp68r-3[0m stage [32mfrom-build-pack[0m and container [32mstep-credential-initializer-hjbxh[0m
Unable to retrieve container logs for docker://af8ac542e0f9183e574be26c6749050fe1dc622960095d17eaf3218b42484177

Showing logs for build [32mentando-k8s-entando-component-m-sp68r-3[0m stage [32mfrom-build-pack[0m and container [32mstep-working-dir-initializer-z4v7r[0m
Unable to retrieve container logs for docker://86b75beaa5ee9f3143526065724c894c77803a1710285f5e0a7e6fed3cfb6a7e

Showing logs for build [32mentando-k8s-entando-component-m-sp68r-3[0m stage [32mfrom-build-pack[0m and container [32mstep-place-tools[0m
Unable to retrieve container logs for docker://f4c4acb56f50a56ea80d5a436b840a352b62cb76f5bfc33766d07d89013dbb70

Showing logs for build [32mentando-k8s-entando-component-m-sp68r-3[0m stage [32mfrom-build-pack[0m and container [32mstep-git-source-entando-k8s-entando-component-m-5p6dj[0m
Unable to retrieve container logs for docker://033acbca47ade43d0c69c23b154d820b7a7297c47e3daa2e8a086b89d108b302

Showing logs for build [32mentando-k8s-entando-component-m-sp68r-3[0m stage [32mfrom-build-pack[0m and container [32mstep-git-merge[0m
Unable to retrieve container logs for docker://78bc3b6876990862949e2b87758a5e0ace911210ccce293f476d335995865658

Showing logs for build [32mentando-k8s-entando-component-m-sp68r-3[0m stage [32mfrom-build-pack[0m and container [32mstep-build-set-version[0m
Unable to retrieve container logs for docker://dbc67f7fc314285bc93f8d97f5d7fd2ad323dd29e339013a43cfce0c9274de27

Showing logs for build [32mentando-k8s-entando-component-m-sp68r-3[0m stage [32mfrom-build-pack[0m and container [32mstep-build-fix-git-for-sonar[0m
Unable to retrieve container logs for docker://ff56095c3e96d5091f86a5cc4759935fc7b971b8dca467346e5e61bf88fe785a

Showing logs for build [32mentando-k8s-entando-component-m-sp68r-3[0m stage [32mfrom-build-pack[0m and container [32mstep-build-mvn-verify-pr[0m
Unable to retrieve container logs for docker://258f344cc3510f33035f4e9aca80825d07f953302fe345012b08ca7e4ecb3223

Showing logs for build [32mentando-k8s-entando-component-m-sp68r-3[0m stage [32mfrom-build-pack[0m and container [32mstep-build-container-build[0m
Unable to retrieve container logs for docker://38624a09a0b861058a41d78ae594d4159df56cff3deffc656f6e07f005a8404a

Showing logs for build [32mentando-k8s-entando-component-m-sp68r-3[0m stage [32mfrom-build-pack[0m and container [32mstep-postbuild-post-build[0m
Unable to retrieve container logs for docker://e0653f4a728325603a3400f057d84d55b23fd17cadb84e38d3f26ca1fc2de174

Showing logs for build [32mentando-k8s-entando-component-m-sp68r-3[0m stage [32mfrom-build-pack[0m and container [32mstep-promote-make-preview[0m
Unable to retrieve container logs for docker://e0e47ddf46f4660921b6044c6adb1a0495d2e04c0a72173ad16a4c779df7a735
[31m
Pipeline failed on stage 'from-build-pack' : container 'step-promote-make-preview'. The execution of the pipeline has stopped.[0m
