
Showing logs for build [32mentando-k8s-entando-component-m-vcg4w-4[0m stage [32mfrom-build-pack[0m and container [32mstep-credential-initializer-wgdsg[0m
Unable to retrieve container logs for docker://b4b5848027682067aa2dfc503c4e2669c5e69bd6e557e367c462e728aa2a0f20

Showing logs for build [32mentando-k8s-entando-component-m-vcg4w-4[0m stage [32mfrom-build-pack[0m and container [32mstep-working-dir-initializer-sg8w4[0m
Unable to retrieve container logs for docker://650f5704f319ea5e1986383084e23e4197d563d69ee6f32be51e67d3445dc522

Showing logs for build [32mentando-k8s-entando-component-m-vcg4w-4[0m stage [32mfrom-build-pack[0m and container [32mstep-place-tools[0m
Unable to retrieve container logs for docker://e2230ba7e591cf5597ff02e9c310861e88d207605259b72043cac35005441c5b

Showing logs for build [32mentando-k8s-entando-component-m-vcg4w-4[0m stage [32mfrom-build-pack[0m and container [32mstep-git-source-entando-k8s-entando-component-m-8jfpq[0m
Unable to retrieve container logs for docker://374bce7dd57be711c3ee5f70ae042a0bd6995b68afaa791102ef11032eb48d7c

Showing logs for build [32mentando-k8s-entando-component-m-vcg4w-4[0m stage [32mfrom-build-pack[0m and container [32mstep-git-merge[0m
Unable to retrieve container logs for docker://122c6d8342ec7646e0b898fc1655113f504a9bf5e05bd565932f73e9cb84a204

Showing logs for build [32mentando-k8s-entando-component-m-vcg4w-4[0m stage [32mfrom-build-pack[0m and container [32mstep-build-set-version[0m
Unable to retrieve container logs for docker://b545fdf77bfcb843b123e9544ad27e4d958e873e906a6575c88a1037bf325b40

Showing logs for build [32mentando-k8s-entando-component-m-vcg4w-4[0m stage [32mfrom-build-pack[0m and container [32mstep-build-fix-git-for-sonar[0m
Unable to retrieve container logs for docker://d34028f4ab119b1105d8b28bc8fa42644353be3dc99d2c404c3fc084917be53a

Showing logs for build [32mentando-k8s-entando-component-m-vcg4w-4[0m stage [32mfrom-build-pack[0m and container [32mstep-build-mvn-verify-pr[0m
Unable to retrieve container logs for docker://f9029cb27f6f303e87efea5bcc1e3971ed92cb073737ac63ad6df94ae2b29f67

Showing logs for build [32mentando-k8s-entando-component-m-vcg4w-4[0m stage [32mfrom-build-pack[0m and container [32mstep-build-container-build[0m
Unable to retrieve container logs for docker://36e9908ec87a2e735df3e99872302d083287c1a3145d8876dcfcd02b3638ef6b

Showing logs for build [32mentando-k8s-entando-component-m-vcg4w-4[0m stage [32mfrom-build-pack[0m and container [32mstep-postbuild-post-build[0m
Unable to retrieve container logs for docker://84b5f19666520330aa996eb39fee576c18bde2dbd8333344f0e28e96fbfd1332

Showing logs for build [32mentando-k8s-entando-component-m-vcg4w-4[0m stage [32mfrom-build-pack[0m and container [32mstep-promote-make-preview[0m
Unable to retrieve container logs for docker://a612562232adc37bea3a3b7ba0ba51756a68ddea2ccc267fea28bd69e09bcc78
[31m
Pipeline failed on stage 'from-build-pack' : container 'step-promote-make-preview'. The execution of the pipeline has stopped.[0m
