
Showing logs for build [32mentando-k8s-entando-component-m-8cmnz-5[0m stage [32mfrom-build-pack[0m and container [32mstep-credential-initializer-k9sqj[0m
Unable to retrieve container logs for docker://1b1a9f2ee1fbaa66208b28bbe997da53a1cebc592402ed314aa679caadf75417

Showing logs for build [32mentando-k8s-entando-component-m-8cmnz-5[0m stage [32mfrom-build-pack[0m and container [32mstep-working-dir-initializer-5xbbs[0m
Unable to retrieve container logs for docker://6de38564ede5fd3f6684226465492d170297c6172eb9a85f905ea11494618c0e

Showing logs for build [32mentando-k8s-entando-component-m-8cmnz-5[0m stage [32mfrom-build-pack[0m and container [32mstep-place-tools[0m
Unable to retrieve container logs for docker://c6461b15ed41ab6cf1d462a02fa0eb02517c317eb926bd5f9624eb43483b974d

Showing logs for build [32mentando-k8s-entando-component-m-8cmnz-5[0m stage [32mfrom-build-pack[0m and container [32mstep-git-source-entando-k8s-entando-component-m-mmqrc[0m
Unable to retrieve container logs for docker://0cea11da057a98255c53eb8cc6fc7d52a5347ff915180a2d0e63d3fba2d1c40b

Showing logs for build [32mentando-k8s-entando-component-m-8cmnz-5[0m stage [32mfrom-build-pack[0m and container [32mstep-git-merge[0m
Unable to retrieve container logs for docker://bf1aa5c6a06ebf06e0099ed151f4305d708ff9e9d235c466a1e7ae7ce5d96d03

Showing logs for build [32mentando-k8s-entando-component-m-8cmnz-5[0m stage [32mfrom-build-pack[0m and container [32mstep-build-set-version[0m
Unable to retrieve container logs for docker://81142afb65ecfa0706edefb05c22a756542d0797aaabeb6bf037482d6eb1cf4d

Showing logs for build [32mentando-k8s-entando-component-m-8cmnz-5[0m stage [32mfrom-build-pack[0m and container [32mstep-build-fix-git-for-sonar[0m
Unable to retrieve container logs for docker://b402be11d928d667aca68e2ff22c05467ec8c24d6d0c63047b7c894f71217466

Showing logs for build [32mentando-k8s-entando-component-m-8cmnz-5[0m stage [32mfrom-build-pack[0m and container [32mstep-build-mvn-verify-pr[0m
Unable to retrieve container logs for docker://0e0e9e32b65f3d48b911e23f2a805e466e69fd81e0da9364d5d48aaaa2b14515

Showing logs for build [32mentando-k8s-entando-component-m-8cmnz-5[0m stage [32mfrom-build-pack[0m and container [32mstep-build-container-build[0m
Unable to retrieve container logs for docker://10c2a4023c427c4715cb3558f9a42f759f3676345af46f0ddb25a13b78b2045f

Showing logs for build [32mentando-k8s-entando-component-m-8cmnz-5[0m stage [32mfrom-build-pack[0m and container [32mstep-postbuild-post-build[0m
Unable to retrieve container logs for docker://90857c2c619d4763b3b869f5ac38ce6f29b6fcbb72efa344adca2ca9dcf0a065

Showing logs for build [32mentando-k8s-entando-component-m-8cmnz-5[0m stage [32mfrom-build-pack[0m and container [32mstep-promote-make-preview[0m
Unable to retrieve container logs for docker://28a4579f32b26850a3d7b6b97daf2e10c1b06e9581404a60f838f3e4aaf49430
[31m
Pipeline failed on stage 'from-build-pack' : container 'step-promote-make-preview'. The execution of the pipeline has stopped.[0m
