
Showing logs for build [32mentando-k8s-entando-component-m-65bgq-6[0m stage [32mfrom-build-pack[0m and container [32mstep-credential-initializer-kbq97[0m
Unable to retrieve container logs for docker://99e88383be64fc3a67d061ec942f170cd4545026076bba57207ed061a3715006

Showing logs for build [32mentando-k8s-entando-component-m-65bgq-6[0m stage [32mfrom-build-pack[0m and container [32mstep-working-dir-initializer-rd4c6[0m
Unable to retrieve container logs for docker://189a6849b170336e556e6347f2a490713c7b6cee6cd46741d26726ab6303a009

Showing logs for build [32mentando-k8s-entando-component-m-65bgq-6[0m stage [32mfrom-build-pack[0m and container [32mstep-place-tools[0m
Unable to retrieve container logs for docker://e8b3ff9e7e0db53b7f6f3ab35e7c5d1ee77634ff0d284895a6fe203fc25c47b6

Showing logs for build [32mentando-k8s-entando-component-m-65bgq-6[0m stage [32mfrom-build-pack[0m and container [32mstep-git-source-entando-k8s-entando-component-m-sc9c8[0m
Unable to retrieve container logs for docker://24bfbba4d0243d072ee6232a41dc2731f30707da916bd919aa2876cef9869538

Showing logs for build [32mentando-k8s-entando-component-m-65bgq-6[0m stage [32mfrom-build-pack[0m and container [32mstep-git-merge[0m
Unable to retrieve container logs for docker://c70d6aeb3442d93dc45ce923c3dc225ef70c7f1a4ba96d814b89ba976fca1670

Showing logs for build [32mentando-k8s-entando-component-m-65bgq-6[0m stage [32mfrom-build-pack[0m and container [32mstep-build-set-version[0m
Unable to retrieve container logs for docker://7f0e23de51a64016cb043e9de086c80d51a0aa8d35615975e3f8609d9dad3735

Showing logs for build [32mentando-k8s-entando-component-m-65bgq-6[0m stage [32mfrom-build-pack[0m and container [32mstep-build-fix-git-for-sonar[0m
Unable to retrieve container logs for docker://27c8d857fe0d367e6c91895533fdb774fc14cd4bfd93ad0ffca8f8c164e90b0d

Showing logs for build [32mentando-k8s-entando-component-m-65bgq-6[0m stage [32mfrom-build-pack[0m and container [32mstep-build-mvn-verify-pr[0m
Unable to retrieve container logs for docker://839324e878533546fcd1301d53861069cc3e730013d66b27614cab173677de5e

Showing logs for build [32mentando-k8s-entando-component-m-65bgq-6[0m stage [32mfrom-build-pack[0m and container [32mstep-build-container-build[0m
Unable to retrieve container logs for docker://4d25d81849136a6586eb671086afd0403cedcc7a40b8b735e57fd1601e8f623a

Showing logs for build [32mentando-k8s-entando-component-m-65bgq-6[0m stage [32mfrom-build-pack[0m and container [32mstep-postbuild-post-build[0m
Unable to retrieve container logs for docker://d2f71737d8cf9370cb65d0c21164a504c5ef7e41e1ccb939797d82b62ce3375f

Showing logs for build [32mentando-k8s-entando-component-m-65bgq-6[0m stage [32mfrom-build-pack[0m and container [32mstep-promote-make-preview[0m
Unable to retrieve container logs for docker://d8fb1a4b20514937b8fa689b61bc6a63d9c9f7887cfaff59751631529d392c58
[31m
Pipeline failed on stage 'from-build-pack' : container 'step-promote-make-preview'. The execution of the pipeline has stopped.[0m
