
Showing logs for build [32mentando-k8s-entando-component-m-frdcj-7[0m stage [32mfrom-build-pack[0m and container [32mstep-credential-initializer-tbnqh[0m
Unable to retrieve container logs for docker://83dc8709e6e3b06693e00a208154c623c84685eec66e2a2d725b78d88373cb72

Showing logs for build [32mentando-k8s-entando-component-m-frdcj-7[0m stage [32mfrom-build-pack[0m and container [32mstep-working-dir-initializer-2dtvp[0m
Unable to retrieve container logs for docker://77210a778638c72975816fc52feb5f79e34d54c98822fc2b064eee27e3020d13

Showing logs for build [32mentando-k8s-entando-component-m-frdcj-7[0m stage [32mfrom-build-pack[0m and container [32mstep-place-tools[0m
Unable to retrieve container logs for docker://3ed32cdb5409fe631dbc2584437b65119ba4b0a5ce1c497fd71c4bf53d7a7804

Showing logs for build [32mentando-k8s-entando-component-m-frdcj-7[0m stage [32mfrom-build-pack[0m and container [32mstep-git-source-entando-k8s-entando-component-m-j2cpf[0m
Unable to retrieve container logs for docker://3918e0b654718f79fba3b417beaa3b4840e84f1431f3e006454da565ccc9c806

Showing logs for build [32mentando-k8s-entando-component-m-frdcj-7[0m stage [32mfrom-build-pack[0m and container [32mstep-git-merge[0m
Unable to retrieve container logs for docker://322ff3ec4ab42673da9d769418427b4e38c0f04a9389b061314331698fa6336e

Showing logs for build [32mentando-k8s-entando-component-m-frdcj-7[0m stage [32mfrom-build-pack[0m and container [32mstep-build-set-version[0m
Unable to retrieve container logs for docker://a1c66127eb3ebf6cae5b8409208c4d2e7b362fb9e59af96ff4aaad63f3ff180b

Showing logs for build [32mentando-k8s-entando-component-m-frdcj-7[0m stage [32mfrom-build-pack[0m and container [32mstep-build-fix-git-for-sonar[0m
Unable to retrieve container logs for docker://27f0d4d8b686fe4ce6b7497307a23b3d2bb907057c3aa70a48bd02eee65e1368

Showing logs for build [32mentando-k8s-entando-component-m-frdcj-7[0m stage [32mfrom-build-pack[0m and container [32mstep-build-mvn-verify-pr[0m
Unable to retrieve container logs for docker://a31e90a94661a416001a3837a0a8c76c72133e7ba479876dfcbb7eb8f00fdf44

Showing logs for build [32mentando-k8s-entando-component-m-frdcj-7[0m stage [32mfrom-build-pack[0m and container [32mstep-build-container-build[0m
Unable to retrieve container logs for docker://b9864ae1d9fe3747d90f7d868e4e6078c98d0a5f30424350d43c9b9e654cc92d

Showing logs for build [32mentando-k8s-entando-component-m-frdcj-7[0m stage [32mfrom-build-pack[0m and container [32mstep-postbuild-post-build[0m
Unable to retrieve container logs for docker://0820da29dc047a2d50d3796df438dd60a354050d1ad9b71f99fe3a700c80b910

Showing logs for build [32mentando-k8s-entando-component-m-frdcj-7[0m stage [32mfrom-build-pack[0m and container [32mstep-promote-make-preview[0m
Unable to retrieve container logs for docker://e6b007508ee4c158352a28eb8bcfa360e1c05e6d9150d6560cef8ee918a04c52
[31m
Pipeline failed on stage 'from-build-pack' : container 'step-promote-make-preview'. The execution of the pipeline has stopped.[0m
