
Showing logs for build [32mentando-k8s-entando-component-m-wxsmp-8[0m stage [32mfrom-build-pack[0m and container [32mstep-credential-initializer-g5br9[0m
Unable to retrieve container logs for docker://27019fb79f8d1175987267cf8316161cb2067885aaf35337b5379b6880c5de27

Showing logs for build [32mentando-k8s-entando-component-m-wxsmp-8[0m stage [32mfrom-build-pack[0m and container [32mstep-working-dir-initializer-kx826[0m
Unable to retrieve container logs for docker://f4605e36bdbca74daf5e9cff43217a13d9e04d176bd405128898463ad63feb19

Showing logs for build [32mentando-k8s-entando-component-m-wxsmp-8[0m stage [32mfrom-build-pack[0m and container [32mstep-place-tools[0m
Unable to retrieve container logs for docker://b9d9704f9295a0429e65b0faa3a6f93d506c453f6112fc507ec65d83f524422e

Showing logs for build [32mentando-k8s-entando-component-m-wxsmp-8[0m stage [32mfrom-build-pack[0m and container [32mstep-git-source-entando-k8s-entando-component-m-fd5lz[0m
Unable to retrieve container logs for docker://b40ae52d896c4c4879b95615a112815797c6bcbe4b51972a8ea8ebb8eb26292e

Showing logs for build [32mentando-k8s-entando-component-m-wxsmp-8[0m stage [32mfrom-build-pack[0m and container [32mstep-git-merge[0m
Unable to retrieve container logs for docker://836b02a74d371a2cac9847c92f24ea39a1504b009875cf2d40328db6f7289d62

Showing logs for build [32mentando-k8s-entando-component-m-wxsmp-8[0m stage [32mfrom-build-pack[0m and container [32mstep-build-set-version[0m
Unable to retrieve container logs for docker://a17fc12a60633d40f0dfb413297fed5e16a17333085a7c1b1da71b200d689967

Showing logs for build [32mentando-k8s-entando-component-m-wxsmp-8[0m stage [32mfrom-build-pack[0m and container [32mstep-build-fix-git-for-sonar[0m
Unable to retrieve container logs for docker://a578b9037fd44c4941ff6df40e612b30869cbdbe8ef0c764920364e707b86f60

Showing logs for build [32mentando-k8s-entando-component-m-wxsmp-8[0m stage [32mfrom-build-pack[0m and container [32mstep-build-mvn-verify-pr[0m
Unable to retrieve container logs for docker://7d69e5961cdae64b192d4a083e26cb1a936c4e4f2640bd145954d65405fabf2b

Showing logs for build [32mentando-k8s-entando-component-m-wxsmp-8[0m stage [32mfrom-build-pack[0m and container [32mstep-build-container-build[0m
Unable to retrieve container logs for docker://f081f245d303af5fcc096f10269ba118d82f85aa36d444465b0896a7e2b2011c

Showing logs for build [32mentando-k8s-entando-component-m-wxsmp-8[0m stage [32mfrom-build-pack[0m and container [32mstep-postbuild-post-build[0m
Unable to retrieve container logs for docker://979d147b0b74f0207fd96564fda7373b72c9bff1ce07382faa71e2d0404c0d41

Showing logs for build [32mentando-k8s-entando-component-m-wxsmp-8[0m stage [32mfrom-build-pack[0m and container [32mstep-promote-make-preview[0m
Unable to retrieve container logs for docker://f205efa1949b11095cffe2cf896401509491ab2753c25e38150b02bf69785a57
[31m
Pipeline failed on stage 'from-build-pack' : container 'step-promote-make-preview'. The execution of the pipeline has stopped.[0m
