
Showing logs for build [32mentando-k8s-entando-component-m-qlwrx-9[0m stage [32mfrom-build-pack[0m and container [32mstep-credential-initializer-nsk2t[0m
Unable to retrieve container logs for docker://1be73e8000a1a565a813ff9daeda0a0a8a9dcb1d4476a453d4e3ab5d1549f041

Showing logs for build [32mentando-k8s-entando-component-m-qlwrx-9[0m stage [32mfrom-build-pack[0m and container [32mstep-working-dir-initializer-zq5pb[0m
Unable to retrieve container logs for docker://cbaa05f08924ba2fe8830cd8a0bff9663ae266d816997a4590a4c3f3f4ffe36d

Showing logs for build [32mentando-k8s-entando-component-m-qlwrx-9[0m stage [32mfrom-build-pack[0m and container [32mstep-place-tools[0m
Unable to retrieve container logs for docker://10ed5b376f0b434b4530582125de5d42febcf9f84a46354ce5a1e3565c604825

Showing logs for build [32mentando-k8s-entando-component-m-qlwrx-9[0m stage [32mfrom-build-pack[0m and container [32mstep-git-source-entando-k8s-entando-component-m-mmtcl[0m
Unable to retrieve container logs for docker://2a816b1f204f5c0a6baa697362c2eb543a9b6d8863cdb40e2f0e371a5c49b66d

Showing logs for build [32mentando-k8s-entando-component-m-qlwrx-9[0m stage [32mfrom-build-pack[0m and container [32mstep-git-merge[0m
Unable to retrieve container logs for docker://635061830d615e1c6aacbe382dd9b56ab3489734e25cd41ded95ba8c85298404

Showing logs for build [32mentando-k8s-entando-component-m-qlwrx-9[0m stage [32mfrom-build-pack[0m and container [32mstep-build-set-version[0m
Unable to retrieve container logs for docker://eceedec14858392809d9e78ab05bdf6e9a3d76a3e8b92911a4f6670d0c64894d

Showing logs for build [32mentando-k8s-entando-component-m-qlwrx-9[0m stage [32mfrom-build-pack[0m and container [32mstep-build-fix-git-for-sonar[0m
Unable to retrieve container logs for docker://d59b9d3e40f1a64175612c0091a5fa30b75cbe995703ef20604eab70e8c76e51

Showing logs for build [32mentando-k8s-entando-component-m-qlwrx-9[0m stage [32mfrom-build-pack[0m and container [32mstep-build-mvn-verify-pr[0m
Unable to retrieve container logs for docker://84140e8ed6fe1e05cf2a0957c578d12a3f37c3d8109203784e37c3ea88261a7f

Showing logs for build [32mentando-k8s-entando-component-m-qlwrx-9[0m stage [32mfrom-build-pack[0m and container [32mstep-build-container-build[0m
Unable to retrieve container logs for docker://9f6812ba05884a5cca2c032dca7dc746db56c00b9133e86f2fe36fea1aa15432

Showing logs for build [32mentando-k8s-entando-component-m-qlwrx-9[0m stage [32mfrom-build-pack[0m and container [32mstep-postbuild-post-build[0m
Unable to retrieve container logs for docker://da7d2886f0d19e2df3ca3fdf42c5010427dda684e67041216071ed5e3d527252

Showing logs for build [32mentando-k8s-entando-component-m-qlwrx-9[0m stage [32mfrom-build-pack[0m and container [32mstep-promote-make-preview[0m
Unable to retrieve container logs for docker://8368b5a08b99017078824e373788bf6fe076a0065938d3190706ee8ba62aae51
[31m
Pipeline failed on stage 'from-build-pack' : container 'step-promote-make-preview'. The execution of the pipeline has stopped.[0m
