
Showing logs for build [32mentando-entando-portal-ui-maste-cmhwk-10[0m stage [32mfrom-build-pack[0m and container [32mstep-credential-initializer-qlc8x[0m
Unable to retrieve container logs for docker://748ee2ec34f6913c802435aaf863450598dac43abc170556aa2cb33dce5f7f83

Showing logs for build [32mentando-entando-portal-ui-maste-cmhwk-10[0m stage [32mfrom-build-pack[0m and container [32mstep-working-dir-initializer-v5ht2[0m
Unable to retrieve container logs for docker://3fc6482dede36858be97dd0400a2950d3d6e0fe8483af43b89c8e2eb3093f036

Showing logs for build [32mentando-entando-portal-ui-maste-cmhwk-10[0m stage [32mfrom-build-pack[0m and container [32mstep-place-tools[0m
Unable to retrieve container logs for docker://683dd3769573d110fe7f5ab8a6c54d30db3386800ae0d36180bc0c6f750cf268

Showing logs for build [32mentando-entando-portal-ui-maste-cmhwk-10[0m stage [32mfrom-build-pack[0m and container [32mstep-git-source-entando-entando-portal-ui-maste-5nsfn[0m
Unable to retrieve container logs for docker://5cb27cbb48152a0d4a28d91af138fa6b36fb583358f9bf6ab53133641217f22a

Showing logs for build [32mentando-entando-portal-ui-maste-cmhwk-10[0m stage [32mfrom-build-pack[0m and container [32mstep-git-merge[0m
Unable to retrieve container logs for docker://415e05e9c240082e202635fe93250d78108c100307845d1db204392a0b381904

Showing logs for build [32mentando-entando-portal-ui-maste-cmhwk-10[0m stage [32mfrom-build-pack[0m and container [32mstep-setup-jx-git-credentials[0m
Unable to retrieve container logs for docker://86dd026e246da254727cf010e2ab780e73765a87526c343752c277fe33597c3f

Showing logs for build [32mentando-entando-portal-ui-maste-cmhwk-10[0m stage [32mfrom-build-pack[0m and container [32mstep-build-fetch-history-for-sonar[0m
Unable to retrieve container logs for docker://c048710e6ed5c327223c27cedbbfe44a8daaf36a41ff40691ec63eeb60b01b3d

Showing logs for build [32mentando-entando-portal-ui-maste-cmhwk-10[0m stage [32mfrom-build-pack[0m and container [32mstep-build-mvn-deploy-release[0m
Unable to retrieve container logs for docker://0e756aaedfd2c42b6642933aec2fee1da5a0b909bacccc464ac380ed91ff1d7f

Showing logs for build [32mentando-entando-portal-ui-maste-cmhwk-10[0m stage [32mfrom-build-pack[0m and container [32mstep-promote-changelog[0m
Unable to retrieve container logs for docker://7f4b520add65824e06471be9601c9655f210a7d2d50f6630026f016ae78f9115

Showing logs for build [32mentando-entando-portal-ui-maste-cmhwk-10[0m stage [32mfrom-build-pack[0m and container [32mstep-promote-update-bom[0m
Unable to retrieve container logs for docker://ef23534d98b4046bf4a2c2fd3e112046d373c4b07241973a29e87752bf721f1d
