
Showing logs for build [32mentando-entando-portal-ui-maste-kp89r-11[0m stage [32mfrom-build-pack[0m and container [32mstep-credential-initializer-4w2cn[0m
Unable to retrieve container logs for docker://733d0e81f8569a785e570dc977e5fb1adf8484e819cac35a5adbe46884f9a443

Showing logs for build [32mentando-entando-portal-ui-maste-kp89r-11[0m stage [32mfrom-build-pack[0m and container [32mstep-working-dir-initializer-lnmzf[0m
Unable to retrieve container logs for docker://65223466252f734d53b70db6109bdc2295aedfad1a2c7f71fe9ea25bc0002856

Showing logs for build [32mentando-entando-portal-ui-maste-kp89r-11[0m stage [32mfrom-build-pack[0m and container [32mstep-place-tools[0m
Unable to retrieve container logs for docker://100b32ac697dd3442f24f3cb1511a61901e8c99cea41fe7759ba614bd2c9e77c

Showing logs for build [32mentando-entando-portal-ui-maste-kp89r-11[0m stage [32mfrom-build-pack[0m and container [32mstep-git-source-entando-entando-portal-ui-maste-5ss2s[0m
Unable to retrieve container logs for docker://d3ce89509929282938692680c6ba8a0f54018cdea5f7241bcb2eedb91b3c2067

Showing logs for build [32mentando-entando-portal-ui-maste-kp89r-11[0m stage [32mfrom-build-pack[0m and container [32mstep-git-merge[0m
Unable to retrieve container logs for docker://046c9ef0afcfbf302d81f7546d366127c624dc112703cb4ca563f6b546b2f030

Showing logs for build [32mentando-entando-portal-ui-maste-kp89r-11[0m stage [32mfrom-build-pack[0m and container [32mstep-setup-jx-git-credentials[0m
Unable to retrieve container logs for docker://cdc22b054abb4a416b3031ac31b1614972cfd57e588c8a1b171b8dd16a428865

Showing logs for build [32mentando-entando-portal-ui-maste-kp89r-11[0m stage [32mfrom-build-pack[0m and container [32mstep-build-fetch-history-for-sonar[0m
Unable to retrieve container logs for docker://367f8951ebf5143325f6b90fe385f90ceea7479ba56c2e2beba94fe02053a056

Showing logs for build [32mentando-entando-portal-ui-maste-kp89r-11[0m stage [32mfrom-build-pack[0m and container [32mstep-build-mvn-deploy-release[0m
Unable to retrieve container logs for docker://cf391f527bf6570da9c1cec38070ff5094d3e00334e23a63ef441359d1e2dc67

Showing logs for build [32mentando-entando-portal-ui-maste-kp89r-11[0m stage [32mfrom-build-pack[0m and container [32mstep-promote-changelog[0m
Unable to retrieve container logs for docker://89a04fb8bde5d21cdefd2c5b2857f82692fcd1767682162fb937e1547ab9367c

Showing logs for build [32mentando-entando-portal-ui-maste-kp89r-11[0m stage [32mfrom-build-pack[0m and container [32mstep-promote-update-bom[0m
Unable to retrieve container logs for docker://82313b6267d7976779f4508c5b01a2197ab93154fc1f517f82532f5f561c2d4a
