
Showing logs for build [32mentando-entando-plugin-jpconten-64cml-13[0m stage [32mfrom-build-pack[0m and container [32mstep-credential-initializer-7zcv6[0m
Unable to retrieve container logs for docker://96f155eebca1505c77d37c7a29ff3c42a2652eb32c15b378d740597091534b18

Showing logs for build [32mentando-entando-plugin-jpconten-64cml-13[0m stage [32mfrom-build-pack[0m and container [32mstep-working-dir-initializer-78jsb[0m
Unable to retrieve container logs for docker://7c10bde628a189502eca779e7e545211d5f012e4a23a9b3b4392440e31763b70

Showing logs for build [32mentando-entando-plugin-jpconten-64cml-13[0m stage [32mfrom-build-pack[0m and container [32mstep-place-tools[0m
Unable to retrieve container logs for docker://0ccfe383219af67b54d3269927cfb454e9f019693c261d76ee08daf532014c65

Showing logs for build [32mentando-entando-plugin-jpconten-64cml-13[0m stage [32mfrom-build-pack[0m and container [32mstep-git-source-entando-entando-plugin-jpconten-lxpm7[0m
Unable to retrieve container logs for docker://d707c4bdd873bd542f639f33944d28397eb4d9336dffdd15b0b31f119efb8d51

Showing logs for build [32mentando-entando-plugin-jpconten-64cml-13[0m stage [32mfrom-build-pack[0m and container [32mstep-git-merge[0m
Unable to retrieve container logs for docker://632164f337d2681d86038bb4981b4f20edbcd3c05425da2f98328ce7430cbc56

Showing logs for build [32mentando-entando-plugin-jpconten-64cml-13[0m stage [32mfrom-build-pack[0m and container [32mstep-setup-jx-git-credentials[0m
Unable to retrieve container logs for docker://00169ca03df5c44e72a616bfee6e0665d4bf2f23a7793154ed082efb2e77ea26

Showing logs for build [32mentando-entando-plugin-jpconten-64cml-13[0m stage [32mfrom-build-pack[0m and container [32mstep-build-fetch-history-for-sonar[0m
Unable to retrieve container logs for docker://38f4987497d38171a438ea7651eb666a330ec5049bc29e263b5ebd4749ed276c

Showing logs for build [32mentando-entando-plugin-jpconten-64cml-13[0m stage [32mfrom-build-pack[0m and container [32mstep-build-mvn-deploy-release[0m
Unable to retrieve container logs for docker://d1dfa3b517f2ff29367d3e226d00bb47e5048ffc792a6b0456c28e7b81e59706

Showing logs for build [32mentando-entando-plugin-jpconten-64cml-13[0m stage [32mfrom-build-pack[0m and container [32mstep-promote-changelog[0m
Unable to retrieve container logs for docker://a53cb9aeaad2223af4b3294e22eecf47decfc21f3dd5196b7aed3aaa2eb01718

Showing logs for build [32mentando-entando-plugin-jpconten-64cml-13[0m stage [32mfrom-build-pack[0m and container [32mstep-promote-update-bom[0m
Unable to retrieve container logs for docker://084395ba44c6495a684adb4add293c23b343f82426086d1c89e2c85c6ca8db54
