
Showing logs for build [32mentando-entando-plugin-jpconten-qhz4h-14[0m stage [32mfrom-build-pack[0m and container [32mstep-credential-initializer-hz7db[0m
Unable to retrieve container logs for docker://df2e9acb926102121e3ad69f8c08462d946c6e19e5081337d146b9a11272bc68

Showing logs for build [32mentando-entando-plugin-jpconten-qhz4h-14[0m stage [32mfrom-build-pack[0m and container [32mstep-working-dir-initializer-8rtbz[0m
Unable to retrieve container logs for docker://1c14223377e2a7338baa95c103b4292fb1c405d244df351740403e8460071475

Showing logs for build [32mentando-entando-plugin-jpconten-qhz4h-14[0m stage [32mfrom-build-pack[0m and container [32mstep-place-tools[0m
Unable to retrieve container logs for docker://4ac64a0bf4f2dd7c175395acfdc7eb42710e086bd9d3a44918f46812135cd867

Showing logs for build [32mentando-entando-plugin-jpconten-qhz4h-14[0m stage [32mfrom-build-pack[0m and container [32mstep-git-source-entando-entando-plugin-jpconten-mzj7j[0m
Unable to retrieve container logs for docker://b157a8c6d92b4d70a6092b15f67a5f3f834db055cc19a064ad3341e20e679f71

Showing logs for build [32mentando-entando-plugin-jpconten-qhz4h-14[0m stage [32mfrom-build-pack[0m and container [32mstep-git-merge[0m
Unable to retrieve container logs for docker://4df80c26f0eb151ea2b70d545ff64c677c054f20239fdd0242c757873b9cff22

Showing logs for build [32mentando-entando-plugin-jpconten-qhz4h-14[0m stage [32mfrom-build-pack[0m and container [32mstep-setup-jx-git-credentials[0m
Unable to retrieve container logs for docker://00ce31e4cf3f5c1ccb703bde663c295057b702821ff64052f23d2cbc20df372c

Showing logs for build [32mentando-entando-plugin-jpconten-qhz4h-14[0m stage [32mfrom-build-pack[0m and container [32mstep-build-fetch-history-for-sonar[0m
Unable to retrieve container logs for docker://7450f300d56b4b2af73b7ce582d43145fb77b98c1c4e9f3fed47e02ad43a0251

Showing logs for build [32mentando-entando-plugin-jpconten-qhz4h-14[0m stage [32mfrom-build-pack[0m and container [32mstep-build-mvn-deploy-release[0m
Unable to retrieve container logs for docker://0b88499a3962e174cab6be594236427f12392a9bcfc8283365b6cf5e47e60927

Showing logs for build [32mentando-entando-plugin-jpconten-qhz4h-14[0m stage [32mfrom-build-pack[0m and container [32mstep-promote-changelog[0m
Unable to retrieve container logs for docker://c9040a5b1f0cfe1df97a69bc8e300a1d5dc1a57a54895274e9e81926dc56473c

Showing logs for build [32mentando-entando-plugin-jpconten-qhz4h-14[0m stage [32mfrom-build-pack[0m and container [32mstep-promote-update-bom[0m
Unable to retrieve container logs for docker://fa29d3ccfdd1a918f33b66b9992f60705b2e7b08f5b92f4c87ede8f1a3a7bd26
