
Showing logs for build [32mentando-entando-keycloak-plugin-lqgtw-7[0m stage [32mfrom-build-pack[0m and container [32mstep-credential-initializer-mbv6f[0m
Unable to retrieve container logs for docker://7873716d0c800e22ae38905860aa112a02d6cdcf0e266c6c26f48e1b59f88e7c

Showing logs for build [32mentando-entando-keycloak-plugin-lqgtw-7[0m stage [32mfrom-build-pack[0m and container [32mstep-working-dir-initializer-sklkv[0m
Unable to retrieve container logs for docker://4000e1f0f44a7f4b9e357b4930e2f13396103f39a22dac691565b467fcc7b04e

Showing logs for build [32mentando-entando-keycloak-plugin-lqgtw-7[0m stage [32mfrom-build-pack[0m and container [32mstep-place-tools[0m
Unable to retrieve container logs for docker://824a0b397ead5005dc24b4db71a145147022a3b559b729182366af33eada3a71

Showing logs for build [32mentando-entando-keycloak-plugin-lqgtw-7[0m stage [32mfrom-build-pack[0m and container [32mstep-git-source-entando-entando-keycloak-plugin-btttx[0m
Unable to retrieve container logs for docker://ff961d55c66331089d525a00da3e2c0e2c78d505184a5e1a7ad96682b4d6854d

Showing logs for build [32mentando-entando-keycloak-plugin-lqgtw-7[0m stage [32mfrom-build-pack[0m and container [32mstep-git-merge[0m
Unable to retrieve container logs for docker://8a8032c0761bc6797ad2359524a9dd6eba1c4b4c0bd91a3714b9a5e7f729b21b

Showing logs for build [32mentando-entando-keycloak-plugin-lqgtw-7[0m stage [32mfrom-build-pack[0m and container [32mstep-build-set-version[0m
Unable to retrieve container logs for docker://9e42358577884b2ddcac6ab2d656d5065121d83d9da7da7faca7568fa1b13e76

Showing logs for build [32mentando-entando-keycloak-plugin-lqgtw-7[0m stage [32mfrom-build-pack[0m and container [32mstep-build-fix-git-for-sonar[0m
Unable to retrieve container logs for docker://25c9207de2202760482fb304ba09845e16e62c957b6f3b4cbf76b09e60dc325c

Showing logs for build [32mentando-entando-keycloak-plugin-lqgtw-7[0m stage [32mfrom-build-pack[0m and container [32mstep-build-mvn-verify-pr[0m
Unable to retrieve container logs for docker://942cff3b16114127e52fba4093a4e223d08509d8df2aaf6b4202626414e6e82d

Showing logs for build [32mentando-entando-keycloak-plugin-lqgtw-7[0m stage [32mfrom-build-pack[0m and container [32mstep-postbuild-set-version[0m
Unable to retrieve container logs for docker://39eccb1f50a27d361a7cbf03a1ecdd638cc5fc209862f81874ac2d835b1feb3c

Showing logs for build [32mentando-entando-keycloak-plugin-lqgtw-7[0m stage [32mfrom-build-pack[0m and container [32mstep-postbuild-war-build[0m
Unable to retrieve container logs for docker://69d9d116f946c07219b28850efd6153a126d0a0e8ee7cf22ab5e1fc3565d6a61

Showing logs for build [32mentando-entando-keycloak-plugin-lqgtw-7[0m stage [32mfrom-build-pack[0m and container [32mstep-postbuild-container-build[0m
Unable to retrieve container logs for docker://ea3bb886be09d50d5377572b3b92fc10bc530e3f988dd35009f753fd5c28627b

Showing logs for build [32mentando-entando-keycloak-plugin-lqgtw-7[0m stage [32mfrom-build-pack[0m and container [32mstep-promote-make-preview[0m
Unable to retrieve container logs for docker://b1a7f92c75017b625f72c828e4ce1f3450ed434f39598e2c1d59ef6aa6772157

Showing logs for build [32mentando-entando-keycloak-plugin-lqgtw-7[0m stage [32mfrom-build-pack[0m and container [32mstep-promote-jx-preview[0m
Unable to retrieve container logs for docker://3cd845366620c84e8016218a083cca1c916d5e9c04bcae1df91072e96c8de26f

Showing logs for build [32mentando-entando-keycloak-plugin-lqgtw-7[0m stage [32mfrom-build-pack[0m and container [32mstep-promote-run-post-deployment-tests[0m
Unable to retrieve container logs for docker://43bc328fce03d841b5bbfb25ad35f35b01d7467767eec37e0cfad8dcd4bfd373

Showing logs for build [32mentando-entando-keycloak-plugin-lqgtw-7[0m stage [32mfrom-build-pack[0m and container [32mstep-promote-publish-links[0m
Unable to retrieve container logs for docker://33f84521149a300b8ee778e04ece2c23a97b07770be299383365a1606e76ad1b
