
Showing logs for build [32mentando-k8s-entando-k8s-control-ltm24-3[0m stage [32mfrom-build-pack[0m and container [32mstep-credential-initializer-cj8vl[0m
Unable to retrieve container logs for docker://af40e9a69fdf9b1d6833c2f58647224f3abccbb48d25e00e9d924f198dcacb31

Showing logs for build [32mentando-k8s-entando-k8s-control-ltm24-3[0m stage [32mfrom-build-pack[0m and container [32mstep-working-dir-initializer-fpg24[0m
Unable to retrieve container logs for docker://a89a57d43768ff012d6a43d4120a273ecf4ea24d059f5306809ba14b41c0f449

Showing logs for build [32mentando-k8s-entando-k8s-control-ltm24-3[0m stage [32mfrom-build-pack[0m and container [32mstep-place-tools[0m
Unable to retrieve container logs for docker://01bd721d0a28fb3a33e2d58297ec70413e1f956826d4a961429a8ca550814353

Showing logs for build [32mentando-k8s-entando-k8s-control-ltm24-3[0m stage [32mfrom-build-pack[0m and container [32mstep-git-source-entando-k8s-entando-k8s-control-lc4wf[0m
Unable to retrieve container logs for docker://7899d024ef45be017fdfc3909b86c743efe9df14def9ec27f4504da3e92fb209

Showing logs for build [32mentando-k8s-entando-k8s-control-ltm24-3[0m stage [32mfrom-build-pack[0m and container [32mstep-git-merge[0m
Unable to retrieve container logs for docker://2413b4340279774eec38fc4a9ff95f03b4621d97a35a303e2d7e76021d506643

Showing logs for build [32mentando-k8s-entando-k8s-control-ltm24-3[0m stage [32mfrom-build-pack[0m and container [32mstep-build-set-version[0m
Unable to retrieve container logs for docker://fb741f49c79bc807d2b89cd60c3e3e48f5e1ac18b58fe7263dfc5dc27dbc8e04

Showing logs for build [32mentando-k8s-entando-k8s-control-ltm24-3[0m stage [32mfrom-build-pack[0m and container [32mstep-build-fix-git-for-sonar[0m
Unable to retrieve container logs for docker://7eb3f658ed865e351acfd7073a0c3c438e2892f49050f76f53c6c6175375765a

Showing logs for build [32mentando-k8s-entando-k8s-control-ltm24-3[0m stage [32mfrom-build-pack[0m and container [32mstep-build-mvn-verify-pr[0m
Unable to retrieve container logs for docker://c1848c1b62e74060ffd9abd48729837f44bec0a7a3a52b057c3a2374f789ba1a

Showing logs for build [32mentando-k8s-entando-k8s-control-ltm24-3[0m stage [32mfrom-build-pack[0m and container [32mstep-build-container-build[0m
Unable to retrieve container logs for docker://2b01b366314b723a8a129189268a200bb18e5dc0036dd91a67a47ec103be360b

Showing logs for build [32mentando-k8s-entando-k8s-control-ltm24-3[0m stage [32mfrom-build-pack[0m and container [32mstep-postbuild-post-build[0m
Unable to retrieve container logs for docker://de0f6fe0b35c6b0fb19ed5b8d4d83361b869e6256a671627add6f8c6abf36761

Showing logs for build [32mentando-k8s-entando-k8s-control-ltm24-3[0m stage [32mfrom-build-pack[0m and container [32mstep-promote-make-preview[0m
Unable to retrieve container logs for docker://b609dc53968df810eccba7ba522a134cb36b81321551d0708f27c3d706166410

Showing logs for build [32mentando-k8s-entando-k8s-control-ltm24-3[0m stage [32mfrom-build-pack[0m and container [32mstep-promote-jx-preview[0m
Unable to retrieve container logs for docker://940cbd2dc0a9764cd0a3fb3db9d4ec110607dfc78ee5f3617b49ebcc2f37523b

Showing logs for build [32mentando-k8s-entando-k8s-control-ltm24-3[0m stage [32mfrom-build-pack[0m and container [32mstep-promote-run-post-deployment-tests[0m
Unable to retrieve container logs for docker://0b5c095d5ec66160a2d958df22756d54e899c992da66597aea36a9e0f87a9840
