
Showing logs for build [32mentando-k8s-environment-entando-mhbbn-1[0m stage [32mfrom-build-pack[0m and container [32mstep-credential-initializer-jvl8x[0m
{"level":"warn","ts":1609866922.502011,"logger":"fallback-logger","caller":"logging/config.go:69","msg":"Fetch GitHub commit ID from kodata failed: \"ref: refs/heads/0.8.0-**-support-backwards-incompats\" is not a valid GitHub commit ID"}
{"level":"info","ts":1609866922.5108347,"logger":"fallback-logger","caller":"creds-init/main.go:40","msg":"Credentials initialized."}

Showing logs for build [32mentando-k8s-environment-entando-mhbbn-1[0m stage [32mfrom-build-pack[0m and container [32mstep-working-dir-initializer-wfmbd[0m
{"level":"warn","ts":1609866924.1479437,"logger":"fallback-logger","caller":"logging/config.go:69","msg":"Fetch GitHub commit ID from kodata failed: open /var/run/ko/HEAD: no such file or directory"}
{"level":"info","ts":1609866924.1678162,"logger":"fallback-logger","caller":"bash/main.go:64","msg":"Successfully e**cuted command \"sh -c mkdir -p /workspace/source\"; output "}

Showing logs for build [32mentando-k8s-environment-entando-mhbbn-1[0m stage [32mfrom-build-pack[0m and container [32mstep-place-tools[0m

Showing logs for build [32mentando-k8s-environment-entando-mhbbn-1[0m stage [32mfrom-build-pack[0m and container [32mstep-git-source-entando-k8s-environment-entando-lkrqp[0m
{"level":"warn","ts":1609866937.744208,"logger":"fallback-logger","caller":"logging/config.go:69","msg":"Fetch GitHub commit ID from kodata failed: \"ref: refs/heads/0.8.0-**-support-backwards-incompats\" is not a valid GitHub commit ID"}
{"level":"info","ts":1609866939.0223014,"logger":"fallback-logger","caller":"git/git.go:103","msg":"Successfully cloned https://github.com/entando-k8s/environment-**********-staging.git @ master in path /workspace/source"}

Showing logs for build [32mentando-k8s-environment-entando-mhbbn-1[0m stage [32mfrom-build-pack[0m and container [32mstep-git-merge[0m
Using SHAs from PULL_REFS=master:f045dd3098e0286590c7d2af69c80b014d00ae37,134:4c5271a12641bd070d8fbecf9323ddac40a15b3c
DEBUG: ran git fetch --unshallow origin 4c5271a12641bd070d8fbecf9323ddac40a15b3c: f045dd3098e0286590c7d2af69c80b014d00ae37: in 
DEBUG: ran git checkout master in 
DEBUG: ran git reset --hard f045dd3098e0286590c7d2af69c80b014d00ae37 in 
DEBUG: ran clean --force -d . in 
DEBUG: ran git merge 4c5271a12641bd070d8fbecf9323ddac40a15b3c in 
Merged SHA 4c5271a12641bd070d8fbecf9323ddac40a15b3c with commit message 'chore: Promote entando-k8s-controller-coordinator to version 6.2.25' into base branch master

Showing logs for build [32mentando-k8s-environment-entando-mhbbn-1[0m stage [32mfrom-build-pack[0m and container [32mstep-build-helm-build[0m
WARNING: No $CHART_REPOSITORY defined so using the default value of: http://jenkins-x-chartmuseum:8080
Adding missing Helm repo: storage.googleapis.com https://storage.googleapis.com/chartmuseum.jenkins-x.io
error: failed to add chart repositories: failed to add the Helm repository with URL 'https://storage.googleapis.com/chartmuseum.jenkins-x.io': failed to add the repository 'storage.googleapis.com' with URL 'https://storage.googleapis.com/chartmuseum.jenkins-x.io': failed to run 'helm repo add storage.googleapis.com https://storage.googleapis.com/chartmuseum.jenkins-x.io' command in directory '.', output: 'Error: Couldn't load repositories file (/builder/home/.helm/repository/repositories.yaml).
You might need to run `helm init` (or `helm init --client-only` if tiller is already installed)'
[31m
Pipeline failed on stage 'from-build-pack' : container 'step-build-helm-build'. The execution of the pipeline has stopped.[0m
