
Showing logs for build [32mentando-entando-keycloak-plugin-vlrmc-2[0m stage [32mfrom-build-pack[0m and container [32mstep-credential-initializer-7klhg[0m
{"level":"warn","ts":1606123787.2493608,"logger":"fallback-logger","caller":"logging/config.go:69","msg":"Fetch GitHub commit ID from kodata failed: \"ref: refs/heads/0.8.0-**-support-backwards-incompats\" is not a valid GitHub commit ID"}
{"level":"info","ts":1606123787.2572794,"logger":"fallback-logger","caller":"creds-init/main.go:40","msg":"Credentials initialized."}

Showing logs for build [32mentando-entando-keycloak-plugin-vlrmc-2[0m stage [32mfrom-build-pack[0m and container [32mstep-working-dir-initializer-czph5[0m
{"level":"warn","ts":1606123789.4970713,"logger":"fallback-logger","caller":"logging/config.go:69","msg":"Fetch GitHub commit ID from kodata failed: open /var/run/ko/HEAD: no such file or directory"}
{"level":"info","ts":1606123789.5164897,"logger":"fallback-logger","caller":"bash/main.go:64","msg":"Successfully e**cuted command \"sh -c mkdir -p /workspace/source\"; output "}

Showing logs for build [32mentando-entando-keycloak-plugin-vlrmc-2[0m stage [32mfrom-build-pack[0m and container [32mstep-place-tools[0m

Showing logs for build [32mentando-entando-keycloak-plugin-vlrmc-2[0m stage [32mfrom-build-pack[0m and container [32mstep-git-source-entando-entando-keycloak-plugin-vxmhm[0m
{"level":"warn","ts":1606123823.8735344,"logger":"fallback-logger","caller":"logging/config.go:69","msg":"Fetch GitHub commit ID from kodata failed: \"ref: refs/heads/0.8.0-**-support-backwards-incompats\" is not a valid GitHub commit ID"}
{"level":"info","ts":1606123826.3927665,"logger":"fallback-logger","caller":"git/git.go:103","msg":"Successfully cloned https://github.com/entando/entando-keycloak-plugin.git @ master in path /workspace/source"}

Showing logs for build [32mentando-entando-keycloak-plugin-vlrmc-2[0m stage [32mfrom-build-pack[0m and container [32mstep-git-merge[0m
Using SHAs from PULL_REFS=master:0ecaf8f4bfd5a5c61334fd65f801d57d7173e07c,31:6320ae4e8a887163add02ae8a8c7b04d4c04b794
DEBUG: ran git fetch --unshallow origin 6320ae4e8a887163add02ae8a8c7b04d4c04b794: 0ecaf8f4bfd5a5c61334fd65f801d57d7173e07c: in 
DEBUG: ran git checkout master in 
DEBUG: ran git reset --hard 0ecaf8f4bfd5a5c61334fd65f801d57d7173e07c in 
DEBUG: ran clean --force -d . in 
DEBUG: ran git merge 6320ae4e8a887163add02ae8a8c7b04d4c04b794 in 
Merged SHA 6320ae4e8a887163add02ae8a8c7b04d4c04b794 with commit message 'ENG-1256: Update the codebase with the new excepion classes' into base branch master
Merged SHA 2ab547979d35449e3a4426fef20edfbfcc9e319d with commit message 'ENG-1512: Added extra param "csp.header.extraConfig"' into base branch master

Showing logs for build [32mentando-entando-keycloak-plugin-vlrmc-2[0m stage [32mfrom-build-pack[0m and container [32mstep-build-set-version[0m
Picked up _JAVA_OPTIONS: -XX:+UnlockExperimentalVMOptions -Dsun.zip.disableMemoryMapping=true -XX:+UseParallelGC -XX:MinHeapFreeRatio=5 -XX:MaxHeapFreeRatio=10 -XX:GCTimeRatio=4 -XX:AdaptiveSizePolicyWeight=90 -Xms10m -Xmx8000m
[INFO] Scanning for projects...
[INFO] 
[INFO] -------------< org.entando.entando:entando-keycloak-auth >--------------
[INFO] Building entando-keycloak-auth 6.2.0-SNAPSHOT
[INFO] --------------------------------[ jar ]---------------------------------
[INFO] 
[INFO] --- versions-maven-plugin:2.8.1:set (default-cli) @ entando-keycloak-auth ---
[INFO] Local aggregation ****: /workspace/source
[INFO] Processing change of org.entando.entando:entando-keycloak-auth:6.2.0-SNAPSHOT -> 0.0.0-SNAPSHOT-PR-31-2
[INFO] Processing org.entando.entando:entando-keycloak-auth
[INFO]     Updating project org.entando.entando:entando-keycloak-auth
[INFO]         from version 6.2.0-SNAPSHOT to 0.0.0-SNAPSHOT-PR-31-2
[INFO] 
[INFO] ------------------------------------------------------------------------
[INFO] BUILD SUCCESS
[INFO] ------------------------------------------------------------------------
[INFO] Total time:  12.467 s
[INFO] Finished at: 2020-11-23T09:30:43Z
[INFO] ------------------------------------------------------------------------

Showing logs for build [32mentando-entando-keycloak-plugin-vlrmc-2[0m stage [32mfrom-build-pack[0m and container [32mstep-build-fix-git-for-sonar[0m
M	pom.xml
Switched to a new branch 'PR-31'
Deleted branch master (was 6320ae4).
From https://github.com/entando/entando-keycloak-plugin
 * [new branch]      master            -> master
 * [new tag]         master-before-**  -> master-before-**
 * [new tag]         v6.2.0-sprint1-rc -> v6.2.0-sprint1-rc
 * [new tag]         v6.2.0-sprint2-rc -> v6.2.0-sprint2-rc
 * [new tag]         v6.2.0-sprint3-rc -> v6.2.0-sprint3-rc
 * [new tag]         v6.2.0-sprint4-rc -> v6.2.0-sprint4-rc
 * [new tag]         v6.2.0-sprint5-rc -> v6.2.0-sprint5-rc
 * [new tag]         v6.2.0-sprint6-rc -> v6.2.0-sprint6-rc

Showing logs for build [32mentando-entando-keycloak-plugin-vlrmc-2[0m stage [32mfrom-build-pack[0m and container [32mstep-build-mvn-verify-pr[0m
  % Total    % Received % Xferd  Average Speed   Time    Time     Time  Current
                                 Dload  Upload   Total   Spent    Left  Speed
{
  "url": "https://api.github.com/repos/entando/entando-keycloak-plugin/statuses/6320ae4e8a887163add02ae8a8c7b04d4c04b794",
  "avatar_url": "https://avatars2.githubusercontent.com/u/57885396?v=4",
  "id": 11429007800,
  "node_id": "MDEzOlN0YXR1c0NvbnRleHQxMTQyOTAwNzgwMA==",
  "state": "pending",
  "description": "Pre-deployment tests pending!",
  "target_url": "https://entando-k8s.github.io/devops-results/entando-keycloak-plugin/PR-31/surefire-report.html",
  "context": "Pre-deployment tests",
  "created_at": "2020-11-23T09:30:46Z",
  "updated_at": "2020-11-23T09:30:46Z",
  "creator": {
    "login": "**********",
    "id": 57885396,
    "node_id": "MDQ6VXNlcjU3ODg1Mzk2",
    "avatar_url": "https://avatars2.githubusercontent.com/u/57885396?v=4",
    "gravatar_id": "",
    "url": "https://api.github.com/users/**********",
    "html_url": "https://github.com/**********",
    "followers_url": "https://api.github.com/users/**********/followers",
    "following_url": "https://api.github.com/users/**********/following{/other_user}",
    "gists_url": "https://api.github.com/users/**********/gists{/gist_id}",
    "starred_url": "https://api.github.com/users/**********/starred{/owner}{/repo}",
    "subscriptions_url": "https://api.github.com/users/**********/subscriptions",
    "organizations_url": "https://api.github.com/users/**********/orgs",
    "repos_url": "https://api.github.com/users/**********/repos",
    "events_url": "https://api.github.com/users/entando-**/events{/privacy}",
    "received_events_url": "https://api.github.com/users/**********/received_events",
    "type": "User",
    "site_*****": *****
  }
}
  0     0    0     0    0     0      0      0 --:--:-- --:--:-- --:--:--     0 11  1854    0     0  100   215      0    292 --:--:-- --:--:-- --:--:--   294100  1854  100  1639  100   215   2232    292 --:--:-- --:--:-- --:--:--  2242
  % Total    % Received % Xferd  Average Speed   Time    Time     Time  Current
                                 Dload  Upload   Total   Spent    Left  Speed
{
  "url": "https://api.github.com/repos/entando/entando-keycloak-plugin/statuses/6320ae4e8a887163add02ae8a8c7b04d4c04b794",
  "avatar_url": "https://avatars2.githubusercontent.com/u/57885396?v=4",
  "id": 11429007937,
  "node_id": "MDEzOlN0YXR1c0NvbnRleHQxMTQyOTAwNzkzNw==",
  "state": "pending",
  "description": "OWASP CVE pending!",
  "target_url": "https://entando-k8s.github.io/devops-results/entando-keycloak-plugin/PR-31/dependency-check-report.html",
  "context": "OWASP CVE",
  "created_at": "2020-11-23T09:30:47Z",
  0     0    0     0    0     0      0      0 --:--:-- --:--:-- --:--:--     0 11  1826    0     0  100   201      0    205 --:--:-- --:--:-- --:--:--   205100  1826  100  1625  100   201   1664    205 --:--:-- --:--:-- --:--:--  1663
  "updated_at": "2020-11-23T09:30:47Z",
  "creator": {
    "login": "**********",
    "id": 57885396,
    "node_id": "MDQ6VXNlcjU3ODg1Mzk2",
    "avatar_url": "https://avatars2.githubusercontent.com/u/57885396?v=4",
    "gravatar_id": "",
    "url": "https://api.github.com/users/**********",
    "html_url": "https://github.com/**********",
    "followers_url": "https://api.github.com/users/**********/followers",
    "following_url": "https://api.github.com/users/**********/following{/other_user}",
    "gists_url": "https://api.github.com/users/**********/gists{/gist_id}",
    "starred_url": "https://api.github.com/users/**********/starred{/owner}{/repo}",
    "subscriptions_url": "https://api.github.com/users/**********/subscriptions",
    "organizations_url": "https://api.github.com/users/**********/orgs",
    "repos_url": "https://api.github.com/users/**********/repos",
    "events_url": "https://api.github.com/users/**********/events{/privacy}",
    "received_events_url": "https://api.github.com/users/**********/received_events",
    "type": "User",
    "site_*****": *****
  }
}
Picked up _JAVA_OPTIONS: -XX:+UnlockExperimentalVMOptions -Dsun.zip.disableMemoryMapping=true -XX:+UseParallelGC -XX:MinHeapFreeRatio=5 -XX:MaxHeapFreeRatio=10 -XX:GCTimeRatio=4 -XX:AdaptiveSizePolicyWeight=90 -Xms10m -Xmx8000m
[INFO] Scanning for projects...
[INFO] 
[INFO] -------------< org.entando.entando:entando-keycloak-auth >--------------
[INFO] Building entando-keycloak-auth 0.0.0-SNAPSHOT-PR-31-2
[INFO] --------------------------------[ jar ]---------------------------------
[WARNING] The POM for com.sun.xml.bind:jaxb-impl:jar:2.2.11 is invalid, transitive dependencies (if any) will not be available, enable debug logging for more details
[INFO] 
[INFO] --- maven-checkstyle-plugin:3.1.1:check (validate) @ entando-keycloak-auth ---
[INFO] 
[INFO] --- maven-checkstyle-plugin:3.1.1:checkstyle (validate) @ entando-keycloak-auth ---
[INFO] 
[INFO] --- jacoco-maven-plugin:0.8.5:prepare-agent (prepare-agent) @ entando-keycloak-auth ---
[INFO] argLine set to -javaagent:/home/jenkins/.mvnrepository/org/jacoco/org.jacoco.agent/0.8.5/org.jacoco.agent-0.8.5-runtime.jar=destfile=/workspace/source/target/jacoco.e**c
[INFO] 
[INFO] --- maven-resources-plugin:2.5:resources (default-resources) @ entando-keycloak-auth ---
[debug] e**cute contextualize
[INFO] Using 'UTF-8' encoding to copy filtered resources.
[INFO] Copying 3 resources
[INFO] 
[INFO] --- maven-compiler-plugin:3.8.1:compile (default-compile) @ entando-keycloak-auth ---
[INFO] Changes detected - recompiling the module!
[INFO] Compiling 26 source files to /workspace/source/target/classes
[INFO] -------------------------------------------------------------
[ERROR] COMPILATION ERROR : 
[INFO] -------------------------------------------------------------
[ERROR] /workspace/source/src/main/java/org/entando/entando/aps/servlet/security/KeycloakAuthenticationFilter.java:[43,41] package org.entando.entando.ent.exception does not exist
[ERROR] /workspace/source/src/main/java/org/entando/entando/keycloak/services/KeycloakAuthorizationManager.java:[20,41] package org.entando.entando.ent.exception does not exist
[ERROR] /workspace/source/src/main/java/org/entando/entando/keycloak/services/KeycloakAuthenticationProviderManager.java:[6,41] package org.entando.entando.ent.exception does not exist
[ERROR] /workspace/source/src/main/java/org/entando/entando/keycloak/services/KeycloakAuthenticationProviderManager.java:[21,62] cannot find symbol
  symbol:   class EntException
  location: class org.entando.entando.keycloak.services.KeycloakAuthenticationProviderManager
[ERROR] /workspace/source/src/main/java/org/entando/entando/keycloak/services/KeycloakAuthenticationProviderManager.java:[26,85] cannot find symbol
  symbol:   class EntException
  location: class org.entando.entando.keycloak.services.KeycloakAuthenticationProviderManager
[ERROR] /workspace/source/src/main/java/org/entando/entando/keycloak/adapter/AuthenticationProviderManagerAdapter.java:[7,41] package org.entando.entando.ent.exception does not exist
[ERROR] /workspace/source/src/main/java/org/entando/entando/keycloak/adapter/AuthenticationProviderManagerAdapter.java:[25,62] cannot find symbol
  symbol:   class EntException
  location: class org.entando.entando.keycloak.adapter.AuthenticationProviderManagerAdapter
[ERROR] /workspace/source/src/main/java/org/entando/entando/keycloak/adapter/AuthenticationProviderManagerAdapter.java:[32,85] cannot find symbol
  symbol:   class EntException
  location: class org.entando.entando.keycloak.adapter.AuthenticationProviderManagerAdapter
[ERROR] /workspace/source/src/main/java/org/entando/entando/keycloak/adapter/UserManagerAdapter.java:[12,41] package org.entando.entando.ent.exception does not exist
[ERROR] /workspace/source/src/main/java/org/entando/entando/keycloak/services/KeycloakUserManager.java:[15,41] package org.entando.entando.ent.exception does not exist
[ERROR] /workspace/source/src/main/java/org/entando/entando/keycloak/adapter/UserManagerAdapter.java:[29,47] cannot find symbol
  symbol:   class EntException
  location: class org.entando.entando.keycloak.adapter.UserManagerAdapter
[ERROR] /workspace/source/src/main/java/org/entando/entando/keycloak/adapter/UserManagerAdapter.java:[34,67] cannot find symbol
  symbol:   class EntException
  location: class org.entando.entando.keycloak.adapter.UserManagerAdapter
[ERROR] /workspace/source/src/main/java/org/entando/entando/keycloak/adapter/UserManagerAdapter.java:[39,48] cannot find symbol
  symbol:   class EntException
  location: class org.entando.entando.keycloak.adapter.UserManagerAdapter
[ERROR] /workspace/source/src/main/java/org/entando/entando/keycloak/adapter/UserManagerAdapter.java:[44,68] cannot find symbol
  symbol:   class EntException
  location: class org.entando.entando.keycloak.adapter.UserManagerAdapter
[ERROR] /workspace/source/src/main/java/org/entando/entando/keycloak/adapter/UserManagerAdapter.java:[49,66] cannot find symbol
  symbol:   class EntException
  location: class org.entando.entando.keycloak.adapter.UserManagerAdapter
[ERROR] /workspace/source/src/main/java/org/entando/entando/keycloak/adapter/UserManagerAdapter.java:[55,58] cannot find symbol
  symbol:   class EntException
  location: class org.entando.entando.keycloak.adapter.UserManagerAdapter
[ERROR] /workspace/source/src/main/java/org/entando/entando/keycloak/adapter/UserManagerAdapter.java:[61,66] cannot find symbol
  symbol:   class EntException
  location: class org.entando.entando.keycloak.adapter.UserManagerAdapter
[ERROR] /workspace/source/src/main/java/org/entando/entando/keycloak/adapter/UserManagerAdapter.java:[67,72] cannot find symbol
  symbol:   class EntException
  location: class org.entando.entando.keycloak.adapter.UserManagerAdapter
[ERROR] /workspace/source/src/main/java/org/entando/entando/keycloak/adapter/UserManagerAdapter.java:[73,85] cannot find symbol
  symbol:   class EntException
  location: class org.entando.entando.keycloak.adapter.UserManagerAdapter
[ERROR] /workspace/source/src/main/java/org/entando/entando/keycloak/adapter/UserManagerAdapter.java:[79,63] cannot find symbol
  symbol:   class EntException
  location: class org.entando.entando.keycloak.adapter.UserManagerAdapter
[ERROR] /workspace/source/src/main/java/org/entando/entando/keycloak/adapter/UserManagerAdapter.java:[85,62] cannot find symbol
  symbol:   class EntException
  location: class org.entando.entando.keycloak.adapter.UserManagerAdapter
[ERROR] /workspace/source/src/main/java/org/entando/entando/keycloak/adapter/UserManagerAdapter.java:[90,85] cannot find symbol
  symbol:   class EntException
  location: class org.entando.entando.keycloak.adapter.UserManagerAdapter
[ERROR] /workspace/source/src/main/java/org/entando/entando/keycloak/filter/KeycloakFilter.java:[40,41] package org.entando.entando.ent.exception does not exist
[INFO] 23 errors 
[INFO] -------------------------------------------------------------
[INFO] 
[INFO] ------------------------------------------------------------------------
[INFO] Skipping entando-keycloak-auth
[INFO] This project has been banned from the build due to previous failures.
[INFO] ------------------------------------------------------------------------
[INFO] ------------------------------------------------------------------------
[INFO] BUILD FAILURE
[INFO] ------------------------------------------------------------------------
[INFO] Total time:  30.744 s
[INFO] Finished at: 2020-11-23T09:31:20Z
[INFO] ------------------------------------------------------------------------
[ERROR] Failed to e**cute goal org.apache.maven.plugins:maven-compiler-plugin:3.8.1:compile (default-compile) on project entando-keycloak-auth: Compilation failure: Compilation failure: 
[ERROR] /workspace/source/src/main/java/org/entando/entando/aps/servlet/security/KeycloakAuthenticationFilter.java:[43,41] package org.entando.entando.ent.exception does not exist
[ERROR] /workspace/source/src/main/java/org/entando/entando/keycloak/services/KeycloakAuthorizationManager.java:[20,41] package org.entando.entando.ent.exception does not exist
[ERROR] /workspace/source/src/main/java/org/entando/entando/keycloak/services/KeycloakAuthenticationProviderManager.java:[6,41] package org.entando.entando.ent.exception does not exist
[ERROR] /workspace/source/src/main/java/org/entando/entando/keycloak/services/KeycloakAuthenticationProviderManager.java:[21,62] cannot find symbol
[ERROR]   symbol:   class EntException
[ERROR]   location: class org.entando.entando.keycloak.services.KeycloakAuthenticationProviderManager
[ERROR] /workspace/source/src/main/java/org/entando/entando/keycloak/services/KeycloakAuthenticationProviderManager.java:[26,85] cannot find symbol
[ERROR]   symbol:   class EntException
[ERROR]   location: class org.entando.entando.keycloak.services.KeycloakAuthenticationProviderManager
[ERROR] /workspace/source/src/main/java/org/entando/entando/keycloak/adapter/AuthenticationProviderManagerAdapter.java:[7,41] package org.entando.entando.ent.exception does not exist
[ERROR] /workspace/source/src/main/java/org/entando/entando/keycloak/adapter/AuthenticationProviderManagerAdapter.java:[25,62] cannot find symbol
[ERROR]   symbol:   class EntException
[ERROR]   location: class org.entando.entando.keycloak.adapter.AuthenticationProviderManagerAdapter
[ERROR] /workspace/source/src/main/java/org/entando/entando/keycloak/adapter/AuthenticationProviderManagerAdapter.java:[32,85] cannot find symbol
[ERROR]   symbol:   class EntException
[ERROR]   location: class org.entando.entando.keycloak.adapter.AuthenticationProviderManagerAdapter
[ERROR] /workspace/source/src/main/java/org/entando/entando/keycloak/adapter/UserManagerAdapter.java:[12,41] package org.entando.entando.ent.exception does not exist
[ERROR] /workspace/source/src/main/java/org/entando/entando/keycloak/services/KeycloakUserManager.java:[15,41] package org.entando.entando.ent.exception does not exist
[ERROR] /workspace/source/src/main/java/org/entando/entando/keycloak/adapter/UserManagerAdapter.java:[29,47] cannot find symbol
[ERROR]   symbol:   class EntException
[ERROR]   location: class org.entando.entando.keycloak.adapter.UserManagerAdapter
[ERROR] /workspace/source/src/main/java/org/entando/entando/keycloak/adapter/UserManagerAdapter.java:[34,67] cannot find symbol
[ERROR]   symbol:   class EntException
[ERROR]   location: class org.entando.entando.keycloak.adapter.UserManagerAdapter
[ERROR] /workspace/source/src/main/java/org/entando/entando/keycloak/adapter/UserManagerAdapter.java:[39,48] cannot find symbol
[ERROR]   symbol:   class EntException
[ERROR]   location: class org.entando.entando.keycloak.adapter.UserManagerAdapter
[ERROR] /workspace/source/src/main/java/org/entando/entando/keycloak/adapter/UserManagerAdapter.java:[44,68] cannot find symbol
[ERROR]   symbol:   class EntException
[ERROR]   location: class org.entando.entando.keycloak.adapter.UserManagerAdapter
[ERROR] /workspace/source/src/main/java/org/entando/entando/keycloak/adapter/UserManagerAdapter.java:[49,66] cannot find symbol
[ERROR]   symbol:   class EntException
[ERROR]   location: class org.entando.entando.keycloak.adapter.UserManagerAdapter
[ERROR] /workspace/source/src/main/java/org/entando/entando/keycloak/adapter/UserManagerAdapter.java:[55,58] cannot find symbol
[ERROR]   symbol:   class EntException
[ERROR]   location: class org.entando.entando.keycloak.adapter.UserManagerAdapter
[ERROR] /workspace/source/src/main/java/org/entando/entando/keycloak/adapter/UserManagerAdapter.java:[61,66] cannot find symbol
[ERROR]   symbol:   class EntException
[ERROR]   location: class org.entando.entando.keycloak.adapter.UserManagerAdapter
[ERROR] /workspace/source/src/main/java/org/entando/entando/keycloak/adapter/UserManagerAdapter.java:[67,72] cannot find symbol
[ERROR]   symbol:   class EntException
[ERROR]   location: class org.entando.entando.keycloak.adapter.UserManagerAdapter
[ERROR] /workspace/source/src/main/java/org/entando/entando/keycloak/adapter/UserManagerAdapter.java:[73,85] cannot find symbol
[ERROR]   symbol:   class EntException
[ERROR]   location: class org.entando.entando.keycloak.adapter.UserManagerAdapter
[ERROR] /workspace/source/src/main/java/org/entando/entando/keycloak/adapter/UserManagerAdapter.java:[79,63] cannot find symbol
[ERROR]   symbol:   class EntException
[ERROR]   location: class org.entando.entando.keycloak.adapter.UserManagerAdapter
[ERROR] /workspace/source/src/main/java/org/entando/entando/keycloak/adapter/UserManagerAdapter.java:[85,62] cannot find symbol
[ERROR]   symbol:   class EntException
[ERROR]   location: class org.entando.entando.keycloak.adapter.UserManagerAdapter
[ERROR] /workspace/source/src/main/java/org/entando/entando/keycloak/adapter/UserManagerAdapter.java:[90,85] cannot find symbol
[ERROR]   symbol:   class EntException
[ERROR]   location: class org.entando.entando.keycloak.adapter.UserManagerAdapter
[ERROR] /workspace/source/src/main/java/org/entando/entando/keycloak/filter/KeycloakFilter.java:[40,41] package org.entando.entando.ent.exception does not exist
[ERROR] -> [Help 1]
[ERROR] 
[ERROR] To see the full stack trace of the errors, re-run Maven with the -e switch.
[ERROR] Re-run Maven using the -X switch to enable full debug logging.
[ERROR] 
[ERROR] For more information about the errors and possible solutions, please read the following articles:
[ERROR] [Help 1] http://cwiki.apache.org/confluence/display/MAVEN/MojoFailureException
Picked up _JAVA_OPTIONS: -XX:+UnlockExperimentalVMOptions -Dsun.zip.disableMemoryMapping=true -XX:+UseParallelGC -XX:MinHeapFreeRatio=5 -XX:MaxHeapFreeRatio=10 -XX:GCTimeRatio=4 -XX:AdaptiveSizePolicyWeight=90 -Xms10m -Xmx8000m
[INFO] Scanning for projects...
[INFO] 
[INFO] -------------< org.entando.entando:entando-keycloak-auth >--------------
[INFO] Building entando-keycloak-auth 0.0.0-SNAPSHOT-PR-31-2
[INFO] --------------------------------[ jar ]---------------------------------
[WARNING] The POM for com.sun.xml.bind:jaxb-impl:jar:2.2.11 is invalid, transitive dependencies (if any) will not be available, enable debug logging for more details
[INFO] 
[INFO] --- maven-site-plugin:3.9.0:site (default-site) @ entando-keycloak-auth ---
[INFO] configuring report plugin org.apache.maven.plugins:maven-project-info-reports-plugin:3.0.0
[INFO] 9 reports configured for maven-project-info-reports-plugin:3.0.0: dependency-info, distribution-management, index, ci-management, issue-management, licenses, plugins, scm, summary
[INFO] Rendering site with default locale English (en)
[WARNING] Unable to find a URL to the parent project. The parent menu will NOT be added.
[INFO] Relativizing decoration links with respect to localized project URL: https://central.entando.com/entando-keycloak-auth
[INFO] Rendering content with org.apache.maven.skins:maven-default-skin:jar:1.3 skin.
[INFO] Generating "Dependency Information" report --- maven-project-info-reports-plugin:3.0.0:dependency-info
[INFO] Generating "About" report         --- maven-project-info-reports-plugin:3.0.0:index
[INFO] Generating "Issue Management" report --- maven-project-info-reports-plugin:3.0.0:issue-management
[INFO] Generating "Licenses" report      --- maven-project-info-reports-plugin:3.0.0:licenses
[INFO] Generating "Plugins" report       --- maven-project-info-reports-plugin:3.0.0:plugins
[INFO] Generating "Source Code Management" report --- maven-project-info-reports-plugin:3.0.0:scm
[INFO] Generating "Summary" report       --- maven-project-info-reports-plugin:3.0.0:summary
[INFO] ------------------------------------------------------------------------
[INFO] BUILD SUCCESS
[INFO] ------------------------------------------------------------------------
[INFO] Total time:  22.735 s
[INFO] Finished at: 2020-11-23T09:31:45Z
[INFO] ------------------------------------------------------------------------
shallow cloning https://github.com/entando-k8s/devops-results.git branch gh-pages
ran git init in /tmp/jenkins-x-collect061055427
ran git add remote origin https://github.com/entando-k8s/devops-results.git in /tmp/jenkins-x-collect061055427
ran git fetch origin --depth=1 gh-pages in dir /tmp/jenkins-x-collect061055427
Publishing https://raw.githubusercontent.com/entando-k8s/devops-results/gh-pages/entando-keycloak-plugin/PR-31/css/maven-base.css
Publishing https://raw.githubusercontent.com/entando-k8s/devops-results/gh-pages/entando-keycloak-plugin/PR-31/css/maven-theme.css
Publishing https://raw.githubusercontent.com/entando-k8s/devops-results/gh-pages/entando-keycloak-plugin/PR-31/css/print.css
Publishing https://raw.githubusercontent.com/entando-k8s/devops-results/gh-pages/entando-keycloak-plugin/PR-31/css/site.css
Publishing https://raw.githubusercontent.com/entando-k8s/devops-results/gh-pages/entando-keycloak-plugin/PR-31/dependency-info.html
Publishing https://raw.githubusercontent.com/entando-k8s/devops-results/gh-pages/entando-keycloak-plugin/PR-31/images/collapsed.gif
Publishing https://raw.githubusercontent.com/entando-k8s/devops-results/gh-pages/entando-keycloak-plugin/PR-31/images/expanded.gif
Publishing https://raw.githubusercontent.com/entando-k8s/devops-results/gh-pages/entando-keycloak-plugin/PR-31/images/external.png
Publishing https://raw.githubusercontent.com/entando-k8s/devops-results/gh-pages/entando-keycloak-plugin/PR-31/images/icon_error_sml.gif
Publishing https://raw.githubusercontent.com/entando-k8s/devops-results/gh-pages/entando-keycloak-plugin/PR-31/images/icon_info_sml.gif
Publishing https://raw.githubusercontent.com/entando-k8s/devops-results/gh-pages/entando-keycloak-plugin/PR-31/images/icon_success_sml.gif
Publishing https://raw.githubusercontent.com/entando-k8s/devops-results/gh-pages/entando-keycloak-plugin/PR-31/images/icon_warning_sml.gif
Publishing https://raw.githubusercontent.com/entando-k8s/devops-results/gh-pages/entando-keycloak-plugin/PR-31/images/logos/build-by-maven-black.png
Publishing https://raw.githubusercontent.com/entando-k8s/devops-results/gh-pages/entando-keycloak-plugin/PR-31/images/logos/build-by-maven-white.png
Publishing https://raw.githubusercontent.com/entando-k8s/devops-results/gh-pages/entando-keycloak-plugin/PR-31/images/logos/maven-feather.png
Publishing https://raw.githubusercontent.com/entando-k8s/devops-results/gh-pages/entando-keycloak-plugin/PR-31/images/newwindow.png
Publishing https://raw.githubusercontent.com/entando-k8s/devops-results/gh-pages/entando-keycloak-plugin/PR-31/index.html
Publishing https://raw.githubusercontent.com/entando-k8s/devops-results/gh-pages/entando-keycloak-plugin/PR-31/issue-management.html
Publishing https://raw.githubusercontent.com/entando-k8s/devops-results/gh-pages/entando-keycloak-plugin/PR-31/licenses.html
Publishing https://raw.githubusercontent.com/entando-k8s/devops-results/gh-pages/entando-keycloak-plugin/PR-31/plugins.html
Publishing https://raw.githubusercontent.com/entando-k8s/devops-results/gh-pages/entando-keycloak-plugin/PR-31/project-info.html
Publishing https://raw.githubusercontent.com/entando-k8s/devops-results/gh-pages/entando-keycloak-plugin/PR-31/scm.html
Publishing https://raw.githubusercontent.com/entando-k8s/devops-results/gh-pages/entando-keycloak-plugin/PR-31/summary.html
stashed: https://raw.githubusercontent.com/entando-k8s/devops-results/gh-pages/entando-keycloak-plugin/PR-31/css/maven-base.css
stashed: https://raw.githubusercontent.com/entando-k8s/devops-results/gh-pages/entando-keycloak-plugin/PR-31/css/maven-theme.css
stashed: https://raw.githubusercontent.com/entando-k8s/devops-results/gh-pages/entando-keycloak-plugin/PR-31/css/print.css
stashed: https://raw.githubusercontent.com/entando-k8s/devops-results/gh-pages/entando-keycloak-plugin/PR-31/css/site.css
stashed: https://raw.githubusercontent.com/entando-k8s/devops-results/gh-pages/entando-keycloak-plugin/PR-31/dependency-info.html
stashed: https://raw.githubusercontent.com/entando-k8s/devops-results/gh-pages/entando-keycloak-plugin/PR-31/images/collapsed.gif
stashed: https://raw.githubusercontent.com/entando-k8s/devops-results/gh-pages/entando-keycloak-plugin/PR-31/images/expanded.gif
stashed: https://raw.githubusercontent.com/entando-k8s/devops-results/gh-pages/entando-keycloak-plugin/PR-31/images/external.png
stashed: https://raw.githubusercontent.com/entando-k8s/devops-results/gh-pages/entando-keycloak-plugin/PR-31/images/icon_error_sml.gif
stashed: https://raw.githubusercontent.com/entando-k8s/devops-results/gh-pages/entando-keycloak-plugin/PR-31/images/icon_info_sml.gif
stashed: https://raw.githubusercontent.com/entando-k8s/devops-results/gh-pages/entando-keycloak-plugin/PR-31/images/icon_success_sml.gif
stashed: https://raw.githubusercontent.com/entando-k8s/devops-results/gh-pages/entando-keycloak-plugin/PR-31/images/icon_warning_sml.gif
stashed: https://raw.githubusercontent.com/entando-k8s/devops-results/gh-pages/entando-keycloak-plugin/PR-31/images/logos/build-by-maven-black.png
stashed: https://raw.githubusercontent.com/entando-k8s/devops-results/gh-pages/entando-keycloak-plugin/PR-31/images/logos/build-by-maven-white.png
stashed: https://raw.githubusercontent.com/entando-k8s/devops-results/gh-pages/entando-keycloak-plugin/PR-31/images/logos/maven-feather.png
stashed: https://raw.githubusercontent.com/entando-k8s/devops-results/gh-pages/entando-keycloak-plugin/PR-31/images/newwindow.png
stashed: https://raw.githubusercontent.com/entando-k8s/devops-results/gh-pages/entando-keycloak-plugin/PR-31/index.html
stashed: https://raw.githubusercontent.com/entando-k8s/devops-results/gh-pages/entando-keycloak-plugin/PR-31/issue-management.html
stashed: https://raw.githubusercontent.com/entando-k8s/devops-results/gh-pages/entando-keycloak-plugin/PR-31/licenses.html
stashed: https://raw.githubusercontent.com/entando-k8s/devops-results/gh-pages/entando-keycloak-plugin/PR-31/plugins.html
stashed: https://raw.githubusercontent.com/entando-k8s/devops-results/gh-pages/entando-keycloak-plugin/PR-31/project-info.html
stashed: https://raw.githubusercontent.com/entando-k8s/devops-results/gh-pages/entando-keycloak-plugin/PR-31/scm.html
stashed: https://raw.githubusercontent.com/entando-k8s/devops-results/gh-pages/entando-keycloak-plugin/PR-31/summary.html
error: etcdserver: request is too large
No pre-deployment test results found for entando-keycloak-plugin-PR-31.
  % Total    % Received % Xferd  Average Speed   Time    Time     Time  Current
                                 Dload  Upload   Total   Spent    Left  Speed
  0     0    0     0    0     0      0      0 --:--:-- --:--:-- --:--:--     0 12  1894    0     0  100   235      0    316 --:--:-- --:--:-- --:--:--   316100  1894  100  1659  100   235   2230    316 --:--:-- --:--:-- --:--:--  2229
{
  "url": "https://api.github.com/repos/entando/entando-keycloak-plugin/statuses/6320ae4e8a887163add02ae8a8c7b04d4c04b794",
  "avatar_url": "https://avatars2.githubusercontent.com/u/57885396?v=4",
  "id": 11429019722,
  "node_id": "MDEzOlN0YXR1c0NvbnRleHQxMTQyOTAxOTcyMg==",
  "state": "pending",
  "description": "No pre-deployment test results produced by build!",
  "target_url": "https://entando-k8s.github.io/devops-results/entando-keycloak-plugin/PR-31/surefire-report.html",
  "context": "Pre-deployment tests",
  "created_at": "2020-11-23T09:32:05Z",
  "updated_at": "2020-11-23T09:32:05Z",
  "creator": {
    "login": "**********",
    "id": 57885396,
    "node_id": "MDQ6VXNlcjU3ODg1Mzk2",
    "avatar_url": "https://avatars2.githubusercontent.com/u/57885396?v=4",
    "gravatar_id": "",
    "url": "https://api.github.com/users/**********",
    "html_url": "https://github.com/**********",
    "followers_url": "https://api.github.com/users/**********/followers",
    "following_url": "https://api.github.com/users/entando-**/following{/other_user}",
    "gists_url": "https://api.github.com/users/**********/gists{/gist_id}",
    "starred_url": "https://api.github.com/users/**********/starred{/owner}{/repo}",
    "subscriptions_url": "https://api.github.com/users/**********/subscriptions",
    "organizations_url": "https://api.github.com/users/**********/orgs",
    "repos_url": "https://api.github.com/users/**********/repos",
    "events_url": "https://api.github.com/users/**********/events{/privacy}",
    "received_events_url": "https://api.github.com/users/**********/received_events",
    "type": "User",
    "site_*****": *****
  }
}
No OWASP dependency check found for entando-keycloak-plugin-PR-31.
  % Total    % Received % Xferd  Average Speed   Time    Time     Time  Current
                                 Dload  Upload   Total   Spent    Left  Speed
  0     0    0     0    0     0      0      0 --:--:-- --:--:-- --:--:--     0100  1894  100  1659  100   235   2794    395 --:--:-- --:--:-- --:--:--  2797
{
  "url": "https://api.github.com/repos/entando/entando-keycloak-plugin/statuses/6320ae4e8a887163add02ae8a8c7b04d4c04b794",
  "avatar_url": "https://avatars2.githubusercontent.com/u/57885396?v=4",
  "id": 11429019846,
  "node_id": "MDEzOlN0YXR1c0NvbnRleHQxMTQyOTAxOTg0Ng==",
  "state": "pending",
  "description": "No OWASP dependency check results produced by build!",
  "target_url": "https://entando-k8s.github.io/devops-results/entando-keycloak-plugin/PR-31/dependency-check-report.html",
  "context": "OWASP CVE",
  "created_at": "2020-11-23T09:32:06Z",
  "updated_at": "2020-11-23T09:32:06Z",
  "creator": {
    "login": "**********",
    "id": 57885396,
    "node_id": "MDQ6VXNlcjU3ODg1Mzk2",
    "avatar_url": "https://avatars2.githubusercontent.com/u/57885396?v=4",
    "gravatar_id": "",
    "url": "https://api.github.com/users/**********",
    "html_url": "https://github.com/entando-**",
    "followers_url": "https://api.github.com/users/entando-**/followers",
    "following_url": "https://api.github.com/users/**********/following{/other_user}",
    "gists_url": "https://api.github.com/users/entando-**/gists{/gist_id}",
    "starred_url": "https://api.github.com/users/**********/starred{/owner}{/repo}",
    "subscriptions_url": "https://api.github.com/users/entando-**/subscriptions",
    "organizations_url": "https://api.github.com/users/**********/orgs",
    "repos_url": "https://api.github.com/users/entando-**/repos",
    "events_url": "https://api.github.com/users/**********/events{/privacy}",
    "received_events_url": "https://api.github.com/users/**********/received_events",
    "type": "User",
    "site_*****": *****
  }
}
The following checks failed for entando-keycloak-plugin-PR-31:
No pre-deployment test results produced by build
No OWASP dependency check results produced by build
[31m
Pipeline failed on stage 'from-build-pack' : container 'step-build-mvn-verify-pr'. The execution of the pipeline has stopped.[0m
