
Showing logs for build [32mentando-k8s-entando-k8s-control-bwff8-2[0m stage [32mfrom-build-pack[0m and container [32mstep-credential-initializer-dsj4t[0m
Unable to retrieve container logs for docker://37b27731fdf08e1a2fbcad4d6dc24f577fbfddab186a195989708814ab456343

Showing logs for build [32mentando-k8s-entando-k8s-control-bwff8-2[0m stage [32mfrom-build-pack[0m and container [32mstep-working-dir-initializer-fxlxq[0m
Unable to retrieve container logs for docker://434307ba84f745142201a82198ae1b284543936b30a60b326ed992da63163f2a

Showing logs for build [32mentando-k8s-entando-k8s-control-bwff8-2[0m stage [32mfrom-build-pack[0m and container [32mstep-place-tools[0m
Unable to retrieve container logs for docker://d39061cb6cdb2d4f6ecc218610e4e43bf84eae062cdf1d49b6fb79f5261e8c11

Showing logs for build [32mentando-k8s-entando-k8s-control-bwff8-2[0m stage [32mfrom-build-pack[0m and container [32mstep-git-source-entando-k8s-entando-k8s-control-tsf4l[0m
Unable to retrieve container logs for docker://6a07203d37e52558def19f53c4414f36866cd52f8bb06759eaa9ea671fdc4067

Showing logs for build [32mentando-k8s-entando-k8s-control-bwff8-2[0m stage [32mfrom-build-pack[0m and container [32mstep-git-merge[0m
Unable to retrieve container logs for docker://fe5d9f9476a230301968858fce831925cb1bbcc8e829b55d8f0e580e3c2bc24a

Showing logs for build [32mentando-k8s-entando-k8s-control-bwff8-2[0m stage [32mfrom-build-pack[0m and container [32mstep-build-set-version[0m
Unable to retrieve container logs for docker://e5ec089202c7e81106372e3a5fd90f78d1812f873ac84a12f6d6d5b4ad3d5239

Showing logs for build [32mentando-k8s-entando-k8s-control-bwff8-2[0m stage [32mfrom-build-pack[0m and container [32mstep-build-fix-git-for-sonar[0m
Unable to retrieve container logs for docker://441968abdf09ab15d37bdc9cce071d6f0cb3ab8a53073e267a96ca4eb653ea28

Showing logs for build [32mentando-k8s-entando-k8s-control-bwff8-2[0m stage [32mfrom-build-pack[0m and container [32mstep-build-mvn-verify-pr[0m
Unable to retrieve container logs for docker://d23eba0b50cf3e4e4d6f6eab0fa7d317f7a755ec0f18ab1f99383c79313e0603

Showing logs for build [32mentando-k8s-entando-k8s-control-bwff8-2[0m stage [32mfrom-build-pack[0m and container [32mstep-build-container-build[0m
Unable to retrieve container logs for docker://78d52c75ad6a024f8b998557062aaf12ea6c523140a4aa31ce12b47dfa570c3b

Showing logs for build [32mentando-k8s-entando-k8s-control-bwff8-2[0m stage [32mfrom-build-pack[0m and container [32mstep-postbuild-post-build[0m
Unable to retrieve container logs for docker://ec30c332ce42497dab59abed5a037047e1ba96a856851c6ff5bf0295ee873f18

Showing logs for build [32mentando-k8s-entando-k8s-control-bwff8-2[0m stage [32mfrom-build-pack[0m and container [32mstep-promote-make-preview[0m
Unable to retrieve container logs for docker://6ba412a737be7c035fbd40477b89276011b8019e84dc93497b730c6985ed0c96

Showing logs for build [32mentando-k8s-entando-k8s-control-bwff8-2[0m stage [32mfrom-build-pack[0m and container [32mstep-promote-jx-preview[0m
Unable to retrieve container logs for docker://5568000e5c5453369a2b4907d52d6078ec740c7ab686577a582ca51e9ec9116f

Showing logs for build [32mentando-k8s-entando-k8s-control-bwff8-2[0m stage [32mfrom-build-pack[0m and container [32mstep-promote-run-post-deployment-tests[0m
Unable to retrieve container logs for docker://82919068b2e6e018907a12a20bdbff6c0769909ce428703fdce9e3a7d311132d
[31m
Pipeline failed on stage 'from-build-pack' : container 'step-promote-run-post-deployment-tests'. The execution of the pipeline has stopped.[0m
