
Showing logs for build [32mentando-entando-cms-pr-312-pr-b-pm4hl-1[0m stage [32mfrom-build-pack[0m and container [32mstep-credential-initializer-gm64w[0m
{"level":"warn","ts":1606226710.8140566,"logger":"fallback-logger","caller":"logging/config.go:69","msg":"Fetch GitHub commit ID from kodata failed: \"ref: refs/heads/0.8.0-**-support-backwards-incompats\" is not a valid GitHub commit ID"}
{"level":"info","ts":1606226710.8180864,"logger":"fallback-logger","caller":"creds-init/main.go:40","msg":"Credentials initialized."}

Showing logs for build [32mentando-entando-cms-pr-312-pr-b-pm4hl-1[0m stage [32mfrom-build-pack[0m and container [32mstep-working-dir-initializer-2ms6w[0m
{"level":"warn","ts":1606226719.167313,"logger":"fallback-logger","caller":"logging/config.go:69","msg":"Fetch GitHub commit ID from kodata failed: open /var/run/ko/HEAD: no such file or directory"}
{"level":"info","ts":1606226719.1750116,"logger":"fallback-logger","caller":"bash/main.go:64","msg":"Successfully e**cuted command \"sh -c mkdir -p /workspace/source\"; output "}

Showing logs for build [32mentando-entando-cms-pr-312-pr-b-pm4hl-1[0m stage [32mfrom-build-pack[0m and container [32mstep-place-tools[0m

Showing logs for build [32mentando-entando-cms-pr-312-pr-b-pm4hl-1[0m stage [32mfrom-build-pack[0m and container [32mstep-git-source-entando-entando-cms-pr-312-pr-b-h9rgk[0m
{"level":"warn","ts":1606226805.8210363,"logger":"fallback-logger","caller":"logging/config.go:69","msg":"Fetch GitHub commit ID from kodata failed: \"ref: refs/heads/0.8.0-**-support-backwards-incompats\" is not a valid GitHub commit ID"}
{"level":"info","ts":1606226808.1492975,"logger":"fallback-logger","caller":"git/git.go:103","msg":"Successfully cloned https://github.com/entando/entando-cms.git @ master in path /workspace/source"}

Showing logs for build [32mentando-entando-cms-pr-312-pr-b-pm4hl-1[0m stage [32mfrom-build-pack[0m and container [32mstep-git-merge[0m
Using SHAs from PULL_REFS=master:ff918615afb9df45d26e101a5591610a82e2c8ef,312:9ebbe05877971d3bd9ca606b6685204ef04964f2
DEBUG: ran git fetch --unshallow origin 9ebbe05877971d3bd9ca606b6685204ef04964f2: ff918615afb9df45d26e101a5591610a82e2c8ef: in 
DEBUG: ran git checkout master in 
DEBUG: ran git reset --hard ff918615afb9df45d26e101a5591610a82e2c8ef in 
DEBUG: ran clean --force -d . in 
DEBUG: ran git merge 9ebbe05877971d3bd9ca606b6685204ef04964f2 in 
Merged SHA c7ae4d6478921dd3dcb6dbde06cb867983612e4a with commit message 'Merge commit '9ebbe05877971d3bd9ca606b6685204ef04964f2'' into base branch master
Merged SHA 9ebbe05877971d3bd9ca606b6685204ef04964f2 with commit message 'disabling pointer-events on disabled actions' into base branch master

Showing logs for build [32mentando-entando-cms-pr-312-pr-b-pm4hl-1[0m stage [32mfrom-build-pack[0m and container [32mstep-build-npm-install[0m
/usr/bin/npm-install-peers -> /usr/lib/node_modules/npm-install-peers/bin/npm-install-peers.js
+ npm-install-peers@1.2.1
added 443 packages from 888 contributors in 9.791s

> husky@1.3.1 install /workspace/source/node_modules/husky
> node husky install

husky > setting up git hooks
CI detected, skipping Git hooks installation.

> node-sass@4.13.1 install /workspace/source/node_modules/node-sass
> node scripts/install.js

Downloading binary from https://github.com/sass/node-sass/releases/download/v4.13.1/linux-x64-72_binding.node
Download complete
Binary saved to /workspace/source/node_modules/node-sass/vendor/linux-x64-72/binding.node
Caching binary to /builder/home/.npm/node-sass/4.13.1/linux-x64-72_binding.node

> core-js@2.6.11 postinstall /workspace/source/node_modules/babel-runtime/node_modules/core-js
> node -e "try{require('./postinstall')}catch(e){}"


> core-js-pure@3.6.4 postinstall /workspace/source/node_modules/core-js-pure
> node -e "try{require('./postinstall')}catch(e){}"


> core-js@3.6.4 postinstall /workspace/source/node_modules/react-app-polyfill/node_modules/core-js
> node -e "try{require('./postinstall')}catch(e){}"


> node-sass@4.13.1 postinstall /workspace/source/node_modules/node-sass
> node scripts/build.js

Binary found at /workspace/source/node_modules/node-sass/vendor/linux-x64-72/binding.node
Testing binary
Binary is fine

> styled-components@4.4.1 postinstall /workspace/source/node_modules/styled-components
> node ./scripts/postinstall.js || exit 0

Use styled-components at work? Consider supporting our development efforts at https://opencollective.com/styled-components
npm WARN prepublish-on-install As of npm@5, `prepublish` scripts are deprecated.
npm WARN prepublish-on-install Use `prepare` for build steps and `prepublishOnly` for upload-only.
npm WARN prepublish-on-install See the deprecation note in `npm help scripts` for more information.
npm WARN lifecycle @entando/cms@0.2.184~prepublish: cannot run in wd @entando/cms@0.2.184 npm run babel (wd=/workspace/source)
npm WARN @entando/cms@0.2.184 requires a peer of @entando/menu@^2.0.0 but none is installed. You must install peer dependencies yourself.
npm WARN @entando/cms@0.2.184 requires a peer of @entando/pages@^3.2.2 but none is installed. You must install peer dependencies yourself.
npm WARN @entando/cms@0.2.184 requires a peer of flux-standard-action@^2.0.1 but none is installed. You must install peer dependencies yourself.
npm WARN @entando/cms@0.2.184 requires a peer of moment@^2.22.1 but none is installed. You must install peer dependencies yourself.
npm WARN @entando/cms@0.2.184 requires a peer of patternfly-react@^1.19.1 but none is installed. You must install peer dependencies yourself.
npm WARN @entando/cms@0.2.184 requires a peer of react-bootstrap@^0.32.1 but none is installed. You must install peer dependencies yourself.
npm WARN @entando/cms@0.2.184 requires a peer of react-datepicker@^1.4.1 but none is installed. You must install peer dependencies yourself.
npm WARN @entando/cms@0.2.184 requires a peer of react-router-dom@^5.0.0 but none is installed. You must install peer dependencies yourself.
npm WARN optional SKIPPING OPTIONAL DEPENDENCY: fsevents@2.1.2 (node_modules/react-scripts/node_modules/fsevents):
npm WARN notsup SKIPPING OPTIONAL DEPENDENCY: Unsupported platform for fsevents@2.1.2: wanted {"os":"darwin","arch":"any"} (current: {"os":"linux","arch":"x64"})
npm WARN optional SKIPPING OPTIONAL DEPENDENCY: fsevents@1.2.11 (node_modules/fsevents):
npm WARN notsup SKIPPING OPTIONAL DEPENDENCY: Unsupported platform for fsevents@1.2.11: wanted {"os":"darwin","arch":"any"} (current: {"os":"linux","arch":"x64"})

added 2219 packages from 1093 contributors and audited 2296 packages in 64.36s

51 packages are looking for funding
  run `npm fund` for details

found 44176 vulnerabilities (44111 low, 54 moderate, 11 high)
  run `npm audit fix` to fix them, or `npm audit` for details
npm WARN read-shrinkwrap This version of npm is compatible with lockfileVersion@1, but npm-shrinkwrap.json was generated for lockfileVersion@0. I'll try to do my best with it!
npm WARN deprecated core-js@2.6.11: core-js@<3 is no longer maintained and not recommended for usage due to the number of issues. Please, upgrade your dependencies to the actual version of core-js@3.

> core-js@2.6.11 postinstall /workspace/source/node_modules/@babel/runtime-corejs2/node_modules/core-js
> node -e "try{require('./postinstall')}catch(e){}"

npm WARN eslint-config-airbnb@17.1.1 requires a peer of eslint@^4.19.1 || ^5.3.0 but none is installed. You must install peer dependencies yourself.
npm WARN eslint-config-airbnb-base@13.2.0 requires a peer of eslint@^4.19.1 || ^5.3.0 but none is installed. You must install peer dependencies yourself.
npm WARN eslint-plugin-jest-dom@3.0.1 requires a peer of eslint@^7.0.0 but none is installed. You must install peer dependencies yourself.
npm WARN react-excel-workbook@0.0.4 requires a peer of react@^15.0.0 but none is installed. You must install peer dependencies yourself.
npm WARN react-excel-workbook@0.0.4 requires a peer of react-dom@^15.0.0 but none is installed. You must install peer dependencies yourself.
npm WARN react-html-table-to-excel@2.0.0 requires a peer of react@^15.x.x but none is installed. You must install peer dependencies yourself.
npm WARN tsutils@3.17.1 requires a peer of typescript@>=2.8.0 || >= 3.2.0-dev || >= 3.3.0-dev || >= 3.4.0-dev || >= 3.5.0-dev || >= 3.6.0-dev || >= 3.6.0-beta || >= 3.7.0-dev || >= 3.7.0-beta but none is installed. You must install peer dependencies yourself.
npm WARN table-resolver@3.3.0 requires a peer of redux@>= 3.0.0 < 4.0.0 but none is installed. You must install peer dependencies yourself.
npm WARN optional SKIPPING OPTIONAL DEPENDENCY: fsevents@2.1.2 (node_modules/react-scripts/node_modules/fsevents):
npm WARN notsup SKIPPING OPTIONAL DEPENDENCY: Unsupported platform for fsevents@2.1.2: wanted {"os":"darwin","arch":"any"} (current: {"os":"linux","arch":"x64"})
npm WARN optional SKIPPING OPTIONAL DEPENDENCY: fsevents@1.2.11 (node_modules/fsevents):
npm WARN notsup SKIPPING OPTIONAL DEPENDENCY: Unsupported platform for fsevents@1.2.11: wanted {"os":"darwin","arch":"any"} (current: {"os":"linux","arch":"x64"})

+ @entando/messages@1.0.5
+ flux-standard-action@2.1.1
+ @entando/apimanager@6.6.4
+ @entando/pages@3.3.2
+ lodash@4.17.20
+ @entando/menu@2.1.1
+ @entando/utils@2.4.2
+ moment@2.29.1
+ patternfly-react@1.19.1
+ react-bootstrap@0.32.4
+ react-datepicker@1.8.0
+ react-router-dom@5.2.0
added 38 packages from 34 contributors, updated 4 packages and audited 2296 packages in 23.67s

51 packages are looking for funding
  run `npm fund` for details

found 39027 vulnerabilities (38962 low, 54 moderate, 11 high)
  run `npm audit fix` to fix them, or `npm audit` for details
[
  [
    'core-js@2.6.11',
    '/workspace/source/node_modules/@babel/runtime-corejs2/node_modules/core-js'
  ],
  [
    'regenerator-runtime@0.13.7',
    '/workspace/source/node_modules/@babel/runtime-corejs2/node_modules/regenerator-runtime'
  ],
  [
    'change-emitter@0.1.6',
    '/workspace/source/node_modules/change-emitter'
  ],
  [ 'd3@3.5.17', '/workspace/source/node_modules/d3' ],
  [ 'c3@0.4.24', '/workspace/source/node_modules/c3' ],
  [
    'file-uri-to-path@1.0.0',
    '/workspace/source/node_modules/file-uri-to-path'
  ],
  [ 'bindings@1.5.0', '/workspace/source/node_modules/bindings' ],
  [
    'abbrev@1.1.1',
    '/workspace/source/node_modules/fsevents/node_modules/abbrev'
  ],
  [
    'ansi-regex@2.1.1',
    '/workspace/source/node_modules/fsevents/node_modules/ansi-regex'
  ],
  [
    'aproba@1.2.0',
    '/workspace/source/node_modules/fsevents/node_modules/aproba'
  ],
  [
    'balanced-match@1.0.0',
    '/workspace/source/node_modules/fsevents/node_modules/balanced-match'
  ],
  [
    'chownr@1.1.3',
    '/workspace/source/node_modules/fsevents/node_modules/chownr'
  ],
  [
    'code-point-at@1.1.0',
    '/workspace/source/node_modules/fsevents/node_modules/code-point-at'
  ],
  [
    'concat-map@0.0.1',
    '/workspace/source/node_modules/fsevents/node_modules/concat-map'
  ],
  [
    'brace-expansion@1.1.11',
    '/workspace/source/node_modules/fsevents/node_modules/brace-expansion'
  ],
  [
    'console-control-strings@1.1.0',
    '/workspace/source/node_modules/fsevents/node_modules/console-control-strings'
  ],
  [
    'core-util-is@1.0.2',
    '/workspace/source/node_modules/fsevents/node_modules/core-util-is'
  ],
  [
    'deep-extend@0.6.0',
    '/workspace/source/node_modules/fsevents/node_modules/deep-extend'
  ],
  [
    'delegates@1.0.0',
    '/workspace/source/node_modules/fsevents/node_modules/delegates'
  ],
  [
    'detect-libc@1.0.3',
    '/workspace/source/node_modules/fsevents/node_modules/detect-libc'
  ],
  [
    'fs.realpath@1.0.0',
    '/workspace/source/node_modules/fsevents/node_modules/fs.realpath'
  ],
  [
    'has-unicode@2.0.1',
    '/workspace/source/node_modules/fsevents/node_modules/has-unicode'
  ],
  [
    'inherits@2.0.4',
    '/workspace/source/node_modules/fsevents/node_modules/inherits'
  ],
  [
    'ini@1.3.5',
    '/workspace/source/node_modules/fsevents/node_modules/ini'
  ],
  [
    'isarray@1.0.0',
    '/workspace/source/node_modules/fsevents/node_modules/isarray'
  ],
  [
    'minimatch@3.0.4',
    '/workspace/source/node_modules/fsevents/node_modules/minimatch'
  ],
  [
    'ignore-walk@3.0.3',
    '/workspace/source/node_modules/fsevents/node_modules/ignore-walk'
  ],
  [
    'minimist@0.0.8',
    '/workspace/source/node_modules/fsevents/node_modules/minimist'
  ],
  [
    'mkdirp@0.5.1',
    '/workspace/source/node_modules/fsevents/node_modules/mkdirp'
  ],
  [
    'ms@2.1.2',
    '/workspace/source/node_modules/fsevents/node_modules/ms'
  ],
  [
    'debug@3.2.6',
    '/workspace/source/node_modules/fsevents/node_modules/debug'
  ],
  [
    'npm-normalize-package-bin@1.0.1',
    '/workspace/source/node_modules/fsevents/node_modules/npm-normalize-package-bin'
  ],
  [
    'npm-bundled@1.1.1',
    '/workspace/source/node_modules/fsevents/node_modules/npm-bundled'
  ],
  [
    'npm-packlist@1.4.7',
    '/workspace/source/node_modules/fsevents/node_modules/npm-packlist'
  ],
  [
    'number-is-nan@1.0.1',
    '/workspace/source/node_modules/fsevents/node_modules/number-is-nan'
  ],
  [
    'is-fullwidth-code-point@1.0.0',
    '/workspace/source/node_modules/fsevents/node_modules/is-fullwidth-code-point'
  ],
  [
    'object-assign@4.1.1',
    '/workspace/source/node_modules/fsevents/node_modules/object-assign'
  ],
  [
    'os-homedir@1.0.2',
    '/workspace/source/node_modules/fsevents/node_modules/os-homedir'
  ],
  [
    'os-tmpdir@1.0.2',
    '/workspace/source/node_modules/fsevents/node_modules/os-tmpdir'
  ],
  [
    'osenv@0.1.5',
    '/workspace/source/node_modules/fsevents/node_modules/osenv'
  ],
  [
    'nopt@4.0.1',
    '/workspace/source/node_modules/fsevents/node_modules/nopt'
  ],
  [
    'path-is-absolute@1.0.1',
    '/workspace/source/node_modules/fsevents/node_modules/path-is-absolute'
  ],
  [
    'process-nextick-args@2.0.1',
    '/workspace/source/node_modules/fsevents/node_modules/process-nextick-args'
  ],
  [
    'minimist@1.2.0',
    '/workspace/source/node_modules/fsevents/node_modules/rc/node_modules/minimist'
  ],
  [
    'safe-buffer@5.1.2',
    '/workspace/source/node_modules/fsevents/node_modules/safe-buffer'
  ],
  [
    'safer-buffer@2.1.2',
    '/workspace/source/node_modules/fsevents/node_modules/safer-buffer'
  ],
  [
    'iconv-lite@0.4.24',
    '/workspace/source/node_modules/fsevents/node_modules/iconv-lite'
  ],
  [
    'sax@1.2.4',
    '/workspace/source/node_modules/fsevents/node_modules/sax'
  ],
  [
    'needle@2.4.0',
    '/workspace/source/node_modules/fsevents/node_modules/needle'
  ],
  [
    'semver@5.7.1',
    '/workspace/source/node_modules/fsevents/node_modules/semver'
  ],
  [
    'set-blocking@2.0.0',
    '/workspace/source/node_modules/fsevents/node_modules/set-blocking'
  ],
  [
    'signal-exit@3.0.2',
    '/workspace/source/node_modules/fsevents/node_modules/signal-exit'
  ],
  [
    'string_decoder@1.1.1',
    '/workspace/source/node_modules/fsevents/node_modules/string_decoder'
  ],
  [
    'strip-ansi@3.0.1',
    '/workspace/source/node_modules/fsevents/node_modules/strip-ansi'
  ],
  [
    'string-width@1.0.2',
    '/workspace/source/node_modules/fsevents/node_modules/string-width'
  ],
  [
    'strip-json-comments@2.0.1',
    '/workspace/source/node_modules/fsevents/node_modules/strip-json-comments'
  ],
  [
    'rc@1.2.8',
    '/workspace/source/node_modules/fsevents/node_modules/rc'
  ],
  [
    'util-deprecate@1.0.2',
    '/workspace/source/node_modules/fsevents/node_modules/util-deprecate'
  ],
  [
    'readable-stream@2.3.6',
    '/workspace/source/node_modules/fsevents/node_modules/readable-stream'
  ],
  [
    'are-we-there-yet@1.1.5',
    '/workspace/source/node_modules/fsevents/node_modules/are-we-there-yet'
  ],
  [
    'wide-align@1.1.3',
    '/workspace/source/node_modules/fsevents/node_modules/wide-align'
  ],
  [
    'gauge@2.7.4',
    '/workspace/source/node_modules/fsevents/node_modules/gauge'
  ],
  [
    'npmlog@4.1.2',
    '/workspace/source/node_modules/fsevents/node_modules/npmlog'
  ],
  [
    'wrappy@1.0.2',
    '/workspace/source/node_modules/fsevents/node_modules/wrappy'
  ],
  [
    'once@1.4.0',
    '/workspace/source/node_modules/fsevents/node_modules/once'
  ],
  [
    'inflight@1.0.6',
    '/workspace/source/node_modules/fsevents/node_modules/inflight'
  ],
  [
    'glob@7.1.6',
    '/workspace/source/node_modules/fsevents/node_modules/glob'
  ],
  [
    'rimraf@2.7.1',
    '/workspace/source/node_modules/fsevents/node_modules/rimraf'
  ],
  [
    'yallist@3.1.1',
    '/workspace/source/node_modules/fsevents/node_modules/yallist'
  ],
  [
    'minipass@2.9.0',
    '/workspace/source/node_modules/fsevents/node_modules/minipass'
  ],
  [
    'fs-minipass@1.2.7',
    '/workspace/source/node_modules/fsevents/node_modules/fs-minipass'
  ],
  [
    'minizlib@1.3.3',
    '/workspace/source/node_modules/fsevents/node_modules/minizlib'
  ],
  [
    'tar@4.4.13',
    '/workspace/source/node_modules/fsevents/node_modules/tar'
  ],
  [
    'node-pre-gyp@0.14.0',
    '/workspace/source/node_modules/fsevents/node_modules/node-pre-gyp'
  ],
  [ 'fsevents@1.2.11', '/workspace/source/node_modules/fsevents' ],
  [ 'lodash@4.17.20', '/workspace/source/node_modules/lodash' ],
  [
    'regenerator-runtime@0.13.7',
    '/workspace/source/node_modules/mini-create-react-context/node_modules/regenerator-runtime'
  ],
  [
    '@babel/runtime@7.12.5',
    '/workspace/source/node_modules/mini-create-react-context/node_modules/@babel/runtime'
  ],
  [
    'mini-create-react-context@0.4.1',
    '/workspace/source/node_modules/mini-create-react-context'
  ],
  [
    'warning@3.0.0',
    '/workspace/source/node_modules/react-prop-types/node_modules/warning'
  ],
  [
    'isarray@0.0.1',
    '/workspace/source/node_modules/react-router/node_modules/isarray'
  ],
  [
    'path-to-regexp@1.8.0',
    '/workspace/source/node_modules/react-router/node_modules/path-to-regexp'
  ],
  [
    'fsevents@2.1.2',
    '/workspace/source/node_modules/react-scripts/node_modules/fsevents'
  ],
  [
    'hoist-non-react-statics@2.5.5',
    '/workspace/source/node_modules/recompose/node_modules/hoist-non-react-statics'
  ],
  [
    '@babel/runtime-corejs2@7.12.5',
    '/workspace/source/node_modules/@babel/runtime-corejs2'
  ],
  [
    '@entando/messages@1.0.5',
    '/workspace/source/node_modules/@entando/messages'
  ],
  [
    '@entando/utils@2.4.2',
    '/workspace/source/node_modules/@entando/utils'
  ],
  [
    '@entando/apimanager@6.6.4',
    '/workspace/source/node_modules/@entando/apimanager'
  ],
  [
    'bootstrap-slider-without-jquery@10.0.0',
    '/workspace/source/node_modules/bootstrap-slider-without-jquery'
  ],
  [ 'breakjs@1.0.0', '/workspace/source/node_modules/breakjs' ],
  [
    'css-element-queries@1.2.3',
    '/workspace/source/node_modules/css-element-queries'
  ],
  [
    'flux-standard-action@2.1.1',
    '/workspace/source/node_modules/flux-standard-action'
  ],
  [ 'keycode@2.2.0', '/workspace/source/node_modules/keycode' ],
  [
    'lodash.orderby@4.6.0',
    '/workspace/source/node_modules/lodash.orderby'
  ],
  [ 'moment@2.29.1', '/workspace/source/node_modules/moment' ],
  [
    'react-bootstrap-switch@15.5.3',
    '/workspace/source/node_modules/react-bootstrap-switch'
  ],
  [
    'warning@3.0.0',
    '/workspace/source/node_modules/react-bootstrap/node_modules/warning'
  ],
  [ 'react-c3js@0.1.20', '/workspace/source/node_modules/react-c3js' ],
  [
    'react-fontawesome@1.7.1',
    '/workspace/source/node_modules/react-fontawesome'
  ],
  [
    'react-onclickoutside@6.9.0',
    '/workspace/source/node_modules/react-onclickoutside'
  ],
  ... 13 more items
]

/workspace/source/src/helpers/joinGroups.js
  13:7  warning  Unexpected console statement  no-console

✖ 1 problem (0 errors, 1 warning)

1 errors were detected in 
- src/sass/contents/Contents.scss

src/sass/assets/AssetsAdvancedFilter.scss
  5:3   warning  Expected `border`, found `background-color`                             property-sort-order
  5:3   warning  Values for properties of type 'background-color' may only be variables  variable-for-property
  5:21  warning  Color 'white' should be written in its hexadecimal form #ffffff         no-color-keywords
  6:3   warning  Expected `background-color`, found `border`                             property-sort-order

src/sass/assets/AssetsList.scss
  117:5  warning  Expected `right`, found `bottom`                                  property-sort-order
  118:5  warning  Expected `bottom`, found `left`                                   property-sort-order
  119:5  warning  Expected `left`, found `right`                                    property-sort-order
  188:7  warning  Values for properties of type 'background' may only be variables  variable-for-property

src/sass/categories/common/CategoryTreeSelector.scss
  6:5  warning  Expected `background-color`, found `box-shadow`  property-sort-order
  7:5  warning  Expected `box-shadow`, found `background-color`  property-sort-order

src/sass/common/form/RenderRichTextEditor.scss
   5:5  warning  Expected `top`, found `width`                                     property-sort-order
   6:5  warning  Expected `left`, found `height`                                   property-sort-order
   7:5  warning  Expected `width`, found `left`                                    property-sort-order
   8:5  warning  Expected `height`, found `top`                                    property-sort-order
   9:5  warning  Expected `padding`, found `z-index`                               property-sort-order
  10:5  warning  Expected `z-index`, found `padding`                               property-sort-order
  13:7  warning  Values for properties of type 'background' may only be variables  variable-for-property
  17:7  warning  Expected `height`, found `background`                             property-sort-order
  17:7  warning  Values for properties of type 'background' may only be variables  variable-for-property
  18:7  warning  Expected `background`, found `height`                             property-sort-order
  23:5  warning  Expected `position`, found `box-sizing`                           property-sort-order
  24:5  warning  Expected `top`, found `bottom`                                    property-sort-order
  25:5  warning  Expected `bottom`, found `border`                                 property-sort-order
  26:5  warning  Expected `width`, found `color`                                   property-sort-order
  26:5  warning  Values for properties of type 'color' may only be variables       variable-for-property
  27:5  warning  Expected `margin`, found `font-family`                            property-sort-order
  28:5  warning  Expected `padding`, found `font-size`                             property-sort-order
  29:5  warning  Expected `border`, found `line-height`                            property-sort-order
  30:5  warning  Expected `outline`, found `margin`                                property-sort-order
  31:5  warning  Expected `color`, found `outline`                                 property-sort-order
  32:5  warning  Expected `font-family`, found `padding`                           property-sort-order
  33:5  warning  Expected `font-size`, found `position`                            property-sort-order
  34:5  warning  Expected `line-height`, found `top`                               property-sort-order

src/sass/common/StickySave.scss
  24:7  warning  Expected `margin-top`, found `float`         property-sort-order
  25:7  warning  Expected `margin-right`, found `margin-top`  property-sort-order
  26:7  warning  Expected `float`, found `margin-right`       property-sort-order
  49:5  warning  Expected `display`, found `margin-right`     property-sort-order
  50:5  warning  Expected `margin-right`, found `display`     property-sort-order

src/sass/contents/Contents.scss
  44:8  error  valid BEM selectors:
  BlockName,
  BlockName__element-name,
  BlockName--modifier-name,
  BlockName__element-name--modifier-name
  class-name-format

src/sass/contents/ContentsFilter.scss
  5:3   warning  Expected `border`, found `background-color`                             property-sort-order
  5:3   warning  Values for properties of type 'background-color' may only be variables  variable-for-property
  5:21  warning  Color 'white' should be written in its hexadecimal form #ffffff         no-color-keywords
  6:3   warning  Expected `background-color`, found `border`                             property-sort-order

src/sass/widgets/forms/SingleContentConfigFormBody.scss
  31:3   warning  Values for properties of type 'background-color' may only be variables  variable-for-property
  31:21  warning  Color 'white' should be written in its hexadecimal form #ffffff         no-color-keywords

✖ 45 problems (1 error, 44 warnings)

[31m
Pipeline failed on stage 'from-build-pack' : container 'step-build-npm-install'. The execution of the pipeline has stopped.[0m
