
Showing logs for build [32mentando-k8s-entando-k8s-cluster-tnm6j-32[0m stage [32mfrom-build-pack[0m and container [32mstep-credential-initializer-dhzxp[0m
{"level":"warn","ts":1602837189.9797494,"logger":"fallback-logger","caller":"logging/config.go:69","msg":"Fetch GitHub commit ID from kodata failed: \"ref: refs/heads/0.8.0-**-support-backwards-incompats\" is not a valid GitHub commit ID"}
{"level":"info","ts":1602837189.9921772,"logger":"fallback-logger","caller":"creds-init/main.go:40","msg":"Credentials initialized."}

Showing logs for build [32mentando-k8s-entando-k8s-cluster-tnm6j-32[0m stage [32mfrom-build-pack[0m and container [32mstep-working-dir-initializer-tqmtp[0m
{"level":"warn","ts":1602837193.9947038,"logger":"fallback-logger","caller":"logging/config.go:69","msg":"Fetch GitHub commit ID from kodata failed: open /var/run/ko/HEAD: no such file or directory"}
{"level":"info","ts":1602837194.0341132,"logger":"fallback-logger","caller":"bash/main.go:64","msg":"Successfully e**cuted command \"sh -c mkdir -p /workspace/source\"; output "}

Showing logs for build [32mentando-k8s-entando-k8s-cluster-tnm6j-32[0m stage [32mfrom-build-pack[0m and container [32mstep-place-tools[0m

Showing logs for build [32mentando-k8s-entando-k8s-cluster-tnm6j-32[0m stage [32mfrom-build-pack[0m and container [32mstep-git-source-entando-k8s-entando-k8s-cluster-gltsg[0m
{"level":"warn","ts":1602837315.4790182,"logger":"fallback-logger","caller":"logging/config.go:69","msg":"Fetch GitHub commit ID from kodata failed: \"ref: refs/heads/0.8.0-**-support-backwards-incompats\" is not a valid GitHub commit ID"}
{"level":"info","ts":1602837317.151624,"logger":"fallback-logger","caller":"git/git.go:103","msg":"Successfully cloned https://github.com/entando-k8s/entando-k8s-cluster-infrastructure-controller.git @ v6.2.3 in path /workspace/source"}

Showing logs for build [32mentando-k8s-entando-k8s-cluster-tnm6j-32[0m stage [32mfrom-build-pack[0m and container [32mstep-git-merge[0m
Using SHAs from PULL_REFS=master:3ebee5be9baf02ff18adbc158c75e60b6ee13e10
WARNING: no SHAs to merge, falling back to initial cloned commit

Showing logs for build [32mentando-k8s-entando-k8s-cluster-tnm6j-32[0m stage [32mfrom-build-pack[0m and container [32mstep-setup-jx-git-credentials[0m
Generated Git credentials file /workspace/xdg_config/git/credentials

Showing logs for build [32mentando-k8s-entando-k8s-cluster-tnm6j-32[0m stage [32mfrom-build-pack[0m and container [32mstep-build-fetch-history-for-sonar[0m
From https://github.com/entando-k8s/entando-k8s-cluster-infrastructure-controller
 * [new branch]      ENG-872_bumped_to_latest_dependencies -> origin/ENG-872_bumped_to_latest_dependencies
 * [new branch]      master     -> origin/master
 * [new branch]      remove_digital-exchange_deployment -> origin/remove_digital-exchange_deployment
 * [new tag]         v6.2.3     -> v6.2.3

Showing logs for build [32mentando-k8s-entando-k8s-cluster-tnm6j-32[0m stage [32mfrom-build-pack[0m and container [32mstep-build-mvn-deploy-release[0m
Picked up _JAVA_OPTIONS: -XX:+UnlockExperimentalVMOptions -Dsun.zip.disableMemoryMapping=true -XX:+UseParallelGC -XX:MinHeapFreeRatio=5 -XX:MaxHeapFreeRatio=10 -XX:GCTimeRatio=4 -XX:AdaptiveSizePolicyWeight=90 -Xms1000m -Xmx12000m
[INFO] Scanning for projects...
[WARNING] 
[WARNING] Some problems were encountered while building the effective model for org.entando:entando-k8s-cluster-infrastructure-controller:jar:6.2.3
[WARNING] 'dependencyManagement.dependencies.dependency.(groupId:artifactId:type:classifier)' must be unique: org.yaml:snakeyaml:jar -> version 1.27 vs ${snakeyaml.version} @ org.entando:entando-quarkus-parent:6.2.5, /home/jenkins/.mvnrepository/org/entando/entando-quarkus-parent/6.2.5/entando-quarkus-parent-6.2.5.pom, line 283, column 25
[WARNING] 
[WARNING] It is highly recommended to fix these problems because they threaten the stability of your build.
[WARNING] 
[WARNING] For this reason, future Maven versions might no longer support building such malformed projects.
[WARNING] 
[INFO] 
[INFO] -----< org.entando:entando-k8s-cluster-infrastructure-controller >------
[INFO] Building Entando K8S Controller for Entando Cluster Infrastructure Deployments 6.2.3
[INFO] --------------------------------[ jar ]---------------------------------
[INFO] 
[INFO] --- maven-clean-plugin:2.5:clean (default-clean) @ entando-k8s-cluster-infrastructure-controller ---
[INFO] 
[INFO] --- maven-checkstyle-plugin:3.1.1:check (validate) @ entando-k8s-cluster-infrastructure-controller ---
[INFO] Starting audit...
Audit done.
[INFO] You have 0 Checkstyle violations.
[INFO] 
[INFO] --- maven-checkstyle-plugin:3.1.1:checkstyle (validate) @ entando-k8s-cluster-infrastructure-controller ---
[INFO] Starting audit...
Audit done.
[INFO] 
[INFO] --- jacoco-maven-plugin:0.8.5:prepare-agent (prepare-agent) @ entando-k8s-cluster-infrastructure-controller ---
[INFO] argLine set to -javaagent:/home/jenkins/.mvnrepository/org/jacoco/org.jacoco.agent/0.8.5/org.jacoco.agent-0.8.5-runtime.jar=destfile=/workspace/source/target/jacoco.e**c
[INFO] 
[INFO] --- maven-resources-plugin:2.6:resources (default-resources) @ entando-k8s-cluster-infrastructure-controller ---
[INFO] Using 'UTF-8' encoding to copy filtered resources.
[INFO] Copying 3 resources
[INFO] 
[INFO] --- maven-compiler-plugin:3.8.1:compile (default-compile) @ entando-k8s-cluster-infrastructure-controller ---
[INFO] Changes detected - recompiling the module!
[INFO] Compiling 5 source files to /workspace/source/target/classes
[INFO] 
[INFO] --- maven-resources-plugin:2.6:testResources (default-testResources) @ entando-k8s-cluster-infrastructure-controller ---
[INFO] Using 'UTF-8' encoding to copy filtered resources.
[INFO] Copying 3 resources
[INFO] 
[INFO] --- maven-compiler-plugin:3.8.1:testCompile (default-testCompile) @ entando-k8s-cluster-infrastructure-controller ---
[INFO] Changes detected - recompiling the module!
[INFO] Compiling 2 source files to /workspace/source/target/test-classes
[INFO] 
[INFO] --- maven-surefire-plugin:3.0.0-M1:test (default-test) @ entando-k8s-cluster-infrastructure-controller ---
[INFO] 
[INFO] -------------------------------------------------------
[INFO]  T E S T S
[INFO] -------------------------------------------------------
[INFO] Running org.entando.kubernetes.controller.clusterinfrastructure.inprocesstests.DeployEntandoClusterInfrastructureTest
[INFO] Tests run: 4, Failures: 0, Errors: 0, Skipped: 0, Time elapsed: 3.87 s - in org.entando.kubernetes.controller.clusterinfrastructure.inprocesstests.DeployEntandoClusterInfrastructureTest
[INFO] 
[INFO] Results:
[INFO] 
[INFO] Tests run: 4, Failures: 0, Errors: 0, Skipped: 0
[INFO] 
[INFO] 
[INFO] --- maven-jar-plugin:3.2.0:jar (default-jar) @ entando-k8s-cluster-infrastructure-controller ---
[INFO] Building jar: /workspace/source/target/entando-k8s-cluster-infrastructure-controller-6.2.3.jar
[INFO] 
[INFO] --- maven-jar-plugin:3.2.0:test-jar (build-test-jar) @ entando-k8s-cluster-infrastructure-controller ---
[INFO] Building jar: /workspace/source/target/entando-k8s-cluster-infrastructure-controller-6.2.3-tests.jar
[INFO] 
[INFO] --- maven-source-plugin:3.2.1:jar-no-fork (attach-sources) @ entando-k8s-cluster-infrastructure-controller ---
[INFO] Building jar: /workspace/source/target/entando-k8s-cluster-infrastructure-controller-6.2.3-sources.jar
[INFO] 
[INFO] --- maven-javadoc-plugin:3.2.0:jar (attach-javadocs) @ entando-k8s-cluster-infrastructure-controller ---
[INFO] No previous run data found, generating javadoc.
[INFO] 
Loading source files for package org.entando.kubernetes.controller.clusterinfrastructure...
Constructing Javadoc information...
Standard Doclet version 11.0.6
Building tree for all the packages and classes...
Generating /workspace/source/target/apidocs/org/entando/kubernetes/controller/clusterinfrastructure/ClusterInfrastructureDeploymentResult.html...
Generating /workspace/source/target/apidocs/org/entando/kubernetes/controller/clusterinfrastructure/EntandoClusterInfrastructureController.html...
Generating /workspace/source/target/apidocs/org/entando/kubernetes/controller/clusterinfrastructure/EntandoK8SServiceDeployable.html...
Generating /workspace/source/target/apidocs/org/entando/kubernetes/controller/clusterinfrastructure/EntandoK8SServiceDeployableContainer.html...
Generating /workspace/source/target/apidocs/org/entando/kubernetes/controller/clusterinfrastructure/InfrastructureDeployableBase.html...
Generating /workspace/source/target/apidocs/org/entando/kubernetes/controller/clusterinfrastructure/package-summary.html...
Generating /workspace/source/target/apidocs/org/entando/kubernetes/controller/clusterinfrastructure/package-tree.html...
Generating /workspace/source/target/apidocs/constant-values.html...
Generating /workspace/source/target/apidocs/org/entando/kubernetes/controller/clusterinfrastructure/class-use/EntandoClusterInfrastructureController.html...
Generating /workspace/source/target/apidocs/org/entando/kubernetes/controller/clusterinfrastructure/class-use/InfrastructureDeployableBase.html...
Generating /workspace/source/target/apidocs/org/entando/kubernetes/controller/clusterinfrastructure/class-use/EntandoK8SServiceDeployableContainer.html...
Generating /workspace/source/target/apidocs/org/entando/kubernetes/controller/clusterinfrastructure/class-use/ClusterInfrastructureDeploymentResult.html...
Generating /workspace/source/target/apidocs/org/entando/kubernetes/controller/clusterinfrastructure/class-use/EntandoK8SServiceDeployable.html...
Generating /workspace/source/target/apidocs/org/entando/kubernetes/controller/clusterinfrastructure/package-use.html...
Building index for all the packages and classes...
Generating /workspace/source/target/apidocs/overview-tree.html...
Generating /workspace/source/target/apidocs/index-all.html...
Building index for all classes...
Generating /workspace/source/target/apidocs/allclasses-index.html...
Generating /workspace/source/target/apidocs/allpackages-index.html...
Generating /workspace/source/target/apidocs/deprecated-list.html...
Building index for all classes...
Generating /workspace/source/target/apidocs/allclasses.html...
Generating /workspace/source/target/apidocs/allclasses.html...
Generating /workspace/source/target/apidocs/index.html...
Generating /workspace/source/target/apidocs/help-doc.html...
[INFO] Building jar: /workspace/source/target/entando-k8s-cluster-infrastructure-controller-6.2.3-javadoc.jar
[INFO] 
[INFO] --- quarkus-maven-plugin:1.2.0.Final:build (default) @ entando-k8s-cluster-infrastructure-controller ---
[WARNING] [io.quarkus.creator.curator.Curator] These dependencies are not recommended:
	- jakarta.xml.bind:jakarta.xml.bind-api should be replaced by org.jboss.spec.javax.xml.bind:jboss-jaxb-api_2.3_spec
	- javax.activation:activation should be replaced by com.sun.activation:jakarta.activation
You might end up with two different versions of the same classes or with an artifact you shouldn't have in your classpath.
[INFO] [org.jboss.threads] JBoss Threads version 3.0.0.Final
[INFO] [io.quarkus.deployment.pkg.steps.JarResultBuildStep] Building thin jar: /workspace/source/target/entando-k8s-cluster-infrastructure-controller-6.2.3-runner.jar
[INFO] [io.quarkus.deployment.QuarkusAugmentor] Quarkus augmentation completed in 1685ms
[INFO] 
[INFO] --- maven-surefire-report-plugin:3.0.0-M4:failsafe-report-only (integration-tests) @ entando-k8s-cluster-infrastructure-controller ---
[INFO] 
[INFO] --- dependency-check-maven:5.3.2:aggregate (default) @ entando-k8s-cluster-infrastructure-controller ---
[INFO] 

Dependency-Check is an open source tool performing a best effort analysis of 3rd party dependencies; ***** positives and ***** negatives may exist in the analysis performed by the tool. Use of the tool and the reporting provided constitutes acceptance for use in an AS IS condition, and there are NO warranties, implied or otherwise, with regard to the analysis or its use. Any use of the tool and the reporting provided is at the user’s risk. In no event shall the copyright holder or OWASP be held liable for any damages whatsoever arising out of or in connection with the use of this tool, the analysis performed, or the resulting report.


[INFO] Analysis Started
[INFO] Finished Archive Analyzer (0 seconds)
[INFO] Finished File Name Analyzer (0 seconds)
[INFO] Finished Jar Analyzer (0 seconds)
[INFO] Finished Dependency Merging Analyzer (0 seconds)
[INFO] Finished Version Filter Analyzer (0 seconds)
[INFO] Finished Hint Analyzer (0 seconds)
[INFO] Created CPE Index (2 seconds)
[INFO] Finished CPE Analyzer (4 seconds)
[INFO] Finished False Positive Analyzer (0 seconds)
[INFO] Finished NVD CVE Analyzer (0 seconds)
[INFO] Finished Sonatype OSS Index Analyzer (1 seconds)
[INFO] Finished Vulnerability Suppression Analyzer (0 seconds)
[INFO] Finished Dependency Bundling Analyzer (0 seconds)
[INFO] Analysis Complete (8 seconds)
[INFO] 
[INFO] --- jacoco-maven-plugin:0.8.5:report (report) @ entando-k8s-cluster-infrastructure-controller ---
[INFO] Loading e**cution data file /workspace/source/target/jacoco.e**c
[INFO] Analyzed bundle 'Entando K8S Controller for Entando Cluster Infrastructure Deployments' with 5 classes
[INFO] 
[INFO] --- maven-gpg-plugin:1.6:sign (sign-artifacts) @ entando-k8s-cluster-infrastructure-controller ---
gpg: WARNING: unsafe permissions on homedir `********************'
gpg: WARNING: unsafe permissions on homedir `********************'
gpg: WARNING: unsafe permissions on homedir `********************'
gpg: WARNING: unsafe permissions on homedir `********************'
gpg: WARNING: unsafe permissions on homedir `********************'
[INFO] 
[INFO] --- maven-surefire-report-plugin:3.0.0-M4:report-only (unit-tests) @ entando-k8s-cluster-infrastructure-controller ---
[WARNING] Unable to locate Test Source XRef to link to - DISABLED
[INFO] 
[INFO] --- maven-install-plugin:2.4:install (default-install) @ entando-k8s-cluster-infrastructure-controller ---
[INFO] Installing /workspace/source/target/entando-k8s-cluster-infrastructure-controller-6.2.3.jar to /home/jenkins/.mvnrepository/org/entando/entando-k8s-cluster-infrastructure-controller/6.2.3/entando-k8s-cluster-infrastructure-controller-6.2.3.jar
[INFO] Installing /workspace/source/pom.xml to /home/jenkins/.mvnrepository/org/entando/entando-k8s-cluster-infrastructure-controller/6.2.3/entando-k8s-cluster-infrastructure-controller-6.2.3.pom
[INFO] Installing /workspace/source/target/entando-k8s-cluster-infrastructure-controller-6.2.3-tests.jar to /home/jenkins/.mvnrepository/org/entando/entando-k8s-cluster-infrastructure-controller/6.2.3/entando-k8s-cluster-infrastructure-controller-6.2.3-tests.jar
[INFO] Installing /workspace/source/target/entando-k8s-cluster-infrastructure-controller-6.2.3-sources.jar to /home/jenkins/.mvnrepository/org/entando/entando-k8s-cluster-infrastructure-controller/6.2.3/entando-k8s-cluster-infrastructure-controller-6.2.3-sources.jar
[INFO] Installing /workspace/source/target/entando-k8s-cluster-infrastructure-controller-6.2.3-javadoc.jar to /home/jenkins/.mvnrepository/org/entando/entando-k8s-cluster-infrastructure-controller/6.2.3/entando-k8s-cluster-infrastructure-controller-6.2.3-javadoc.jar
[INFO] Installing /workspace/source/target/entando-k8s-cluster-infrastructure-controller-6.2.3.jar.asc to /home/jenkins/.mvnrepository/org/entando/entando-k8s-cluster-infrastructure-controller/6.2.3/entando-k8s-cluster-infrastructure-controller-6.2.3.jar.asc
[INFO] Installing /workspace/source/target/entando-k8s-cluster-infrastructure-controller-6.2.3.pom.asc to /home/jenkins/.mvnrepository/org/entando/entando-k8s-cluster-infrastructure-controller/6.2.3/entando-k8s-cluster-infrastructure-controller-6.2.3.pom.asc
[INFO] Installing /workspace/source/target/entando-k8s-cluster-infrastructure-controller-6.2.3-tests.jar.asc to /home/jenkins/.mvnrepository/org/entando/entando-k8s-cluster-infrastructure-controller/6.2.3/entando-k8s-cluster-infrastructure-controller-6.2.3-tests.jar.asc
[INFO] Installing /workspace/source/target/entando-k8s-cluster-infrastructure-controller-6.2.3-sources.jar.asc to /home/jenkins/.mvnrepository/org/entando/entando-k8s-cluster-infrastructure-controller/6.2.3/entando-k8s-cluster-infrastructure-controller-6.2.3-sources.jar.asc
[INFO] Installing /workspace/source/target/entando-k8s-cluster-infrastructure-controller-6.2.3-javadoc.jar.asc to /home/jenkins/.mvnrepository/org/entando/entando-k8s-cluster-infrastructure-controller/6.2.3/entando-k8s-cluster-infrastructure-controller-6.2.3-javadoc.jar.asc
[INFO] 
[INFO] --- maven-deploy-plugin:2.8.2:deploy (default-deploy) @ entando-k8s-cluster-infrastructure-controller ---
[INFO] Using alternate deployment repository local-nexus::default::http://nexus/repository/maven-releases/
[INFO] 
[INFO] --- maven-site-plugin:3.9.0:site (default-site) @ entando-k8s-cluster-infrastructure-controller ---
[INFO] configuring report plugin org.apache.maven.plugins:maven-project-info-reports-plugin:3.0.0
[INFO] 9 reports configured for maven-project-info-reports-plugin:3.0.0: dependency-info, distribution-management, index, ci-management, issue-management, licenses, plugins, scm, summary
[INFO] Rendering site with default locale English (en)
[WARNING] Unable to find a URL to the parent project. The parent menu will NOT be added.
[INFO] Relativizing decoration links with respect to localized project URL: https://central.entando.com
[INFO] Rendering content with org.apache.maven.skins:maven-default-skin:jar:1.3 skin.
[INFO] Generating "Dependency Information" report --- maven-project-info-reports-plugin:3.0.0:dependency-info
[INFO] Generating "About" report         --- maven-project-info-reports-plugin:3.0.0:index
[INFO] Generating "Issue Management" report --- maven-project-info-reports-plugin:3.0.0:issue-management
[INFO] Generating "Licenses" report      --- maven-project-info-reports-plugin:3.0.0:licenses
[INFO] Generating "Plugins" report       --- maven-project-info-reports-plugin:3.0.0:plugins
[INFO] Generating "Source Code Management" report --- maven-project-info-reports-plugin:3.0.0:scm
[INFO] Generating "Summary" report       --- maven-project-info-reports-plugin:3.0.0:summary
[INFO] 
[INFO] -----< org.entando:entando-k8s-cluster-infrastructure-controller >------
[INFO] Building Entando K8S Controller for Entando Cluster Infrastructure Deployments 6.2.3
[INFO] --------------------------------[ jar ]---------------------------------
[INFO] 
[INFO] --- sonar-maven-plugin:3.7.0.1746:sonar (default-cli) @ entando-k8s-cluster-infrastructure-controller ---
[INFO] User cache: /****/.sonar/cache
[INFO] SonarQube version: 8.0.0
[INFO] Default locale: "en", source code encoding: "UTF-8"
[INFO] Load global settings
[INFO] Load global settings (done) | time=197ms
[INFO] Server id: 1BD809FA-AWHW8ct9-T_TB3XqouNu
[INFO] User cache: /****/.sonar/cache
[INFO] Load/download plugins
[INFO] Load plugins index
[INFO] Load plugins index (done) | time=73ms
[INFO] Load/download plugins (done) | time=21942ms
[INFO] Loaded core extensions: developer-scanner
[INFO] JavaScript/TypeScript frontend is enabled
[INFO] Process project properties
[INFO] E**cute project builders
[INFO] E**cute project builders (done) | time=2ms
[INFO] Project key: entando-k8s_entando-k8s-cluster-infrastructure-controller
[INFO] Base dir: /workspace/source
[INFO] Working dir: /workspace/source/target/sonar
[INFO] Load project settings for component key: 'entando-k8s_entando-k8s-cluster-infrastructure-controller'
[INFO] Load project settings for component key: 'entando-k8s_entando-k8s-cluster-infrastructure-controller' (done) | time=37ms
[INFO] Load project branches
[INFO] Load project branches (done) | time=25ms
[INFO] Check ALM binding of project 'entando-k8s_entando-k8s-cluster-infrastructure-controller'
[INFO] Detected project binding: BOUND
[INFO] Check ALM binding of project 'entando-k8s_entando-k8s-cluster-infrastructure-controller' (done) | time=46ms
[INFO] Load project pull requests
[INFO] Load project pull requests (done) | time=33ms
[INFO] Load branch configuration
[INFO] Load branch configuration (done) | time=3ms
[INFO] Load quality profiles
[INFO] Load quality profiles (done) | time=95ms
[INFO] Load active rules
[INFO] Load active rules (done) | time=3334ms
[INFO] Organization key: entando-k8s
[INFO] Indexing files...
[INFO] Project configuration:
[WARNING] Exception caught during e**cution of command '[git, config, --******, --edit]' in '/usr/local/git/bin', return code '128', error message 'fatal: Invalid path '/usr/local/git/etc': No such file or directory
'
[INFO] 8 files inde**d
[INFO] 0 files ignored because of scm ignore settings
[INFO] Quality profile for java: Sonar way
[INFO] Quality profile for xml: Sonar way
[INFO] ------------- Run sensors on module Entando K8S Controller for Entando Cluster Infrastructure Deployments
[INFO] JavaScript/TypeScript frontend is enabled
[INFO] Load metrics repository
[INFO] Load metrics repository (done) | time=29ms
WARNING: An illegal reflective access operation has occurred
WARNING: Illegal reflective access by net.sf.cglib.core.ReflectUtils$1 (file:/****/.sonar/cache/a89f1943fc75b65becd9fb4ecab8d913/sonar-tsql-plugin.jar) to method java.lang.ClassLoader.defineClass(java.lang.String,byte[],int,int,java.security.ProtectionDomain)
WARNING: Please consider reporting this to the maintainers of net.sf.cglib.core.ReflectUtils$1
WARNING: Use --illegal-access=warn to enable warnings of further illegal reflective access operations
WARNING: All illegal access operations will be denied in a future release
[INFO] Sensor JavaSquidSensor [java]
[INFO] Configured Java source version (sonar.java.source): 8
[INFO] JavaClasspath initialization
[INFO] JavaClasspath initialization (done) | time=13ms
[INFO] JavaTestClasspath initialization
[INFO] JavaTestClasspath initialization (done) | time=2ms
[INFO] Java Main Files AST scan
[INFO] 5 source files to be analyzed
[INFO] Load project repositories
[INFO] Load project repositories (done) | time=43ms
[INFO] 5/5 source files have been analyzed
[INFO] Java Main Files AST scan (done) | time=3266ms
[INFO] Java Test Files AST scan
[INFO] 2 source files to be analyzed
[INFO] Java Test Files AST scan (done) | time=361ms
[INFO] 2/2 source files have been analyzed
[INFO] Java Generated Files AST scan
[INFO] 0 source files to be analyzed
[INFO] Java Generated Files AST scan (done) | time=2ms
[INFO] 0/0 source files have been analyzed
[INFO] Sensor JavaSquidSensor [java] (done) | time=3855ms
[INFO] Sensor SonarCSS Rules [cssfamily]
[INFO] No CSS, PHP, HTML or VueJS files are found in the project. CSS analysis is skipped.
[INFO] Sensor SonarCSS Rules [cssfamily] (done) | time=1ms
[INFO] Sensor C# Properties [csharp]
[INFO] Sensor C# Properties [csharp] (done) | time=1ms
[INFO] Sensor Import of Checkstyle issues [java]
[INFO] Importing /workspace/source/target/checkstyle-result.xml
[INFO] Sensor Import of Checkstyle issues [java] (done) | time=76ms
[INFO] Sensor SurefireSensor [java]
[INFO] parsing [/workspace/source/target/surefire-reports]
[INFO] Sensor SurefireSensor [java] (done) | time=37ms
[INFO] Sensor JavaXmlSensor [java]
[INFO] 1 source files to be analyzed
[INFO] Sensor JavaXmlSensor [java] (done) | time=213ms
[INFO] 1/1 source files have been analyzed
[INFO] Sensor HTML [web]
[INFO] Sensor HTML [web] (done) | time=6ms
[INFO] Sensor XML Sensor [xml]
[INFO] 1 source files to be analyzed
[INFO] Sensor XML Sensor [xml] (done) | time=163ms
[INFO] 1/1 source files have been analyzed
[INFO] Sensor VB.NET Properties [vbnet]
[INFO] Sensor VB.NET Properties [vbnet] (done) | time=5ms
[INFO] Sensor JaCoCo XML Report Importer [jacoco]
[INFO] Importing 1 report(s). Turn your logs in debug mode in order to see the exhaustive list.
[INFO] Sensor JaCoCo XML Report Importer [jacoco] (done) | time=31ms
[INFO] Sensor ThymeLeaf template sensor [securityjavafrontend]
[INFO] Sensor ThymeLeaf template sensor [securityjavafrontend] (done) | time=3ms
[INFO] Sensor JavaSecuritySensor [security]
[INFO] Reading type hierarchy from: /workspace/source/target/sonar/ucfg2/java
[INFO] Read 73 type definitions
[INFO] Reading UCFGs from: /workspace/source/target/sonar/ucfg2/java
[INFO] 08:36:58.790712 Building Type propagation graph
[INFO] 08:36:58.798564 Running Tarjan on 95 nodes
[INFO] 08:36:58.80059 Tarjan found 95 components
[INFO] 08:36:58.803171 Variable type analysis: done
[INFO] 08:36:58.803709 Building Type propagation graph
[INFO] 08:36:58.806638 Running Tarjan on 95 nodes
[INFO] 08:36:58.8072 Tarjan found 95 components
[INFO] 08:36:58.807767 Variable type analysis: done
[INFO] Analyzing 35 ucfgs to detect vulnerabilities.
[INFO] All rules entrypoints : 0 Retained UCFGs : 0
[INFO] rule: S5131, entrypoints: 0
[INFO] rule: S5131 done
[INFO] rule: S3649, entrypoints: 0
[INFO] rule: S3649 done
[INFO] rule: S2076, entrypoints: 0
[INFO] rule: S2076 done
[INFO] rule: S2091, entrypoints: 0
[INFO] rule: S2091 done
[INFO] rule: S2078, entrypoints: 0
[INFO] rule: S2078 done
[INFO] rule: S2631, entrypoints: 0
[INFO] rule: S2631 done
[INFO] rule: S5135, entrypoints: 0
[INFO] rule: S5135 done
[INFO] rule: S2083, entrypoints: 0
[INFO] rule: S2083 done
[INFO] rule: S5167, entrypoints: 0
[INFO] rule: S5167 done
[INFO] rule: S5144, entrypoints: 0
[INFO] rule: S5144 done
[INFO] rule: S5145, entrypoints: 0
[INFO] rule: S5145 done
[INFO] rule: S5146, entrypoints: 0
[INFO] rule: S5146 done
[INFO] rule: S5334, entrypoints: 0
[INFO] rule: S5334 done
[INFO] Sensor JavaSecuritySensor [security] (done) | time=384ms
[INFO] Sensor CSharpSecuritySensor [security]
[INFO] Reading type hierarchy from: /workspace/source/target/ucfg_cs2
[INFO] Read 0 type definitions
[INFO] Reading UCFGs from: /workspace/source/target/ucfg_cs2
[INFO] No UCFGs have been included for analysis.
[INFO] Sensor CSharpSecuritySensor [security] (done) | time=1ms
[INFO] Sensor PhpSecuritySensor [security]
[INFO] Reading type hierarchy from: /workspace/source/target/sonar/ucfg2/php
[INFO] Read 0 type definitions
[INFO] Reading UCFGs from: /workspace/source/target/sonar/ucfg2/php
[INFO] No UCFGs have been included for analysis.
[INFO] Sensor PhpSecuritySensor [security] (done) | time=2ms
[INFO] Sensor PythonSecuritySensor [security]
[INFO] Reading type hierarchy from: /workspace/source/target/sonar/ucfg2/python
[INFO] Read 0 type definitions
[INFO] Reading UCFGs from: /workspace/source/target/sonar/ucfg2/python
[INFO] No UCFGs have been included for analysis.
[INFO] Sensor PythonSecuritySensor [security] (done) | time=1ms
[INFO] Sensor JsSecuritySensor [security]
[INFO] Reading type hierarchy from: /workspace/source/target/sonar/ucfg2/js
[INFO] Read 0 type definitions
[INFO] Reading UCFGs from: /workspace/source/target/sonar/ucfg2/js
[INFO] No UCFGs have been included for analysis.
[INFO] Sensor JsSecuritySensor [security] (done) | time=1ms
[INFO] ------------- Run sensors on project
[INFO] Sensor Zero Coverage Sensor
[INFO] Sensor Zero Coverage Sensor (done) | time=1ms
[INFO] Sensor Java CPD Block Inde**r
[INFO] Sensor Java CPD Block Inde**r (done) | time=36ms
[INFO] SCM Publisher SCM provider for this project is: git
[INFO] SCM Publisher 8 source files to be analyzed
[WARNING] Shallow clone detected, no blame information will be provided. You can convert to non-shallow with 'git fetch --unshallow'.
[INFO] SCM Publisher 0/8 source files have been analyzed (done) | time=2ms
[WARNING] Missing blame information for the following files:
[WARNING]   * src/main/java/org/entando/kubernetes/controller/clusterinfrastructure/ClusterInfrastructureDeploymentResult.java
[WARNING]   * src/main/java/org/entando/kubernetes/controller/clusterinfrastructure/EntandoK8SServiceDeployable.java
[WARNING]   * src/main/java/org/entando/kubernetes/controller/clusterinfrastructure/InfrastructureDeployableBase.java
[WARNING]   * src/test/java/org/entando/kubernetes/controller/clusterinfrastructure/inprocesstests/DeployEntandoClusterInfrastructureTest.java
[WARNING]   * src/main/java/org/entando/kubernetes/controller/clusterinfrastructure/EntandoK8SServiceDeployableContainer.java
[WARNING]   * src/main/java/org/entando/kubernetes/controller/clusterinfrastructure/EntandoClusterInfrastructureController.java
[WARNING]   * src/test/java/org/entando/kubernetes/controller/clusterinfrastructure/interprocesstests/AddClusterInfrastructureIT.java
[WARNING]   * pom.xml
[WARNING] This may lead to missing/broken features in SonarCloud
[INFO] CPD E**cutor 1 file had no CPD blocks
[INFO] CPD E**cutor Calculating CPD for 4 files
[INFO] CPD E**cutor CPD calculation finished (done) | time=22ms
[INFO] Analysis report generated in 175ms, dir size=234 KB
[INFO] Analysis report compressed in 26ms, zip size=60 KB
[INFO] Analysis report uploaded in 111ms
[INFO] ANALYSIS SUCCESSFUL, you can find the results at: https://sonarcloud.io/dashboard?id=entando-k8s_entando-k8s-cluster-infrastructure-controller
[INFO] Note that you will be able to access the updated dashboard once the server has processed the submitted analysis report
[INFO] More about the report processing at https://sonarcloud.io/api/ce/task?id=AXUwjhWBS2b7jySWyz0-
[INFO] Analysis total time: 13.309 s
[INFO] ------------------------------------------------------------------------
[INFO] BUILD SUCCESS
[INFO] ------------------------------------------------------------------------
[INFO] Total time:  01:35 min
[INFO] Finished at: 2020-10-16T08:36:59Z
[INFO] ------------------------------------------------------------------------
shallow cloning https://github.com/entando-k8s/devops-results.git branch gh-pages
ran git init in /tmp/jenkins-x-collect899266355
ran git add remote origin https://github.com/entando-k8s/devops-results.git in /tmp/jenkins-x-collect899266355
ran git fetch origin --depth=1 gh-pages in dir /tmp/jenkins-x-collect899266355
Publishing https://raw.githubusercontent.com/entando-k8s/devops-results/gh-pages/entando-k8s-cluster-infrastructure-controller/master/checkstyle.html
Publishing https://raw.githubusercontent.com/entando-k8s/devops-results/gh-pages/entando-k8s-cluster-infrastructure-controller/master/checkstyle.rss
Publishing https://raw.githubusercontent.com/entando-k8s/devops-results/gh-pages/entando-k8s-cluster-infrastructure-controller/master/css/maven-base.css
Publishing https://raw.githubusercontent.com/entando-k8s/devops-results/gh-pages/entando-k8s-cluster-infrastructure-controller/master/css/maven-theme.css
Publishing https://raw.githubusercontent.com/entando-k8s/devops-results/gh-pages/entando-k8s-cluster-infrastructure-controller/master/css/print.css
Publishing https://raw.githubusercontent.com/entando-k8s/devops-results/gh-pages/entando-k8s-cluster-infrastructure-controller/master/css/site.css
Publishing https://raw.githubusercontent.com/entando-k8s/devops-results/gh-pages/entando-k8s-cluster-infrastructure-controller/master/dependency-check-junit.xml
Publishing https://raw.githubusercontent.com/entando-k8s/devops-results/gh-pages/entando-k8s-cluster-infrastructure-controller/master/dependency-check-report.html
Publishing https://raw.githubusercontent.com/entando-k8s/devops-results/gh-pages/entando-k8s-cluster-infrastructure-controller/master/dependency-check-report.xml
Publishing https://raw.githubusercontent.com/entando-k8s/devops-results/gh-pages/entando-k8s-cluster-infrastructure-controller/master/dependency-info.html
Publishing https://raw.githubusercontent.com/entando-k8s/devops-results/gh-pages/entando-k8s-cluster-infrastructure-controller/master/images/collapsed.gif
Publishing https://raw.githubusercontent.com/entando-k8s/devops-results/gh-pages/entando-k8s-cluster-infrastructure-controller/master/images/expanded.gif
Publishing https://raw.githubusercontent.com/entando-k8s/devops-results/gh-pages/entando-k8s-cluster-infrastructure-controller/master/images/external.png
Publishing https://raw.githubusercontent.com/entando-k8s/devops-results/gh-pages/entando-k8s-cluster-infrastructure-controller/master/images/icon_error_sml.gif
Publishing https://raw.githubusercontent.com/entando-k8s/devops-results/gh-pages/entando-k8s-cluster-infrastructure-controller/master/images/icon_info_sml.gif
Publishing https://raw.githubusercontent.com/entando-k8s/devops-results/gh-pages/entando-k8s-cluster-infrastructure-controller/master/images/icon_success_sml.gif
Publishing https://raw.githubusercontent.com/entando-k8s/devops-results/gh-pages/entando-k8s-cluster-infrastructure-controller/master/images/icon_warning_sml.gif
Publishing https://raw.githubusercontent.com/entando-k8s/devops-results/gh-pages/entando-k8s-cluster-infrastructure-controller/master/images/logos/build-by-maven-black.png
Publishing https://raw.githubusercontent.com/entando-k8s/devops-results/gh-pages/entando-k8s-cluster-infrastructure-controller/master/images/logos/build-by-maven-white.png
Publishing https://raw.githubusercontent.com/entando-k8s/devops-results/gh-pages/entando-k8s-cluster-infrastructure-controller/master/images/logos/maven-feather.png
Publishing https://raw.githubusercontent.com/entando-k8s/devops-results/gh-pages/entando-k8s-cluster-infrastructure-controller/master/images/newwindow.png
Publishing https://raw.githubusercontent.com/entando-k8s/devops-results/gh-pages/entando-k8s-cluster-infrastructure-controller/master/images/rss.png
Publishing https://raw.githubusercontent.com/entando-k8s/devops-results/gh-pages/entando-k8s-cluster-infrastructure-controller/master/index.html
Publishing https://raw.githubusercontent.com/entando-k8s/devops-results/gh-pages/entando-k8s-cluster-infrastructure-controller/master/issue-management.html
Publishing https://raw.githubusercontent.com/entando-k8s/devops-results/gh-pages/entando-k8s-cluster-infrastructure-controller/master/jacoco/index.html
Publishing https://raw.githubusercontent.com/entando-k8s/devops-results/gh-pages/entando-k8s-cluster-infrastructure-controller/master/jacoco/jacoco-resources/branchfc.gif
Publishing https://raw.githubusercontent.com/entando-k8s/devops-results/gh-pages/entando-k8s-cluster-infrastructure-controller/master/jacoco/jacoco-resources/branchnc.gif
Publishing https://raw.githubusercontent.com/entando-k8s/devops-results/gh-pages/entando-k8s-cluster-infrastructure-controller/master/jacoco/jacoco-resources/branchpc.gif
Publishing https://raw.githubusercontent.com/entando-k8s/devops-results/gh-pages/entando-k8s-cluster-infrastructure-controller/master/jacoco/jacoco-resources/bundle.gif
Publishing https://raw.githubusercontent.com/entando-k8s/devops-results/gh-pages/entando-k8s-cluster-infrastructure-controller/master/jacoco/jacoco-resources/class.gif
Publishing https://raw.githubusercontent.com/entando-k8s/devops-results/gh-pages/entando-k8s-cluster-infrastructure-controller/master/jacoco/jacoco-resources/down.gif
Publishing https://raw.githubusercontent.com/entando-k8s/devops-results/gh-pages/entando-k8s-cluster-infrastructure-controller/master/jacoco/jacoco-resources/greenbar.gif
Publishing https://raw.githubusercontent.com/entando-k8s/devops-results/gh-pages/entando-k8s-cluster-infrastructure-controller/master/jacoco/jacoco-resources/group.gif
Publishing https://raw.githubusercontent.com/entando-k8s/devops-results/gh-pages/entando-k8s-cluster-infrastructure-controller/master/jacoco/jacoco-resources/method.gif
Publishing https://raw.githubusercontent.com/entando-k8s/devops-results/gh-pages/entando-k8s-cluster-infrastructure-controller/master/jacoco/jacoco-resources/package.gif
Publishing https://raw.githubusercontent.com/entando-k8s/devops-results/gh-pages/entando-k8s-cluster-infrastructure-controller/master/jacoco/jacoco-resources/prettify.css
Publishing https://raw.githubusercontent.com/entando-k8s/devops-results/gh-pages/entando-k8s-cluster-infrastructure-controller/master/jacoco/jacoco-resources/prettify.js
Publishing https://raw.githubusercontent.com/entando-k8s/devops-results/gh-pages/entando-k8s-cluster-infrastructure-controller/master/jacoco/jacoco-resources/redbar.gif
Publishing https://raw.githubusercontent.com/entando-k8s/devops-results/gh-pages/entando-k8s-cluster-infrastructure-controller/master/jacoco/jacoco-resources/report.css
Publishing https://raw.githubusercontent.com/entando-k8s/devops-results/gh-pages/entando-k8s-cluster-infrastructure-controller/master/jacoco/jacoco-resources/report.gif
Publishing https://raw.githubusercontent.com/entando-k8s/devops-results/gh-pages/entando-k8s-cluster-infrastructure-controller/master/jacoco/jacoco-resources/session.gif
Publishing https://raw.githubusercontent.com/entando-k8s/devops-results/gh-pages/entando-k8s-cluster-infrastructure-controller/master/jacoco/jacoco-resources/sort.gif
Publishing https://raw.githubusercontent.com/entando-k8s/devops-results/gh-pages/entando-k8s-cluster-infrastructure-controller/master/jacoco/jacoco-resources/sort.js
Publishing https://raw.githubusercontent.com/entando-k8s/devops-results/gh-pages/entando-k8s-cluster-infrastructure-controller/master/jacoco/jacoco-resources/source.gif
Publishing https://raw.githubusercontent.com/entando-k8s/devops-results/gh-pages/entando-k8s-cluster-infrastructure-controller/master/jacoco/jacoco-resources/up.gif
Publishing https://raw.githubusercontent.com/entando-k8s/devops-results/gh-pages/entando-k8s-cluster-infrastructure-controller/master/jacoco/jacoco-sessions.html
Publishing https://raw.githubusercontent.com/entando-k8s/devops-results/gh-pages/entando-k8s-cluster-infrastructure-controller/master/jacoco/jacoco.csv
Publishing https://raw.githubusercontent.com/entando-k8s/devops-results/gh-pages/entando-k8s-cluster-infrastructure-controller/master/jacoco/jacoco.xml
Publishing https://raw.githubusercontent.com/entando-k8s/devops-results/gh-pages/entando-k8s-cluster-infrastructure-controller/master/jacoco/org.entando.kubernetes.controller.clusterinfrastructure/ClusterInfrastructureDeploymentResult.html
Publishing https://raw.githubusercontent.com/entando-k8s/devops-results/gh-pages/entando-k8s-cluster-infrastructure-controller/master/jacoco/org.entando.kubernetes.controller.clusterinfrastructure/ClusterInfrastructureDeploymentResult.java.html
Publishing https://raw.githubusercontent.com/entando-k8s/devops-results/gh-pages/entando-k8s-cluster-infrastructure-controller/master/jacoco/org.entando.kubernetes.controller.clusterinfrastructure/EntandoClusterInfrastructureController.html
Publishing https://raw.githubusercontent.com/entando-k8s/devops-results/gh-pages/entando-k8s-cluster-infrastructure-controller/master/jacoco/org.entando.kubernetes.controller.clusterinfrastructure/EntandoClusterInfrastructureController.java.html
Publishing https://raw.githubusercontent.com/entando-k8s/devops-results/gh-pages/entando-k8s-cluster-infrastructure-controller/master/jacoco/org.entando.kubernetes.controller.clusterinfrastructure/EntandoK8SServiceDeployable.html
Publishing https://raw.githubusercontent.com/entando-k8s/devops-results/gh-pages/entando-k8s-cluster-infrastructure-controller/master/jacoco/org.entando.kubernetes.controller.clusterinfrastructure/EntandoK8SServiceDeployable.java.html
Publishing https://raw.githubusercontent.com/entando-k8s/devops-results/gh-pages/entando-k8s-cluster-infrastructure-controller/master/jacoco/org.entando.kubernetes.controller.clusterinfrastructure/EntandoK8SServiceDeployableContainer.html
Publishing https://raw.githubusercontent.com/entando-k8s/devops-results/gh-pages/entando-k8s-cluster-infrastructure-controller/master/jacoco/org.entando.kubernetes.controller.clusterinfrastructure/EntandoK8SServiceDeployableContainer.java.html
Publishing https://raw.githubusercontent.com/entando-k8s/devops-results/gh-pages/entando-k8s-cluster-infrastructure-controller/master/jacoco/org.entando.kubernetes.controller.clusterinfrastructure/InfrastructureDeployableBase.html
Publishing https://raw.githubusercontent.com/entando-k8s/devops-results/gh-pages/entando-k8s-cluster-infrastructure-controller/master/jacoco/org.entando.kubernetes.controller.clusterinfrastructure/InfrastructureDeployableBase.java.html
Publishing https://raw.githubusercontent.com/entando-k8s/devops-results/gh-pages/entando-k8s-cluster-infrastructure-controller/master/jacoco/org.entando.kubernetes.controller.clusterinfrastructure/index.html
Publishing https://raw.githubusercontent.com/entando-k8s/devops-results/gh-pages/entando-k8s-cluster-infrastructure-controller/master/jacoco/org.entando.kubernetes.controller.clusterinfrastructure/index.source.html
Publishing https://raw.githubusercontent.com/entando-k8s/devops-results/gh-pages/entando-k8s-cluster-infrastructure-controller/master/licenses.html
Publishing https://raw.githubusercontent.com/entando-k8s/devops-results/gh-pages/entando-k8s-cluster-infrastructure-controller/master/plugins.html
Publishing https://raw.githubusercontent.com/entando-k8s/devops-results/gh-pages/entando-k8s-cluster-infrastructure-controller/master/project-info.html
Publishing https://raw.githubusercontent.com/entando-k8s/devops-results/gh-pages/entando-k8s-cluster-infrastructure-controller/master/scm.html
Publishing https://raw.githubusercontent.com/entando-k8s/devops-results/gh-pages/entando-k8s-cluster-infrastructure-controller/master/summary.html
Publishing https://raw.githubusercontent.com/entando-k8s/devops-results/gh-pages/entando-k8s-cluster-infrastructure-controller/master/surefire-report.html
stashed: https://raw.githubusercontent.com/entando-k8s/devops-results/gh-pages/entando-k8s-cluster-infrastructure-controller/master/checkstyle.html
stashed: https://raw.githubusercontent.com/entando-k8s/devops-results/gh-pages/entando-k8s-cluster-infrastructure-controller/master/checkstyle.rss
stashed: https://raw.githubusercontent.com/entando-k8s/devops-results/gh-pages/entando-k8s-cluster-infrastructure-controller/master/css/maven-base.css
stashed: https://raw.githubusercontent.com/entando-k8s/devops-results/gh-pages/entando-k8s-cluster-infrastructure-controller/master/css/maven-theme.css
stashed: https://raw.githubusercontent.com/entando-k8s/devops-results/gh-pages/entando-k8s-cluster-infrastructure-controller/master/css/print.css
stashed: https://raw.githubusercontent.com/entando-k8s/devops-results/gh-pages/entando-k8s-cluster-infrastructure-controller/master/css/site.css
stashed: https://raw.githubusercontent.com/entando-k8s/devops-results/gh-pages/entando-k8s-cluster-infrastructure-controller/master/dependency-check-junit.xml
stashed: https://raw.githubusercontent.com/entando-k8s/devops-results/gh-pages/entando-k8s-cluster-infrastructure-controller/master/dependency-check-report.html
stashed: https://raw.githubusercontent.com/entando-k8s/devops-results/gh-pages/entando-k8s-cluster-infrastructure-controller/master/dependency-check-report.xml
stashed: https://raw.githubusercontent.com/entando-k8s/devops-results/gh-pages/entando-k8s-cluster-infrastructure-controller/master/dependency-info.html
stashed: https://raw.githubusercontent.com/entando-k8s/devops-results/gh-pages/entando-k8s-cluster-infrastructure-controller/master/images/collapsed.gif
stashed: https://raw.githubusercontent.com/entando-k8s/devops-results/gh-pages/entando-k8s-cluster-infrastructure-controller/master/images/expanded.gif
stashed: https://raw.githubusercontent.com/entando-k8s/devops-results/gh-pages/entando-k8s-cluster-infrastructure-controller/master/images/external.png
stashed: https://raw.githubusercontent.com/entando-k8s/devops-results/gh-pages/entando-k8s-cluster-infrastructure-controller/master/images/icon_error_sml.gif
stashed: https://raw.githubusercontent.com/entando-k8s/devops-results/gh-pages/entando-k8s-cluster-infrastructure-controller/master/images/icon_info_sml.gif
stashed: https://raw.githubusercontent.com/entando-k8s/devops-results/gh-pages/entando-k8s-cluster-infrastructure-controller/master/images/icon_success_sml.gif
stashed: https://raw.githubusercontent.com/entando-k8s/devops-results/gh-pages/entando-k8s-cluster-infrastructure-controller/master/images/icon_warning_sml.gif
stashed: https://raw.githubusercontent.com/entando-k8s/devops-results/gh-pages/entando-k8s-cluster-infrastructure-controller/master/images/logos/build-by-maven-black.png
stashed: https://raw.githubusercontent.com/entando-k8s/devops-results/gh-pages/entando-k8s-cluster-infrastructure-controller/master/images/logos/build-by-maven-white.png
stashed: https://raw.githubusercontent.com/entando-k8s/devops-results/gh-pages/entando-k8s-cluster-infrastructure-controller/master/images/logos/maven-feather.png
stashed: https://raw.githubusercontent.com/entando-k8s/devops-results/gh-pages/entando-k8s-cluster-infrastructure-controller/master/images/newwindow.png
stashed: https://raw.githubusercontent.com/entando-k8s/devops-results/gh-pages/entando-k8s-cluster-infrastructure-controller/master/images/rss.png
stashed: https://raw.githubusercontent.com/entando-k8s/devops-results/gh-pages/entando-k8s-cluster-infrastructure-controller/master/index.html
stashed: https://raw.githubusercontent.com/entando-k8s/devops-results/gh-pages/entando-k8s-cluster-infrastructure-controller/master/issue-management.html
stashed: https://raw.githubusercontent.com/entando-k8s/devops-results/gh-pages/entando-k8s-cluster-infrastructure-controller/master/jacoco/index.html
stashed: https://raw.githubusercontent.com/entando-k8s/devops-results/gh-pages/entando-k8s-cluster-infrastructure-controller/master/jacoco/jacoco-resources/branchfc.gif
stashed: https://raw.githubusercontent.com/entando-k8s/devops-results/gh-pages/entando-k8s-cluster-infrastructure-controller/master/jacoco/jacoco-resources/branchnc.gif
stashed: https://raw.githubusercontent.com/entando-k8s/devops-results/gh-pages/entando-k8s-cluster-infrastructure-controller/master/jacoco/jacoco-resources/branchpc.gif
stashed: https://raw.githubusercontent.com/entando-k8s/devops-results/gh-pages/entando-k8s-cluster-infrastructure-controller/master/jacoco/jacoco-resources/bundle.gif
stashed: https://raw.githubusercontent.com/entando-k8s/devops-results/gh-pages/entando-k8s-cluster-infrastructure-controller/master/jacoco/jacoco-resources/class.gif
stashed: https://raw.githubusercontent.com/entando-k8s/devops-results/gh-pages/entando-k8s-cluster-infrastructure-controller/master/jacoco/jacoco-resources/down.gif
stashed: https://raw.githubusercontent.com/entando-k8s/devops-results/gh-pages/entando-k8s-cluster-infrastructure-controller/master/jacoco/jacoco-resources/greenbar.gif
stashed: https://raw.githubusercontent.com/entando-k8s/devops-results/gh-pages/entando-k8s-cluster-infrastructure-controller/master/jacoco/jacoco-resources/group.gif
stashed: https://raw.githubusercontent.com/entando-k8s/devops-results/gh-pages/entando-k8s-cluster-infrastructure-controller/master/jacoco/jacoco-resources/method.gif
stashed: https://raw.githubusercontent.com/entando-k8s/devops-results/gh-pages/entando-k8s-cluster-infrastructure-controller/master/jacoco/jacoco-resources/package.gif
stashed: https://raw.githubusercontent.com/entando-k8s/devops-results/gh-pages/entando-k8s-cluster-infrastructure-controller/master/jacoco/jacoco-resources/prettify.css
stashed: https://raw.githubusercontent.com/entando-k8s/devops-results/gh-pages/entando-k8s-cluster-infrastructure-controller/master/jacoco/jacoco-resources/prettify.js
stashed: https://raw.githubusercontent.com/entando-k8s/devops-results/gh-pages/entando-k8s-cluster-infrastructure-controller/master/jacoco/jacoco-resources/redbar.gif
stashed: https://raw.githubusercontent.com/entando-k8s/devops-results/gh-pages/entando-k8s-cluster-infrastructure-controller/master/jacoco/jacoco-resources/report.css
stashed: https://raw.githubusercontent.com/entando-k8s/devops-results/gh-pages/entando-k8s-cluster-infrastructure-controller/master/jacoco/jacoco-resources/report.gif
stashed: https://raw.githubusercontent.com/entando-k8s/devops-results/gh-pages/entando-k8s-cluster-infrastructure-controller/master/jacoco/jacoco-resources/session.gif
stashed: https://raw.githubusercontent.com/entando-k8s/devops-results/gh-pages/entando-k8s-cluster-infrastructure-controller/master/jacoco/jacoco-resources/sort.gif
stashed: https://raw.githubusercontent.com/entando-k8s/devops-results/gh-pages/entando-k8s-cluster-infrastructure-controller/master/jacoco/jacoco-resources/sort.js
stashed: https://raw.githubusercontent.com/entando-k8s/devops-results/gh-pages/entando-k8s-cluster-infrastructure-controller/master/jacoco/jacoco-resources/source.gif
stashed: https://raw.githubusercontent.com/entando-k8s/devops-results/gh-pages/entando-k8s-cluster-infrastructure-controller/master/jacoco/jacoco-resources/up.gif
stashed: https://raw.githubusercontent.com/entando-k8s/devops-results/gh-pages/entando-k8s-cluster-infrastructure-controller/master/jacoco/jacoco-sessions.html
stashed: https://raw.githubusercontent.com/entando-k8s/devops-results/gh-pages/entando-k8s-cluster-infrastructure-controller/master/jacoco/jacoco.csv
stashed: https://raw.githubusercontent.com/entando-k8s/devops-results/gh-pages/entando-k8s-cluster-infrastructure-controller/master/jacoco/jacoco.xml
stashed: https://raw.githubusercontent.com/entando-k8s/devops-results/gh-pages/entando-k8s-cluster-infrastructure-controller/master/jacoco/org.entando.kubernetes.controller.clusterinfrastructure/ClusterInfrastructureDeploymentResult.html
stashed: https://raw.githubusercontent.com/entando-k8s/devops-results/gh-pages/entando-k8s-cluster-infrastructure-controller/master/jacoco/org.entando.kubernetes.controller.clusterinfrastructure/ClusterInfrastructureDeploymentResult.java.html
stashed: https://raw.githubusercontent.com/entando-k8s/devops-results/gh-pages/entando-k8s-cluster-infrastructure-controller/master/jacoco/org.entando.kubernetes.controller.clusterinfrastructure/EntandoClusterInfrastructureController.html
stashed: https://raw.githubusercontent.com/entando-k8s/devops-results/gh-pages/entando-k8s-cluster-infrastructure-controller/master/jacoco/org.entando.kubernetes.controller.clusterinfrastructure/EntandoClusterInfrastructureController.java.html
stashed: https://raw.githubusercontent.com/entando-k8s/devops-results/gh-pages/entando-k8s-cluster-infrastructure-controller/master/jacoco/org.entando.kubernetes.controller.clusterinfrastructure/EntandoK8SServiceDeployable.html
stashed: https://raw.githubusercontent.com/entando-k8s/devops-results/gh-pages/entando-k8s-cluster-infrastructure-controller/master/jacoco/org.entando.kubernetes.controller.clusterinfrastructure/EntandoK8SServiceDeployable.java.html
stashed: https://raw.githubusercontent.com/entando-k8s/devops-results/gh-pages/entando-k8s-cluster-infrastructure-controller/master/jacoco/org.entando.kubernetes.controller.clusterinfrastructure/EntandoK8SServiceDeployableContainer.html
stashed: https://raw.githubusercontent.com/entando-k8s/devops-results/gh-pages/entando-k8s-cluster-infrastructure-controller/master/jacoco/org.entando.kubernetes.controller.clusterinfrastructure/EntandoK8SServiceDeployableContainer.java.html
stashed: https://raw.githubusercontent.com/entando-k8s/devops-results/gh-pages/entando-k8s-cluster-infrastructure-controller/master/jacoco/org.entando.kubernetes.controller.clusterinfrastructure/InfrastructureDeployableBase.html
stashed: https://raw.githubusercontent.com/entando-k8s/devops-results/gh-pages/entando-k8s-cluster-infrastructure-controller/master/jacoco/org.entando.kubernetes.controller.clusterinfrastructure/InfrastructureDeployableBase.java.html
stashed: https://raw.githubusercontent.com/entando-k8s/devops-results/gh-pages/entando-k8s-cluster-infrastructure-controller/master/jacoco/org.entando.kubernetes.controller.clusterinfrastructure/index.html
stashed: https://raw.githubusercontent.com/entando-k8s/devops-results/gh-pages/entando-k8s-cluster-infrastructure-controller/master/jacoco/org.entando.kubernetes.controller.clusterinfrastructure/index.source.html
stashed: https://raw.githubusercontent.com/entando-k8s/devops-results/gh-pages/entando-k8s-cluster-infrastructure-controller/master/licenses.html
stashed: https://raw.githubusercontent.com/entando-k8s/devops-results/gh-pages/entando-k8s-cluster-infrastructure-controller/master/plugins.html
stashed: https://raw.githubusercontent.com/entando-k8s/devops-results/gh-pages/entando-k8s-cluster-infrastructure-controller/master/project-info.html
stashed: https://raw.githubusercontent.com/entando-k8s/devops-results/gh-pages/entando-k8s-cluster-infrastructure-controller/master/scm.html
stashed: https://raw.githubusercontent.com/entando-k8s/devops-results/gh-pages/entando-k8s-cluster-infrastructure-controller/master/summary.html
stashed: https://raw.githubusercontent.com/entando-k8s/devops-results/gh-pages/entando-k8s-cluster-infrastructure-controller/master/surefire-report.html
Congratulations! No build failures found for entando-k8s-cluster-infrastructure-controller-master.

Showing logs for build [32mentando-k8s-entando-k8s-cluster-tnm6j-32[0m stage [32mfrom-build-pack[0m and container [32mstep-build-container-build[0m
Generating tags...
 - entando/entando-k8s-cluster-infrastructure-controller -> docker.io/entando/entando-k8s-cluster-infrastructure-controller:6.2.3
Checking cache...
 - entando/entando-k8s-cluster-infrastructure-controller: Not found. Building
Building [entando/entando-k8s-cluster-infrastructure-controller]...
Sending build context to Docker daemon  540.7kBSending build context to Docker daemon  2.722MBSending build context to Docker daemon  6.549MBSending build context to Docker daemon  9.891MBSending build context to Docker daemon  15.38MBSending build context to Docker daemon  23.74MBSending build context to Docker daemon  27.62MBSending build context to Docker daemon  34.24MBSending build context to Docker daemon  40.01MB
Step 1/6 : FROM fabric8/java-alpine-openjdk8-jre
 ---> 6383f0513235
Step 2/6 : ENV JAVA_OPTIONS "-Dquarkus.http.host=0.0.0.0 -Djava.util.logging.manager=org.jboss.logmanager.LogManager"
 ---> Using cache
 ---> 781f0699f0f0
Step 3/6 : ENV AB_ENABLED jmx_exporter
 ---> Using cache
 ---> 3d03a75b86f8
Step 4/6 : COPY target/lib/* /deployments/lib/
 ---> Using cache
 ---> 1944aa7b577c
Step 5/6 : COPY target/*-runner.jar /deployments/app.jar
 ---> aa1e41b58047
Step 6/6 : ENTRYPOINT /deployments/run-java.sh
 ---> Running in f12fd90bd2ab
 ---> 2e4fd757891c
Successfully built 2e4fd757891c
The push refers to a repository [docker.io/entando/entando-k8s-cluster-infrastructure-controller]
dd30cc1853fa: Preparing
7916f3998f7b: Preparing
a37d6baa8a5e: Preparing
4246c252be29: Preparing
bbc6d89e45a1: Preparing
6a8968c88953: Preparing
c11f0dd7f64f: Preparing
081a861c7ecd: Preparing
df5b415aa3df: Preparing
77cae8ab23bf: Preparing
c11f0dd7f64f: Waiting
081a861c7ecd: Waiting
df5b415aa3df: Waiting
77cae8ab23bf: Waiting
6a8968c88953: Waiting
a37d6baa8a5e: Layer already exists
bbc6d89e45a1: Layer already exists
7916f3998f7b: Layer already exists
4246c252be29: Layer already exists
081a861c7ecd: Layer already exists
6a8968c88953: Layer already exists
c11f0dd7f64f: Layer already exists
df5b415aa3df: Layer already exists
77cae8ab23bf: Layer already exists
dd30cc1853fa: Pushed
6.2.3: digest: sha256:41c4ec4574a0a0459b05e1584042f6e814f5b86dfad4f32ceb4a61e598e5f9a0 size: 2410
There is a new version (1.15.0) of Skaffold available. Download it at https://storage.googleapis.com/skaffold/releases/latest/skaffold-linux-amd64


Showing logs for build [32mentando-k8s-entando-k8s-cluster-tnm6j-32[0m stage [32mfrom-build-pack[0m and container [32mstep-postbuild-post-build[0m
no CVE provider running in the current ** namespace so skip adding image to be analysed

Showing logs for build [32mentando-k8s-entando-k8s-cluster-tnm6j-32[0m stage [32mfrom-build-pack[0m and container [32mstep-promote-changelog[0m
Converted /workspace/source to an unshallow repository
Generating change log from git ref ff43d0f7f5260f5ab336ac2f560d4f37ba4f7764 => 0613a8b58f7799ba0a0cf4aef939d816e15a1de4
Associating user ampie in users.jenkins.io with email ampie.private@gmail.com to git GitProvider user with login ampie-barnard as emails match
Adding label jenkins.io/git-github-userid=ampie-barnard to user ampie in users.jenkins.io
Associating user ampie in users.jenkins.io with email ampie.private@gmail.com to git GitProvider user with login ampie-barnard as emails match
Adding label jenkins.io/git-github-userid=ampie-barnard to user ampie in users.jenkins.io
Finding issues in commit messages using git format
Associating user ampie in users.jenkins.io with email ampie.private@gmail.com to git GitProvider user with login ampie-barnard as emails match
Adding label jenkins.io/git-github-userid=ampie-barnard to user ampie in users.jenkins.io
Associating user ampie in users.jenkins.io with email ampie.private@gmail.com to git GitProvider user with login ampie-barnard as emails match
Adding label jenkins.io/git-github-userid=ampie-barnard to user ampie in users.jenkins.io
WARNING: No release found for entando-k8s/entando-k8s-cluster-infrastructure-controller and tag v6.2.3 so creating a new release
Updated the release information at https://github.com/entando-k8s/entando-k8s-cluster-infrastructure-controller/releases/tag/v6.2.3
generated: /workspace/source/charts/entando-k8s-cluster-infrastructure-controller/templates/release.yaml
Created Release entando-k8s-cluster-infrastructure-controller-6-2-3 resource in namespace **
Updating PipelineActivity entando-k8s-entando-k8s-cluster-infrastructure-controller-master-32 with version 6.2.3
Updated PipelineActivities entando-k8s-entando-k8s-cluster-infrastructure-controller-master-32 with release notes URL: https://github.com/entando-k8s/entando-k8s-cluster-infrastructure-controller/releases/tag/v6.2.3

Showing logs for build [32mentando-k8s-entando-k8s-cluster-tnm6j-32[0m stage [32mfrom-build-pack[0m and container [32mstep-promote-update-image-map[0m
Publishing image info for entando-k8s-cluster-infrastructure-controller
configmap/entando-docker-image-info-v6.1 patched
