
Showing logs for build [32mentando-k8s-entando-k8s-control-fqkql-77[0m stage [32mfrom-build-pack[0m and container [32mstep-credential-initializer-cnw5c[0m
Unable to retrieve container logs for docker://67a9770ef68f6359b27f1e7fc8e00a0301d7ff44086cbc08deffbdb405458d57

Showing logs for build [32mentando-k8s-entando-k8s-control-fqkql-77[0m stage [32mfrom-build-pack[0m and container [32mstep-working-dir-initializer-4j2k2[0m
Unable to retrieve container logs for docker://30d69e048408c96d3eb92910fe2e9e6996d046ee34dfb35b959a118b83d4a739

Showing logs for build [32mentando-k8s-entando-k8s-control-fqkql-77[0m stage [32mfrom-build-pack[0m and container [32mstep-place-tools[0m
Unable to retrieve container logs for docker://54c05b7031c1820b606ae51506ce376c5226a6c998a951451ea17bd64d09fb7f

Showing logs for build [32mentando-k8s-entando-k8s-control-fqkql-77[0m stage [32mfrom-build-pack[0m and container [32mstep-git-source-entando-k8s-entando-k8s-control-kkqrs[0m
Unable to retrieve container logs for docker://c5138daf11796c13ee18a127aa4c246d4f53759ae9b0402e97f69302e6051405

Showing logs for build [32mentando-k8s-entando-k8s-control-fqkql-77[0m stage [32mfrom-build-pack[0m and container [32mstep-git-merge[0m
Unable to retrieve container logs for docker://e3a7ffe06d65f752c4bdbe37fe90372f7e8f32ba51b1da33f75ccd8d6083b24b

Showing logs for build [32mentando-k8s-entando-k8s-control-fqkql-77[0m stage [32mfrom-build-pack[0m and container [32mstep-setup-jx-git-credentials[0m
Unable to retrieve container logs for docker://775b34e447e79447869065dbdde0e53af1597dc9780531656624bca5c9c55b7f

Showing logs for build [32mentando-k8s-entando-k8s-control-fqkql-77[0m stage [32mfrom-build-pack[0m and container [32mstep-build-fetch-history-for-sonar[0m
Unable to retrieve container logs for docker://4f49ae8c34244f19498fd9c136ce126dd979b44ad7d0f72b970bf6cd4d50a60c

Showing logs for build [32mentando-k8s-entando-k8s-control-fqkql-77[0m stage [32mfrom-build-pack[0m and container [32mstep-build-mvn-deploy-release[0m
Unable to retrieve container logs for docker://a4ce774459050120a54d1cb382253d19e8400beb65d6b613a7feece661b0012d

Showing logs for build [32mentando-k8s-entando-k8s-control-fqkql-77[0m stage [32mfrom-build-pack[0m and container [32mstep-build-container-build[0m
Unable to retrieve container logs for docker://fc158b36896eb52b474048674b4c8c448c0cf95df9204c03fb514aa926621b1a

Showing logs for build [32mentando-k8s-entando-k8s-control-fqkql-77[0m stage [32mfrom-build-pack[0m and container [32mstep-postbuild-post-build[0m
Unable to retrieve container logs for docker://e8ddecdbd95c7c4416aed4881b376f17bd4840ed1c99fe24d75a7639ed779759

Showing logs for build [32mentando-k8s-entando-k8s-control-fqkql-77[0m stage [32mfrom-build-pack[0m and container [32mstep-promote-changelog[0m
Unable to retrieve container logs for docker://88de0aab679bda039c3b003b48b5ee0151ff59895735e8690f4c9890e9374a51

Showing logs for build [32mentando-k8s-entando-k8s-control-fqkql-77[0m stage [32mfrom-build-pack[0m and container [32mstep-promote-helm-release[0m
Unable to retrieve container logs for docker://6a6417ef1c22b11719a95906f4f61202301a249f9fc98c2cde7eec962f547565

Showing logs for build [32mentando-k8s-entando-k8s-control-fqkql-77[0m stage [32mfrom-build-pack[0m and container [32mstep-promote-jx-promote[0m
Unable to retrieve container logs for docker://180cb1fc906b0b63029b2b52331ccb4d1e75dd9c824abf2f984c242ce540c518

Showing logs for build [32mentando-k8s-entando-k8s-control-fqkql-77[0m stage [32mfrom-build-pack[0m and container [32mstep-promote-update-image-map[0m
Unable to retrieve container logs for docker://9c98c1986311e03146a48cab2628ad32081662485c28821754a2a90d55267c0e
