
Showing logs for build [32mentando-entando-keycloak-master-94c4b-14[0m stage [32mfrom-build-pack[0m and container [32mstep-credential-initializer-7mqr7[0m
{"level":"warn","ts":1607421831.906132,"logger":"fallback-logger","caller":"logging/config.go:69","msg":"Fetch GitHub commit ID from kodata failed: \"ref: refs/heads/0.8.0-**-support-backwards-incompats\" is not a valid GitHub commit ID"}
{"level":"info","ts":1607421831.9086885,"logger":"fallback-logger","caller":"creds-init/main.go:40","msg":"Credentials initialized."}

Showing logs for build [32mentando-entando-keycloak-master-94c4b-14[0m stage [32mfrom-build-pack[0m and container [32mstep-working-dir-initializer-z7hst[0m
{"level":"warn","ts":1607421836.8569942,"logger":"fallback-logger","caller":"logging/config.go:69","msg":"Fetch GitHub commit ID from kodata failed: open /var/run/ko/HEAD: no such file or directory"}
{"level":"info","ts":1607421836.860939,"logger":"fallback-logger","caller":"bash/main.go:64","msg":"Successfully e**cuted command \"sh -c mkdir -p /workspace/source\"; output "}

Showing logs for build [32mentando-entando-keycloak-master-94c4b-14[0m stage [32mfrom-build-pack[0m and container [32mstep-place-tools[0m

Showing logs for build [32mentando-entando-keycloak-master-94c4b-14[0m stage [32mfrom-build-pack[0m and container [32mstep-git-source-entando-entando-keycloak-master-vxlbd[0m
{"level":"warn","ts":1607421861.5149186,"logger":"fallback-logger","caller":"logging/config.go:69","msg":"Fetch GitHub commit ID from kodata failed: \"ref: refs/heads/0.8.0-**-support-backwards-incompats\" is not a valid GitHub commit ID"}
{"level":"info","ts":1607421865.8502178,"logger":"fallback-logger","caller":"git/git.go:103","msg":"Successfully cloned https://github.com/entando/entando-keycloak.git @ v6.3.1 in path /workspace/source"}

Showing logs for build [32mentando-entando-keycloak-master-94c4b-14[0m stage [32mfrom-build-pack[0m and container [32mstep-git-merge[0m
Using SHAs from PULL_REFS=master:41da9046f409eca02594e61ee91d49dd1268d029
WARNING: no SHAs to merge, falling back to initial cloned commit

Showing logs for build [32mentando-entando-keycloak-master-94c4b-14[0m stage [32mfrom-build-pack[0m and container [32mstep-setup-jx-git-credentials[0m
Generated Git credentials file /workspace/xdg_config/git/credentials

Showing logs for build [32mentando-entando-keycloak-master-94c4b-14[0m stage [32mfrom-build-pack[0m and container [32mstep-container-build1[0m
This avoids unwanted kaniko command substitution
Generating tags...
 - entando/entando-keycloak -> docker.io/entando/entando-keycloak:6.3.1
Checking cache...
 - entando/entando-keycloak: Not found. Building
Building [entando/entando-keycloak]...
Sending build context to Docker daemon  538.1kBSending build context to Docker daemon  8.735MB
Step 1/8 : FROM jboss/keycloak:11.0.3
 ---> b23fdd4af375
Step 2/8 : LABEL MAINTAINER "Entando <dev@entando.com>"
 ---> Using cache
 ---> 0c2b054ec9f6
Step 3/8 : COPY themes /opt/jboss/keycloak/themes
 ---> Using cache
 ---> a9584db8ef88
Step 4/8 : COPY cli /opt/jboss/tools/cli
 ---> Using cache
 ---> 788fa58073bb
Step 5/8 : RUN export KEYCLOAK_HTTP_PORT=8080 &&       cd  /opt/jboss/keycloak/modules/******/layers/base/com/******/jdbc/main/ &&       mkdir driver &&       curl https://repo1.maven.org/maven2/com/******/ojdbc/ojdbc8/19.3.0.0/ojdbc8-19.3.0.0.jar -o driver/ojdbc.jar
 ---> Using cache
 ---> bf64a2b57e8c
Step 6/8 : ENV KEYCLOAK_DEFAULT_THEME "entando" KEYCLOAK_HOME "/opt/jboss/keycloak"
 ---> Using cache
 ---> 4e51a3ed4cdb
Step 7/8 : EXPOSE 8080
 ---> Using cache
 ---> a556428b27cb
Step 8/8 : CMD -b 0.0.0.0
 ---> Using cache
 ---> 1c1045c6373e
Successfully built 1c1045c6373e
The push refers to a repository [docker.io/entando/entando-keycloak]
b0ae0b2acc72: Preparing
3d27ab3bb7e0: Preparing
61a0ebb4f9bc: Preparing
ff8dde26889b: Preparing
9a122bc5bb12: Preparing
f47704b2a676: Preparing
37330a2a1954: Preparing
d6ec160dc60f: Preparing
37330a2a1954: Waiting
d6ec160dc60f: Waiting
f47704b2a676: Waiting
3d27ab3bb7e0: Layer already exists
ff8dde26889b: Layer already exists
9a122bc5bb12: Layer already exists
b0ae0b2acc72: Layer already exists
61a0ebb4f9bc: Layer already exists
37330a2a1954: Layer already exists
d6ec160dc60f: Layer already exists
f47704b2a676: Layer already exists
6.3.1: digest: sha256:e260dc1548c2569dc15e0078563de1eddca24d9271d2c3166eabc1b8164abfb7 size: 2001
There is a new version (1.17.1) of Skaffold available. Download it at https://storage.googleapis.com/skaffold/releases/latest/skaffold-linux-amd64


Showing logs for build [32mentando-entando-keycloak-master-94c4b-14[0m stage [32mfrom-build-pack[0m and container [32mstep-post-build1[0m
cat: VERSION: No such file or directory
no CVE provider running in the current ** namespace so skip adding image to be analysed

Showing logs for build [32mentando-entando-keycloak-master-94c4b-14[0m stage [32mfrom-build-pack[0m and container [32mstep-update-image-map1[0m
configmap/entando-docker-image-info-v6.3 patched

Showing logs for build [32mentando-entando-keycloak-master-94c4b-14[0m stage [32mfrom-build-pack[0m and container [32mstep-container-build2[0m
This avoids unwanted kaniko command substitution
Generating tags...
 - entando/entando-redhat-sso -> docker.io/entando/entando-redhat-sso:6.3.1
Checking cache...
 - entando/entando-redhat-sso: Not found. Building
Building [entando/entando-redhat-sso]...
Sending build context to Docker daemon  535.6kBSending build context to Docker daemon  8.779MB
Step 1/6 : FROM registry.redhat.io/rh-sso-7/sso74-openshift-rhel8:latest
 ---> eee32f8895df
Step 2/6 : LABEL MAINTAINER "Entando <dev@entando.com>"
 ---> Using cache
 ---> a6d7506e4d5e
Step 3/6 : COPY themes /opt/eap/themes
 ---> Using cache
 ---> e0d2f94b14d1
Step 4/6 : COPY redhat-sso/standalone-openshift.xml /opt/eap/standalone/configuration/standalone-openshift.xml
 ---> Using cache
 ---> 463177e597fc
Step 5/6 : COPY LICENSE /licenses/
 ---> Using cache
 ---> bbd8653507a8
Step 6/6 : ENV KEYCLOAK_DEFAULT_THEME "entando" KEYCLOAK_HOME "/opt/eap"
 ---> Using cache
 ---> 8056ca4d711d
Successfully built 8056ca4d711d
The push refers to a repository [docker.io/entando/entando-redhat-sso]
d3732719a671: Preparing
971e560f88ee: Preparing
7f704cc834c1: Preparing
8a37395357cf: Preparing
37330a2a1954: Preparing
d6ec160dc60f: Preparing
d6ec160dc60f: Waiting
37330a2a1954: Layer already exists
971e560f88ee: Layer already exists
d3732719a671: Layer already exists
7f704cc834c1: Layer already exists
8a37395357cf: Layer already exists
d6ec160dc60f: Layer already exists
6.3.1: digest: sha256:600f688f6f5bc489d98bef1e59033a94f1dbd4b9b01178b36086e65cb1724ba7 size: 1577
There is a new version (1.17.1) of Skaffold available. Download it at https://storage.googleapis.com/skaffold/releases/latest/skaffold-linux-amd64


Showing logs for build [32mentando-entando-keycloak-master-94c4b-14[0m stage [32mfrom-build-pack[0m and container [32mstep-post-build2[0m
cat: VERSION: No such file or directory
no CVE provider running in the current ** namespace so skip adding image to be analysed

Showing logs for build [32mentando-entando-keycloak-master-94c4b-14[0m stage [32mfrom-build-pack[0m and container [32mstep-update-image-map2[0m
configmap/entando-docker-image-info-v6.3 patched

Showing logs for build [32mentando-entando-keycloak-master-94c4b-14[0m stage [32mfrom-build-pack[0m and container [32mstep-promote-changelog[0m
Converted /workspace/source to an unshallow repository
Generating change log from git ref 8e59caa8bffb7a0078e8f2b0dd53e89e9a04ad20 => d6d7955f8c104fe7e9df3a0863a75e07dc7e19b3
WARNING: No release found for entando/entando-keycloak and tag v6.3.1 so creating a new release
Updated the release information at https://github.com/entando/entando-keycloak/releases/tag/v6.3.1
generated: /workspace/source/templates/release.yaml
Created Release entando-keycloak-6-3-1 resource in namespace **
Updating PipelineActivity entando-entando-keycloak-master-14 with version 6.3.1
Updated PipelineActivities entando-entando-keycloak-master-14 with release notes URL: https://github.com/entando/entando-keycloak/releases/tag/v6.3.1
