
Showing logs for build [32mentando-k8s-entando-quarkus-par-hhn4c-28[0m stage [32mfrom-build-pack[0m and container [32mstep-credential-initializer-5sq8h[0m
{"level":"warn","ts":1609913348.8683515,"logger":"fallback-logger","caller":"logging/config.go:69","msg":"Fetch GitHub commit ID from kodata failed: \"ref: refs/heads/0.8.0-**-support-backwards-incompats\" is not a valid GitHub commit ID"}
{"level":"info","ts":1609913348.878722,"logger":"fallback-logger","caller":"creds-init/main.go:40","msg":"Credentials initialized."}

Showing logs for build [32mentando-k8s-entando-quarkus-par-hhn4c-28[0m stage [32mfrom-build-pack[0m and container [32mstep-working-dir-initializer-qxsng[0m
{"level":"warn","ts":1609913351.8079298,"logger":"fallback-logger","caller":"logging/config.go:69","msg":"Fetch GitHub commit ID from kodata failed: open /var/run/ko/HEAD: no such file or directory"}
{"level":"info","ts":1609913351.8319201,"logger":"fallback-logger","caller":"bash/main.go:64","msg":"Successfully e**cuted command \"sh -c mkdir -p /workspace/source\"; output "}

Showing logs for build [32mentando-k8s-entando-quarkus-par-hhn4c-28[0m stage [32mfrom-build-pack[0m and container [32mstep-place-tools[0m

Showing logs for build [32mentando-k8s-entando-quarkus-par-hhn4c-28[0m stage [32mfrom-build-pack[0m and container [32mstep-git-source-entando-k8s-entando-quarkus-par-swk86[0m
{"level":"warn","ts":1609913370.057912,"logger":"fallback-logger","caller":"logging/config.go:69","msg":"Fetch GitHub commit ID from kodata failed: \"ref: refs/heads/0.8.0-**-support-backwards-incompats\" is not a valid GitHub commit ID"}
{"level":"info","ts":1609913371.3171966,"logger":"fallback-logger","caller":"git/git.go:103","msg":"Successfully cloned https://github.com/entando-k8s/entando-quarkus-parent.git @ v6.3.1 in path /workspace/source"}

Showing logs for build [32mentando-k8s-entando-quarkus-par-hhn4c-28[0m stage [32mfrom-build-pack[0m and container [32mstep-git-merge[0m
Using SHAs from PULL_REFS=master:d635b8a293168bd661bf0d64ea60bfc7b68e34dc
WARNING: no SHAs to merge, falling back to initial cloned commit

Showing logs for build [32mentando-k8s-entando-quarkus-par-hhn4c-28[0m stage [32mfrom-build-pack[0m and container [32mstep-setup-jx-git-credentials[0m
Generated Git credentials file /workspace/xdg_config/git/credentials

Showing logs for build [32mentando-k8s-entando-quarkus-par-hhn4c-28[0m stage [32mfrom-build-pack[0m and container [32mstep-build-mvn-deploy[0m
Picked up _JAVA_OPTIONS: -XX:+UnlockExperimentalVMOptions -Dsun.zip.disableMemoryMapping=**** -XX:+UseParallelGC -XX:MinHeapFreeRatio=5 -XX:MaxHeapFreeRatio=10 -XX:GCTimeRatio=4 -XX:AdaptiveSizePolicyWeight=90 -Xms10m -Xmx8000m
[INFO] Scanning for projects...
[INFO] 
[INFO] -----------------< org.entando:entando-quarkus-parent >-----------------
[INFO] Building Entando Quarkus Parent POM 6.3.1
[INFO] --------------------------------[ pom ]---------------------------------
[INFO] 
[INFO] --- maven-clean-plugin:2.5:clean (default-clean) @ entando-quarkus-parent ---
[INFO] 
[INFO] --- maven-surefire-report-plugin:3.0.0-M4:failsafe-report-only (integration-tests) @ entando-quarkus-parent ---
[INFO] 
[INFO] --- maven-surefire-report-plugin:3.0.0-M4:report-only (unit-tests) @ entando-quarkus-parent ---
[WARNING] Unable to locate Test Source XRef to link to - DISABLED
[INFO] 
[INFO] --- maven-install-plugin:2.4:install (default-install) @ entando-quarkus-parent ---
[INFO] Installing /workspace/source/pom.xml to /home/jenkins/.mvnrepository/org/entando/entando-quarkus-parent/6.3.1/entando-quarkus-parent-6.3.1.pom
[INFO] 
[INFO] --- maven-deploy-plugin:2.8.2:deploy (default-deploy) @ entando-quarkus-parent ---
[INFO] Using alternate deployment repository local-nexus::default::http://nexus/repository/maven-releases/
[INFO] ------------------------------------------------------------------------
[INFO] BUILD SUCCESS
[INFO] ------------------------------------------------------------------------
[INFO] Total time:  8.138 s
[INFO] Finished at: 2021-01-06T06:09:44Z
[INFO] ------------------------------------------------------------------------

Showing logs for build [32mentando-k8s-entando-quarkus-par-hhn4c-28[0m stage [32mfrom-build-pack[0m and container [32mstep-promote-changelog[0m
Converted /workspace/source to an unshallow repository
Generating change log from git ref 6ad192549048440bb6c8cd2ab58e97c83a5b6315 => 236ac7d1a938450d744a381515b9f80d1de93944
Associating user ampie in users.jenkins.io with email ampie.private@gmail.com to git GitProvider user with login ampie-barnard as emails match
Adding label jenkins.io/git-github-userid=ampie-barnard to user ampie in users.jenkins.io
Associating user ampie in users.jenkins.io with email ampie.private@gmail.com to git GitProvider user with login ampie-barnard as emails match
Adding label jenkins.io/git-github-userid=ampie-barnard to user ampie in users.jenkins.io
Finding issues in commit messages using git format
WARNING: No release found for entando-k8s/entando-quarkus-parent and tag v6.3.1 so creating a new release
Updated the release information at https://github.com/entando-k8s/entando-quarkus-parent/releases/tag/v6.3.1
generated: /workspace/source/templates/release.yaml
Created Release entando-quarkus-parent-6-3-1 resource in namespace **
Updating PipelineActivity entando-k8s-entando-quarkus-parent-master-28 with version 6.3.1
