
Showing logs for build [32mentando-k8s-entando-component-m-66pxb-1[0m stage [32mfrom-build-pack[0m and container [32mstep-credential-initializer-2q87l[0m
Unable to retrieve container logs for docker://cabd4f0e04babe26065aa4f7ad44434945ac99bcdc7f547e63ba13e939969b57

Showing logs for build [32mentando-k8s-entando-component-m-66pxb-1[0m stage [32mfrom-build-pack[0m and container [32mstep-working-dir-initializer-4vls6[0m
Unable to retrieve container logs for docker://fcf33c7c59a36b01696c14271f7de8136afc9788bbdec309257b78e590f2344a

Showing logs for build [32mentando-k8s-entando-component-m-66pxb-1[0m stage [32mfrom-build-pack[0m and container [32mstep-place-tools[0m
Unable to retrieve container logs for docker://d93ff539c204a2765554e6180fff8a3d8a2b2d8febf1f75b6dea90cc709fd62d

Showing logs for build [32mentando-k8s-entando-component-m-66pxb-1[0m stage [32mfrom-build-pack[0m and container [32mstep-git-source-entando-k8s-entando-component-m-8hnkf[0m
Unable to retrieve container logs for docker://245881deb549314029d82419bdb5261b78c5f6a463b89a2713617ac99c85896f

Showing logs for build [32mentando-k8s-entando-component-m-66pxb-1[0m stage [32mfrom-build-pack[0m and container [32mstep-git-merge[0m
Unable to retrieve container logs for docker://e60539c208e9b432c731f436b1785f6c89e5c5f495d7be0a48b1bab8b9713325

Showing logs for build [32mentando-k8s-entando-component-m-66pxb-1[0m stage [32mfrom-build-pack[0m and container [32mstep-build-set-version[0m
Unable to retrieve container logs for docker://740fdb2d0fec3462da25897ded4b834020a4cfaf94751c451ad2c2e5e01f907d

Showing logs for build [32mentando-k8s-entando-component-m-66pxb-1[0m stage [32mfrom-build-pack[0m and container [32mstep-build-fix-git-for-sonar[0m
Unable to retrieve container logs for docker://983aa0d7a189cd30605490cb47d23b71af447ac06c62d217a22ab58b5af2842f

Showing logs for build [32mentando-k8s-entando-component-m-66pxb-1[0m stage [32mfrom-build-pack[0m and container [32mstep-build-mvn-verify-pr[0m
Unable to retrieve container logs for docker://07f90b8d675b775bd9f246254b4d8324e05057a16b5f124b747926b35a58b512

Showing logs for build [32mentando-k8s-entando-component-m-66pxb-1[0m stage [32mfrom-build-pack[0m and container [32mstep-build-container-build[0m
Unable to retrieve container logs for docker://2113177083e0b711f5affc543ef70a4d57ddd9ab806e0473f53fd9e3ba341826

Showing logs for build [32mentando-k8s-entando-component-m-66pxb-1[0m stage [32mfrom-build-pack[0m and container [32mstep-postbuild-post-build[0m
Unable to retrieve container logs for docker://1a5bbaf3ef4beb5fdaf04fbcd893cd064bf88b93e0590730ec2b96a56643dd1f

Showing logs for build [32mentando-k8s-entando-component-m-66pxb-1[0m stage [32mfrom-build-pack[0m and container [32mstep-promote-make-preview[0m
Unable to retrieve container logs for docker://838820ad11afd64ee6a5ea4ead4a5b3cfa4b911b431f90366f4a8ba04444bd5b

Showing logs for build [32mentando-k8s-entando-component-m-66pxb-1[0m stage [32mfrom-build-pack[0m and container [32mstep-promote-jx-preview[0m
Unable to retrieve container logs for docker://daec7f1aed68dd793b11a9c865c47e0aa3a0178ae0fae628bdbed2add803f12d

Showing logs for build [32mentando-k8s-entando-component-m-66pxb-1[0m stage [32mfrom-build-pack[0m and container [32mstep-promote-run-post-deployment-tests[0m
Unable to retrieve container logs for docker://a8efb0ecb14052542abd556eddb63b0ce9d5ade7c9cd352e9e098eeeba6fbe3f
